MPASM  5.51                     TIMER0_03.ASM   6-17-2023  11:02:52         PAGE  1


LOC  OBJECT CODE     LINE SOURCE TEXT
  VALUE

                      00001 ;************************************** Timer0_03.asm ***********************************
                      00002 ;
                      00003 ;       ===================================================================
                      00004 ;         Del libro "MICROCONTROLADOR PIC16F84. DESARROLLO DE PROYECTOS"
                      00005 ;         E. Palacios, F. Remiro y L. López.
                      00006 ;         Editorial Ra-Ma.  www.ra-ma.es
                      00007 ;       ===================================================================
                      00008 ;
                      00009 ; Por la línea 3 del puerto B se genera una onda cuadrada de 1 kHz, por tanto, cada
                      00010 ; semiperiodo dura 500 µs. Los tiempos de temporización se consiguen mediante la
                      00011 ; utilización del Timer 0 del PIC.
                      00012 ;
                      00013 ; A esta línea de salida se puede conectar un altavoz, tal como se indica en el esquema
                      00014 ; correspondiente, con lo que se escuchará un pitido.
                      00015 ;
                      00016 ; El cálculo de la carga del TMR0 se hará de forma que se tenga en cuenta los tiempos de
                      00017 ; las instrucciones para conseguir tiempos exactos. Para calcular los valores de carga 
                      00018 ; del TMR0 hay que ayudarse del simulador del MPLAB y de la ventana de reloj Stopwatch.
                      00019 ;
                      00020 ; ZONA DE DATOS **********************************************************************
                      00021 
2007   3FF1           00022         __CONFIG   _CP_OFF &  _WDT_OFF & _PWRTE_ON & _XT_OSC
                      00023         LIST       P=16F84A
                      00024         INCLUDE  <P16F84A.INC>
                      00001         LIST
                      00002 
                      00003 ;==========================================================================
                      00004 ;  MPASM PIC16F84A processor include
                      00005 ; 
                      00006 ;  (c) Copyright 1999-2013 Microchip Technology, All rights reserved
                      00007 ;==========================================================================
                      00008 
                      00208         LIST
                      00025 
                      00026         CBLOCK  0x0C
                      00027         ENDC
                      00028 
                      00029 #DEFINE  Salida PORTB,3
                      00030 
                      00031 ; ZONA DE CÓDIGOS ********************************************************************
                      00032 
0000                  00033         ORG     0
0000                  00034 Inicio
0000   1683           00035         bsf     STATUS,RP0              ; Acceso al Banco 1.
0001   1186           00036         bcf     Salida                  ; Esta línea se configura como salida.
0002   3000           00037         movlw   b'00000000'
Message[302]: Register in operand not in bank 0.  Ensure that bank bits are correct.
0003   0081           00038         movwf   OPTION_REG              ; Prescaler de 2 para el TMR0
0004   1283           00039         bcf     STATUS,RP0              ; Acceso al Banco 0.
0005                  00040 Principal
0005   1586           00041         bsf     Salida                  ; La salida pasa a nivel alto
0006   200C           00042         call    Timer0_500us            ; durante este tiempo.
0007   0000           00043         nop                             ; Dos ciclos mediante "nop" para compensar
MPASM  5.51                     TIMER0_03.ASM   6-17-2023  11:02:52         PAGE  2


LOC  OBJECT CODE     LINE SOURCE TEXT
  VALUE

0008   0000           00044         nop                             ; la instrucción "goto Principal" del nivel bajo.
0009   1186           00045         bcf     Salida                  ; La salida pasa a nivel bajo
000A   200C           00046         call    Timer0_500us            ; durante este tiempo.
000B   2805           00047         goto    Principal
                      00048 ;
                      00049 ; Subrutina "Timer0_500us" -------------------------------------------------------
                      00050 ;
                      00051 ; Con el simulador se comprueba que se obtienen unos tiempos para la onda cuadrada
                      00052 ; de 1kHz exactos, 500 µs tanto para el nivel alto como para el bajo.
                      00053 ;
  FFFFFF0E            00054 TMR0_Carga500us EQU     -d'242'         ; Este valor se ha obtenido experimentalmente
                      00055                                         ; con ayuda del simulador del MPLAB.
000C                  00056 Timer0_500us
000C   0000           00057         nop                             ; Algunos "nop" para ajustar a 500 µs exactos.
000D   0000           00058         nop
000E   300E           00059         movlw   TMR0_Carga500us         ; Carga el Timer 0.
000F   0081           00060         movwf   TMR0
0010   110B           00061         bcf     INTCON,T0IF             ; Resetea el flag de desbordamiento del TMR0. 
0011                  00062 Timer0_Rebosamiento
0011   1D0B           00063         btfss   INTCON,T0IF             ; ¿Se ha producido desbordamiento?
0012   2811           00064         goto    Timer0_Rebosamiento     ; Todavía no. Repite.
0013   0008           00065         return
                      00066 
                      00067         END
MPASM  5.51                     TIMER0_03.ASM   6-17-2023  11:02:52         PAGE  3


SYMBOL TABLE
  LABEL                             VALUE 

C                                 00000000
DC                                00000001
EEADR                             00000009
EECON1                            00000088
EECON2                            00000089
EEDATA                            00000008
EEIE                              00000006
EEIF                              00000004
F                                 00000001
FSR                               00000004
GIE                               00000007
INDF                              00000000
INTCON                            0000000B
INTE                              00000004
INTEDG                            00000006
INTF                              00000001
IRP                               00000007
Inicio                            00000000
NOT_PD                            00000003
NOT_RBPU                          00000007
NOT_TO                            00000004
OPTION_REG                        00000081
PCL                               00000002
PCLATH                            0000000A
PORTA                             00000005
PORTB                             00000006
PS0                               00000000
PS1                               00000001
PS2                               00000002
PSA                               00000003
Principal                         00000005
RA0                               00000000
RA1                               00000001
RA2                               00000002
RA3                               00000003
RA4                               00000004
RB0                               00000000
RB1                               00000001
RB2                               00000002
RB3                               00000003
RB4                               00000004
RB5                               00000005
RB6                               00000006
RB7                               00000007
RBIE                              00000003
RBIF                              00000000
RD                                00000000
RP0                               00000005
RP1                               00000006
STATUS                            00000003
Salida                            PORTB,3
T0CS                              00000005
T0IE                              00000005
MPASM  5.51                     TIMER0_03.ASM   6-17-2023  11:02:52         PAGE  4


SYMBOL TABLE
  LABEL                             VALUE 

T0IF                              00000002
T0SE                              00000004
TMR0                              00000001
TMR0IE                            00000005
TMR0IF                            00000002
TMR0_Carga500us                   FFFFFF0E
TRISA                             00000085
TRISA0                            00000000
TRISA1                            00000001
TRISA2                            00000002
TRISA3                            00000003
TRISA4                            00000004
TRISB                             00000086
TRISB0                            00000000
TRISB1                            00000001
TRISB2                            00000002
TRISB3                            00000003
TRISB4                            00000004
TRISB5                            00000005
TRISB6                            00000006
TRISB7                            00000007
Timer0_500us                      0000000C
Timer0_Rebosamiento               00000011
W                                 00000000
WR                                00000001
WREN                              00000002
WRERR                             00000003
Z                                 00000002
_CONFIG                           00002007
_CP_OFF                           00003FFF
_CP_ON                            0000000F
_DEVID1                           00002006
_FOSC_EXTRC                       00003FFF
_FOSC_HS                          00003FFE
_FOSC_LP                          00003FFC
_FOSC_XT                          00003FFD
_HS_OSC                           00003FFE
_IDLOC0                           00002000
_IDLOC1                           00002001
_IDLOC2                           00002002
_IDLOC3                           00002003
_LP_OSC                           00003FFC
_PWRTE_OFF                        00003FFF
_PWRTE_ON                         00003FF7
_RC_OSC                           00003FFF
_WDTE_OFF                         00003FFB
_WDTE_ON                          00003FFF
_WDT_OFF                          00003FFB
_WDT_ON                           00003FFF
_XT_OSC                           00003FFD
__16F84A                          00000001
__DEBUG                           1
MPASM  5.51                     TIMER0_03.ASM   6-17-2023  11:02:52         PAGE  5


MEMORY USAGE MAP ('X' = Used,  '-' = Unused)


0000 : XXXXXXXXXXXXXXXX XXXX------------ ---------------- ----------------
2000 : -------X-------- ---------------- ---------------- ----------------

All other memory blocks unused.

Program Memory Words Used:    20
Program Memory Words Free:  1004


Errors   :     0
Warnings :     0 reported,     0 suppressed
Messages :     1 reported,     0 suppressed

