MPASM  5.51                     SALTOS_06.ASM   6-8-2023  20:50:23         PAGE  1


LOC  OBJECT CODE     LINE SOURCE TEXT
  VALUE

                      00001 ;************************************* Saltos_06.asm ************************************
                      00002 ;
                      00003 ;       ===================================================================
                      00004 ;         Del libro "MICROCONTROLADOR PIC16F84A. DESARROLLO DE PROYECTOS"
                      00005 ;         E. Palacios, F. Remiro y L. López.
                      00006 ;         Editorial Ra-Ma.  www.ra-ma.es
                      00007 ;       ===================================================================
                      00008 ;
                      00009 ; Lee las tres líneas más bajas del puerto A, que fijan la cantidad del número de LEDs a
                      00010 ; iluminar. Por ejemplo, si (PORTA)=b'---00101' (cinco) se encenderán cinco diodos LEDs
                      00011 ; (D4, D3, D2, D1 y D0). Hay que utilizar la instrucción de rotación "rlf".
                      00012 ;
                      00013 ; ZONA DE DATOS **********************************************************************
                      00014 
2007   3FF1           00015         __CONFIG   _CP_OFF &  _WDT_OFF & _PWRTE_ON & _XT_OSC
                      00016         LIST    P=16F84A
                      00017         INCLUDE <P16F84A.INC>
                      00001         LIST
                      00002 
                      00003 ;==========================================================================
                      00004 ;  MPASM PIC16F84A processor include
                      00005 ; 
                      00006 ;  (c) Copyright 1999-2013 Microchip Technology, All rights reserved
                      00007 ;==========================================================================
                      00008 
                      00208         LIST
                      00018 
                      00019         CBLOCK  0x0C                    ; RAM de usuario a partir de esta dirección.
  0000000C            00020         Contador                        ; Contará las veces que tiene que rotar el diodo.
  0000000D            00021         RegDesplaza                     ; Registro que se desplazará.
                      00022         ENDC
                      00023 
                      00024 ; ZONA DE CÓDIGOS ********************************************************************
                      00025 
0000                  00026         ORG     0                       ; El programa comienza en la dirección 0.
0000                  00027 Inicio
0000   1683           00028         bsf     STATUS,RP0              ; Acceso al Banco 1.
Message[302]: Register in operand not in bank 0.  Ensure that bank bits are correct.
0001   0186           00029         clrf    TRISB                   ; Las líneas del Puerto B se configuran como salida.
0002   301F           00030         movlw   b'00011111'             ; Las 5 líneas del Puerto A se configuran como entrada.
Message[302]: Register in operand not in bank 0.  Ensure that bank bits are correct.
0003   0085           00031         movwf   TRISA
0004   1283           00032         bcf     STATUS,RP0              ; Acceso al Banco 0.
0005                  00033 Principal
0005   0805           00034         movf    PORTA,W                 ; Lee el dato de entrada.
0006   3907           00035         andlw   b'00000111'             ; Se queda con los tres bits más bajos.
0007   008C           00036         movwf   Contador                ; El dato de entrada pasará al Contador.
0008   088C           00037         movf    Contador,F              ; Solo sirve para posicionar flag Z del STATUS.
0009   1903           00038         btfsc   STATUS,Z                ; ¿Z=0?, ¿(Contador) es distinto de cero?
000A   2811           00039         goto    ActivaSalida            ; No. Es cero. Los LEDs se apagan.
000B   018D           00040         clrf    RegDesplaza             ; Si, efectivamente es distinto de cero. Rota.
000C                  00041 DesplazaOtraVez                         ; La primera vez con todos los LEDs apagados.
000C   1403           00042         bsf     STATUS,C                ; Pone a 1 el Carry. Este 1 será el que rote a
MPASM  5.51                     SALTOS_06.ASM   6-8-2023  20:50:23         PAGE  2


LOC  OBJECT CODE     LINE SOURCE TEXT
  VALUE

000D   0D8D           00043         rlf     RegDesplaza,F           ; izquierdas por el registro RegDesplaza.
000E   0B8C           00044         decfsz  Contador,F              ; Rota tantas veces como indique el (Contador).
000F   280C           00045         goto    DesplazaOtraVez
0010   080D           00046         movf    RegDesplaza,W           ; Se carga en W para visualizarlo a la salida.
0011                  00047 ActivaSalida
0011   0086           00048         movwf   PORTB                   ; Resultado se visualiza por el puerto de salida.
0012   2805           00049         goto    Principal
                      00050 
                      00051         END
MPASM  5.51                     SALTOS_06.ASM   6-8-2023  20:50:23         PAGE  3


SYMBOL TABLE
  LABEL                             VALUE 

ActivaSalida                      00000011
C                                 00000000
Contador                          0000000C
DC                                00000001
DesplazaOtraVez                   0000000C
EEADR                             00000009
EECON1                            00000088
EECON2                            00000089
EEDATA                            00000008
EEIE                              00000006
EEIF                              00000004
F                                 00000001
FSR                               00000004
GIE                               00000007
INDF                              00000000
INTCON                            0000000B
INTE                              00000004
INTEDG                            00000006
INTF                              00000001
IRP                               00000007
Inicio                            00000000
NOT_PD                            00000003
NOT_RBPU                          00000007
NOT_TO                            00000004
OPTION_REG                        00000081
PCL                               00000002
PCLATH                            0000000A
PORTA                             00000005
PORTB                             00000006
PS0                               00000000
PS1                               00000001
PS2                               00000002
PSA                               00000003
Principal                         00000005
RA0                               00000000
RA1                               00000001
RA2                               00000002
RA3                               00000003
RA4                               00000004
RB0                               00000000
RB1                               00000001
RB2                               00000002
RB3                               00000003
RB4                               00000004
RB5                               00000005
RB6                               00000006
RB7                               00000007
RBIE                              00000003
RBIF                              00000000
RD                                00000000
RP0                               00000005
RP1                               00000006
RegDesplaza                       0000000D
MPASM  5.51                     SALTOS_06.ASM   6-8-2023  20:50:23         PAGE  4


SYMBOL TABLE
  LABEL                             VALUE 

STATUS                            00000003
T0CS                              00000005
T0IE                              00000005
T0IF                              00000002
T0SE                              00000004
TMR0                              00000001
TMR0IE                            00000005
TMR0IF                            00000002
TRISA                             00000085
TRISA0                            00000000
TRISA1                            00000001
TRISA2                            00000002
TRISA3                            00000003
TRISA4                            00000004
TRISB                             00000086
TRISB0                            00000000
TRISB1                            00000001
TRISB2                            00000002
TRISB3                            00000003
TRISB4                            00000004
TRISB5                            00000005
TRISB6                            00000006
TRISB7                            00000007
W                                 00000000
WR                                00000001
WREN                              00000002
WRERR                             00000003
Z                                 00000002
_CONFIG                           00002007
_CP_OFF                           00003FFF
_CP_ON                            0000000F
_DEVID1                           00002006
_FOSC_EXTRC                       00003FFF
_FOSC_HS                          00003FFE
_FOSC_LP                          00003FFC
_FOSC_XT                          00003FFD
_HS_OSC                           00003FFE
_IDLOC0                           00002000
_IDLOC1                           00002001
_IDLOC2                           00002002
_IDLOC3                           00002003
_LP_OSC                           00003FFC
_PWRTE_OFF                        00003FFF
_PWRTE_ON                         00003FF7
_RC_OSC                           00003FFF
_WDTE_OFF                         00003FFB
_WDTE_ON                          00003FFF
_WDT_OFF                          00003FFB
_WDT_ON                           00003FFF
_XT_OSC                           00003FFD
__16F84A                          00000001
__DEBUG                           1
MPASM  5.51                     SALTOS_06.ASM   6-8-2023  20:50:23         PAGE  5


MEMORY USAGE MAP ('X' = Used,  '-' = Unused)


0000 : XXXXXXXXXXXXXXXX XXX------------- ---------------- ----------------
2000 : -------X-------- ---------------- ---------------- ----------------

All other memory blocks unused.

Program Memory Words Used:    19
Program Memory Words Free:  1005


Errors   :     0
Warnings :     0 reported,     0 suppressed
Messages :     2 reported,     0 suppressed

