MPASM  5.51                 MAIN_SALTO_05.ASM   6-25-2023  21:46:57         PAGE  1


LOC  OBJECT CODE     LINE SOURCE TEXT
  VALUE

                      00001 ; ZONA DE DATOS **********************************************************************
                      00002 
2007   3FF1           00003         __CONFIG   _CP_OFF &  _WDT_OFF & _PWRTE_ON & _XT_OSC
                      00004         LIST       P=16F84A             ; Procesador utilizado.
                      00005         INCLUDE  <P16F84A.INC>          ; Fichero donde se definen las etiquetas del PIC.
                      00001         LIST
                      00002 
                      00003 ;==========================================================================
                      00004 ;  MPASM PIC16F84A processor include
                      00005 ; 
                      00006 ;  (c) Copyright 1999-2013 Microchip Technology, All rights reserved
                      00007 ;==========================================================================
                      00008 
                      00208         LIST
                      00006 
  00000003            00007 Numero  EQU     d'3'                    ; Por ejemplo, este número a comparar.
                      00008 
                      00009 ; ZONA DE CÓDIGOS ********************************************************************
                      00010 
0000                  00011         ORG     0                       ; El programa comienza en la dirección 0.
0000                  00012 Inicio
0000   1683           00013         bsf             STATUS,RP0              ; Acceso al Banco 1.
Message[302]: Register in operand not in bank 0.  Ensure that bank bits are correct.
0001   0186           00014         clrf    TRISB                   ; Las líneas del Puerto B se configuran como salida.
0002   301F           00015         movlw   b'00011111'             ; Las 5 líneas del Puerto A se configuran como entrada.
Message[302]: Register in operand not in bank 0.  Ensure that bank bits are correct.
0003   0085           00016         movwf   TRISA
0004   1283           00017         bcf             STATUS,RP0              ; Acceso al Banco 0.
0005   3000           00018         movlw   b'00000000'
0006   0086           00019         movwf   PORTB
0007                  00020 Principal
0007   3003           00021         movlw   Numero                  ; Carga el número a comparar.
0008   0205           00022         subwf   PORTA,W         ; (PORTA) - Numero --> (W).
0009   30F0           00023         movlw   b'11110000'             ; Supone (PORTA) es menor.
000A   1C03           00024         btfss   STATUS,C                ; ¿C=1?, ¿(W) positivo?, ¿(PORTA) >= Numero?.
000B   2810           00025         goto    ActivaSalida            ; No. C=0, por tanto (PORTA) < Numero.
000C   30FF           00026         movlw   b'11111111'             ; Supone que son iguales.
000D   1903           00027         btfsc   STATUS,Z                ; ¿Z=0?, ¿son distintos?.
000E   2810           00028         goto    ActivaSalida            ; No. Son iguales ya que Z = 1.
000F   3055           00029         movlw   b'01010101'             ; Sí, por tanto (PORTA) > Numero.
0010                  00030 ActivaSalida
0010   0086           00031         movwf   PORTB                   ; Resultado se visualiza por el puerto de salida.
0011   2807           00032         goto    Principal                       ; Crea un bucle cerrado e infinito.
                      00033         END                             ; Fin del programa.
MPASM  5.51                 MAIN_SALTO_05.ASM   6-25-2023  21:46:57         PAGE  2


SYMBOL TABLE
  LABEL                             VALUE 

ActivaSalida                      00000010
C                                 00000000
DC                                00000001
EEADR                             00000009
EECON1                            00000088
EECON2                            00000089
EEDATA                            00000008
EEIE                              00000006
EEIF                              00000004
F                                 00000001
FSR                               00000004
GIE                               00000007
INDF                              00000000
INTCON                            0000000B
INTE                              00000004
INTEDG                            00000006
INTF                              00000001
IRP                               00000007
Inicio                            00000000
NOT_PD                            00000003
NOT_RBPU                          00000007
NOT_TO                            00000004
Numero                            00000003
OPTION_REG                        00000081
PCL                               00000002
PCLATH                            0000000A
PORTA                             00000005
PORTB                             00000006
PS0                               00000000
PS1                               00000001
PS2                               00000002
PSA                               00000003
Principal                         00000007
RA0                               00000000
RA1                               00000001
RA2                               00000002
RA3                               00000003
RA4                               00000004
RB0                               00000000
RB1                               00000001
RB2                               00000002
RB3                               00000003
RB4                               00000004
RB5                               00000005
RB6                               00000006
RB7                               00000007
RBIE                              00000003
RBIF                              00000000
RD                                00000000
RP0                               00000005
RP1                               00000006
STATUS                            00000003
T0CS                              00000005
MPASM  5.51                 MAIN_SALTO_05.ASM   6-25-2023  21:46:57         PAGE  3


SYMBOL TABLE
  LABEL                             VALUE 

T0IE                              00000005
T0IF                              00000002
T0SE                              00000004
TMR0                              00000001
TMR0IE                            00000005
TMR0IF                            00000002
TRISA                             00000085
TRISA0                            00000000
TRISA1                            00000001
TRISA2                            00000002
TRISA3                            00000003
TRISA4                            00000004
TRISB                             00000086
TRISB0                            00000000
TRISB1                            00000001
TRISB2                            00000002
TRISB3                            00000003
TRISB4                            00000004
TRISB5                            00000005
TRISB6                            00000006
TRISB7                            00000007
W                                 00000000
WR                                00000001
WREN                              00000002
WRERR                             00000003
Z                                 00000002
_CONFIG                           00002007
_CP_OFF                           00003FFF
_CP_ON                            0000000F
_DEVID1                           00002006
_FOSC_EXTRC                       00003FFF
_FOSC_HS                          00003FFE
_FOSC_LP                          00003FFC
_FOSC_XT                          00003FFD
_HS_OSC                           00003FFE
_IDLOC0                           00002000
_IDLOC1                           00002001
_IDLOC2                           00002002
_IDLOC3                           00002003
_LP_OSC                           00003FFC
_PWRTE_OFF                        00003FFF
_PWRTE_ON                         00003FF7
_RC_OSC                           00003FFF
_WDTE_OFF                         00003FFB
_WDTE_ON                          00003FFF
_WDT_OFF                          00003FFB
_WDT_ON                           00003FFF
_XT_OSC                           00003FFD
__16F84A                          00000001
__DEBUG                           1
MPASM  5.51                 MAIN_SALTO_05.ASM   6-25-2023  21:46:57         PAGE  4


MEMORY USAGE MAP ('X' = Used,  '-' = Unused)


0000 : XXXXXXXXXXXXXXXX XX-------------- ---------------- ----------------
2000 : -------X-------- ---------------- ---------------- ----------------

All other memory blocks unused.

Program Memory Words Used:    18
Program Memory Words Free:  1006


Errors   :     0
Warnings :     0 reported,     0 suppressed
Messages :     2 reported,     0 suppressed

