MPASM 03.50 Released                           DISPLAY_04.ASM   10-15-1982  12:35:36         PAGE  1


LOC  OBJECT CODE     LINE SOURCE TEXT
  VALUE

                      00001 ;************************************ Display_04.asm ************************************
                      00002 ;
                      00003 ;       ===================================================================
                      00004 ;         Del libro "MICROCONTROLADOR PIC16F84A. DESARROLLO DE PROYECTOS"
                      00005 ;         E. Palacios, F. Remiro y L. López.
                      00006 ;         Editorial Ra-Ma.  www.ra-ma.es
                      00007 ;       ===================================================================
                      00008 ;
                      00009 ; En un display de 7 segmentos conectado al Puerto B se visualiza una de las 26 letras
                      00010 ; del alfabeto internacional: de la "A" a la "Z". La letra a visualizar lo determina el
                      00011 ; valor de la constante "Caracter". El carácter de entrada debe estar en mayúsculas.
                      00012 ; Así, por ejemplo, si "Caracter EQU 'P'" se visualizará la letra "P" en el display.
                      00013 ;
                      00014 ; ZONA DE DATOS **********************************************************************
                      00015 
2007   3FF1           00016         __CONFIG   _CP_OFF &  _WDT_OFF & _PWRTE_ON & _XT_OSC
                      00017         LIST       P=16F84A
                      00018         INCLUDE  <P16F84A.INC>
                      00001         LIST
                      00002 ; P16F84A.INC  Standard Header File, Version 2.00    Microchip Technology, Inc.
                      00134         LIST
                      00019 
                      00020         CBLOCK  0x0C                    ; En esta posición empieza la RAM de usuario.
                      00021         ENDC
                      00022 
  00000050            00023 Caracter EQU    'P'
                      00024 
                      00025 ; ZONA DE CÓDIGOS ********************************************************************
                      00026 
0000                  00027         ORG     0                       ; El programa comienza en la dirección 0.
0000                  00028 Inicio
0000   1683           00029         bsf     STATUS,RP0              ; Acceso al Banco 1.
0001   0186           00030         clrf    PORTB                   ; Las líneas del Puerto B se configuran como salida.
0002   1283           00031         bcf     STATUS,RP0              ; Acceso al Banco 0.
0003                  00032 Principal
0003   3050           00033         movlw   Caracter                ; Lee el carácter de entrada
0004   2007           00034         call    Letra_a_7Segmentos      ; Convierte a 7 Segmentos.
0005   0086           00035         movwf   PORTB                   ; Resultado se visualiza por el puerto de salida.
0006   2803           00036         goto    Principal
                      00037 
                      00038 ; Subrutina "Letra_a_7Segmentos" --------------------------------------------------------
                      00039 
                      00040         CBLOCK
  0000000C            00041         Display7s_Dato                  ; Aquí se reservará el valor de W.
                      00042         ENDC
                      00043         
0007                  00044 Letra_a_7Segmentos
0007   008C           00045         movwf   Display7s_Dato          ; La letra 'A' está en la posición cero de la
0008   3041           00046         movlw   'A'                     ; tabla y resto de las letras después. Así pues,
0009   020C           00047         subwf   Display7s_Dato,W        ; hay que hacer esta operación.
000A   0782           00048         addwf   PCL,F
000B   3477 347C 3439 00049         DT      77h, 7Ch, 39h, 5Eh, 79h, 71h, 6Fh, 76h, 19h, 1Eh, 7Ah, 38h, 37h
       345E 3479 3471 
MPASM 03.50 Released                           DISPLAY_04.ASM   10-15-1982  12:35:36         PAGE  2


LOC  OBJECT CODE     LINE SOURCE TEXT
  VALUE

       346F 3476 3419 
       341E 347A 3438 
       3437 
0018   3454 343F 3473 00050         DT      54h, 3Fh, 73h, 67h, 50h, 6Dh, 78h, 1Ch, 3Eh, 1Dh, 70h, 6Eh, 49h
       3467 3450 346D 
       3478 341C 343E 
       341D 3470 346E 
       3449 
                      00051 
                      00052         END
MPASM 03.50 Released                           DISPLAY_04.ASM   10-15-1982  12:35:36         PAGE  3


SYMBOL TABLE
  LABEL                             VALUE 

C                                 00000000
Caracter                          00000050
DC                                00000001
Display7s_Dato                    0000000C
EEADR                             00000009
EECON1                            00000088
EECON2                            00000089
EEDATA                            00000008
EEIE                              00000006
EEIF                              00000004
F                                 00000001
FSR                               00000004
GIE                               00000007
INDF                              00000000
INTCON                            0000000B
INTE                              00000004
INTEDG                            00000006
INTF                              00000001
IRP                               00000007
Inicio                            00000000
Letra_a_7Segmentos                00000007
NOT_PD                            00000003
NOT_RBPU                          00000007
NOT_TO                            00000004
OPTION_REG                        00000081
PCL                               00000002
PCLATH                            0000000A
PORTA                             00000005
PORTB                             00000006
PS0                               00000000
PS1                               00000001
PS2                               00000002
PSA                               00000003
Principal                         00000003
RBIE                              00000003
RBIF                              00000000
RD                                00000000
RP0                               00000005
RP1                               00000006
STATUS                            00000003
T0CS                              00000005
T0IE                              00000005
T0IF                              00000002
T0SE                              00000004
TMR0                              00000001
TRISA                             00000085
TRISB                             00000086
W                                 00000000
WR                                00000001
WREN                              00000002
WRERR                             00000003
Z                                 00000002
_CP_OFF                           00003FFF
MPASM 03.50 Released                           DISPLAY_04.ASM   10-15-1982  12:35:36         PAGE  4


SYMBOL TABLE
  LABEL                             VALUE 

_CP_ON                            0000000F
_HS_OSC                           00003FFE
_LP_OSC                           00003FFC
_PWRTE_OFF                        00003FFF
_PWRTE_ON                         00003FF7
_RC_OSC                           00003FFF
_WDT_OFF                          00003FFB
_WDT_ON                           00003FFF
_XT_OSC                           00003FFD
__16F84A                          00000001


MEMORY USAGE MAP ('X' = Used,  '-' = Unused)

0000 : XXXXXXXXXXXXXXXX XXXXXXXXXXXXXXXX XXXXX----------- ----------------
2000 : -------X-------- ---------------- ---------------- ----------------

All other memory blocks unused.

Program Memory Words Used:    37
Program Memory Words Free:   987


Errors   :     0
Warnings :     0 reported,     0 suppressed
Messages :     0 reported,     0 suppressed

