MPASM 03.50 Released                           DISPLAY_02.ASM   10-15-1982  12:31:46         PAGE  1


LOC  OBJECT CODE     LINE SOURCE TEXT
  VALUE

                      00001 ;************************************ Display_02.asm ************************************
                      00002 ;
                      00003 ;       ===================================================================
                      00004 ;         Del libro "MICROCONTROLADOR PIC16F84A. DESARROLLO DE PROYECTOS"
                      00005 ;         E. Palacios, F. Remiro y L. López.
                      00006 ;         Editorial Ra-Ma.  www.ra-ma.es
                      00007 ;       ===================================================================
                      00008 ;
                      00009 ; En un display de 7 segmentos conectado al Puerto B se visualiza la cantidad leída por
                      00010 ; el Puerto A. Así por ejemplo, si por la entrada lee "---0101, en el display visualiza "5".
                      00011 ; Este programa es igual que el anterior, pero aquí se va a utilizar la directiva "DT" para
                      00012 ; almacenar la tabla de conversión de binario a 7 segmentos.
                      00013 ;
                      00014 ; ZONA DE DATOS **********************************************************************
                      00015 
2007   3FF1           00016         __CONFIG   _CP_OFF &  _WDT_OFF & _PWRTE_ON & _XT_OSC
                      00017         LIST       P=16F84A
                      00018         INCLUDE  <P16F84A.INC>
                      00001         LIST
                      00002 ; P16F84A.INC  Standard Header File, Version 2.00    Microchip Technology, Inc.
                      00134         LIST
                      00019 
                      00020 ; ZONA DE CÓDIGOS ********************************************************************
                      00021 
0000                  00022         ORG     0                       ; El programa comienza en la dirección 0.
0000                  00023 Inicio
0000   1683           00024         bsf     STATUS,RP0              ; Acceso al Banco 1.
0001   0186           00025         clrf    PORTB                   ; Las líneas del Puerto B se configuran como salida.
0002   301F           00026         movlw   b'00011111'             ; Las 5 líneas del Puerto A se configuran como entrada.
0003   0085           00027         movwf   PORTA
0004   1283           00028         bcf     STATUS,RP0              ; Acceso al Banco 0.
0005                  00029 Principal
0005   0805           00030         movf    PORTA,W                 ; Lee la entrada
0006   390F           00031         andlw   b'00001111'             ; Máscara para quedarse al nibble bajo.
0007   200A           00032         call    Binario_a_7Segmentos    ; Convierte un número binario a código 7 Segmentos.
0008   0086           00033         movwf   PORTB                   ; Resultado se visualiza por el puerto de salida.
0009   2805           00034         goto    Principal
                      00035 
                      00036 ; Subrutina "Binario_7Segmentos" --------------------------------------------------------
                      00037 ;
000A                  00038 Binario_a_7Segmentos
000A   0782           00039         addwf   PCL,F
000B   343F 3406 345B 00040         DT      3Fh, 06h, 5Bh, 4Fh, 66h, 6Dh, 7Dh, 07h, 7Fh, 6Fh        ; Del "0" al "9"
       344F 3466 346D 
       347D 3407 347F 
       346F 
0015   3477 347C 3439 00041         DT      77h, 7Ch, 39h, 5Eh, 79h, 71h    ; "A", "B", "C", "D", "E" y "F".
       345E 3479 3471 
                      00042 
                      00043         END
MPASM 03.50 Released                           DISPLAY_02.ASM   10-15-1982  12:31:46         PAGE  2


SYMBOL TABLE
  LABEL                             VALUE 

Binario_a_7Segmentos              0000000A
C                                 00000000
DC                                00000001
EEADR                             00000009
EECON1                            00000088
EECON2                            00000089
EEDATA                            00000008
EEIE                              00000006
EEIF                              00000004
F                                 00000001
FSR                               00000004
GIE                               00000007
INDF                              00000000
INTCON                            0000000B
INTE                              00000004
INTEDG                            00000006
INTF                              00000001
IRP                               00000007
Inicio                            00000000
NOT_PD                            00000003
NOT_RBPU                          00000007
NOT_TO                            00000004
OPTION_REG                        00000081
PCL                               00000002
PCLATH                            0000000A
PORTA                             00000005
PORTB                             00000006
PS0                               00000000
PS1                               00000001
PS2                               00000002
PSA                               00000003
Principal                         00000005
RBIE                              00000003
RBIF                              00000000
RD                                00000000
RP0                               00000005
RP1                               00000006
STATUS                            00000003
T0CS                              00000005
T0IE                              00000005
T0IF                              00000002
T0SE                              00000004
TMR0                              00000001
TRISA                             00000085
TRISB                             00000086
W                                 00000000
WR                                00000001
WREN                              00000002
WRERR                             00000003
Z                                 00000002
_CP_OFF                           00003FFF
_CP_ON                            0000000F
_HS_OSC                           00003FFE
MPASM 03.50 Released                           DISPLAY_02.ASM   10-15-1982  12:31:46         PAGE  3


SYMBOL TABLE
  LABEL                             VALUE 

_LP_OSC                           00003FFC
_PWRTE_OFF                        00003FFF
_PWRTE_ON                         00003FF7
_RC_OSC                           00003FFF
_WDT_OFF                          00003FFB
_WDT_ON                           00003FFF
_XT_OSC                           00003FFD
__16F84A                          00000001


MEMORY USAGE MAP ('X' = Used,  '-' = Unused)

0000 : XXXXXXXXXXXXXXXX XXXXXXXXXXX----- ---------------- ----------------
2000 : -------X-------- ---------------- ---------------- ----------------

All other memory blocks unused.

Program Memory Words Used:    27
Program Memory Words Free:   997


Errors   :     0
Warnings :     0 reported,     0 suppressed
Messages :     0 reported,     0 suppressed

