MPASM 03.50 Released                            EEPROM_01.ASM   10-15-1982  14:02:29         PAGE  1


LOC  OBJECT CODE     LINE SOURCE TEXT
  VALUE

                      00001 ;************************************ EEPROM_01.asm **********************************
                      00002 ;
                      00003 ;       ====================================================================
                      00004 ;         Del libro "MICROCONTROLADOR PIC16F84A. DESARROLLO DE PROYECTOS".
                      00005 ;         E. Palacios, F. Remiro y L. López.
                      00006 ;         Editorial Ra-Ma.  www.ra-ma.es
                      00007 ;       ====================================================================
                      00008 ;
                      00009 ; Este programa comprueba el funcionamiento de la lectura y escritura en la memoria EEPROM de
                      00010 ; datos. Cada vez que el sistema es reseteado, se incrementa un contador que se guarda en la
                      00011 ; primera posición de la memoria EEPROM de datos del PIC y es visualizado en el modulo LCD.
                      00012 ;
                      00013 ; ZONA DE DATOS **********************************************************************
                      00014 
2007   3FF1           00015         __CONFIG   _CP_OFF &  _WDT_OFF & _PWRTE_ON & _XT_OSC
                      00016         LIST       P=16F84A     
                      00017         INCLUDE  <P16F84A.INC>  
                      00001         LIST
                      00002 ; P16F84A.INC  Standard Header File, Version 2.00    Microchip Technology, Inc.
                      00134         LIST
                      00018 
                      00019         CBLOCK   0x0C
  0000000C            00020         Contador
                      00021         ENDC            
                      00022 
2100                  00023         ORG     0x2100                  ; Corresponde a la dirección 0 de la zona EEPROM
                      00024                                         ; de datos.
2100   0000           00025         DE      0x00                    ; El contador en principio a cero.
                      00026         
                      00027 ; ZONA DE CÓDIGOS ********************************************************************
                      00028 
0000                  00029         ORG     0                       ; El programa comienza en la dirección 0.
0000                  00030 Inicio
0000   2095           00031         call    LCD_Inicializa
0001   0103           00032         clrw                            ; Leerá la primera posición de memoria EEPROM.
0002   201E           00033         call    EEPROM_LeeDato
0003   008C           00034         movwf   Contador                        ; Se guarda en Contador.
0004   2082           00035         call    BIN_a_BCD               ; Se visualiza en BCD
0005   2103           00036         call    LCD_Byte                ; con nibble alto apagado si es cero.
0006   300E           00037         movlw   MensajeReseteado
0007   2119           00038         call    LCD_Mensaje
0008   0A8C           00039         incf    Contador,F              ; Se incrementa.
0009   080C           00040         movf    Contador,W              ; Ahora se graba en la EEPROM de datos.
000A   2027           00041         call    EEPROM_EscribeDato
000B                  00042 Principal
000B   0063           00043         sleep                           ; Pasa a modo de reposo.
000C   280B           00044         goto    Principal
                      00045 
                      00046 ; "Mensajes" ----------------------------------------------------------------------------
                      00047 ;
000D                  00048 Mensajes
000D   0782           00049         addwf   PCL,F   
000E                  00050 MensajeReseteado
MPASM 03.50 Released                            EEPROM_01.ASM   10-15-1982  14:02:29         PAGE  2


LOC  OBJECT CODE     LINE SOURCE TEXT
  VALUE

000E   3420 3472 3465 00051         DT " reseteados.   ", 0x00
       3473 3465 3474 
       3465 3461 3464 
       346F 3473 342E 
       3420 3420 3420 
       3400 
001E                  00052 FinMensajes
                      00053 
                      00054         INCLUDE   <EEPROM.INC>          ; Subrutinas básicas de control de la EEPROM de
                      00001 ;***************************** Librería "EEPROM.INC" **********************************
                      00002 ;
                      00003 ;       ====================================================================
                      00004 ;         Del libro "MICROCONTROLADOR PIC16F84A. DESARROLLO DE PROYECTOS".
                      00005 ;         E. Palacios, F. Remiro y L. López.
                      00006 ;         Editorial Ra-Ma.  www.ra-ma.es
                      00007 ;       ====================================================================
                      00008 ;
                      00009 ; Estas subrutinas permiten realizar las tareas básicas de escritura y lectura de la
                      00010 ; memoria EEPROM de datos del PIC.
                      00011 ;
                      00012 ; Subrutina "EEPROM_LeeDato" ------------------------------------------------------------
                      00013 ;
                      00014 ; El microcontrolador lee el dato que hay escrito en la posición de la EEPROM del PIC apuntada
                      00015 ; por el contenido del registro de trabajo W. El resultado se proporciona en el mismo W.
                      00016 ;
                      00017 ; Entrada: En (W) la dirección de la memoria EEPROM a leer.
                      00018 ; Salida :  En (W) el byte leído.
                      00019 
001E                  00020 EEPROM_LeeDato
001E   1283           00021         bcf     STATUS,RP0              ; Asegura que trabaja con el Banco 0.
001F   0089           00022         movwf   EEADR                   ; Dirección a leer.
0020   1683           00023         bsf     STATUS,RP0              ; Banco 1.
Message[302]: Register in operand not in bank 0.  Ensure that bank bits are correct.
0021   1408           00024         bsf     EECON1,RD               ; Orden de lectura.
0022                  00025 EEPROM_SigueLeyendo
Message[302]: Register in operand not in bank 0.  Ensure that bank bits are correct.
0022   1808           00026         btfsc   EECON1,RD               ; El PIC indica que ha terminado la lectura
0023   2822           00027         goto    EEPROM_SigueLeyendo     ; poniendo en bajo este bit.
0024   1283           00028         bcf     STATUS,RP0              ; Banco 0.
0025   0808           00029         movf    EEDATA,W                ; El byte leído al registro W.
0026   0008           00030         return
                      00031 
                      00032 ; Subrutina "EEPROM_EscribeDato" --------------------------------------------------------
                      00033 ;
                      00034 ; Escribe el dato introducido en el registro de trabajo W en la posición de memoria EEPROM del
                      00035 ; PIC apuntada por el registro EEADR.
                      00036 ;
                      00037 ; Como altera el valor del registro INTCON al posicionar el flag GIE, este se debe guardar al
                      00038 ; principio de la subrutina y restaurarlo al final.
                      00039 ;
                      00040 ; Entradas:     En el registro EEADR la dirección de la memoria EEPROM a escribir.
                      00041 ;               En el registro W el byte a escribir.
                      00042 ;
MPASM 03.50 Released                            EEPROM_01.ASM   10-15-1982  14:02:29         PAGE  3


LOC  OBJECT CODE     LINE SOURCE TEXT
  VALUE

                      00043         CBLOCK
  0000000D            00044         EEPROM_GuardaINTCON
                      00045         ENDC
                      00046 
0027                  00047 EEPROM_EscribeDato
0027   1283           00048         bcf     STATUS,RP0              ; Asegura que trabaja con el Banco 0.
0028   0088           00049         movwf   EEDATA                  ; El byte a escribir.
0029   080B           00050         movf    INTCON,W                ; Reserva el valor anterior de INTCON
002A   008D           00051         movwf   EEPROM_GuardaINTCON
002B   1683           00052         bsf     STATUS,RP0              ; Acceso al Banco 1.
002C   138B           00053         bcf     INTCON,GIE              ; Deshabilita todas las interrupciones.
Message[302]: Register in operand not in bank 0.  Ensure that bank bits are correct.
002D   1508           00054         bsf     EECON1,WREN             ; Habilita escritura.
                      00055 ;
                      00056 ; El fabricante especifica que hay que seguir esta secuencia para escritura en EEPROM:
                      00057 ;
002E   3055           00058         movlw   0x55
Message[302]: Register in operand not in bank 0.  Ensure that bank bits are correct.
002F   0089           00059         movwf   EECON2
0030   30AA           00060         movlw   0xAA
Message[302]: Register in operand not in bank 0.  Ensure that bank bits are correct.
0031   0089           00061         movwf   EECON2
Message[302]: Register in operand not in bank 0.  Ensure that bank bits are correct.
0032   1488           00062         bsf     EECON1,WR               ; Inicia la escritura.
0033                  00063 EEPROM_TerminaEscribir
Message[302]: Register in operand not in bank 0.  Ensure that bank bits are correct.
0033   1888           00064         btfsc   EECON1,WR               ; Comprueba que termina de escribir en la EEPROM.
0034   2833           00065         goto    EEPROM_TerminaEscribir
Message[302]: Register in operand not in bank 0.  Ensure that bank bits are correct.
0035   1108           00066         bcf     EECON1,WREN             ; Desautoriza la escritura en EEPROM.
Message[302]: Register in operand not in bank 0.  Ensure that bank bits are correct.
0036   1208           00067         bcf     EECON1,EEIF             ; Limpia este flag.
0037   1283           00068         bcf     STATUS,RP0              ; Acceso al Banco 0.
0038   080D           00069         movf    EEPROM_GuardaINTCON,W ; Restaura el valor anterior de INTCON.
0039   008B           00070         movwf   INTCON
003A   0008           00071         return
                      00055         INCLUDE   <RETARDOS.INC>        ; datos del PIC.
                      00001 ;**************************** Librería "RETARDOS.INC" *********************************
                      00002 ;
                      00003 ;       ===================================================================
                      00004 ;         Del libro "MICROCONTROLADOR PIC16F84A. DESARROLLO DE PROYECTOS"
                      00005 ;         E. Palacios, F. Remiro y L. López.
                      00006 ;         Editorial Ra-Ma.  www.ra-ma.es
                      00007 ;       ===================================================================
                      00008 ;
                      00009 ; Librería con múltiples subrutinas de retardos, desde 4 microsegundos hasta 20 segundos. 
                      00010 ; Además se pueden implementar otras subrutinas muy fácilmente.
                      00011 ;
                      00012 ; Se han calculado para un sistema microcontrolador con un PIC trabajando con un cristal
                      00013 ; de cuarzo a 4 MHz. Como cada ciclo máquina son 4 ciclos de reloj, resulta que cada
                      00014 ; ciclo máquina tarda 4 x 1/4MHz = 1 µs.
                      00015 ;
                      00016 ; En los comentarios, "cm" significa "ciclos máquina".
MPASM 03.50 Released                            EEPROM_01.ASM   10-15-1982  14:02:29         PAGE  4


LOC  OBJECT CODE     LINE SOURCE TEXT
  VALUE

                      00017 ;
                      00018 ; ZONA DE DATOS *********************************************************************
                      00019 
                      00020         CBLOCK
  0000000E            00021         R_ContA                         ; Contadores para los retardos.
  0000000F            00022         R_ContB
  00000010            00023         R_ContC
                      00024         ENDC
                      00025 ;
                      00026 ; RETARDOS de 4 hasta 10 microsegundos ---------------------------------------------------
                      00027 ;
                      00028 ; A continuación retardos pequeños teniendo en cuenta que para una frecuencia de 4 MHZ,
                      00029 ; la llamada a subrutina "call" tarda 2 ciclos máquina, el retorno de subrutina
                      00030 ; "return" toma otros 2 ciclos máquina y cada instrucción "nop" tarda 1 ciclo máquina.
                      00031 ;
003B                  00032 Retardo_10micros                                ; La llamada "call" aporta 2 ciclos máquina.
003B   0000           00033         nop                             ; Aporta 1 ciclo máquina.
003C   0000           00034         nop                             ; Aporta 1 ciclo máquina.
003D   0000           00035         nop                             ; Aporta 1 ciclo máquina.
003E   0000           00036         nop                             ; Aporta 1 ciclo máquina.
003F   0000           00037         nop                             ; Aporta 1 ciclo máquina.
0040                  00038 Retardo_5micros                         ; La llamada "call" aporta 2 ciclos máquina.
0040   0000           00039         nop                             ; Aporta 1 ciclo máquina.
0041                  00040 Retardo_4micros                         ; La llamada "call" aporta 2 ciclos máquina.
0041   0008           00041         return                          ; El salto del retorno aporta 2 ciclos máquina.
                      00042 ;
                      00043 ; RETARDOS de 20 hasta 500 microsegundos ------------------------------------------------
                      00044 ;
0042                  00045 Retardo_500micros                               ; La llamada "call" aporta 2 ciclos máquina.
0042   0000           00046         nop                             ; Aporta 1 ciclo máquina.
0043   30A4           00047         movlw   d'164'                  ; Aporta 1 ciclo máquina. Este es el valor de "K".
0044   284E           00048         goto    RetardoMicros           ; Aporta 2 ciclos máquina.
0045                  00049 Retardo_200micros                               ; La llamada "call" aporta 2 ciclos máquina.
0045   0000           00050         nop                             ; Aporta 1 ciclo máquina.
0046   3040           00051         movlw   d'64'                   ; Aporta 1 ciclo máquina. Este es el valor de "K".
0047   284E           00052         goto    RetardoMicros           ; Aporta 2 ciclos máquina.
0048                  00053 Retardo_100micros                               ; La llamada "call" aporta 2 ciclos máquina.
0048   301F           00054         movlw   d'31'                   ; Aporta 1 ciclo máquina. Este es el valor de "K".
0049   284E           00055         goto    RetardoMicros           ; Aporta 2 ciclos máquina.
004A                  00056 Retardo_50micros                                ; La llamada "call" aporta 2 ciclos máquina.
004A   0000           00057         nop                             ; Aporta 1 ciclo máquina.
004B   300E           00058         movlw   d'14'                   ; Aporta 1 ciclo máquina. Este es el valor de "K".
004C   284E           00059         goto    RetardoMicros           ; Aporta 2 ciclos máquina.
004D                  00060 Retardo_20micros                                ; La llamada "call" aporta 2 ciclos máquina.
004D   3005           00061         movlw   d'5'                    ; Aporta 1 ciclo máquina. Este es el valor de "K".
                      00062 ;
                      00063 ; El próximo bloque "RetardoMicros" tarda:
                      00064 ; 1 + (K-1) + 2 + (K-1)x2 + 2 = (2 + 3K) ciclos máquina.
                      00065 ;
004E                  00066 RetardoMicros
004E   008E           00067         movwf   R_ContA                 ; Aporta 1 ciclo máquina.
004F                  00068 Rmicros_Bucle
004F   0B8E           00069         decfsz  R_ContA,F               ; (K-1)x1 cm (cuando no salta) + 2 cm (al saltar).
MPASM 03.50 Released                            EEPROM_01.ASM   10-15-1982  14:02:29         PAGE  5


LOC  OBJECT CODE     LINE SOURCE TEXT
  VALUE

0050   284F           00070         goto    Rmicros_Bucle           ; Aporta (K-1)x2 ciclos máquina.
0051   0008           00071         return                          ; El salto del retorno aporta 2 ciclos máquina.
                      00072 ;
                      00073 ;En total estas subrutinas tardan:
                      00074 ; - Retardo_500micros:  2 + 1 + 1 + 2 + (2 + 3K) = 500 cm = 500 µs. (para K=164 y 4 MHz).
                      00075 ; - Retardo_200micros:  2 + 1 + 1 + 2 + (2 + 3K) = 200 cm = 200 µs. (para K= 64 y 4 MHz).
                      00076 ; - Retardo_100micros:  2     + 1 + 2 + (2 + 3K) = 100 cm = 100 µs. (para K= 31 y 4 MHz).
                      00077 ; - Retardo_50micros :  2 + 1 + 1 + 2 + (2 + 3K) =  50 cm =  50 µs. (para K= 14 y 4 MHz).
                      00078 ; - Retardo_20micros :  2     + 1     + (2 + 3K) =  20 cm =  20 µs. (para K=  5 y 4 MHz).
                      00079 ;
                      00080 ; RETARDOS de 1 ms hasta 200 ms. --------------------------------------------------------
                      00081 ;
0052                  00082 Retardo_200ms                           ; La llamada "call" aporta 2 ciclos máquina.
0052   30C8           00083         movlw   d'200'                  ; Aporta 1 ciclo máquina. Este es el valor de "M".
0053   2861           00084         goto    Retardos_ms             ; Aporta 2 ciclos máquina.
0054                  00085 Retardo_100ms                           ; La llamada "call" aporta 2 ciclos máquina.
0054   3064           00086         movlw   d'100'                  ; Aporta 1 ciclo máquina. Este es el valor de "M".
0055   2861           00087         goto    Retardos_ms             ; Aporta 2 ciclos máquina.
0056                  00088 Retardo_50ms                            ; La llamada "call" aporta 2 ciclos máquina.
0056   3032           00089         movlw   d'50'                   ; Aporta 1 ciclo máquina. Este es el valor de "M".
0057   2861           00090         goto    Retardos_ms             ; Aporta 2 ciclos máquina.
0058                  00091 Retardo_20ms                            ; La llamada "call" aporta 2 ciclos máquina.
0058   3014           00092         movlw   d'20'                   ; Aporta 1 ciclo máquina. Este es el valor de "M".
0059   2861           00093         goto    Retardos_ms             ; Aporta 2 ciclos máquina.
005A                  00094 Retardo_10ms                            ; La llamada "call" aporta 2 ciclos máquina.
005A   300A           00095         movlw   d'10'                   ; Aporta 1 ciclo máquina. Este es el valor de "M".
005B   2861           00096         goto    Retardos_ms             ; Aporta 2 ciclos máquina.
005C                  00097 Retardo_5ms                             ; La llamada "call" aporta 2 ciclos máquina.
005C   3005           00098         movlw   d'5'                    ; Aporta 1 ciclo máquina. Este es el valor de "M".
005D   2861           00099         goto    Retardos_ms             ; Aporta 2 ciclos máquina.
005E                  00100 Retardo_2ms                             ; La llamada "call" aporta 2 ciclos máquina.
005E   3002           00101         movlw   d'2'                    ; Aporta 1 ciclo máquina. Este es el valor de "M".
005F   2861           00102         goto    Retardos_ms             ; Aporta 2 ciclos máquina.
0060                  00103 Retardo_1ms                             ; La llamada "call" aporta 2 ciclos máquina.
0060   3001           00104         movlw   d'1'                    ; Aporta 1 ciclo máquina. Este es el valor de "M".
                      00105 ;
                      00106 ; El próximo bloque "Retardos_ms" tarda:
                      00107 ; 1 + M + M + KxM + (K-1)xM + Mx2 + (K-1)Mx2 + (M-1) + 2 + (M-1)x2 + 2 =
                      00108 ; = (2 + 4M + 4KM) ciclos máquina. Para K=249 y M=1 supone 1002 ciclos máquina
                      00109 ; que a 4 MHz son 1002 µs = 1 ms.
                      00110 ;
0061                  00111 Retardos_ms
0061   008F           00112         movwf   R_ContB                 ; Aporta 1 ciclo máquina.
0062                  00113 R1ms_BucleExterno
0062   30F9           00114         movlw   d'249'                  ; Aporta Mx1 ciclos máquina. Este es el valor de "K".
0063   008E           00115         movwf   R_ContA                 ; Aporta Mx1 ciclos máquina.
0064                  00116 R1ms_BucleInterno
0064   0000           00117         nop                             ; Aporta KxMx1 ciclos máquina.
0065   0B8E           00118         decfsz  R_ContA,F               ; (K-1)xMx1 cm (cuando no salta) + Mx2 cm (al saltar).
0066   2864           00119         goto    R1ms_BucleInterno               ; Aporta (K-1)xMx2 ciclos máquina.
0067   0B8F           00120         decfsz  R_ContB,F               ; (M-1)x1 cm (cuando no salta) + 2 cm (al saltar).
0068   2862           00121         goto    R1ms_BucleExterno       ; Aporta (M-1)x2 ciclos máquina.
0069   0008           00122         return                          ; El salto del retorno aporta 2 ciclos máquina.
MPASM 03.50 Released                            EEPROM_01.ASM   10-15-1982  14:02:29         PAGE  6


LOC  OBJECT CODE     LINE SOURCE TEXT
  VALUE

                      00123 ;
                      00124 ;En total estas subrutinas tardan:
                      00125 ; - Retardo_200ms:      2 + 1 + 2 + (2 + 4M + 4KM) = 200007 cm = 200 ms. (M=200 y K=249).
                      00126 ; - Retardo_100ms:      2 + 1 + 2 + (2 + 4M + 4KM) = 100007 cm = 100 ms. (M=100 y K=249).
                      00127 ; - Retardo_50ms :      2 + 1 + 2 + (2 + 4M + 4KM) =  50007 cm =  50 ms. (M= 50 y K=249).
                      00128 ; - Retardo_20ms :      2 + 1 + 2 + (2 + 4M + 4KM) =  20007 cm =  20 ms. (M= 20 y K=249).
                      00129 ; - Retardo_10ms :      2 + 1 + 2 + (2 + 4M + 4KM) =  10007 cm =  10 ms. (M= 10 y K=249).
                      00130 ; - Retardo_5ms  :      2 + 1 + 2 + (2 + 4M + 4KM) =   5007 cm =   5 ms. (M=  5 y K=249).
                      00131 ; - Retardo_2ms  :      2 + 1 + 2 + (2 + 4M + 4KM) =   2007 cm =   2 ms. (M=  2 y K=249).
                      00132 ; - Retardo_1ms  :      2 + 1     + (2 + 4M + 4KM) =   1005 cm =   1 ms. (M=  1 y K=249).
                      00133 ;
                      00134 ; RETARDOS de 0.5 hasta 20 segundos ---------------------------------------------------
                      00135 ;
006A                  00136 Retardo_20s                             ; La llamada "call" aporta 2 ciclos máquina.
006A   30C8           00137         movlw   d'200'                  ; Aporta 1 ciclo máquina. Este es el valor de "N".
006B   2875           00138         goto    Retardo_1Decima         ; Aporta 2 ciclos máquina.
006C                  00139 Retardo_10s                             ; La llamada "call" aporta 2 ciclos máquina.
006C   3064           00140         movlw   d'100'                  ; Aporta 1 ciclo máquina. Este es el valor de "N".
006D   2875           00141         goto    Retardo_1Decima         ; Aporta 2 ciclos máquina.
006E                  00142 Retardo_5s                              ; La llamada "call" aporta 2 ciclos máquina.
006E   3032           00143         movlw   d'50'                   ; Aporta 1 ciclo máquina. Este es el valor de "N".
006F   2875           00144         goto    Retardo_1Decima         ; Aporta 2 ciclos máquina.
0070                  00145 Retardo_2s                              ; La llamada "call" aporta 2 ciclos máquina.
0070   3014           00146         movlw   d'20'                   ; Aporta 1 ciclo máquina. Este es el valor de "N".
0071   2875           00147         goto    Retardo_1Decima         ; Aporta 2 ciclos máquina.
0072                  00148 Retardo_1s                              ; La llamada "call" aporta 2 ciclos máquina.
0072   300A           00149         movlw   d'10'                   ; Aporta 1 ciclo máquina. Este es el valor de "N".
0073   2875           00150         goto    Retardo_1Decima         ; Aporta 2 ciclos máquina.
0074                  00151 Retardo_500ms                           ; La llamada "call" aporta 2 ciclos máquina.
0074   3005           00152         movlw   d'5'                    ; Aporta 1 ciclo máquina. Este es el valor de "N".
                      00153 ;
                      00154 ; El próximo bloque "Retardo_1Decima" tarda:
                      00155 ; 1 + N + N + MxN + MxN + KxMxN + (K-1)xMxN + MxNx2 + (K-1)xMxNx2 +
                      00156 ;   + (M-1)xN + Nx2 + (M-1)xNx2 + (N-1) + 2 + (N-1)x2 + 2 =
                      00157 ; = (2 + 4M + 4MN + 4KM) ciclos máquina. Para K=249, M=100 y N=1 supone 100011
                      00158 ; ciclos máquina que a 4 MHz son 100011 µs = 100 ms = 0,1 s = 1 décima de segundo.
                      00159 ;
0075                  00160 Retardo_1Decima
0075   0090           00161         movwf   R_ContC                 ; Aporta 1 ciclo máquina.
0076                  00162 R1Decima_BucleExterno2
0076   3064           00163         movlw   d'100'                  ; Aporta Nx1 ciclos máquina. Este es el valor de "M".
0077   008F           00164         movwf   R_ContB                 ; Aporta Nx1 ciclos máquina.
0078                  00165 R1Decima_BucleExterno
0078   30F9           00166         movlw   d'249'                  ; Aporta MxNx1 ciclos máquina. Este es el valor de "K".
0079   008E           00167         movwf   R_ContA                 ; Aporta MxNx1 ciclos máquina.
007A                  00168 R1Decima_BucleInterno          
007A   0000           00169         nop                             ; Aporta KxMxNx1 ciclos máquina.
007B   0B8E           00170         decfsz  R_ContA,F               ; (K-1)xMxNx1 cm (si no salta) + MxNx2 cm (al saltar).
007C   287A           00171         goto    R1Decima_BucleInterno   ; Aporta (K-1)xMxNx2 ciclos máquina.
007D   0B8F           00172         decfsz  R_ContB,F               ; (M-1)xNx1 cm (cuando no salta) + Nx2 cm (al saltar).
007E   2878           00173         goto    R1Decima_BucleExterno   ; Aporta (M-1)xNx2 ciclos máquina.
007F   0B90           00174         decfsz  R_ContC,F               ; (N-1)x1 cm (cuando no salta) + 2 cm (al saltar).
0080   2876           00175         goto    R1Decima_BucleExterno2  ; Aporta (N-1)x2 ciclos máquina.
MPASM 03.50 Released                            EEPROM_01.ASM   10-15-1982  14:02:29         PAGE  7


LOC  OBJECT CODE     LINE SOURCE TEXT
  VALUE

0081   0008           00176         return                          ; El salto del retorno aporta 2 ciclos máquina.
                      00177 ;
                      00178 ;En total estas subrutinas tardan:
                      00179 ; - Retardo_20s:        2 + 1 + 2 + (2 + 4N + 4MN + 4KMN) = 20000807 cm = 20 s.
                      00180 ;                       (N=200, M=100 y K=249).
                      00181 ; - Retardo_10s:        2 + 1 + 2 + (2 + 4N + 4MN + 4KMN) = 10000407 cm = 10 s.
                      00182 ;                       (N=100, M=100 y K=249).
                      00183 ; - Retardo_5s:         2 + 1 + 2 + (2 + 4N + 4MN + 4KMN) =  5000207 cm =  5 s.
                      00184 ;                       (N= 50, M=100 y K=249).
                      00185 ; - Retardo_2s:         2 + 1 + 2 + (2 + 4N + 4MN + 4KMN) =  2000087 cm =  2 s.
                      00186 ;                       (N= 20, M=100 y K=249).
                      00187 ; - Retardo_1s:         2 + 1 + 2 + (2 + 4N + 4MN + 4KMN) =  1000047 cm =  1 s.
                      00188 ;                       (N= 10, M=100 y K=249).
                      00189 ; - Retardo_500ms:      2 + 1     + (2 + 4N + 4MN + 4KMN) =   500025 cm = 0,5 s.
                      00190 ;                       (N=  5, M=100 y K=249).
                      00056         INCLUDE   <BIN_BCD.INC>
                      00001 ;******************************** Librería "BIN_BCD.INC" ********************************
                      00002 ;
                      00003 ;       ===================================================================
                      00004 ;         Del libro "MICROCONTROLADOR PIC16F84A. DESARROLLO DE PROYECTOS"
                      00005 ;         E. Palacios, F. Remiro y L. López.
                      00006 ;         Editorial Ra-Ma.  www.ra-ma.es
                      00007 ;       ===================================================================
                      00008 ;
                      00009 ; Un número binario natural de 8 bits es convertido a BCD. El resultado se guarda en tres
                      00010 ; posiciones de memorias llamadas: BCD_Centenas, BCD_Decenas y BCD_Unidades.
                      00011 ;
                      00012 ; El procedimiento utilizado es mediante restas de 10 tal como se explicó en el capítulo 9.
                      00013 ;
                      00014 ; Entrada:      En el registro W el número binario natural a convertir.
                      00015 ; Salidas:      En (BCD_Centenas), (BCD_Decenas) y (BCD_Unidades).
                      00016 ;               En el registro W también las decenas (nibble alto) y unidades (nibble bajo).
                      00017 
                      00018 ; Subrutina "BIN_a_BCD" -----------------------------------------------------------------
                      00019 
                      00020         CBLOCK                          ; En las subrutinas no se debe fijar la dirección
  00000011            00021         BCD_Centenas                    ; de la RAM de usuario. Se toma a continuación de
  00000012            00022         BCD_Decenas                     ; la última asignada.
  00000013            00023         BCD_Unidades    
                      00024         ENDC
                      00025 ;
0082                  00026 BIN_a_BCD
0082   0191           00027         clrf    BCD_Centenas            ; Carga los registros con el resultado inicial.
0083   0192           00028         clrf    BCD_Decenas             ; En principio las centenas y decenas a cero.
0084   0093           00029         movwf   BCD_Unidades            ; Se carga el número binario a convertir.
0085                  00030 BCD_Resta10
0085   300A           00031         movlw   .10                     ; A las unidades se le va restando 10 en cada
0086   0213           00032         subwf   BCD_Unidades,W          ; pasada. (W)=(BCD_Unidades) -10.
0087   1C03           00033         btfss   STATUS,C                ; ¿C = 1?, ¿(W) positivo?, ¿(BCD_Unidades)>=10?.
0088   2892           00034         goto    BIN_BCD_Fin             ; No, es menor de 10. Se acabó.
0089                  00035 BCD_IncrementaDecenas
0089   0093           00036         movwf   BCD_Unidades            ; Recupera lo que queda por restar.
008A   0A92           00037         incf    BCD_Decenas,F           ; Incrementa las decenas y comprueba si ha llegado
MPASM 03.50 Released                            EEPROM_01.ASM   10-15-1982  14:02:29         PAGE  8


LOC  OBJECT CODE     LINE SOURCE TEXT
  VALUE

008B   300A           00038         movlw   .10                     ; a 10. Lo hace mediante una resta.
008C   0212           00039         subwf   BCD_Decenas,W           ; (W)=(BCD_Decenas)-10).
008D   1C03           00040         btfss   STATUS,C                ; ¿C = 1?, ¿(W) positivo?, ¿(BCD_Decenas)>=10?.
008E   2885           00041         goto    BCD_Resta10             ; No. Vuelve a dar otra pasada, restándole 10 a
008F                  00042 BCD_IncrementaCentenas                  ; las unidades.
008F   0192           00043         clrf    BCD_Decenas             ; Pone a cero las decenas 
0090   0A91           00044         incf    BCD_Centenas,F          ; e incrementa las centenas.
0091   2885           00045         goto    BCD_Resta10             ; Otra pasada: Resta 10 al número a convertir.
0092                  00046 BIN_BCD_Fin
0092   0E12           00047         swapf   BCD_Decenas,W           ; En el nibble alto de (W) también las decenas.
0093   0713           00048         addwf   BCD_Unidades,W          ; En el nibble bajo de (W) las unidades.
0094   0008           00049         return                          ; Vuelve al programa principal.
                      00050         
                      00051 ; La directiva "END" se debe poner en el programa principal, no aquí.
                      00052 
                      00053 ;       ===================================================================
                      00054 ;         Del libro "MICROCONTROLADOR PIC16F84A. DESARROLLO DE PROYECTOS"
                      00055 ;         E. Palacios, F. Remiro y L. López.
                      00056 ;         Editorial Ra-Ma.  www.ra-ma.es
                      00057 ;       ===================================================================
                      00057         INCLUDE   <LCD_4BIT.INC>
                      00001 ;**************************** Librería "LCD_4BIT.INC" ***********************************
                      00002 ;
                      00003 ;       ===================================================================
                      00004 ;         Del libro "MICROCONTROLADOR PIC16F84A. DESARROLLO DE PROYECTOS"
                      00005 ;         E. Palacios, F. Remiro y L. López.
                      00006 ;         Editorial Ra-Ma.  www.ra-ma.es
                      00007 ;       ===================================================================
                      00008 ;
                      00009 ; Estas subrutinas permiten realizar las tareas básicas de control de un módulo LCD de 2
                      00010 ; líneas por 16 caracteres, compatible con el modelo LM016L.
                      00011 ;
                      00012 ; El visualizador LCD está conectado al Puerto B del PIC mediante un bus de 4 bits. Las
                      00013 ; conexiones son:
                      00014 ;    -  Las 4 líneas superiores del módulo LCD, pines <DB7:DB4>  se conectan a las 4
                      00015 ;       líneas superiores del Puerto B del PIC, pines <RB7:RB4>.
                      00016 ;    -  Pin RS del LCD a la línea RA0 del PIC.
                      00017 ;    -  Pin R/W del LCD a la línea RA1 del PIC, o a masa.
                      00018 ;    -  Pin Enable del LCD a la línea RA2 del PIC.
                      00019 ;
                      00020 ; Se utilizan llamadas a subrutinas de retardo de tiempo localizadas en la librería RETARDOS.INC.
                      00021 ;
                      00022 ; ZONA DE DATOS *********************************************************************
                      00023 
                      00024         CBLOCK
  00000014            00025         LCD_Dato
  00000015            00026         LCD_GuardaDato
  00000016            00027         LCD_GuardaTRISB
  00000017            00028         LCD_Auxiliar1
  00000018            00029         LCD_Auxiliar2
                      00030         ENDC
                      00031 
  00000010            00032 LCD_CaracteresPorLinea  EQU     .16     ; Número de caracteres por línea de la pantalla.
MPASM 03.50 Released                            EEPROM_01.ASM   10-15-1982  14:02:29         PAGE  9


LOC  OBJECT CODE     LINE SOURCE TEXT
  VALUE

                      00033 
                      00034 #DEFINE  LCD_PinRS      PORTA,0
                      00035 #DEFINE  LCD_PinRW      PORTA,1
                      00036 #DEFINE  LCD_PinEnable  PORTA,2
                      00037 #DEFINE  LCD_BusDatos   PORTB
                      00038 
                      00039 ; Subrutina "LCD_Inicializa" ------------------------------------------------------------
                      00040 ;
                      00041 ; Inicialización del módulo LCD: Configura funciones del LCD, produce reset por software,
                      00042 ; borra memoria y enciende pantalla. El fabricante especifica que para garantizar la
                      00043 ; configuración inicial hay que hacerla como sigue:
                      00044 ;
0095                  00045 LCD_Inicializa
0095   1683           00046         bsf     STATUS,RP0              ; Configura las líneas conectadas al pines RS,
0096   1005           00047         bcf     LCD_PinRS               ; R/W y E.
0097   1105           00048         bcf     LCD_PinEnable
0098   1085           00049         bcf     LCD_PinRW
0099   1283           00050         bcf     STATUS,RP0
009A   1085           00051         bcf     LCD_PinRW               ; En caso de que esté conectado, le indica
                      00052                                         ; que se va a escribir en el LCD.
009B   1105           00053         bcf     LCD_PinEnable           ; Impide funcionamiento del LCD, poniendo E=0.
009C   1005           00054         bcf     LCD_PinRS               ; Activa el Modo Comando, poniendo RS=0.
009D   2058           00055         call    Retardo_20ms
009E   3030           00056         movlw   b'00110000'     
009F   20AD           00057         call    LCD_EscribeLCD          ; Escribe el dato en el LCD.
00A0   205C           00058         call    Retardo_5ms     
00A1   3030           00059         movlw   b'00110000'     
00A2   20AD           00060         call    LCD_EscribeLCD
00A3   2045           00061         call    Retardo_200micros
00A4   3030           00062         movlw   b'00110000'     
00A5   20AD           00063         call    LCD_EscribeLCD
00A6   3020           00064         movlw   b'00100000'             ; Interface de 4 bits.
00A7   20AD           00065         call    LCD_EscribeLCD
                      00066 
                      00067 ; Ahora configura el resto de los parámetros: 
                      00068 
00A8   20D6           00069         call    LCD_2Lineas4Bits5x7     ; LCD de 2 líneas y caracteres de 5x7 puntos.
00A9   20D4           00070         call    LCD_Borra               ; Pantalla encendida y limpia. Cursor al principio
00AA   20D2           00071         call    LCD_CursorOFF           ; de la línea 1. Cursor apagado.
00AB   20C4           00072         call    LCD_CursorIncr          ; Cursor en modo incrementar.
00AC   0008           00073         return
                      00074 
                      00075 ; Subrutina "LCD_EscribeLCD" -----------------------------------------------------------
                      00076 ;
                      00077 ; Envía el dato del registro de trabajo W al bus de dato y produce un pequeño pulso en el
                      00078 ; pin "Enable" del LCD. Para no alterar el contenido de las líneas de la parte baja del Puerto B
                      00079 ; que no son utilizadas para el LCD (pines RB3.. RB0), primero se lee estas líneas y después
                      00080 ; se vuelve a enviar este dato sin cambiarlo.
                      00081 
00AD                  00082 LCD_EscribeLCD
00AD   39F0           00083         andlw   b'11110000'             ; Se queda con el nibble alto del dato que es el
00AE   0094           00084         movwf   LCD_Dato                ; que hay que enviar y lo guarda.
00AF   0806           00085         movf    LCD_BusDatos,W          ; Lee la información actual de la parte baja
MPASM 03.50 Released                            EEPROM_01.ASM   10-15-1982  14:02:29         PAGE 10


LOC  OBJECT CODE     LINE SOURCE TEXT
  VALUE

00B0   390F           00086         andlw   b'00001111'             ; del Puerto B, que no se debe alterar.
00B1   0494           00087         iorwf   LCD_Dato,F              ; Enviará la parte alta del dato de entrada
                      00088                                         ; y en la parte baja lo que había antes.
00B2   1683           00089         bsf     STATUS,RP0              ; Acceso al Banco 1.
Message[302]: Register in operand not in bank 0.  Ensure that bank bits are correct.
00B3   0806           00090         movf    TRISB,W         ; Guarda la configuración que tenía antes TRISB.
00B4   0096           00091         movwf   LCD_GuardaTRISB
00B5   300F           00092         movlw   b'00001111'             ; Las 4 líneas inferiores del Puerto B se dejan 
00B6   0586           00093         andwf   PORTB,F                 ; como estaban y las 4 superiores como salida.
00B7   1283           00094         bcf     STATUS,RP0              ; Acceso al Banco 0.
                      00095 ;
00B8   0814           00096         movf    LCD_Dato,W              ; Recupera el dato a enviar.
00B9   0086           00097         movwf   LCD_BusDatos            ; Envía el dato al módulo LCD.
00BA   1505           00098         bsf     LCD_PinEnable           ; Permite funcionamiento del LCD, mediante un pequeño
00BB   1105           00099         bcf     LCD_PinEnable           ; pulso y termina impidiendo el funcionamiento del LCD.
00BC   1C05           00100         btfss   LCD_PinRS               ; Debe garantizar una correcta escritura manteniendo 
00BD   205E           00101         call    Retardo_2ms             ; 2 ms en modo comando y 50 µs en modo cáracter.
00BE   204A           00102         call    Retardo_50micros
00BF   1683           00103         bsf     STATUS,RP0              ; Acceso al Banco 1. Restaura el antiguo valor en
00C0   0816           00104         movf    LCD_GuardaTRISB,W       ; la configuración del Puerto B.
00C1   0086           00105         movwf   PORTB                   ; Realmente es TRISB.
00C2   1283           00106         bcf     STATUS,RP0              ; Acceso al Banco 0.
00C3   0008           00107         return
                      00108 
                      00109 ; Subrutinas variadas para el control del módulo LCD -----------------------------------------
                      00110 ;
                      00111 ;Los comandos que pueden ser ejecutados son:
                      00112 ;
00C4                  00113 LCD_CursorIncr                          ; Cursor en modo incrementar.
00C4   3006           00114         movlw   b'00000110'
00C5   28D7           00115         goto    LCD_EnviaComando
00C6                  00116 LCD_Linea1                              ; Cursor al principio de la Línea 1.
00C6   3080           00117         movlw   b'10000000'             ; Dirección 00h de la DDRAM
00C7   28D7           00118         goto    LCD_EnviaComando
00C8                  00119 LCD_Linea2                              ; Cursor al principio de la Línea 2.
00C8   30C0           00120         movlw   b'11000000'             ; Dirección 40h de la DDRAM
00C9   28D7           00121         goto    LCD_EnviaComando
00CA                  00122 LCD_PosicionLinea1                      ; Cursor a posición de la Línea 1, a partir de la
00CA   3880           00123         iorlw   b'10000000'             ; dirección 00h de la DDRAM más el valor del
00CB   28D7           00124         goto    LCD_EnviaComando        ; registro W.
00CC                  00125 LCD_PosicionLinea2                      ; Cursor a posición de la Línea 2, a partir de la
00CC   38C0           00126         iorlw   b'11000000'             ; dirección 40h de la DDRAM más el valor del
00CD   28D7           00127         goto    LCD_EnviaComando        ; registro W.
00CE                  00128 LCD_OFF                         ; Pantalla apagada.
00CE   3008           00129         movlw   b'00001000'
00CF   28D7           00130         goto    LCD_EnviaComando
00D0                  00131 LCD_CursorON                            ; Pantalla encendida y cursor encendido.
00D0   300E           00132         movlw   b'00001110'
00D1   28D7           00133         goto    LCD_EnviaComando
00D2                  00134 LCD_CursorOFF                           ; Pantalla encendida y cursor apagado.
00D2   300C           00135         movlw   b'00001100'
00D3   28D7           00136         goto    LCD_EnviaComando
00D4                  00137 LCD_Borra                               ; Borra toda la pantalla, memoria DDRAM y pone el 
MPASM 03.50 Released                            EEPROM_01.ASM   10-15-1982  14:02:29         PAGE 11


LOC  OBJECT CODE     LINE SOURCE TEXT
  VALUE

00D4   3001           00138         movlw   b'00000001'             ; cursor a principio de la línea 1.
00D5   28D7           00139         goto    LCD_EnviaComando
00D6                  00140 LCD_2Lineas4Bits5x7                     ; Define la pantalla de 2 líneas, con caracteres
00D6   3028           00141         movlw   b'00101000'             ; de 5x7 puntos y conexión al PIC mediante bus de
                      00142 ;       goto    LCD_EnviaComando        ; 4 bits. 
                      00143 
                      00144 ; Subrutinas "LCD_EnviaComando" y "LCD_Caracter" ------------------------------------
                      00145 ;
                      00146 ; "LCD_EnviaComando": Escribe un comando en el registro del módulo LCD. La palabra de
                      00147 ; comando ha sido entregada a través del registro W.  Trabaja en Modo Comando.
                      00148 ; "LCD_Caracter": Escribe en la memoria DDRAM del LCD el carácter ASCII introducido a
                      00149 ; a través del registro W. Trabaja en Modo Dato.
                      00150 ;
00D7                  00151 LCD_EnviaComando
00D7   1005           00152         bcf     LCD_PinRS               ; Activa el Modo Comando, poniendo RS=0.
00D8   28DB           00153         goto    LCD_Envia
00D9                  00154 LCD_Caracter
00D9   1405           00155         bsf     LCD_PinRS               ; Activa el "Modo Dato", poniendo RS=1.
00DA   20E0           00156         call    LCD_CodigoCGROM ; Obtiene el código para correcta visualización.
00DB                  00157 LCD_Envia
00DB   0095           00158         movwf   LCD_GuardaDato          ; Guarda el dato a enviar.
00DC   20AD           00159         call    LCD_EscribeLCD          ; Primero envía el nibble alto.
00DD   0E15           00160         swapf   LCD_GuardaDato,W        ; Ahora envía el nibble bajo. Para ello pasa el
                      00161                                         ; nibble bajo del dato a enviar a parte alta del byte.
00DE   20AD           00162         call    LCD_EscribeLCD          ; Se envía al visualizador LCD.
00DF   0008           00163         return  
                      00164 
                      00165 ; Subrutina "LCD_CodigoCGROM" -----------------------------------------------------------
                      00166 ;
                      00167 ; A partir del carácter ASCII número 127, los códigos de los caracteres definidos en la
                      00168 ; tabla CGROM del LM016L no coinciden con los códigos ASCII. Así por ejemplo, el código
                      00169 ; ASCII de la "Ñ" en la tabla CGRAM del LM016L es EEh.
                      00170 ;
                      00171 ; Esta subrutina convierte los códigos ASCII de la "Ñ", "º" y otros, a códigos CGROM para que
                      00172 ; que puedan ser visualizado en el módulo LM016L.
                      00173 ; 
                      00174 ; Entrada:      En (W) el código ASCII del carácter que se desea visualizar.
                      00175 ; Salida:       En (W) el código definido en la tabla CGROM.
                      00176 
00E0                  00177 LCD_CodigoCGROM
00E0   0094           00178         movwf   LCD_Dato                ; Guarda el valor del carácter y comprueba si es
00E1                  00179 LCD_EnheMinuscula                       ; un carácter especial.
00E1   3CF1           00180         sublw   'ñ'                     ; ¿Es la "ñ"?
00E2   1D03           00181         btfss   STATUS,Z
00E3   28E7           00182         goto    LCD_EnheMayuscula       ; No es "ñ".
00E4   30EE           00183         movlw   b'11101110'             ; Código CGROM de la "ñ".
00E5   0094           00184         movwf   LCD_Dato
00E6   28F4           00185         goto    LCD_FinCGROM
00E7                  00186 LCD_EnheMayuscula
00E7   0814           00187         movf    LCD_Dato,W              ; Recupera el código ASCII de entrada.
00E8   3CD1           00188         sublw   'Ñ'                     ; ¿Es la "Ñ"?
00E9   1D03           00189         btfss   STATUS,Z
00EA   28EE           00190         goto    LCD_Grado               ; No es "Ñ".
MPASM 03.50 Released                            EEPROM_01.ASM   10-15-1982  14:02:29         PAGE 12


LOC  OBJECT CODE     LINE SOURCE TEXT
  VALUE

00EB   30EE           00191         movlw   b'11101110'             ; Código CGROM de la "ñ". (No hay símbolo para
00EC   0094           00192         movwf   LCD_Dato                ; la "Ñ" mayúscula en la CGROM).
00ED   28F4           00193         goto    LCD_FinCGROM    
00EE                  00194 LCD_Grado
00EE   0814           00195         movf    LCD_Dato,W              ; Recupera el código ASCII de entrada.
00EF   3CBA           00196         sublw   'º'                     ; ¿Es el símbolo "º"?
00F0   1D03           00197         btfss   STATUS,Z
00F1   28F4           00198         goto    LCD_FinCGROM            ; No es "º".
00F2   30DF           00199         movlw   b'11011111'             ; Código CGROM del símbolo "º".
00F3   0094           00200         movwf   LCD_Dato
00F4                  00201 LCD_FinCGROM
00F4   0814           00202         movf    LCD_Dato,W              ; En (W) el código buscado.
00F5   0008           00203         return
                      00204 
                      00205 ; Subrutina "LCD_DosEspaciosBlancos" y "LCD_LineaBlanco" --------------------------------
                      00206 ;
                      00207 ; Visualiza espacios en blanco.
                      00208 
00F6                  00209 LCD_LineaEnBlanco
00F6   3010           00210         movlw   LCD_CaracteresPorLinea
00F7   28FD           00211         goto    LCD_EnviaBlancos
00F8                  00212 LCD_UnEspacioBlanco
00F8   3001           00213         movlw   .1
00F9   28FD           00214         goto    LCD_EnviaBlancos
00FA                  00215 LCD_DosEspaciosBlancos
00FA   3002           00216         movlw   .2
00FB   28FD           00217         goto    LCD_EnviaBlancos
00FC                  00218 LCD_TresEspaciosBlancos
00FC   3003           00219         movlw   .3
00FD                  00220 LCD_EnviaBlancos
00FD   0097           00221         movwf   LCD_Auxiliar1           ; (LCD_Auxiliar1) se utiliza como contador.
00FE                  00222 LCD_EnviaOtroBlanco     
00FE   3020           00223         movlw   ' '                     ; Esto es un espacio en blanco.
00FF   20D9           00224         call    LCD_Caracter            ; Visualiza tanto espacios en blanco como se
0100   0B97           00225         decfsz  LCD_Auxiliar1,F         ; haya cargado en (LCD_Auxiliar1).
0101   28FE           00226         goto    LCD_EnviaOtroBlanco
0102   0008           00227         return
                      00228 
                      00229 ; Subrutinas "LCD_ByteCompleto" y "LCD_Byte" --------------------------------------------
                      00230 ;
                      00231 ; Subrutina "LCD_ByteCompleto": Visualiza el byte que almacena el registro W en el
                      00232 ; lugar actual de la pantalla. Por ejemplo, si (W)=b'10101110' visualiza "AE".
                      00233 ;
                      00234 ; Subrutina "LCD_Byte" igual que la anterior, pero en caso de que el nibble alto sea cero, 
                      00235 ; visualiza en su lugar un espacio en blanco. Por ejemplo si (W)=b'10101110' visualiza "AE"
                      00236 ; y si (W)=b'00001110', visualiza " E" (un espacio blanco delante).
                      00237 ;
                      00238 ; Utilizan la subrutina "LCD_Nibble" que se analiza más adelante.
                      00239 ;
0103                  00240 LCD_Byte
0103   0098           00241         movwf   LCD_Auxiliar2           ; Guarda el valor de entrada.
0104   39F0           00242         andlw   b'11110000'             ; Analiza si el nibble alto es cero.
0105   1D03           00243         btfss   STATUS,Z                ; Si es cero lo apaga.
MPASM 03.50 Released                            EEPROM_01.ASM   10-15-1982  14:02:29         PAGE 13


LOC  OBJECT CODE     LINE SOURCE TEXT
  VALUE

0106   290B           00244         goto    LCD_VisualizaAlto               ; No es cero y lo visualiza.
0107   3020           00245         movlw   ' '                     ; Visualiza un espacio en blanco.
0108   20D9           00246         call    LCD_Caracter
0109   290D           00247         goto    LCD_VisualizaBajo
                      00248 
010A                  00249 LCD_ByteCompleto
010A   0098           00250         movwf   LCD_Auxiliar2           ; Guarda el valor de entrada.
010B                  00251 LCD_VisualizaAlto
010B   0E18           00252         swapf   LCD_Auxiliar2,W         ; Pone el nibble alto en la parte baja.
010C   210E           00253         call    LCD_Nibble              ; Lo visualiza.
010D                  00254 LCD_VisualizaBajo
010D   0818           00255         movf    LCD_Auxiliar2,W         ; Repite el proceso con el nibble bajo.
                      00256 ;       call    LCD_Nibble              ; Lo visualiza.
                      00257 ;       return
                      00258 
                      00259 ; Subrutina "LCD_Nibble" ----------------------------------------------------------------
                      00260 ;
                      00261 ; Visualiza en el lugar actual de la pantalla, el valor hexadecimal que almacena en el nibble
                      00262 ; bajo del registro W. El nibble alto de W no es tenido en cuenta. Ejemplos:
                      00263 ; - Si (W)=b'01010110', se visualizará "6". 
                      00264 ; - Si (W)=b'10101110', se visualizará "E". 
                      00265 ;
010E                  00266 LCD_Nibble
010E   390F           00267         andlw   b'00001111'             ; Se queda con la parte baja.
010F   0097           00268         movwf   LCD_Auxiliar1           ; Lo guarda.
0110   3C09           00269         sublw   0x09                    ; Comprueba si hay que representarlo con letra.
0111   1C03           00270         btfss   STATUS,C        
0112   2916           00271         goto    LCD_EnviaByteLetra
0113   0817           00272         movf    LCD_Auxiliar1,W
0114   3E30           00273         addlw   '0'                     ; El número se pasa a carácter ASCII sumándole
0115   2918           00274         goto    LCD_FinVisualizaDigito  ; el ASCII del cero y lo visualiza.
0116                  00275 LCD_EnviaByteLetra
0116   0817           00276         movf    LCD_Auxiliar1,W
0117   3E37           00277         addlw   'A'-0x0A                        ; Sí, por tanto, se le suma el ASCII de la 'A'.
0118                  00278 LCD_FinVisualizaDigito
0118   28D9           00279         goto    LCD_Caracter            ; Y visualiza el carácter. Se hace con un "goto"
                      00280                                         ; para no sobrecargar la pila.
                      00058         INCLUDE   <LCD_MENS.INC>
                      00001 ;**************************** Librería "LCD_MENS.INC" ********************************
                      00002 ;
                      00003 ;       ===================================================================
                      00004 ;         Del libro "MICROCONTROLADOR PIC16F84A. DESARROLLO DE PROYECTOS"
                      00005 ;         E. Palacios, F. Remiro y L. López.
                      00006 ;         Editorial Ra-Ma.  www.ra-ma.es
                      00007 ;       ===================================================================
                      00008 ;
                      00009 ; Librería de subrutinas para el manejo de mensajes a visualizar en un visualizador LCD.
                      00010 
                      00011         CBLOCK
  00000019            00012         LCD_ApuntaCaracter              ; Indica la posición del carácter a visualizar
                      00013                                         ; respecto del comienzo de todos los mensajes,
                      00014                                         ; (posición de la etiqueta "Mensajes").
  0000001A            00015         LCD_ValorCaracter                       ; Código ASCII del carácter a 
MPASM 03.50 Released                            EEPROM_01.ASM   10-15-1982  14:02:29         PAGE 14


LOC  OBJECT CODE     LINE SOURCE TEXT
  VALUE

                      00016         ENDC                            ; visualizar.
                      00017 
                      00018 ; Los mensajes tienen que estar situados dentro de las 256 primeras posiciones de la 
                      00019 ; memoria de programa, es decir, no pueden superar la dirección 0FFh.
                      00020 
                      00021 ; Subrutina "LCD_Mensaje" ---------------------------------------------------------------
                      00022 ;
                      00023 ; Visualiza por pantalla el mensaje apuntado por el registro W.
                      00024 ;
                      00025 ; Los mensajes deben localizarse dentro de una zona encabezada por la etiqueta "Mensajes" y que
                      00026 ; tenga la siguiente estructura:
                      00027 ;
                      00028 ; Mensajes                              ; ¡Etiqueta obligatoria!
                      00029 ;       addwf   PCL,F
                      00030 ; Mensaje0                              ; Posición inicial del mensaje.
                      00031 ;       DT ".. ..", 0x00                        ; Mensaje terminado en 0x00.
                      00032 ; Mensaje1
                      00033 ;       ...     
                      00034 ;       ...
                      00035 ; FinMensajes
                      00036 ;
                      00037 ; La llamada a esta subrutina se realizará siguiendo este ejemplo:
                      00038 ;
                      00039 ;       movlw   Mensaje0                        ; Carga la posición del mensaje.
                      00040 ;       call    LCD_Mensaje             ; Visualiza el mensaje.
                      00041 ;
0119                  00042 LCD_Mensaje
0119   0099           00043         movwf   LCD_ApuntaCaracter      ; Posición de primer carácter del mensaje.
011A   300D           00044         movlw   Mensajes                        ; Halla la posición relativa del primer carácter
011B   0299           00045         subwf   LCD_ApuntaCaracter,F    ; del mensaje respecto de etiqueta "Mensajes".
011C   0399           00046         decf    LCD_ApuntaCaracter,F    ; Compensa la posición que ocupa "addwf PCL,F".
011D                  00047 LCD_VisualizaOtroCaracter
011D   0819           00048         movf    LCD_ApuntaCaracter,W
011E   200D           00049         call    Mensajes                        ; Obtiene el código ASCII del carácter apuntado.
011F   009A           00050         movwf   LCD_ValorCaracter               ; Guarda el valor de carácter.
0120   089A           00051         movf    LCD_ValorCaracter,F     ; Lo único que hace es posicionar flag Z. En caso
0121   1903           00052         btfsc   STATUS,Z                ; que sea "0x00", que es código indicador final 
0122   2926           00053         goto    LCD_FinMensaje          ; de mensaje, sale fuera.
0123                  00054 LCD_NoUltimoCaracter
0123   20D9           00055         call    LCD_Caracter            ; Visualiza el carácter ASCII leído.
0124   0A99           00056         incf    LCD_ApuntaCaracter,F    ; Apunta a la posición del siguiente carácter 
0125   291D           00057         goto    LCD_VisualizaOtroCaracter       ; dentro del mensaje.
0126                  00058 LCD_FinMensaje
0126   0008           00059         return                          ; Vuelve al programa principal.
                      00060 
                      00061 ; Subrutina "LCD_MensajeMovimiento" -----------------------------------------------------
                      00062 ;
                      00063 ; Visualiza un mensaje de mayor longitud que los 16 caracteres que pueden representarse
                      00064 ; en una línea, por tanto se desplaza a través de la pantalla.
                      00065 ;
                      00066 ; En el mensaje debe dejarse 16 espacios en blanco, al principio y al final para
                      00067 ; conseguir que el desplazamiento del mensaje sea lo más legible posible.
                      00068 ;
MPASM 03.50 Released                            EEPROM_01.ASM   10-15-1982  14:02:29         PAGE 15


LOC  OBJECT CODE     LINE SOURCE TEXT
  VALUE

                      00069         CBLOCK  
  0000001B            00070         LCD_CursorPosicion              ; Contabiliza la posición del cursor dentro de la
                      00071         ENDC                            ; pantalla LCD
                      00072 
0127                  00073 LCD_MensajeMovimiento
0127   0099           00074         movwf   LCD_ApuntaCaracter      ; Posición del primer carácter del mensaje.
0128   300D           00075         movlw   Mensajes                        ; Halla la posición relativa del primer carácter
0129   0299           00076         subwf   LCD_ApuntaCaracter,F    ; del mensaje respecto de la etiqueta "Mensajes".
012A   0399           00077         decf    LCD_ApuntaCaracter,F    ; Compensa la posición que ocupa "addwf PCL,F".
012B                  00078 LCD_PrimeraPosicion
012B   019B           00079         clrf    LCD_CursorPosicion      ; El cursor en la posición 0 de la línea.
012C   20D4           00080         call    LCD_Borra               ; Se sitúa en la primera posición de la línea 1 y
012D                  00081 LCD_VisualizaCaracter                   ; borra la pantalla.
012D   3010           00082         movlw   LCD_CaracteresPorLinea  ; ¿Ha llegado a final de línea?
012E   021B           00083         subwf   LCD_CursorPosicion,W
012F   1D03           00084         btfss   STATUS,Z
0130   2936           00085         goto    LCD_NoEsFinalLinea
0131                  00086 LCD_EsFinalLinea
0131   2052           00087         call    Retardo_200ms           ; Lo mantiene visualizado durante este tiempo.
0132   2052           00088         call    Retardo_200ms
0133   300F           00089         movlw   LCD_CaracteresPorLinea-1        ; Apunta a la posición del segundo carácter visualizado
0134   0299           00090         subwf   LCD_ApuntaCaracter,F    ; en pantalla y que será el primero en la siguiente
0135   292B           00091         goto    LCD_PrimeraPosicion      ; visualización de línea, para producir el efecto
0136                  00092 LCD_NoEsFinalLinea                      ; de desplazamiento hacia la izquierda.
0136   0819           00093         movf    LCD_ApuntaCaracter,W
0137   200D           00094         call    Mensajes                        ; Obtiene el ASCII del carácter apuntado.
0138   009A           00095         movwf   LCD_ValorCaracter               ; Guarda el valor de carácter.
0139   089A           00096         movf    LCD_ValorCaracter,F     ; Lo único que hace es posicionar flag Z. En caso
013A   1903           00097         btfsc   STATUS,Z                ; que sea "0x00", que es código indicador final 
013B   2940           00098         goto    LCD_FinMovimiento       ; de mensaje, sale fuera.
013C                  00099 LCD_NoUltimoCaracter2
013C   20D9           00100         call    LCD_Caracter            ; Visualiza el carácter ASCII leído.
013D   0A9B           00101         incf    LCD_CursorPosicion,F    ; Contabiliza el incremento de posición del 
                      00102                                         ; cursor en la pantalla.
013E   0A99           00103         incf    LCD_ApuntaCaracter,F    ; Apunta a la siguiente posición por visualizar.
013F   292D           00104         goto    LCD_VisualizaCaracter   ; Vuelve a visualizar el siguiente carácter
0140                  00105 LCD_FinMovimiento                       ; de la línea.
0140   0008           00106         return                          ; Vuelve al programa principal.
                      00059         END
MPASM 03.50 Released                            EEPROM_01.ASM   10-15-1982  14:02:29         PAGE 16


SYMBOL TABLE
  LABEL                             VALUE 

BCD_Centenas                      00000011
BCD_Decenas                       00000012
BCD_IncrementaCentenas            0000008F
BCD_IncrementaDecenas             00000089
BCD_Resta10                       00000085
BCD_Unidades                      00000013
BIN_BCD_Fin                       00000092
BIN_a_BCD                         00000082
C                                 00000000
Contador                          0000000C
DC                                00000001
EEADR                             00000009
EECON1                            00000088
EECON2                            00000089
EEDATA                            00000008
EEIE                              00000006
EEIF                              00000004
EEPROM_EscribeDato                00000027
EEPROM_GuardaINTCON               0000000D
EEPROM_LeeDato                    0000001E
EEPROM_SigueLeyendo               00000022
EEPROM_TerminaEscribir            00000033
F                                 00000001
FSR                               00000004
FinMensajes                       0000001E
GIE                               00000007
INDF                              00000000
INTCON                            0000000B
INTE                              00000004
INTEDG                            00000006
INTF                              00000001
IRP                               00000007
Inicio                            00000000
LCD_2Lineas4Bits5x7               000000D6
LCD_ApuntaCaracter                00000019
LCD_Auxiliar1                     00000017
LCD_Auxiliar2                     00000018
LCD_Borra                         000000D4
LCD_BusDatos                      PORTB
LCD_Byte                          00000103
LCD_ByteCompleto                  0000010A
LCD_Caracter                      000000D9
LCD_CaracteresPorLinea            00000010
LCD_CodigoCGROM                   000000E0
LCD_CursorIncr                    000000C4
LCD_CursorOFF                     000000D2
LCD_CursorON                      000000D0
LCD_CursorPosicion                0000001B
LCD_Dato                          00000014
LCD_DosEspaciosBlancos            000000FA
LCD_EnheMayuscula                 000000E7
LCD_EnheMinuscula                 000000E1
LCD_Envia                         000000DB
MPASM 03.50 Released                            EEPROM_01.ASM   10-15-1982  14:02:29         PAGE 17


SYMBOL TABLE
  LABEL                             VALUE 

LCD_EnviaBlancos                  000000FD
LCD_EnviaByteLetra                00000116
LCD_EnviaComando                  000000D7
LCD_EnviaOtroBlanco               000000FE
LCD_EsFinalLinea                  00000131
LCD_EscribeLCD                    000000AD
LCD_FinCGROM                      000000F4
LCD_FinMensaje                    00000126
LCD_FinMovimiento                 00000140
LCD_FinVisualizaDigito            00000118
LCD_Grado                         000000EE
LCD_GuardaDato                    00000015
LCD_GuardaTRISB                   00000016
LCD_Inicializa                    00000095
LCD_Linea1                        000000C6
LCD_Linea2                        000000C8
LCD_LineaEnBlanco                 000000F6
LCD_Mensaje                       00000119
LCD_MensajeMovimiento             00000127
LCD_Nibble                        0000010E
LCD_NoEsFinalLinea                00000136
LCD_NoUltimoCaracter              00000123
LCD_NoUltimoCaracter2             0000013C
LCD_OFF                           000000CE
LCD_PinEnable                     PORTA,2
LCD_PinRS                         PORTA,0
LCD_PinRW                         PORTA,1
LCD_PosicionLinea1                000000CA
LCD_PosicionLinea2                000000CC
LCD_PrimeraPosicion               0000012B
LCD_TresEspaciosBlancos           000000FC
LCD_UnEspacioBlanco               000000F8
LCD_ValorCaracter                 0000001A
LCD_VisualizaAlto                 0000010B
LCD_VisualizaBajo                 0000010D
LCD_VisualizaCaracter             0000012D
LCD_VisualizaOtroCaracter         0000011D
MensajeReseteado                  0000000E
Mensajes                          0000000D
NOT_PD                            00000003
NOT_RBPU                          00000007
NOT_TO                            00000004
OPTION_REG                        00000081
PCL                               00000002
PCLATH                            0000000A
PORTA                             00000005
PORTB                             00000006
PS0                               00000000
PS1                               00000001
PS2                               00000002
PSA                               00000003
Principal                         0000000B
R1Decima_BucleExterno             00000078
MPASM 03.50 Released                            EEPROM_01.ASM   10-15-1982  14:02:29         PAGE 18


SYMBOL TABLE
  LABEL                             VALUE 

R1Decima_BucleExterno2            00000076
R1Decima_BucleInterno             0000007A
R1ms_BucleExterno                 00000062
R1ms_BucleInterno                 00000064
RBIE                              00000003
RBIF                              00000000
RD                                00000000
RP0                               00000005
RP1                               00000006
R_ContA                           0000000E
R_ContB                           0000000F
R_ContC                           00000010
RetardoMicros                     0000004E
Retardo_100micros                 00000048
Retardo_100ms                     00000054
Retardo_10micros                  0000003B
Retardo_10ms                      0000005A
Retardo_10s                       0000006C
Retardo_1Decima                   00000075
Retardo_1ms                       00000060
Retardo_1s                        00000072
Retardo_200micros                 00000045
Retardo_200ms                     00000052
Retardo_20micros                  0000004D
Retardo_20ms                      00000058
Retardo_20s                       0000006A
Retardo_2ms                       0000005E
Retardo_2s                        00000070
Retardo_4micros                   00000041
Retardo_500micros                 00000042
Retardo_500ms                     00000074
Retardo_50micros                  0000004A
Retardo_50ms                      00000056
Retardo_5micros                   00000040
Retardo_5ms                       0000005C
Retardo_5s                        0000006E
Retardos_ms                       00000061
Rmicros_Bucle                     0000004F
STATUS                            00000003
T0CS                              00000005
T0IE                              00000005
T0IF                              00000002
T0SE                              00000004
TMR0                              00000001
TRISA                             00000085
TRISB                             00000086
W                                 00000000
WR                                00000001
WREN                              00000002
WRERR                             00000003
Z                                 00000002
_CP_OFF                           00003FFF
_CP_ON                            0000000F
MPASM 03.50 Released                            EEPROM_01.ASM   10-15-1982  14:02:29         PAGE 19


SYMBOL TABLE
  LABEL                             VALUE 

_HS_OSC                           00003FFE
_LP_OSC                           00003FFC
_PWRTE_OFF                        00003FFF
_PWRTE_ON                         00003FF7
_RC_OSC                           00003FFF
_WDT_OFF                          00003FFB
_WDT_ON                           00003FFF
_XT_OSC                           00003FFD
__16F84A                          00000001


MEMORY USAGE MAP ('X' = Used,  '-' = Unused)

0000 : XXXXXXXXXXXXXXXX XXXXXXXXXXXXXXXX XXXXXXXXXXXXXXXX XXXXXXXXXXXXXXXX
0040 : XXXXXXXXXXXXXXXX XXXXXXXXXXXXXXXX XXXXXXXXXXXXXXXX XXXXXXXXXXXXXXXX
0080 : XXXXXXXXXXXXXXXX XXXXXXXXXXXXXXXX XXXXXXXXXXXXXXXX XXXXXXXXXXXXXXXX
00C0 : XXXXXXXXXXXXXXXX XXXXXXXXXXXXXXXX XXXXXXXXXXXXXXXX XXXXXXXXXXXXXXXX
0100 : XXXXXXXXXXXXXXXX XXXXXXXXXXXXXXXX XXXXXXXXXXXXXXXX XXXXXXXXXXXXXXXX
0140 : X--------------- ---------------- ---------------- ----------------
2000 : -------X-------- ---------------- ---------------- ----------------
2100 : X--------------- ---------------- ---------------- ----------------

All other memory blocks unused.

Program Memory Words Used:   321
Program Memory Words Free:   703


Errors   :     0
Warnings :     0 reported,     0 suppressed
Messages :    10 reported,     0 suppressed

