MPASM 03.50 Released                         ELEMENTAL_07.ASM   10-15-2003  11:09:52         PAGE  1


LOC  OBJECT CODE     LINE SOURCE TEXT
  VALUE

                      00001 ;*********************************** Elemental_07.asm ***********************************
                      00002 ;
                      00003 ;       ===================================================================
                      00004 ;         Del libro "MICROCONTROLADOR PIC16F84A. DESARROLLO DE PROYECTOS"
                      00005 ;         E. Palacios, F. Remiro y L. López.
                      00006 ;         Editorial Ra-Ma.  www.ra-ma.es
                      00007 ;       ===================================================================
                      00008 ;
                      00009 ; Por el Puerto B obtiene el dato del Puerto A desplazando un bit hacia la izquierda, por la
                      00010 ; derecha entrará un "1". Por ejemplo, si por el Puerto A se introduce "---11001", por el
                      00011 ; Puerto B aparecerá "xx110011" (no importa el estado de los dos bits superiores del Puerto B).
                      00012 ;
                      00013 ; ZONA DE DATOS *********************************************************************
                      00014 
2007   3FF1           00015         __CONFIG   _CP_OFF &  _WDT_OFF & _PWRTE_ON & _XT_OSC
                      00016         LIST       P=16F84A             ; Procesador utilizado.
                      00017         INCLUDE  <P16F84A.INC>          ; Definición de algunos operandos utilizados.
                      00001         LIST
                      00002 ; P16F84A.INC  Standard Header File, Version 2.00    Microchip Technology, Inc.
                      00134         LIST
                      00018 
                      00019 ; ZONA DE CÓDIGOS ********************************************************************
                      00020 
0000                  00021         ORG     0                       ; El programa comienza en la dirección 0.
0000                  00022 Inicio
0000   1683           00023         bsf     STATUS,RP0              ; Acceso al Banco 1.
Message[302]: Register in operand not in bank 0.  Ensure that bank bits are correct.
0001   0186           00024         clrf    TRISB                   ; Las líneas del Puerto B se configuran como salida.
0002   301F           00025         movlw   b'00011111'             ; Las 5 líneas del Puerto A se configuran como entrada.
Message[302]: Register in operand not in bank 0.  Ensure that bank bits are correct.
0003   0085           00026         movwf   TRISA
0004   1283           00027         bcf     STATUS,RP0              ; Acceso al Banco 0.
0005                  00028 Principal
0005   1403           00029         bsf     STATUS,C                ; Este es el "1" que entrará por la derecha.
0006   0D05           00030         rlf     PORTA,W                 ; Rota los bits una posición a la izquierda y lo
0007   0086           00031         movwf   PORTB                   ; lleva al Puerto B para que se visualice.
0008   2805           00032         goto    Principal               ; Se crea un bucle cerrado e infinito.
                      00033 
                      00034         END                             ; Fin del programa.
MPASM 03.50 Released                         ELEMENTAL_07.ASM   10-15-2003  11:09:52         PAGE  2


SYMBOL TABLE
  LABEL                             VALUE 

C                                 00000000
DC                                00000001
EEADR                             00000009
EECON1                            00000088
EECON2                            00000089
EEDATA                            00000008
EEIE                              00000006
EEIF                              00000004
F                                 00000001
FSR                               00000004
GIE                               00000007
INDF                              00000000
INTCON                            0000000B
INTE                              00000004
INTEDG                            00000006
INTF                              00000001
IRP                               00000007
Inicio                            00000000
NOT_PD                            00000003
NOT_RBPU                          00000007
NOT_TO                            00000004
OPTION_REG                        00000081
PCL                               00000002
PCLATH                            0000000A
PORTA                             00000005
PORTB                             00000006
PS0                               00000000
PS1                               00000001
PS2                               00000002
PSA                               00000003
Principal                         00000005
RBIE                              00000003
RBIF                              00000000
RD                                00000000
RP0                               00000005
RP1                               00000006
STATUS                            00000003
T0CS                              00000005
T0IE                              00000005
T0IF                              00000002
T0SE                              00000004
TMR0                              00000001
TRISA                             00000085
TRISB                             00000086
W                                 00000000
WR                                00000001
WREN                              00000002
WRERR                             00000003
Z                                 00000002
_CP_OFF                           00003FFF
_CP_ON                            0000000F
_HS_OSC                           00003FFE
_LP_OSC                           00003FFC
MPASM 03.50 Released                         ELEMENTAL_07.ASM   10-15-2003  11:09:52         PAGE  3


SYMBOL TABLE
  LABEL                             VALUE 

_PWRTE_OFF                        00003FFF
_PWRTE_ON                         00003FF7
_RC_OSC                           00003FFF
_WDT_OFF                          00003FFB
_WDT_ON                           00003FFF
_XT_OSC                           00003FFD
__16F84A                          00000001


MEMORY USAGE MAP ('X' = Used,  '-' = Unused)

0000 : XXXXXXXXX------- ---------------- ---------------- ----------------
2000 : -------X-------- ---------------- ---------------- ----------------

All other memory blocks unused.

Program Memory Words Used:     9
Program Memory Words Free:  1015


Errors   :     0
Warnings :     0 reported,     0 suppressed
Messages :     2 reported,     0 suppressed

