MPASM 03.50 Released                             ENSAM_02.ASM   10-15-2003  10:57:00         PAGE  1


LOC  OBJECT CODE     LINE SOURCE TEXT
  VALUE

                      00001 ;************************************** Ensam_02.asm ************************************
                      00002 ;
                      00003 ;       ===================================================================
                      00004 ;         Del libro "MICROCONTROLADOR PIC16F84A. DESARROLLO DE PROYECTOS"
                      00005 ;         E. Palacios, F. Remiro y L. López.
                      00006 ;         Editorial Ra-Ma.  www.ra-ma.es
                      00007 ;       ===================================================================
                      00008 ;
                      00009 ; Los LEDs conectados al nibble bajo del Puerto B se apagan y los conectados al nibble alto
                      00010 ; se encienden.
                      00011 ; 
                      00012 ; ZONA DE DATOS **********************************************************************
                      00013 
2007   3FF1           00014         __CONFIG   _CP_OFF &  _WDT_OFF & _PWRTE_ON & _XT_OSC    ; Configuración para el
                      00015                                                                 ; grabador.
                      00016         LIST       P=16F84A             ; Procesador utilizado.
                      00017         INCLUDE  <P16F84A.INC>          ; En este fichero se definen las etiquetas del PIC.
                      00001         LIST
                      00002 ; P16F84A.INC  Standard Header File, Version 2.00    Microchip Technology, Inc.
                      00134         LIST
                      00018 
  000000F0            00019 Constante  EQU  b'11110000'
                      00020 
                      00021 ; ZONA DE CÓDIGOS ********************************************************************
                      00022 
0000                  00023         ORG     0                       ; El programa comienza en la dirección 0 de la
0000                  00024 Inicio                                  ; memoria de programa.
0000   1683           00025         bsf     STATUS,RP0              ; Pone a 1 el bit 5 del STATUS. Acceso al Banco 1.
Message[302]: Register in operand not in bank 0.  Ensure that bank bits are correct.
0001   0186           00026         clrf    TRISB                   ; Las líneas del Puerto B configuradas como salida.
0002   1283           00027         bcf     STATUS,RP0              ; Pone a 0 el bit 5 del STATUS. Acceso al Banco 0.
0003   30F0           00028         movlw   Constante               ; Carga el registro de trabajo W con la constante.
0004                  00029 Principal
0004   0086           00030         movwf   PORTB                   ; El contenido de W se deposita en el puerto de salida.
0005   2804           00031         goto    Principal               ; Crea un bucle cerrado e infinito
                      00032 
                      00033         END                             ; Fin del programa.
MPASM 03.50 Released                             ENSAM_02.ASM   10-15-2003  10:57:00         PAGE  2


SYMBOL TABLE
  LABEL                             VALUE 

C                                 00000000
Constante                         000000F0
DC                                00000001
EEADR                             00000009
EECON1                            00000088
EECON2                            00000089
EEDATA                            00000008
EEIE                              00000006
EEIF                              00000004
F                                 00000001
FSR                               00000004
GIE                               00000007
INDF                              00000000
INTCON                            0000000B
INTE                              00000004
INTEDG                            00000006
INTF                              00000001
IRP                               00000007
Inicio                            00000000
NOT_PD                            00000003
NOT_RBPU                          00000007
NOT_TO                            00000004
OPTION_REG                        00000081
PCL                               00000002
PCLATH                            0000000A
PORTA                             00000005
PORTB                             00000006
PS0                               00000000
PS1                               00000001
PS2                               00000002
PSA                               00000003
Principal                         00000004
RBIE                              00000003
RBIF                              00000000
RD                                00000000
RP0                               00000005
RP1                               00000006
STATUS                            00000003
T0CS                              00000005
T0IE                              00000005
T0IF                              00000002
T0SE                              00000004
TMR0                              00000001
TRISA                             00000085
TRISB                             00000086
W                                 00000000
WR                                00000001
WREN                              00000002
WRERR                             00000003
Z                                 00000002
_CP_OFF                           00003FFF
_CP_ON                            0000000F
_HS_OSC                           00003FFE
MPASM 03.50 Released                             ENSAM_02.ASM   10-15-2003  10:57:00         PAGE  3


SYMBOL TABLE
  LABEL                             VALUE 

_LP_OSC                           00003FFC
_PWRTE_OFF                        00003FFF
_PWRTE_ON                         00003FF7
_RC_OSC                           00003FFF
_WDT_OFF                          00003FFB
_WDT_ON                           00003FFF
_XT_OSC                           00003FFD
__16F84A                          00000001


MEMORY USAGE MAP ('X' = Used,  '-' = Unused)

0000 : XXXXXX---------- ---------------- ---------------- ----------------
2000 : -------X-------- ---------------- ---------------- ----------------

All other memory blocks unused.

Program Memory Words Used:     6
Program Memory Words Free:  1018


Errors   :     0
Warnings :     0 reported,     0 suppressed
Messages :     1 reported,     0 suppressed

