MPASM 03.50 Released                           INT_T0I_02.ASM   10-15-2003  15:52:03         PAGE  1


LOC  OBJECT CODE     LINE SOURCE TEXT
  VALUE

                      00001 ;************************************ Int_T0I_02.asm ************************************
                      00002 ;
                      00003 ;       ===================================================================
                      00004 ;         Del libro "MICROCONTROLADOR PIC16F84A. DESARROLLO DE PROYECTOS"
                      00005 ;         E. Palacios, F. Remiro y L. López.
                      00006 ;         Editorial Ra-Ma.  www.ra-ma.es
                      00007 ;       ===================================================================
                      00008 ;
                      00009 ; Por la línea 3 del puerto B se genera una onda cuadrada de 10 kHz. Cada semiperiodo dura
                      00010 ; 50 µs exactos. Los tiempos de temporización se lograrán mediante la interrupción del
                      00011 ; Timer 0. A la línea de salida se puede conectar un altavoz que producirá un pitido.
                      00012 ;
                      00013 ; El cálculo de la carga del TMR0 se realiza teniendo en cuenta los tiempos que tardan en
                      00014 ; ejecutarse las instrucciones y saltos para conseguir tiempos exactos. Para calcular el valor
                      00015 ; de carga del TMR0 se ayuda del simulador del MPLAB y de la ventana de reloj "Stopwatch".
                      00016 ;
                      00017 ; ZONA DE DATOS **********************************************************************
                      00018 
2007   3FF1           00019         __CONFIG   _CP_OFF &  _WDT_OFF & _PWRTE_ON & _XT_OSC
                      00020         LIST       P=16F84A
                      00021         INCLUDE  <P16F84A.INC>
                      00001         LIST
                      00002 ; P16F84A.INC  Standard Header File, Version 2.00    Microchip Technology, Inc.
                      00134         LIST
                      00022 
                      00023         CBLOCK  0x0C
                      00024         ENDC
                      00025 
  FFFFFFD5            00026 TMR0_Carga50us  EQU     -d'43'          ; Obtenido experimentalmente con ayuda del
                      00027 #DEFINE  Salida PORTB,3                 ; simulador del MPLAB.
                      00028 
                      00029 ; ZONA DE CÓDIGOS ********************************************************************
                      00030 
0000                  00031         ORG     0
0000   2805           00032         goto    Inicio
0004                  00033         ORG     4                       ; Vector de interrupción
0004   280F           00034         goto    Timer0_Interrupcion
0005                  00035 Inicio
0005   1683           00036         bsf     STATUS,RP0              ; Acceso al Banco 1.
0006   1186           00037         bcf     Salida                  ; Esta línea se configura como salida.
0007   3008           00038         movlw   b'00001000'
Message[302]: Register in operand not in bank 0.  Ensure that bank bits are correct.
0008   0081           00039         movwf   OPTION_REG              ; Sin prescaler para TMR0 (se asigna al Watchdog).
0009   1283           00040         bcf     STATUS,RP0              ; Acceso al Banco 0.
000A   30D5           00041         movlw   TMR0_Carga50us          ; Carga el TMR0.
000B   0081           00042         movwf   TMR0
000C   30A0           00043         movlw   b'10100000'
000D   008B           00044         movwf   INTCON                  ; Autoriza interrupción TOI y la general (GIE).
000E                  00045 Principal                                       ; No puede pasar a modo de bajo consumo
000E   280E           00046         goto    $                       ; porque detendría el Timer 0.
                      00047 
                      00048 ; Subrutina "Timer0_Interrupcion" -------------------------------------------------------
                      00049 ;
MPASM 03.50 Released                           INT_T0I_02.ASM   10-15-2003  15:52:03         PAGE  2


LOC  OBJECT CODE     LINE SOURCE TEXT
  VALUE

                      00050 ; Como el PIC trabaja a una frecuencia de 4 MHz, el TMR0 evoluciona cada microsegundo. Para
                      00051 ; conseguir un retardo de 50 microsegundos con un prescaler de 1, el TMR0 tiene que contar 
                      00052 ; 43 impulsos. Efectivamente: 1µs x 1 x 43 + tiempo de los saltos y otros = 50 µs. 
                      00053 ;
                      00054 ; Las instrucciones "nop" se ponen para ajustar el tiempo a 50 µs exacto y lograr una onda
                      00055 ; cuadrada perfecta. El simulador del MPLAB comprueba unos tiempos para la onda cuadrada de
                      00056 ; 10 kHz exactos de 50 µs para el nivel alto y otro 50 µs para el bajo.
                      00057 
000F                  00058 Timer0_Interrupcion
000F   0000           00059         nop
0010   30D5           00060         movlw   TMR0_Carga50us
0011   0081           00061         movwf   TMR0                    ; Recarga el TMR0.
0012   1986           00062         btfsc   Salida                  ; Testea el anterior estado de la salida.
0013   2817           00063         goto    EstabaAlto
0014                  00064 EstabaBajo
0014   0000           00065         nop
0015   1586           00066         bsf     Salida                  ; Estaba bajo y lo pasa a alto.
0016   2818           00067         goto    FinInterrupcion
0017                  00068 EstabaAlto
0017   1186           00069         bcf     Salida                  ; Estaba alto y lo pasa a bajo.
0018                  00070 FinInterrupcion
0018   110B           00071         bcf     INTCON,T0IF             ; Repone flag del TMR0.
0019   0009           00072         retfie                          ; Retorno de interrupción
                      00073 
                      00074         END
MPASM 03.50 Released                           INT_T0I_02.ASM   10-15-2003  15:52:03         PAGE  3


SYMBOL TABLE
  LABEL                             VALUE 

C                                 00000000
DC                                00000001
EEADR                             00000009
EECON1                            00000088
EECON2                            00000089
EEDATA                            00000008
EEIE                              00000006
EEIF                              00000004
EstabaAlto                        00000017
EstabaBajo                        00000014
F                                 00000001
FSR                               00000004
FinInterrupcion                   00000018
GIE                               00000007
INDF                              00000000
INTCON                            0000000B
INTE                              00000004
INTEDG                            00000006
INTF                              00000001
IRP                               00000007
Inicio                            00000005
NOT_PD                            00000003
NOT_RBPU                          00000007
NOT_TO                            00000004
OPTION_REG                        00000081
PCL                               00000002
PCLATH                            0000000A
PORTA                             00000005
PORTB                             00000006
PS0                               00000000
PS1                               00000001
PS2                               00000002
PSA                               00000003
Principal                         0000000E
RBIE                              00000003
RBIF                              00000000
RD                                00000000
RP0                               00000005
RP1                               00000006
STATUS                            00000003
Salida                            PORTB,3
T0CS                              00000005
T0IE                              00000005
T0IF                              00000002
T0SE                              00000004
TMR0                              00000001
TMR0_Carga50us                    FFFFFFD5
TRISA                             00000085
TRISB                             00000086
Timer0_Interrupcion               0000000F
W                                 00000000
WR                                00000001
WREN                              00000002
MPASM 03.50 Released                           INT_T0I_02.ASM   10-15-2003  15:52:03         PAGE  4


SYMBOL TABLE
  LABEL                             VALUE 

WRERR                             00000003
Z                                 00000002
_CP_OFF                           00003FFF
_CP_ON                            0000000F
_HS_OSC                           00003FFE
_LP_OSC                           00003FFC
_PWRTE_OFF                        00003FFF
_PWRTE_ON                         00003FF7
_RC_OSC                           00003FFF
_WDT_OFF                          00003FFB
_WDT_ON                           00003FFF
_XT_OSC                           00003FFD
__16F84A                          00000001


MEMORY USAGE MAP ('X' = Used,  '-' = Unused)

0000 : X---XXXXXXXXXXXX XXXXXXXXXX------ ---------------- ----------------
2000 : -------X-------- ---------------- ---------------- ----------------

All other memory blocks unused.

Program Memory Words Used:    23
Program Memory Words Free:  1001


Errors   :     0
Warnings :     0 reported,     0 suppressed
Messages :     1 reported,     0 suppressed

