MPASM 03.50 Released                           INT_INT_05.ASM   10-10-2003  12:50:02         PAGE  1


LOC  OBJECT CODE     LINE SOURCE TEXT
  VALUE

                      00001 ;*********************************** Int_INT_05.asm *************************************
                      00002 ;
                      00003 ;       ===================================================================
                      00004 ;         Del libro "MICROCONTROLADOR PIC16F84A. DESARROLLO DE PROYECTOS"
                      00005 ;         E. Palacios, F. Remiro y L. López.
                      00006 ;         Editorial Ra-Ma.  www.ra-ma.es
                      00007 ;       ===================================================================
                      00008 ;
                      00009 ; Mientras se mantenga presionado el pulsador conectado al pin RB0/INT, el LED conectado a
                      00010 ; la línea RB1 parpadeará con una cadencia de 500 ms encendido y 200 ms apagado.
                      00011 
                      00012 ; ZONA DE DATOS **********************************************************************
                      00013 
2007   3FF1           00014         __CONFIG   _CP_OFF &  _WDT_OFF & _PWRTE_ON & _XT_OSC
                      00015         LIST       P=16F84A
                      00016         INCLUDE  <P16F84A.INC>
                      00001         LIST
                      00002 ; P16F84A.INC  Standard Header File, Version 2.00    Microchip Technology, Inc.
                      00134         LIST
                      00017 
                      00018         CBLOCK  0x0C
                      00019         ENDC
                      00020 
                      00021 #DEFINE  Pulsador       PORTB,0         ; Línea donde se conecta el pulsador.
                      00022 #DEFINE  LED    PORTB,1                 ; Línea donde se conecta el LED.
                      00023 
                      00024 ; ZONA DE CÓDIGOS ********************************************************************
                      00025 
0000                  00026         ORG     0
0000   2805           00027         goto    Inicio
0004                  00028         ORG     4                       ; Vector de interrupción
0004   280F           00029         goto    ServicioInterrupcion
0005                  00030 Inicio
0005   1683           00031         bsf     STATUS,RP0
0006   1406           00032         bsf     Pulsador                ; La línea RB0/INT se configura como entrada.
0007   1086           00033         bcf     LED                     ; Se configura como salida.
Message[302]: Register in operand not in bank 0.  Ensure that bank bits are correct.
0008   1381           00034         bcf     OPTION_REG,NOT_RBPU     ; Activa las resistencias de Pull-Up del Puerto B.
Message[302]: Register in operand not in bank 0.  Ensure that bank bits are correct.
0009   1301           00035         bcf     OPTION_REG,INTEDG       ; Interrupción INT se activa por flanco de bajada.
000A   1283           00036         bcf     STATUS,RP0
000B   3090           00037         movlw   b'10010000'             ; Habilita la interrupción INT y la general.
000C   008B           00038         movwf   INTCON
000D                  00039 Principal
000D   0063           00040         sleep                           ; Pasa a modo bajo consumo y espera interrupciones
000E   280D           00041         goto    Principal
                      00042 
                      00043 ; Subrutina "ServicioInterrupcion" ------------------------------------------------------
                      00044 ;
000F                  00045 ServicioInterrupcion
000F   203B           00046         call    Retardo_20ms
0010   1806           00047         btfsc   Pulsador
0011   281C           00048         goto    FinInterrupcion         ; Era un rebote y por tanto sale.
MPASM 03.50 Released                           INT_INT_05.ASM   10-10-2003  12:50:02         PAGE  2


LOC  OBJECT CODE     LINE SOURCE TEXT
  VALUE

0012                  00049 ConmutaLED
0012   1886           00050         btfsc   LED                     ; Testea el último estado del LED.
0013   2817           00051         goto    EstabaEncendido 
0014                  00052 EstabaApagado
0014   1486           00053         bsf     LED                     ; Estaba apagado y lo enciende
0015   2057           00054         call    Retardo_500ms           ; durante este tiempo.
0016   2819           00055         goto    EsperaDejePulsar
0017                  00056 EstabaEncendido
0017   1086           00057         bcf     LED                     ; Estaba encendido y lo apaga
0018   2035           00058         call    Retardo_200ms           ; durante este tiempo.
0019                  00059 EsperaDejePulsar
0019   1C06           00060         btfss   Pulsador                ; Mientras mantenga pulsado, conmuta el estado del
001A   2812           00061         goto    ConmutaLED              ; LED.
001B   1086           00062         bcf     LED                     ; Sale apagando el LED.
001C                  00063 FinInterrupcion
001C   108B           00064         bcf     INTCON,INTF             ; Limpia flag de reconocimiento de la interrupción.
001D   0009           00065         retfie                          ; Retorna y rehabilita las interrupciones.
                      00066 
                      00067         INCLUDE   <RETARDOS.INC>
                      00001 ;**************************** Librería "RETARDOS.INC" *********************************
                      00002 ;
                      00003 ;       ===================================================================
                      00004 ;         Del libro "MICROCONTROLADOR PIC16F84A. DESARROLLO DE PROYECTOS"
                      00005 ;         E. Palacios, F. Remiro y L. López.
                      00006 ;         Editorial Ra-Ma.  www.ra-ma.es
                      00007 ;       ===================================================================
                      00008 ;
                      00009 ; Librería con múltiples subrutinas de retardos, desde 4 microsegundos hasta 20 segundos. 
                      00010 ; Además se pueden implementar otras subrutinas muy fácilmente.
                      00011 ;
                      00012 ; Se han calculado para un sistema microcontrolador con un PIC trabajando con un cristal
                      00013 ; de cuarzo a 4 MHz. Como cada ciclo máquina son 4 ciclos de reloj, resulta que cada
                      00014 ; ciclo máquina tarda 4 x 1/4MHz = 1 µs.
                      00015 ;
                      00016 ; En los comentarios, "cm" significa "ciclos máquina".
                      00017 ;
                      00018 ; ZONA DE DATOS *********************************************************************
                      00019 
                      00020         CBLOCK
  0000000C            00021         R_ContA                         ; Contadores para los retardos.
  0000000D            00022         R_ContB
  0000000E            00023         R_ContC
                      00024         ENDC
                      00025 ;
                      00026 ; RETARDOS de 4 hasta 10 microsegundos ---------------------------------------------------
                      00027 ;
                      00028 ; A continuación retardos pequeños teniendo en cuenta que para una frecuencia de 4 MHZ,
                      00029 ; la llamada a subrutina "call" tarda 2 ciclos máquina, el retorno de subrutina
                      00030 ; "return" toma otros 2 ciclos máquina y cada instrucción "nop" tarda 1 ciclo máquina.
                      00031 ;
001E                  00032 Retardo_10micros                                ; La llamada "call" aporta 2 ciclos máquina.
001E   0000           00033         nop                             ; Aporta 1 ciclo máquina.
001F   0000           00034         nop                             ; Aporta 1 ciclo máquina.
MPASM 03.50 Released                           INT_INT_05.ASM   10-10-2003  12:50:02         PAGE  3


LOC  OBJECT CODE     LINE SOURCE TEXT
  VALUE

0020   0000           00035         nop                             ; Aporta 1 ciclo máquina.
0021   0000           00036         nop                             ; Aporta 1 ciclo máquina.
0022   0000           00037         nop                             ; Aporta 1 ciclo máquina.
0023                  00038 Retardo_5micros                         ; La llamada "call" aporta 2 ciclos máquina.
0023   0000           00039         nop                             ; Aporta 1 ciclo máquina.
0024                  00040 Retardo_4micros                         ; La llamada "call" aporta 2 ciclos máquina.
0024   0008           00041         return                          ; El salto del retorno aporta 2 ciclos máquina.
                      00042 ;
                      00043 ; RETARDOS de 20 hasta 500 microsegundos ------------------------------------------------
                      00044 ;
0025                  00045 Retardo_500micros                               ; La llamada "call" aporta 2 ciclos máquina.
0025   0000           00046         nop                             ; Aporta 1 ciclo máquina.
0026   30A4           00047         movlw   d'164'                  ; Aporta 1 ciclo máquina. Este es el valor de "K".
0027   2831           00048         goto    RetardoMicros           ; Aporta 2 ciclos máquina.
0028                  00049 Retardo_200micros                               ; La llamada "call" aporta 2 ciclos máquina.
0028   0000           00050         nop                             ; Aporta 1 ciclo máquina.
0029   3040           00051         movlw   d'64'                   ; Aporta 1 ciclo máquina. Este es el valor de "K".
002A   2831           00052         goto    RetardoMicros           ; Aporta 2 ciclos máquina.
002B                  00053 Retardo_100micros                               ; La llamada "call" aporta 2 ciclos máquina.
002B   301F           00054         movlw   d'31'                   ; Aporta 1 ciclo máquina. Este es el valor de "K".
002C   2831           00055         goto    RetardoMicros           ; Aporta 2 ciclos máquina.
002D                  00056 Retardo_50micros                                ; La llamada "call" aporta 2 ciclos máquina.
002D   0000           00057         nop                             ; Aporta 1 ciclo máquina.
002E   300E           00058         movlw   d'14'                   ; Aporta 1 ciclo máquina. Este es el valor de "K".
002F   2831           00059         goto    RetardoMicros           ; Aporta 2 ciclos máquina.
0030                  00060 Retardo_20micros                                ; La llamada "call" aporta 2 ciclos máquina.
0030   3005           00061         movlw   d'5'                    ; Aporta 1 ciclo máquina. Este es el valor de "K".
                      00062 ;
                      00063 ; El próximo bloque "RetardoMicros" tarda:
                      00064 ; 1 + (K-1) + 2 + (K-1)x2 + 2 = (2 + 3K) ciclos máquina.
                      00065 ;
0031                  00066 RetardoMicros
0031   008C           00067         movwf   R_ContA                 ; Aporta 1 ciclo máquina.
0032                  00068 Rmicros_Bucle
0032   0B8C           00069         decfsz  R_ContA,F               ; (K-1)x1 cm (cuando no salta) + 2 cm (al saltar).
0033   2832           00070         goto    Rmicros_Bucle           ; Aporta (K-1)x2 ciclos máquina.
0034   0008           00071         return                          ; El salto del retorno aporta 2 ciclos máquina.
                      00072 ;
                      00073 ;En total estas subrutinas tardan:
                      00074 ; - Retardo_500micros:  2 + 1 + 1 + 2 + (2 + 3K) = 500 cm = 500 µs. (para K=164 y 4 MHz).
                      00075 ; - Retardo_200micros:  2 + 1 + 1 + 2 + (2 + 3K) = 200 cm = 200 µs. (para K= 64 y 4 MHz).
                      00076 ; - Retardo_100micros:  2     + 1 + 2 + (2 + 3K) = 100 cm = 100 µs. (para K= 31 y 4 MHz).
                      00077 ; - Retardo_50micros :  2 + 1 + 1 + 2 + (2 + 3K) =  50 cm =  50 µs. (para K= 14 y 4 MHz).
                      00078 ; - Retardo_20micros :  2     + 1     + (2 + 3K) =  20 cm =  20 µs. (para K=  5 y 4 MHz).
                      00079 ;
                      00080 ; RETARDOS de 1 ms hasta 200 ms. --------------------------------------------------------
                      00081 ;
0035                  00082 Retardo_200ms                           ; La llamada "call" aporta 2 ciclos máquina.
0035   30C8           00083         movlw   d'200'                  ; Aporta 1 ciclo máquina. Este es el valor de "M".
0036   2844           00084         goto    Retardos_ms             ; Aporta 2 ciclos máquina.
0037                  00085 Retardo_100ms                           ; La llamada "call" aporta 2 ciclos máquina.
0037   3064           00086         movlw   d'100'                  ; Aporta 1 ciclo máquina. Este es el valor de "M".
0038   2844           00087         goto    Retardos_ms             ; Aporta 2 ciclos máquina.
MPASM 03.50 Released                           INT_INT_05.ASM   10-10-2003  12:50:02         PAGE  4


LOC  OBJECT CODE     LINE SOURCE TEXT
  VALUE

0039                  00088 Retardo_50ms                            ; La llamada "call" aporta 2 ciclos máquina.
0039   3032           00089         movlw   d'50'                   ; Aporta 1 ciclo máquina. Este es el valor de "M".
003A   2844           00090         goto    Retardos_ms             ; Aporta 2 ciclos máquina.
003B                  00091 Retardo_20ms                            ; La llamada "call" aporta 2 ciclos máquina.
003B   3014           00092         movlw   d'20'                   ; Aporta 1 ciclo máquina. Este es el valor de "M".
003C   2844           00093         goto    Retardos_ms             ; Aporta 2 ciclos máquina.
003D                  00094 Retardo_10ms                            ; La llamada "call" aporta 2 ciclos máquina.
003D   300A           00095         movlw   d'10'                   ; Aporta 1 ciclo máquina. Este es el valor de "M".
003E   2844           00096         goto    Retardos_ms             ; Aporta 2 ciclos máquina.
003F                  00097 Retardo_5ms                             ; La llamada "call" aporta 2 ciclos máquina.
003F   3005           00098         movlw   d'5'                    ; Aporta 1 ciclo máquina. Este es el valor de "M".
0040   2844           00099         goto    Retardos_ms             ; Aporta 2 ciclos máquina.
0041                  00100 Retardo_2ms                             ; La llamada "call" aporta 2 ciclos máquina.
0041   3002           00101         movlw   d'2'                    ; Aporta 1 ciclo máquina. Este es el valor de "M".
0042   2844           00102         goto    Retardos_ms             ; Aporta 2 ciclos máquina.
0043                  00103 Retardo_1ms                             ; La llamada "call" aporta 2 ciclos máquina.
0043   3001           00104         movlw   d'1'                    ; Aporta 1 ciclo máquina. Este es el valor de "M".
                      00105 ;
                      00106 ; El próximo bloque "Retardos_ms" tarda:
                      00107 ; 1 + M + M + KxM + (K-1)xM + Mx2 + (K-1)Mx2 + (M-1) + 2 + (M-1)x2 + 2 =
                      00108 ; = (2 + 4M + 4KM) ciclos máquina. Para K=249 y M=1 supone 1002 ciclos máquina
                      00109 ; que a 4 MHz son 1002 µs = 1 ms.
                      00110 ;
0044                  00111 Retardos_ms
0044   008D           00112         movwf   R_ContB                 ; Aporta 1 ciclo máquina.
0045                  00113 R1ms_BucleExterno
0045   30F9           00114         movlw   d'249'                  ; Aporta Mx1 ciclos máquina. Este es el valor de "K".
0046   008C           00115         movwf   R_ContA                 ; Aporta Mx1 ciclos máquina.
0047                  00116 R1ms_BucleInterno
0047   0000           00117         nop                             ; Aporta KxMx1 ciclos máquina.
0048   0B8C           00118         decfsz  R_ContA,F               ; (K-1)xMx1 cm (cuando no salta) + Mx2 cm (al saltar).
0049   2847           00119         goto    R1ms_BucleInterno               ; Aporta (K-1)xMx2 ciclos máquina.
004A   0B8D           00120         decfsz  R_ContB,F               ; (M-1)x1 cm (cuando no salta) + 2 cm (al saltar).
004B   2845           00121         goto    R1ms_BucleExterno       ; Aporta (M-1)x2 ciclos máquina.
004C   0008           00122         return                          ; El salto del retorno aporta 2 ciclos máquina.
                      00123 ;
                      00124 ;En total estas subrutinas tardan:
                      00125 ; - Retardo_200ms:      2 + 1 + 2 + (2 + 4M + 4KM) = 200007 cm = 200 ms. (M=200 y K=249).
                      00126 ; - Retardo_100ms:      2 + 1 + 2 + (2 + 4M + 4KM) = 100007 cm = 100 ms. (M=100 y K=249).
                      00127 ; - Retardo_50ms :      2 + 1 + 2 + (2 + 4M + 4KM) =  50007 cm =  50 ms. (M= 50 y K=249).
                      00128 ; - Retardo_20ms :      2 + 1 + 2 + (2 + 4M + 4KM) =  20007 cm =  20 ms. (M= 20 y K=249).
                      00129 ; - Retardo_10ms :      2 + 1 + 2 + (2 + 4M + 4KM) =  10007 cm =  10 ms. (M= 10 y K=249).
                      00130 ; - Retardo_5ms  :      2 + 1 + 2 + (2 + 4M + 4KM) =   5007 cm =   5 ms. (M=  5 y K=249).
                      00131 ; - Retardo_2ms  :      2 + 1 + 2 + (2 + 4M + 4KM) =   2007 cm =   2 ms. (M=  2 y K=249).
                      00132 ; - Retardo_1ms  :      2 + 1     + (2 + 4M + 4KM) =   1005 cm =   1 ms. (M=  1 y K=249).
                      00133 ;
                      00134 ; RETARDOS de 0.5 hasta 20 segundos ---------------------------------------------------
                      00135 ;
004D                  00136 Retardo_20s                             ; La llamada "call" aporta 2 ciclos máquina.
004D   30C8           00137         movlw   d'200'                  ; Aporta 1 ciclo máquina. Este es el valor de "N".
004E   2858           00138         goto    Retardo_1Decima         ; Aporta 2 ciclos máquina.
004F                  00139 Retardo_10s                             ; La llamada "call" aporta 2 ciclos máquina.
004F   3064           00140         movlw   d'100'                  ; Aporta 1 ciclo máquina. Este es el valor de "N".
MPASM 03.50 Released                           INT_INT_05.ASM   10-10-2003  12:50:02         PAGE  5


LOC  OBJECT CODE     LINE SOURCE TEXT
  VALUE

0050   2858           00141         goto    Retardo_1Decima         ; Aporta 2 ciclos máquina.
0051                  00142 Retardo_5s                              ; La llamada "call" aporta 2 ciclos máquina.
0051   3032           00143         movlw   d'50'                   ; Aporta 1 ciclo máquina. Este es el valor de "N".
0052   2858           00144         goto    Retardo_1Decima         ; Aporta 2 ciclos máquina.
0053                  00145 Retardo_2s                              ; La llamada "call" aporta 2 ciclos máquina.
0053   3014           00146         movlw   d'20'                   ; Aporta 1 ciclo máquina. Este es el valor de "N".
0054   2858           00147         goto    Retardo_1Decima         ; Aporta 2 ciclos máquina.
0055                  00148 Retardo_1s                              ; La llamada "call" aporta 2 ciclos máquina.
0055   300A           00149         movlw   d'10'                   ; Aporta 1 ciclo máquina. Este es el valor de "N".
0056   2858           00150         goto    Retardo_1Decima         ; Aporta 2 ciclos máquina.
0057                  00151 Retardo_500ms                           ; La llamada "call" aporta 2 ciclos máquina.
0057   3005           00152         movlw   d'5'                    ; Aporta 1 ciclo máquina. Este es el valor de "N".
                      00153 ;
                      00154 ; El próximo bloque "Retardo_1Decima" tarda:
                      00155 ; 1 + N + N + MxN + MxN + KxMxN + (K-1)xMxN + MxNx2 + (K-1)xMxNx2 +
                      00156 ;   + (M-1)xN + Nx2 + (M-1)xNx2 + (N-1) + 2 + (N-1)x2 + 2 =
                      00157 ; = (2 + 4M + 4MN + 4KM) ciclos máquina. Para K=249, M=100 y N=1 supone 100011
                      00158 ; ciclos máquina que a 4 MHz son 100011 µs = 100 ms = 0,1 s = 1 décima de segundo.
                      00159 ;
0058                  00160 Retardo_1Decima
0058   008E           00161         movwf   R_ContC                 ; Aporta 1 ciclo máquina.
0059                  00162 R1Decima_BucleExterno2
0059   3064           00163         movlw   d'100'                  ; Aporta Nx1 ciclos máquina. Este es el valor de "M".
005A   008D           00164         movwf   R_ContB                 ; Aporta Nx1 ciclos máquina.
005B                  00165 R1Decima_BucleExterno
005B   30F9           00166         movlw   d'249'                  ; Aporta MxNx1 ciclos máquina. Este es el valor de "K".
005C   008C           00167         movwf   R_ContA                 ; Aporta MxNx1 ciclos máquina.
005D                  00168 R1Decima_BucleInterno          
005D   0000           00169         nop                             ; Aporta KxMxNx1 ciclos máquina.
005E   0B8C           00170         decfsz  R_ContA,F               ; (K-1)xMxNx1 cm (si no salta) + MxNx2 cm (al saltar).
005F   285D           00171         goto    R1Decima_BucleInterno   ; Aporta (K-1)xMxNx2 ciclos máquina.
0060   0B8D           00172         decfsz  R_ContB,F               ; (M-1)xNx1 cm (cuando no salta) + Nx2 cm (al saltar).
0061   285B           00173         goto    R1Decima_BucleExterno   ; Aporta (M-1)xNx2 ciclos máquina.
0062   0B8E           00174         decfsz  R_ContC,F               ; (N-1)x1 cm (cuando no salta) + 2 cm (al saltar).
0063   2859           00175         goto    R1Decima_BucleExterno2  ; Aporta (N-1)x2 ciclos máquina.
0064   0008           00176         return                          ; El salto del retorno aporta 2 ciclos máquina.
                      00177 ;
                      00178 ;En total estas subrutinas tardan:
                      00179 ; - Retardo_20s:        2 + 1 + 2 + (2 + 4N + 4MN + 4KMN) = 20000807 cm = 20 s.
                      00180 ;                       (N=200, M=100 y K=249).
                      00181 ; - Retardo_10s:        2 + 1 + 2 + (2 + 4N + 4MN + 4KMN) = 10000407 cm = 10 s.
                      00182 ;                       (N=100, M=100 y K=249).
                      00183 ; - Retardo_5s:         2 + 1 + 2 + (2 + 4N + 4MN + 4KMN) =  5000207 cm =  5 s.
                      00184 ;                       (N= 50, M=100 y K=249).
                      00185 ; - Retardo_2s:         2 + 1 + 2 + (2 + 4N + 4MN + 4KMN) =  2000087 cm =  2 s.
                      00186 ;                       (N= 20, M=100 y K=249).
                      00187 ; - Retardo_1s:         2 + 1 + 2 + (2 + 4N + 4MN + 4KMN) =  1000047 cm =  1 s.
                      00188 ;                       (N= 10, M=100 y K=249).
                      00189 ; - Retardo_500ms:      2 + 1     + (2 + 4N + 4MN + 4KMN) =   500025 cm = 0,5 s.
                      00190 ;                       (N=  5, M=100 y K=249).
                      00068         END
MPASM 03.50 Released                           INT_INT_05.ASM   10-10-2003  12:50:02         PAGE  6


SYMBOL TABLE
  LABEL                             VALUE 

C                                 00000000
ConmutaLED                        00000012
DC                                00000001
EEADR                             00000009
EECON1                            00000088
EECON2                            00000089
EEDATA                            00000008
EEIE                              00000006
EEIF                              00000004
EsperaDejePulsar                  00000019
EstabaApagado                     00000014
EstabaEncendido                   00000017
F                                 00000001
FSR                               00000004
FinInterrupcion                   0000001C
GIE                               00000007
INDF                              00000000
INTCON                            0000000B
INTE                              00000004
INTEDG                            00000006
INTF                              00000001
IRP                               00000007
Inicio                            00000005
LED                               PORTB,1
NOT_PD                            00000003
NOT_RBPU                          00000007
NOT_TO                            00000004
OPTION_REG                        00000081
PCL                               00000002
PCLATH                            0000000A
PORTA                             00000005
PORTB                             00000006
PS0                               00000000
PS1                               00000001
PS2                               00000002
PSA                               00000003
Principal                         0000000D
Pulsador                          PORTB,0
R1Decima_BucleExterno             0000005B
R1Decima_BucleExterno2            00000059
R1Decima_BucleInterno             0000005D
R1ms_BucleExterno                 00000045
R1ms_BucleInterno                 00000047
RBIE                              00000003
RBIF                              00000000
RD                                00000000
RP0                               00000005
RP1                               00000006
R_ContA                           0000000C
R_ContB                           0000000D
R_ContC                           0000000E
RetardoMicros                     00000031
Retardo_100micros                 0000002B
MPASM 03.50 Released                           INT_INT_05.ASM   10-10-2003  12:50:02         PAGE  7


SYMBOL TABLE
  LABEL                             VALUE 

Retardo_100ms                     00000037
Retardo_10micros                  0000001E
Retardo_10ms                      0000003D
Retardo_10s                       0000004F
Retardo_1Decima                   00000058
Retardo_1ms                       00000043
Retardo_1s                        00000055
Retardo_200micros                 00000028
Retardo_200ms                     00000035
Retardo_20micros                  00000030
Retardo_20ms                      0000003B
Retardo_20s                       0000004D
Retardo_2ms                       00000041
Retardo_2s                        00000053
Retardo_4micros                   00000024
Retardo_500micros                 00000025
Retardo_500ms                     00000057
Retardo_50micros                  0000002D
Retardo_50ms                      00000039
Retardo_5micros                   00000023
Retardo_5ms                       0000003F
Retardo_5s                        00000051
Retardos_ms                       00000044
Rmicros_Bucle                     00000032
STATUS                            00000003
ServicioInterrupcion              0000000F
T0CS                              00000005
T0IE                              00000005
T0IF                              00000002
T0SE                              00000004
TMR0                              00000001
TRISA                             00000085
TRISB                             00000086
W                                 00000000
WR                                00000001
WREN                              00000002
WRERR                             00000003
Z                                 00000002
_CP_OFF                           00003FFF
_CP_ON                            0000000F
_HS_OSC                           00003FFE
_LP_OSC                           00003FFC
_PWRTE_OFF                        00003FFF
_PWRTE_ON                         00003FF7
_RC_OSC                           00003FFF
_WDT_OFF                          00003FFB
_WDT_ON                           00003FFF
_XT_OSC                           00003FFD
__16F84A                          00000001
MPASM 03.50 Released                           INT_INT_05.ASM   10-10-2003  12:50:02         PAGE  8


MEMORY USAGE MAP ('X' = Used,  '-' = Unused)


0000 : X---XXXXXXXXXXXX XXXXXXXXXXXXXXXX XXXXXXXXXXXXXXXX XXXXXXXXXXXXXXXX
0040 : XXXXXXXXXXXXXXXX XXXXXXXXXXXXXXXX XXXXX----------- ----------------
2000 : -------X-------- ---------------- ---------------- ----------------

All other memory blocks unused.

Program Memory Words Used:    98
Program Memory Words Free:   926


Errors   :     0
Warnings :     0 reported,     0 suppressed
Messages :     2 reported,     0 suppressed

