MPASM 03.50 Released                         INT_RELOJ_05.ASM   10-9-2003  11:58:53         PAGE  1


LOC  OBJECT CODE     LINE SOURCE TEXT
  VALUE

                      00001 ;*********************************** Int_Reloj_05.asm ************************************
                      00002 ;
                      00003 ;       ===================================================================
                      00004 ;         Del libro "MICROCONTROLADOR PIC16F84A. DESARROLLO DE PROYECTOS"
                      00005 ;         E. Palacios, F. Remiro y L. López.
                      00006 ;         Editorial Ra-Ma.  www.ra-ma.es
                      00007 ;       ===================================================================
                      00008 ;
                      00009 ; Visualiza el tiempo que mantiene presionado un pulsador.
                      00010 ;
                      00011 ; ZONA DE DATOS **********************************************************************
                      00012 
2007   3FF1           00013         __CONFIG   _CP_OFF &  _WDT_OFF & _PWRTE_ON & _XT_OSC
                      00014         LIST       P=16F84A
                      00015         INCLUDE  <P16F84A.INC>
                      00001         LIST
                      00002 ; P16F84A.INC  Standard Header File, Version 2.00    Microchip Technology, Inc.
                      00134         LIST
                      00016 
                      00017         CBLOCK  0x0C
  0000000C            00018         Segundo                         ; Guarda los segundos.
  0000000D            00019         Centesima                       ; Incrementa cada 10 ms.
                      00020         ENDC
                      00021 ;
                      00022 #DEFINE  IncrementarPulsador    PORTB,6
                      00023 
  FFFFFF64            00024 TMR0_Carga10ms          EQU     -d'156' ; Para conseguir la interrupción del
                      00025                                         ; Timer 0 cada 10 ms.
                      00026 ; ZONA DE CÓDIGOS ********************************************************************
                      00027 
0000                  00028         ORG     0
0000   2805           00029         goto    Inicio
0004                  00030         ORG     4
0004   281E           00031         goto    ServicioInterrupcion
                      00032 
0005   2088           00033 Inicio  call    LCD_Inicializa
0006   1683           00034         bsf     STATUS,RP0
0007   3005           00035         movlw   b'00000101'             ; Prescaler de 64 para el TMR0.
Message[302]: Register in operand not in bank 0.  Ensure that bank bits are correct.
0008   0081           00036         movwf   OPTION_REG
0009   1706           00037         bsf     IncrementarPulsador
000A   1283           00038         bcf     STATUS,RP0
000B   018C           00039         clrf    Segundo                 ; Inicializa los registros y visualiza.
000C   018D           00040         clrf    Centesima
000D   2030           00041         call    Visualiza
000E                  00042 Principal
000E   1B06           00043         btfsc   IncrementarPulsador
000F   281D           00044         goto    Fin                     ; Si no está pulsado visualiza el último tiempo.
0010   20C7           00045         call    LCD_Borra               ; Borra la pantalla.
0011   018C           00046         clrf    Segundo                 ; Inicializa los registros.
0012   018D           00047         clrf    Centesima
0013   3064           00048         movlw   TMR0_Carga10ms          ; Carga el TMR0.
0014   0081           00049         movwf   TMR0
MPASM 03.50 Released                         INT_RELOJ_05.ASM   10-9-2003  11:58:53         PAGE  2


LOC  OBJECT CODE     LINE SOURCE TEXT
  VALUE

0015   30A0           00050         movlw   b'10100000'             ; Autoriza interrupción del TMR0 (T0IE)
0016   008B           00051         movwf   INTCON
0017                  00052 EsperaDejePulsar
0017   1B06           00053         btfsc   IncrementarPulsador
0018   281C           00054         goto    InhabilitaInterrupciones
0019   2030           00055         call    Visualiza               ; Visualiza el tiempo que lleva pulsado.
001A   2817           00056         goto    EsperaDejePulsar
001B   281D           00057         goto    Fin
001C                  00058 InhabilitaInterrupciones
001C   018B           00059         clrf    INTCON                  ; Prohibe interrupciones.
001D   280E           00060 Fin     goto    Principal
                      00061         
                      00062 ; Subrutina "ServicioInterrupcion" ------------------------------------------------------
                      00063 ;
                      00064 ; Se ejecuta debido a la petición de interrupción del Timer 0 cada 10 ms.
                      00065 ;
                      00066         CBLOCK  
  0000000E            00067         Guarda_W
  0000000F            00068         Guarda_STATUS
                      00069         ENDC
                      00070 
001E                  00071 ServicioInterrupcion
001E   008E           00072         movwf   Guarda_W                ; Guarda los valores de tenían W y STATUS en el
001F   0E03           00073         swapf   STATUS,W                ; programa principal.
0020   008F           00074         movwf   Guarda_STATUS
0021   1283           00075         bcf     STATUS,RP0              ; Garantiza que trabaja en el Banco 0.
0022   2046           00076         call    Retardo_5micros         ; Para ajustar a 10 milisegundos exactos.
0023   0000           00077         nop
0024   3064           00078         movlw   TMR0_Carga10ms          ; Carga el Timer 0.
0025   0081           00079         movwf   TMR0
0026   203B           00080         call    IncrementaCentesimas
0027   1C03           00081         btfss   STATUS,C                ; ¿Ha contado 100 veces 10 ms = 1 segundo?.
0028   282A           00082         goto    FinInterrupcion         ; No. Pues sale.
0029   0A8C           00083         incf    Segundo,F                       ; Sí. Incrementa el segundero.
002A                  00084 FinInterrupcion
002A   0E0F           00085         swapf   Guarda_STATUS,W ; Restaura registros W y STATUS.
002B   0083           00086         movwf   STATUS
002C   0E8E           00087         swapf   Guarda_W,F
002D   0E0E           00088         swapf   Guarda_W,W
002E   110B           00089         bcf     INTCON,T0IF
002F   0009           00090         retfie
                      00091 
                      00092 ; Subrutina "Visualiza" -----------------------------------------------------------------
                      00093 ;
0030                  00094 Visualiza
0030   3005           00095         movlw   .5                      ; Para centrar visualización
0031   20BD           00096         call    LCD_PosicionLinea1
0032   080C           00097         movf    Segundo,W               ; Visualiza segundos.
0033   210C           00098         call    BIN_a_BCD               ; Lo pasa a BCD.
0034   20F6           00099         call    LCD_Byte
0035   302C           00100         movlw   ','                     ; Visualiza la coma.
0036   20CC           00101         call    LCD_Caracter
0037   080D           00102         movf    Centesima,W             ; Visualiza las centésimas de segundo.
MPASM 03.50 Released                         INT_RELOJ_05.ASM   10-9-2003  11:58:53         PAGE  3


LOC  OBJECT CODE     LINE SOURCE TEXT
  VALUE

0038   210C           00103         call    BIN_a_BCD               ; Lo pasa a BCD.
0039   20FD           00104         call    LCD_ByteCompleto
003A   0008           00105         return
                      00106 ;
                      00107 ; Subrutina "IncrementaCentesimas" ----------------------------------------------------
                      00108 ;
003B                  00109 IncrementaCentesimas
003B   0A8D           00110         incf    Centesima,F
003C   3064           00111         movlw   .100
003D   020D           00112         subwf   Centesima,W             ; (W) = (Centesima) - 100
003E   1803           00113         btfsc   STATUS,C                ; ¿C=0?, ¿(W) negativo?, ¿(Centesima) < 100?
003F   018D           00114         clrf    Centesima               ; Lo inicializa si ha superado su valor máximo.
0040   0008           00115         return
                      00116 
                      00117         INCLUDE  <RETARDOS.INC>
                      00001 ;**************************** Librería "RETARDOS.INC" *********************************
                      00002 ;
                      00003 ;       ===================================================================
                      00004 ;         Del libro "MICROCONTROLADOR PIC16F84A. DESARROLLO DE PROYECTOS"
                      00005 ;         E. Palacios, F. Remiro y L. López.
                      00006 ;         Editorial Ra-Ma.  www.ra-ma.es
                      00007 ;       ===================================================================
                      00008 ;
                      00009 ; Librería con múltiples subrutinas de retardos, desde 4 microsegundos hasta 20 segundos. 
                      00010 ; Además se pueden implementar otras subrutinas muy fácilmente.
                      00011 ;
                      00012 ; Se han calculado para un sistema microcontrolador con un PIC trabajando con un cristal
                      00013 ; de cuarzo a 4 MHz. Como cada ciclo máquina son 4 ciclos de reloj, resulta que cada
                      00014 ; ciclo máquina tarda 4 x 1/4MHz = 1 µs.
                      00015 ;
                      00016 ; En los comentarios, "cm" significa "ciclos máquina".
                      00017 ;
                      00018 ; ZONA DE DATOS *********************************************************************
                      00019 
                      00020         CBLOCK
  00000010            00021         R_ContA                         ; Contadores para los retardos.
  00000011            00022         R_ContB
  00000012            00023         R_ContC
                      00024         ENDC
                      00025 ;
                      00026 ; RETARDOS de 4 hasta 10 microsegundos ---------------------------------------------------
                      00027 ;
                      00028 ; A continuación retardos pequeños teniendo en cuenta que para una frecuencia de 4 MHZ,
                      00029 ; la llamada a subrutina "call" tarda 2 ciclos máquina, el retorno de subrutina
                      00030 ; "return" toma otros 2 ciclos máquina y cada instrucción "nop" tarda 1 ciclo máquina.
                      00031 ;
0041                  00032 Retardo_10micros                                ; La llamada "call" aporta 2 ciclos máquina.
0041   0000           00033         nop                             ; Aporta 1 ciclo máquina.
0042   0000           00034         nop                             ; Aporta 1 ciclo máquina.
0043   0000           00035         nop                             ; Aporta 1 ciclo máquina.
0044   0000           00036         nop                             ; Aporta 1 ciclo máquina.
0045   0000           00037         nop                             ; Aporta 1 ciclo máquina.
0046                  00038 Retardo_5micros                         ; La llamada "call" aporta 2 ciclos máquina.
MPASM 03.50 Released                         INT_RELOJ_05.ASM   10-9-2003  11:58:53         PAGE  4


LOC  OBJECT CODE     LINE SOURCE TEXT
  VALUE

0046   0000           00039         nop                             ; Aporta 1 ciclo máquina.
0047                  00040 Retardo_4micros                         ; La llamada "call" aporta 2 ciclos máquina.
0047   0008           00041         return                          ; El salto del retorno aporta 2 ciclos máquina.
                      00042 ;
                      00043 ; RETARDOS de 20 hasta 500 microsegundos ------------------------------------------------
                      00044 ;
0048                  00045 Retardo_500micros                               ; La llamada "call" aporta 2 ciclos máquina.
0048   0000           00046         nop                             ; Aporta 1 ciclo máquina.
0049   30A4           00047         movlw   d'164'                  ; Aporta 1 ciclo máquina. Este es el valor de "K".
004A   2854           00048         goto    RetardoMicros           ; Aporta 2 ciclos máquina.
004B                  00049 Retardo_200micros                               ; La llamada "call" aporta 2 ciclos máquina.
004B   0000           00050         nop                             ; Aporta 1 ciclo máquina.
004C   3040           00051         movlw   d'64'                   ; Aporta 1 ciclo máquina. Este es el valor de "K".
004D   2854           00052         goto    RetardoMicros           ; Aporta 2 ciclos máquina.
004E                  00053 Retardo_100micros                               ; La llamada "call" aporta 2 ciclos máquina.
004E   301F           00054         movlw   d'31'                   ; Aporta 1 ciclo máquina. Este es el valor de "K".
004F   2854           00055         goto    RetardoMicros           ; Aporta 2 ciclos máquina.
0050                  00056 Retardo_50micros                                ; La llamada "call" aporta 2 ciclos máquina.
0050   0000           00057         nop                             ; Aporta 1 ciclo máquina.
0051   300E           00058         movlw   d'14'                   ; Aporta 1 ciclo máquina. Este es el valor de "K".
0052   2854           00059         goto    RetardoMicros           ; Aporta 2 ciclos máquina.
0053                  00060 Retardo_20micros                                ; La llamada "call" aporta 2 ciclos máquina.
0053   3005           00061         movlw   d'5'                    ; Aporta 1 ciclo máquina. Este es el valor de "K".
                      00062 ;
                      00063 ; El próximo bloque "RetardoMicros" tarda:
                      00064 ; 1 + (K-1) + 2 + (K-1)x2 + 2 = (2 + 3K) ciclos máquina.
                      00065 ;
0054                  00066 RetardoMicros
0054   0090           00067         movwf   R_ContA                 ; Aporta 1 ciclo máquina.
0055                  00068 Rmicros_Bucle
0055   0B90           00069         decfsz  R_ContA,F               ; (K-1)x1 cm (cuando no salta) + 2 cm (al saltar).
0056   2855           00070         goto    Rmicros_Bucle           ; Aporta (K-1)x2 ciclos máquina.
0057   0008           00071         return                          ; El salto del retorno aporta 2 ciclos máquina.
                      00072 ;
                      00073 ;En total estas subrutinas tardan:
                      00074 ; - Retardo_500micros:  2 + 1 + 1 + 2 + (2 + 3K) = 500 cm = 500 µs. (para K=164 y 4 MHz).
                      00075 ; - Retardo_200micros:  2 + 1 + 1 + 2 + (2 + 3K) = 200 cm = 200 µs. (para K= 64 y 4 MHz).
                      00076 ; - Retardo_100micros:  2     + 1 + 2 + (2 + 3K) = 100 cm = 100 µs. (para K= 31 y 4 MHz).
                      00077 ; - Retardo_50micros :  2 + 1 + 1 + 2 + (2 + 3K) =  50 cm =  50 µs. (para K= 14 y 4 MHz).
                      00078 ; - Retardo_20micros :  2     + 1     + (2 + 3K) =  20 cm =  20 µs. (para K=  5 y 4 MHz).
                      00079 ;
                      00080 ; RETARDOS de 1 ms hasta 200 ms. --------------------------------------------------------
                      00081 ;
0058                  00082 Retardo_200ms                           ; La llamada "call" aporta 2 ciclos máquina.
0058   30C8           00083         movlw   d'200'                  ; Aporta 1 ciclo máquina. Este es el valor de "M".
0059   2867           00084         goto    Retardos_ms             ; Aporta 2 ciclos máquina.
005A                  00085 Retardo_100ms                           ; La llamada "call" aporta 2 ciclos máquina.
005A   3064           00086         movlw   d'100'                  ; Aporta 1 ciclo máquina. Este es el valor de "M".
005B   2867           00087         goto    Retardos_ms             ; Aporta 2 ciclos máquina.
005C                  00088 Retardo_50ms                            ; La llamada "call" aporta 2 ciclos máquina.
005C   3032           00089         movlw   d'50'                   ; Aporta 1 ciclo máquina. Este es el valor de "M".
005D   2867           00090         goto    Retardos_ms             ; Aporta 2 ciclos máquina.
005E                  00091 Retardo_20ms                            ; La llamada "call" aporta 2 ciclos máquina.
MPASM 03.50 Released                         INT_RELOJ_05.ASM   10-9-2003  11:58:53         PAGE  5


LOC  OBJECT CODE     LINE SOURCE TEXT
  VALUE

005E   3014           00092         movlw   d'20'                   ; Aporta 1 ciclo máquina. Este es el valor de "M".
005F   2867           00093         goto    Retardos_ms             ; Aporta 2 ciclos máquina.
0060                  00094 Retardo_10ms                            ; La llamada "call" aporta 2 ciclos máquina.
0060   300A           00095         movlw   d'10'                   ; Aporta 1 ciclo máquina. Este es el valor de "M".
0061   2867           00096         goto    Retardos_ms             ; Aporta 2 ciclos máquina.
0062                  00097 Retardo_5ms                             ; La llamada "call" aporta 2 ciclos máquina.
0062   3005           00098         movlw   d'5'                    ; Aporta 1 ciclo máquina. Este es el valor de "M".
0063   2867           00099         goto    Retardos_ms             ; Aporta 2 ciclos máquina.
0064                  00100 Retardo_2ms                             ; La llamada "call" aporta 2 ciclos máquina.
0064   3002           00101         movlw   d'2'                    ; Aporta 1 ciclo máquina. Este es el valor de "M".
0065   2867           00102         goto    Retardos_ms             ; Aporta 2 ciclos máquina.
0066                  00103 Retardo_1ms                             ; La llamada "call" aporta 2 ciclos máquina.
0066   3001           00104         movlw   d'1'                    ; Aporta 1 ciclo máquina. Este es el valor de "M".
                      00105 ;
                      00106 ; El próximo bloque "Retardos_ms" tarda:
                      00107 ; 1 + M + M + KxM + (K-1)xM + Mx2 + (K-1)Mx2 + (M-1) + 2 + (M-1)x2 + 2 =
                      00108 ; = (2 + 4M + 4KM) ciclos máquina. Para K=249 y M=1 supone 1002 ciclos máquina
                      00109 ; que a 4 MHz son 1002 µs = 1 ms.
                      00110 ;
0067                  00111 Retardos_ms
0067   0091           00112         movwf   R_ContB                 ; Aporta 1 ciclo máquina.
0068                  00113 R1ms_BucleExterno
0068   30F9           00114         movlw   d'249'                  ; Aporta Mx1 ciclos máquina. Este es el valor de "K".
0069   0090           00115         movwf   R_ContA                 ; Aporta Mx1 ciclos máquina.
006A                  00116 R1ms_BucleInterno
006A   0000           00117         nop                             ; Aporta KxMx1 ciclos máquina.
006B   0B90           00118         decfsz  R_ContA,F               ; (K-1)xMx1 cm (cuando no salta) + Mx2 cm (al saltar).
006C   286A           00119         goto    R1ms_BucleInterno               ; Aporta (K-1)xMx2 ciclos máquina.
006D   0B91           00120         decfsz  R_ContB,F               ; (M-1)x1 cm (cuando no salta) + 2 cm (al saltar).
006E   2868           00121         goto    R1ms_BucleExterno       ; Aporta (M-1)x2 ciclos máquina.
006F   0008           00122         return                          ; El salto del retorno aporta 2 ciclos máquina.
                      00123 ;
                      00124 ;En total estas subrutinas tardan:
                      00125 ; - Retardo_200ms:      2 + 1 + 2 + (2 + 4M + 4KM) = 200007 cm = 200 ms. (M=200 y K=249).
                      00126 ; - Retardo_100ms:      2 + 1 + 2 + (2 + 4M + 4KM) = 100007 cm = 100 ms. (M=100 y K=249).
                      00127 ; - Retardo_50ms :      2 + 1 + 2 + (2 + 4M + 4KM) =  50007 cm =  50 ms. (M= 50 y K=249).
                      00128 ; - Retardo_20ms :      2 + 1 + 2 + (2 + 4M + 4KM) =  20007 cm =  20 ms. (M= 20 y K=249).
                      00129 ; - Retardo_10ms :      2 + 1 + 2 + (2 + 4M + 4KM) =  10007 cm =  10 ms. (M= 10 y K=249).
                      00130 ; - Retardo_5ms  :      2 + 1 + 2 + (2 + 4M + 4KM) =   5007 cm =   5 ms. (M=  5 y K=249).
                      00131 ; - Retardo_2ms  :      2 + 1 + 2 + (2 + 4M + 4KM) =   2007 cm =   2 ms. (M=  2 y K=249).
                      00132 ; - Retardo_1ms  :      2 + 1     + (2 + 4M + 4KM) =   1005 cm =   1 ms. (M=  1 y K=249).
                      00133 ;
                      00134 ; RETARDOS de 0.5 hasta 20 segundos ---------------------------------------------------
                      00135 ;
0070                  00136 Retardo_20s                             ; La llamada "call" aporta 2 ciclos máquina.
0070   30C8           00137         movlw   d'200'                  ; Aporta 1 ciclo máquina. Este es el valor de "N".
0071   287B           00138         goto    Retardo_1Decima         ; Aporta 2 ciclos máquina.
0072                  00139 Retardo_10s                             ; La llamada "call" aporta 2 ciclos máquina.
0072   3064           00140         movlw   d'100'                  ; Aporta 1 ciclo máquina. Este es el valor de "N".
0073   287B           00141         goto    Retardo_1Decima         ; Aporta 2 ciclos máquina.
0074                  00142 Retardo_5s                              ; La llamada "call" aporta 2 ciclos máquina.
0074   3032           00143         movlw   d'50'                   ; Aporta 1 ciclo máquina. Este es el valor de "N".
0075   287B           00144         goto    Retardo_1Decima         ; Aporta 2 ciclos máquina.
MPASM 03.50 Released                         INT_RELOJ_05.ASM   10-9-2003  11:58:53         PAGE  6


LOC  OBJECT CODE     LINE SOURCE TEXT
  VALUE

0076                  00145 Retardo_2s                              ; La llamada "call" aporta 2 ciclos máquina.
0076   3014           00146         movlw   d'20'                   ; Aporta 1 ciclo máquina. Este es el valor de "N".
0077   287B           00147         goto    Retardo_1Decima         ; Aporta 2 ciclos máquina.
0078                  00148 Retardo_1s                              ; La llamada "call" aporta 2 ciclos máquina.
0078   300A           00149         movlw   d'10'                   ; Aporta 1 ciclo máquina. Este es el valor de "N".
0079   287B           00150         goto    Retardo_1Decima         ; Aporta 2 ciclos máquina.
007A                  00151 Retardo_500ms                           ; La llamada "call" aporta 2 ciclos máquina.
007A   3005           00152         movlw   d'5'                    ; Aporta 1 ciclo máquina. Este es el valor de "N".
                      00153 ;
                      00154 ; El próximo bloque "Retardo_1Decima" tarda:
                      00155 ; 1 + N + N + MxN + MxN + KxMxN + (K-1)xMxN + MxNx2 + (K-1)xMxNx2 +
                      00156 ;   + (M-1)xN + Nx2 + (M-1)xNx2 + (N-1) + 2 + (N-1)x2 + 2 =
                      00157 ; = (2 + 4M + 4MN + 4KM) ciclos máquina. Para K=249, M=100 y N=1 supone 100011
                      00158 ; ciclos máquina que a 4 MHz son 100011 µs = 100 ms = 0,1 s = 1 décima de segundo.
                      00159 ;
007B                  00160 Retardo_1Decima
007B   0092           00161         movwf   R_ContC                 ; Aporta 1 ciclo máquina.
007C                  00162 R1Decima_BucleExterno2
007C   3064           00163         movlw   d'100'                  ; Aporta Nx1 ciclos máquina. Este es el valor de "M".
007D   0091           00164         movwf   R_ContB                 ; Aporta Nx1 ciclos máquina.
007E                  00165 R1Decima_BucleExterno
007E   30F9           00166         movlw   d'249'                  ; Aporta MxNx1 ciclos máquina. Este es el valor de "K".
007F   0090           00167         movwf   R_ContA                 ; Aporta MxNx1 ciclos máquina.
0080                  00168 R1Decima_BucleInterno          
0080   0000           00169         nop                             ; Aporta KxMxNx1 ciclos máquina.
0081   0B90           00170         decfsz  R_ContA,F               ; (K-1)xMxNx1 cm (si no salta) + MxNx2 cm (al saltar).
0082   2880           00171         goto    R1Decima_BucleInterno   ; Aporta (K-1)xMxNx2 ciclos máquina.
0083   0B91           00172         decfsz  R_ContB,F               ; (M-1)xNx1 cm (cuando no salta) + Nx2 cm (al saltar).
0084   287E           00173         goto    R1Decima_BucleExterno   ; Aporta (M-1)xNx2 ciclos máquina.
0085   0B92           00174         decfsz  R_ContC,F               ; (N-1)x1 cm (cuando no salta) + 2 cm (al saltar).
0086   287C           00175         goto    R1Decima_BucleExterno2  ; Aporta (N-1)x2 ciclos máquina.
0087   0008           00176         return                          ; El salto del retorno aporta 2 ciclos máquina.
                      00177 ;
                      00178 ;En total estas subrutinas tardan:
                      00179 ; - Retardo_20s:        2 + 1 + 2 + (2 + 4N + 4MN + 4KMN) = 20000807 cm = 20 s.
                      00180 ;                       (N=200, M=100 y K=249).
                      00181 ; - Retardo_10s:        2 + 1 + 2 + (2 + 4N + 4MN + 4KMN) = 10000407 cm = 10 s.
                      00182 ;                       (N=100, M=100 y K=249).
                      00183 ; - Retardo_5s:         2 + 1 + 2 + (2 + 4N + 4MN + 4KMN) =  5000207 cm =  5 s.
                      00184 ;                       (N= 50, M=100 y K=249).
                      00185 ; - Retardo_2s:         2 + 1 + 2 + (2 + 4N + 4MN + 4KMN) =  2000087 cm =  2 s.
                      00186 ;                       (N= 20, M=100 y K=249).
                      00187 ; - Retardo_1s:         2 + 1 + 2 + (2 + 4N + 4MN + 4KMN) =  1000047 cm =  1 s.
                      00188 ;                       (N= 10, M=100 y K=249).
                      00189 ; - Retardo_500ms:      2 + 1     + (2 + 4N + 4MN + 4KMN) =   500025 cm = 0,5 s.
                      00190 ;                       (N=  5, M=100 y K=249).
                      00118         INCLUDE  <LCD_4BIT.INC>
                      00001 ;**************************** Librería "LCD_4BIT.INC" ***********************************
                      00002 ;
                      00003 ;       ===================================================================
                      00004 ;         Del libro "MICROCONTROLADOR PIC16F84A. DESARROLLO DE PROYECTOS"
                      00005 ;         E. Palacios, F. Remiro y L. López.
                      00006 ;         Editorial Ra-Ma.  www.ra-ma.es
MPASM 03.50 Released                         INT_RELOJ_05.ASM   10-9-2003  11:58:53         PAGE  7


LOC  OBJECT CODE     LINE SOURCE TEXT
  VALUE

                      00007 ;       ===================================================================
                      00008 ;
                      00009 ; Estas subrutinas permiten realizar las tareas básicas de control de un módulo LCD de 2
                      00010 ; líneas por 16 caracteres, compatible con el modelo LM016L.
                      00011 ;
                      00012 ; El visualizador LCD está conectado al Puerto B del PIC mediante un bus de 4 bits. Las
                      00013 ; conexiones son:
                      00014 ;    -  Las 4 líneas superiores del módulo LCD, pines <DB7:DB4>  se conectan a las 4
                      00015 ;       líneas superiores del Puerto B del PIC, pines <RB7:RB4>.
                      00016 ;    -  Pin RS del LCD a la línea RA0 del PIC.
                      00017 ;    -  Pin R/W del LCD a la línea RA1 del PIC, o a masa.
                      00018 ;    -  Pin Enable del LCD a la línea RA2 del PIC.
                      00019 ;
                      00020 ; Se utilizan llamadas a subrutinas de retardo de tiempo localizadas en la librería RETARDOS.INC.
                      00021 ;
                      00022 ; ZONA DE DATOS *********************************************************************
                      00023 
                      00024         CBLOCK
  00000013            00025         LCD_Dato
  00000014            00026         LCD_GuardaDato
  00000015            00027         LCD_GuardaTRISB
  00000016            00028         LCD_Auxiliar1
  00000017            00029         LCD_Auxiliar2
                      00030         ENDC
                      00031 
  00000010            00032 LCD_CaracteresPorLinea  EQU     .16     ; Número de caracteres por línea de la pantalla.
                      00033 
                      00034 #DEFINE  LCD_PinRS      PORTA,0
                      00035 #DEFINE  LCD_PinRW      PORTA,1
                      00036 #DEFINE  LCD_PinEnable  PORTA,2
                      00037 #DEFINE  LCD_BusDatos   PORTB
                      00038 
                      00039 ; Subrutina "LCD_Inicializa" ------------------------------------------------------------
                      00040 ;
                      00041 ; Inicialización del módulo LCD: Configura funciones del LCD, produce reset por software,
                      00042 ; borra memoria y enciende pantalla. El fabricante especifica que para garantizar la
                      00043 ; configuración inicial hay que hacerla como sigue:
                      00044 ;
0088                  00045 LCD_Inicializa
0088   1683           00046         bsf     STATUS,RP0              ; Configura las líneas conectadas al pines RS,
0089   1005           00047         bcf     LCD_PinRS               ; R/W y E.
008A   1105           00048         bcf     LCD_PinEnable
008B   1085           00049         bcf     LCD_PinRW
008C   1283           00050         bcf     STATUS,RP0
008D   1085           00051         bcf     LCD_PinRW               ; En caso de que esté conectado, le indica
                      00052                                         ; que se va a escribir en el LCD.
008E   1105           00053         bcf     LCD_PinEnable           ; Impide funcionamiento del LCD, poniendo E=0.
008F   1005           00054         bcf     LCD_PinRS               ; Activa el Modo Comando, poniendo RS=0.
0090   205E           00055         call    Retardo_20ms
0091   3030           00056         movlw   b'00110000'     
0092   20A0           00057         call    LCD_EscribeLCD          ; Escribe el dato en el LCD.
0093   2062           00058         call    Retardo_5ms     
0094   3030           00059         movlw   b'00110000'     
MPASM 03.50 Released                         INT_RELOJ_05.ASM   10-9-2003  11:58:53         PAGE  8


LOC  OBJECT CODE     LINE SOURCE TEXT
  VALUE

0095   20A0           00060         call    LCD_EscribeLCD
0096   204B           00061         call    Retardo_200micros
0097   3030           00062         movlw   b'00110000'     
0098   20A0           00063         call    LCD_EscribeLCD
0099   3020           00064         movlw   b'00100000'             ; Interface de 4 bits.
009A   20A0           00065         call    LCD_EscribeLCD
                      00066 
                      00067 ; Ahora configura el resto de los parámetros: 
                      00068 
009B   20C9           00069         call    LCD_2Lineas4Bits5x7     ; LCD de 2 líneas y caracteres de 5x7 puntos.
009C   20C7           00070         call    LCD_Borra               ; Pantalla encendida y limpia. Cursor al principio
009D   20C5           00071         call    LCD_CursorOFF           ; de la línea 1. Cursor apagado.
009E   20B7           00072         call    LCD_CursorIncr          ; Cursor en modo incrementar.
009F   0008           00073         return
                      00074 
                      00075 ; Subrutina "LCD_EscribeLCD" -----------------------------------------------------------
                      00076 ;
                      00077 ; Envía el dato del registro de trabajo W al bus de dato y produce un pequeño pulso en el
                      00078 ; pin "Enable" del LCD. Para no alterar el contenido de las líneas de la parte baja del Puerto B
                      00079 ; que no son utilizadas para el LCD (pines RB3.. RB0), primero se lee estas líneas y después
                      00080 ; se vuelve a enviar este dato sin cambiarlo.
                      00081 
00A0                  00082 LCD_EscribeLCD
00A0   39F0           00083         andlw   b'11110000'             ; Se queda con el nibble alto del dato que es el
00A1   0093           00084         movwf   LCD_Dato                ; que hay que enviar y lo guarda.
00A2   0806           00085         movf    LCD_BusDatos,W          ; Lee la información actual de la parte baja
00A3   390F           00086         andlw   b'00001111'             ; del Puerto B, que no se debe alterar.
00A4   0493           00087         iorwf   LCD_Dato,F              ; Enviará la parte alta del dato de entrada
                      00088                                         ; y en la parte baja lo que había antes.
00A5   1683           00089         bsf     STATUS,RP0              ; Acceso al Banco 1.
Message[302]: Register in operand not in bank 0.  Ensure that bank bits are correct.
00A6   0806           00090         movf    TRISB,W         ; Guarda la configuración que tenía antes TRISB.
00A7   0095           00091         movwf   LCD_GuardaTRISB
00A8   300F           00092         movlw   b'00001111'             ; Las 4 líneas inferiores del Puerto B se dejan 
00A9   0586           00093         andwf   PORTB,F                 ; como estaban y las 4 superiores como salida.
00AA   1283           00094         bcf     STATUS,RP0              ; Acceso al Banco 0.
                      00095 ;
00AB   0813           00096         movf    LCD_Dato,W              ; Recupera el dato a enviar.
00AC   0086           00097         movwf   LCD_BusDatos            ; Envía el dato al módulo LCD.
00AD   1505           00098         bsf     LCD_PinEnable           ; Permite funcionamiento del LCD, mediante un pequeño
00AE   1105           00099         bcf     LCD_PinEnable           ; pulso y termina impidiendo el funcionamiento del LCD.
00AF   1C05           00100         btfss   LCD_PinRS               ; Debe garantizar una correcta escritura manteniendo 
00B0   2064           00101         call    Retardo_2ms             ; 2 ms en modo comando y 50 µs en modo cáracter.
00B1   2050           00102         call    Retardo_50micros
00B2   1683           00103         bsf     STATUS,RP0              ; Acceso al Banco 1. Restaura el antiguo valor en
00B3   0815           00104         movf    LCD_GuardaTRISB,W       ; la configuración del Puerto B.
00B4   0086           00105         movwf   PORTB                   ; Realmente es TRISB.
00B5   1283           00106         bcf     STATUS,RP0              ; Acceso al Banco 0.
00B6   0008           00107         return
                      00108 
                      00109 ; Subrutinas variadas para el control del módulo LCD -----------------------------------------
                      00110 ;
                      00111 ;Los comandos que pueden ser ejecutados son:
MPASM 03.50 Released                         INT_RELOJ_05.ASM   10-9-2003  11:58:53         PAGE  9


LOC  OBJECT CODE     LINE SOURCE TEXT
  VALUE

                      00112 ;
00B7                  00113 LCD_CursorIncr                          ; Cursor en modo incrementar.
00B7   3006           00114         movlw   b'00000110'
00B8   28CA           00115         goto    LCD_EnviaComando
00B9                  00116 LCD_Linea1                              ; Cursor al principio de la Línea 1.
00B9   3080           00117         movlw   b'10000000'             ; Dirección 00h de la DDRAM
00BA   28CA           00118         goto    LCD_EnviaComando
00BB                  00119 LCD_Linea2                              ; Cursor al principio de la Línea 2.
00BB   30C0           00120         movlw   b'11000000'             ; Dirección 40h de la DDRAM
00BC   28CA           00121         goto    LCD_EnviaComando
00BD                  00122 LCD_PosicionLinea1                      ; Cursor a posición de la Línea 1, a partir de la
00BD   3880           00123         iorlw   b'10000000'             ; dirección 00h de la DDRAM más el valor del
00BE   28CA           00124         goto    LCD_EnviaComando        ; registro W.
00BF                  00125 LCD_PosicionLinea2                      ; Cursor a posición de la Línea 2, a partir de la
00BF   38C0           00126         iorlw   b'11000000'             ; dirección 40h de la DDRAM más el valor del
00C0   28CA           00127         goto    LCD_EnviaComando        ; registro W.
00C1                  00128 LCD_OFF                         ; Pantalla apagada.
00C1   3008           00129         movlw   b'00001000'
00C2   28CA           00130         goto    LCD_EnviaComando
00C3                  00131 LCD_CursorON                            ; Pantalla encendida y cursor encendido.
00C3   300E           00132         movlw   b'00001110'
00C4   28CA           00133         goto    LCD_EnviaComando
00C5                  00134 LCD_CursorOFF                           ; Pantalla encendida y cursor apagado.
00C5   300C           00135         movlw   b'00001100'
00C6   28CA           00136         goto    LCD_EnviaComando
00C7                  00137 LCD_Borra                               ; Borra toda la pantalla, memoria DDRAM y pone el 
00C7   3001           00138         movlw   b'00000001'             ; cursor a principio de la línea 1.
00C8   28CA           00139         goto    LCD_EnviaComando
00C9                  00140 LCD_2Lineas4Bits5x7                     ; Define la pantalla de 2 líneas, con caracteres
00C9   3028           00141         movlw   b'00101000'             ; de 5x7 puntos y conexión al PIC mediante bus de
                      00142 ;       goto    LCD_EnviaComando        ; 4 bits. 
                      00143 
                      00144 ; Subrutinas "LCD_EnviaComando" y "LCD_Caracter" ------------------------------------
                      00145 ;
                      00146 ; "LCD_EnviaComando": Escribe un comando en el registro del módulo LCD. La palabra de
                      00147 ; comando ha sido entregada a través del registro W.  Trabaja en Modo Comando.
                      00148 ; "LCD_Caracter": Escribe en la memoria DDRAM del LCD el carácter ASCII introducido a
                      00149 ; a través del registro W. Trabaja en Modo Dato.
                      00150 ;
00CA                  00151 LCD_EnviaComando
00CA   1005           00152         bcf     LCD_PinRS               ; Activa el Modo Comando, poniendo RS=0.
00CB   28CE           00153         goto    LCD_Envia
00CC                  00154 LCD_Caracter
00CC   1405           00155         bsf     LCD_PinRS               ; Activa el "Modo Dato", poniendo RS=1.
00CD   20D3           00156         call    LCD_CodigoCGROM ; Obtiene el código para correcta visualización.
00CE                  00157 LCD_Envia
00CE   0094           00158         movwf   LCD_GuardaDato          ; Guarda el dato a enviar.
00CF   20A0           00159         call    LCD_EscribeLCD          ; Primero envía el nibble alto.
00D0   0E14           00160         swapf   LCD_GuardaDato,W        ; Ahora envía el nibble bajo. Para ello pasa el
                      00161                                         ; nibble bajo del dato a enviar a parte alta del byte.
00D1   20A0           00162         call    LCD_EscribeLCD          ; Se envía al visualizador LCD.
00D2   0008           00163         return  
                      00164 
MPASM 03.50 Released                         INT_RELOJ_05.ASM   10-9-2003  11:58:53         PAGE 10


LOC  OBJECT CODE     LINE SOURCE TEXT
  VALUE

                      00165 ; Subrutina "LCD_CodigoCGROM" -----------------------------------------------------------
                      00166 ;
                      00167 ; A partir del carácter ASCII número 127, los códigos de los caracteres definidos en la
                      00168 ; tabla CGROM del LM016L no coinciden con los códigos ASCII. Así por ejemplo, el código
                      00169 ; ASCII de la "Ñ" en la tabla CGRAM del LM016L es EEh.
                      00170 ;
                      00171 ; Esta subrutina convierte los códigos ASCII de la "Ñ", "º" y otros, a códigos CGROM para que
                      00172 ; que puedan ser visualizado en el módulo LM016L.
                      00173 ; 
                      00174 ; Entrada:      En (W) el código ASCII del carácter que se desea visualizar.
                      00175 ; Salida:       En (W) el código definido en la tabla CGROM.
                      00176 
00D3                  00177 LCD_CodigoCGROM
00D3   0093           00178         movwf   LCD_Dato                ; Guarda el valor del carácter y comprueba si es
00D4                  00179 LCD_EnheMinuscula                       ; un carácter especial.
00D4   3CF1           00180         sublw   'ñ'                     ; ¿Es la "ñ"?
00D5   1D03           00181         btfss   STATUS,Z
00D6   28DA           00182         goto    LCD_EnheMayuscula       ; No es "ñ".
00D7   30EE           00183         movlw   b'11101110'             ; Código CGROM de la "ñ".
00D8   0093           00184         movwf   LCD_Dato
00D9   28E7           00185         goto    LCD_FinCGROM
00DA                  00186 LCD_EnheMayuscula
00DA   0813           00187         movf    LCD_Dato,W              ; Recupera el código ASCII de entrada.
00DB   3CD1           00188         sublw   'Ñ'                     ; ¿Es la "Ñ"?
00DC   1D03           00189         btfss   STATUS,Z
00DD   28E1           00190         goto    LCD_Grado               ; No es "Ñ".
00DE   30EE           00191         movlw   b'11101110'             ; Código CGROM de la "ñ". (No hay símbolo para
00DF   0093           00192         movwf   LCD_Dato                ; la "Ñ" mayúscula en la CGROM).
00E0   28E7           00193         goto    LCD_FinCGROM    
00E1                  00194 LCD_Grado
00E1   0813           00195         movf    LCD_Dato,W              ; Recupera el código ASCII de entrada.
00E2   3CBA           00196         sublw   'º'                     ; ¿Es el símbolo "º"?
00E3   1D03           00197         btfss   STATUS,Z
00E4   28E7           00198         goto    LCD_FinCGROM            ; No es "º".
00E5   30DF           00199         movlw   b'11011111'             ; Código CGROM del símbolo "º".
00E6   0093           00200         movwf   LCD_Dato
00E7                  00201 LCD_FinCGROM
00E7   0813           00202         movf    LCD_Dato,W              ; En (W) el código buscado.
00E8   0008           00203         return
                      00204 
                      00205 ; Subrutina "LCD_DosEspaciosBlancos" y "LCD_LineaBlanco" --------------------------------
                      00206 ;
                      00207 ; Visualiza espacios en blanco.
                      00208 
00E9                  00209 LCD_LineaEnBlanco
00E9   3010           00210         movlw   LCD_CaracteresPorLinea
00EA   28F0           00211         goto    LCD_EnviaBlancos
00EB                  00212 LCD_UnEspacioBlanco
00EB   3001           00213         movlw   .1
00EC   28F0           00214         goto    LCD_EnviaBlancos
00ED                  00215 LCD_DosEspaciosBlancos
00ED   3002           00216         movlw   .2
00EE   28F0           00217         goto    LCD_EnviaBlancos
MPASM 03.50 Released                         INT_RELOJ_05.ASM   10-9-2003  11:58:53         PAGE 11


LOC  OBJECT CODE     LINE SOURCE TEXT
  VALUE

00EF                  00218 LCD_TresEspaciosBlancos
00EF   3003           00219         movlw   .3
00F0                  00220 LCD_EnviaBlancos
00F0   0096           00221         movwf   LCD_Auxiliar1           ; (LCD_Auxiliar1) se utiliza como contador.
00F1                  00222 LCD_EnviaOtroBlanco     
00F1   3020           00223         movlw   ' '                     ; Esto es un espacio en blanco.
00F2   20CC           00224         call    LCD_Caracter            ; Visualiza tanto espacios en blanco como se
00F3   0B96           00225         decfsz  LCD_Auxiliar1,F         ; haya cargado en (LCD_Auxiliar1).
00F4   28F1           00226         goto    LCD_EnviaOtroBlanco
00F5   0008           00227         return
                      00228 
                      00229 ; Subrutinas "LCD_ByteCompleto" y "LCD_Byte" --------------------------------------------
                      00230 ;
                      00231 ; Subrutina "LCD_ByteCompleto": Visualiza el byte que almacena el registro W en el
                      00232 ; lugar actual de la pantalla. Por ejemplo, si (W)=b'10101110' visualiza "AE".
                      00233 ;
                      00234 ; Subrutina "LCD_Byte" igual que la anterior, pero en caso de que el nibble alto sea cero, 
                      00235 ; visualiza en su lugar un espacio en blanco. Por ejemplo si (W)=b'10101110' visualiza "AE"
                      00236 ; y si (W)=b'00001110', visualiza " E" (un espacio blanco delante).
                      00237 ;
                      00238 ; Utilizan la subrutina "LCD_Nibble" que se analiza más adelante.
                      00239 ;
00F6                  00240 LCD_Byte
00F6   0097           00241         movwf   LCD_Auxiliar2           ; Guarda el valor de entrada.
00F7   39F0           00242         andlw   b'11110000'             ; Analiza si el nibble alto es cero.
00F8   1D03           00243         btfss   STATUS,Z                ; Si es cero lo apaga.
00F9   28FE           00244         goto    LCD_VisualizaAlto               ; No es cero y lo visualiza.
00FA   3020           00245         movlw   ' '                     ; Visualiza un espacio en blanco.
00FB   20CC           00246         call    LCD_Caracter
00FC   2900           00247         goto    LCD_VisualizaBajo
                      00248 
00FD                  00249 LCD_ByteCompleto
00FD   0097           00250         movwf   LCD_Auxiliar2           ; Guarda el valor de entrada.
00FE                  00251 LCD_VisualizaAlto
00FE   0E17           00252         swapf   LCD_Auxiliar2,W         ; Pone el nibble alto en la parte baja.
00FF   2101           00253         call    LCD_Nibble              ; Lo visualiza.
0100                  00254 LCD_VisualizaBajo
0100   0817           00255         movf    LCD_Auxiliar2,W         ; Repite el proceso con el nibble bajo.
                      00256 ;       call    LCD_Nibble              ; Lo visualiza.
                      00257 ;       return
                      00258 
                      00259 ; Subrutina "LCD_Nibble" ----------------------------------------------------------------
                      00260 ;
                      00261 ; Visualiza en el lugar actual de la pantalla, el valor hexadecimal que almacena en el nibble
                      00262 ; bajo del registro W. El nibble alto de W no es tenido en cuenta. Ejemplos:
                      00263 ; - Si (W)=b'01010110', se visualizará "6". 
                      00264 ; - Si (W)=b'10101110', se visualizará "E". 
                      00265 ;
0101                  00266 LCD_Nibble
0101   390F           00267         andlw   b'00001111'             ; Se queda con la parte baja.
0102   0096           00268         movwf   LCD_Auxiliar1           ; Lo guarda.
0103   3C09           00269         sublw   0x09                    ; Comprueba si hay que representarlo con letra.
0104   1C03           00270         btfss   STATUS,C        
MPASM 03.50 Released                         INT_RELOJ_05.ASM   10-9-2003  11:58:53         PAGE 12


LOC  OBJECT CODE     LINE SOURCE TEXT
  VALUE

0105   2909           00271         goto    LCD_EnviaByteLetra
0106   0816           00272         movf    LCD_Auxiliar1,W
0107   3E30           00273         addlw   '0'                     ; El número se pasa a carácter ASCII sumándole
0108   290B           00274         goto    LCD_FinVisualizaDigito  ; el ASCII del cero y lo visualiza.
0109                  00275 LCD_EnviaByteLetra
0109   0816           00276         movf    LCD_Auxiliar1,W
010A   3E37           00277         addlw   'A'-0x0A                        ; Sí, por tanto, se le suma el ASCII de la 'A'.
010B                  00278 LCD_FinVisualizaDigito
010B   28CC           00279         goto    LCD_Caracter            ; Y visualiza el carácter. Se hace con un "goto"
                      00280                                         ; para no sobrecargar la pila.
                      00119         INCLUDE  <BIN_BCD.INC>
                      00001 ;******************************** Librería "BIN_BCD.INC" ********************************
                      00002 ;
                      00003 ;       ===================================================================
                      00004 ;         Del libro "MICROCONTROLADOR PIC16F84A. DESARROLLO DE PROYECTOS"
                      00005 ;         E. Palacios, F. Remiro y L. López.
                      00006 ;         Editorial Ra-Ma.  www.ra-ma.es
                      00007 ;       ===================================================================
                      00008 ;
                      00009 ; Un número binario natural de 8 bits es convertido a BCD. El resultado se guarda en tres
                      00010 ; posiciones de memorias llamadas: BCD_Centenas, BCD_Decenas y BCD_Unidades.
                      00011 ;
                      00012 ; El procedimiento utilizado es mediante restas de 10 tal como se explicó en el capítulo 9.
                      00013 ;
                      00014 ; Entrada:      En el registro W el número binario natural a convertir.
                      00015 ; Salidas:      En (BCD_Centenas), (BCD_Decenas) y (BCD_Unidades).
                      00016 ;               En el registro W también las decenas (nibble alto) y unidades (nibble bajo).
                      00017 
                      00018 ; Subrutina "BIN_a_BCD" -----------------------------------------------------------------
                      00019 
                      00020         CBLOCK                          ; En las subrutinas no se debe fijar la dirección
  00000018            00021         BCD_Centenas                    ; de la RAM de usuario. Se toma a continuación de
  00000019            00022         BCD_Decenas                     ; la última asignada.
  0000001A            00023         BCD_Unidades    
                      00024         ENDC
                      00025 ;
010C                  00026 BIN_a_BCD
010C   0198           00027         clrf    BCD_Centenas            ; Carga los registros con el resultado inicial.
010D   0199           00028         clrf    BCD_Decenas             ; En principio las centenas y decenas a cero.
010E   009A           00029         movwf   BCD_Unidades            ; Se carga el número binario a convertir.
010F                  00030 BCD_Resta10
010F   300A           00031         movlw   .10                     ; A las unidades se le va restando 10 en cada
0110   021A           00032         subwf   BCD_Unidades,W          ; pasada. (W)=(BCD_Unidades) -10.
0111   1C03           00033         btfss   STATUS,C                ; ¿C = 1?, ¿(W) positivo?, ¿(BCD_Unidades)>=10?.
0112   291C           00034         goto    BIN_BCD_Fin             ; No, es menor de 10. Se acabó.
0113                  00035 BCD_IncrementaDecenas
0113   009A           00036         movwf   BCD_Unidades            ; Recupera lo que queda por restar.
0114   0A99           00037         incf    BCD_Decenas,F           ; Incrementa las decenas y comprueba si ha llegado
0115   300A           00038         movlw   .10                     ; a 10. Lo hace mediante una resta.
0116   0219           00039         subwf   BCD_Decenas,W           ; (W)=(BCD_Decenas)-10).
0117   1C03           00040         btfss   STATUS,C                ; ¿C = 1?, ¿(W) positivo?, ¿(BCD_Decenas)>=10?.
0118   290F           00041         goto    BCD_Resta10             ; No. Vuelve a dar otra pasada, restándole 10 a
0119                  00042 BCD_IncrementaCentenas                  ; las unidades.
MPASM 03.50 Released                         INT_RELOJ_05.ASM   10-9-2003  11:58:53         PAGE 13


LOC  OBJECT CODE     LINE SOURCE TEXT
  VALUE

0119   0199           00043         clrf    BCD_Decenas             ; Pone a cero las decenas 
011A   0A98           00044         incf    BCD_Centenas,F          ; e incrementa las centenas.
011B   290F           00045         goto    BCD_Resta10             ; Otra pasada: Resta 10 al número a convertir.
011C                  00046 BIN_BCD_Fin
011C   0E19           00047         swapf   BCD_Decenas,W           ; En el nibble alto de (W) también las decenas.
011D   071A           00048         addwf   BCD_Unidades,W          ; En el nibble bajo de (W) las unidades.
011E   0008           00049         return                          ; Vuelve al programa principal.
                      00050         
                      00051 ; La directiva "END" se debe poner en el programa principal, no aquí.
                      00052 
                      00053 ;       ===================================================================
                      00054 ;         Del libro "MICROCONTROLADOR PIC16F84A. DESARROLLO DE PROYECTOS"
                      00055 ;         E. Palacios, F. Remiro y L. López.
                      00056 ;         Editorial Ra-Ma.  www.ra-ma.es
                      00057 ;       ===================================================================
                      00120         END
MPASM 03.50 Released                         INT_RELOJ_05.ASM   10-9-2003  11:58:53         PAGE 14


SYMBOL TABLE
  LABEL                             VALUE 

BCD_Centenas                      00000018
BCD_Decenas                       00000019
BCD_IncrementaCentenas            00000119
BCD_IncrementaDecenas             00000113
BCD_Resta10                       0000010F
BCD_Unidades                      0000001A
BIN_BCD_Fin                       0000011C
BIN_a_BCD                         0000010C
C                                 00000000
Centesima                         0000000D
DC                                00000001
EEADR                             00000009
EECON1                            00000088
EECON2                            00000089
EEDATA                            00000008
EEIE                              00000006
EEIF                              00000004
EsperaDejePulsar                  00000017
F                                 00000001
FSR                               00000004
Fin                               0000001D
FinInterrupcion                   0000002A
GIE                               00000007
Guarda_STATUS                     0000000F
Guarda_W                          0000000E
INDF                              00000000
INTCON                            0000000B
INTE                              00000004
INTEDG                            00000006
INTF                              00000001
IRP                               00000007
IncrementaCentesimas              0000003B
IncrementarPulsador               PORTB,6
InhabilitaInterrupciones          0000001C
Inicio                            00000005
LCD_2Lineas4Bits5x7               000000C9
LCD_Auxiliar1                     00000016
LCD_Auxiliar2                     00000017
LCD_Borra                         000000C7
LCD_BusDatos                      PORTB
LCD_Byte                          000000F6
LCD_ByteCompleto                  000000FD
LCD_Caracter                      000000CC
LCD_CaracteresPorLinea            00000010
LCD_CodigoCGROM                   000000D3
LCD_CursorIncr                    000000B7
LCD_CursorOFF                     000000C5
LCD_CursorON                      000000C3
LCD_Dato                          00000013
LCD_DosEspaciosBlancos            000000ED
LCD_EnheMayuscula                 000000DA
LCD_EnheMinuscula                 000000D4
LCD_Envia                         000000CE
MPASM 03.50 Released                         INT_RELOJ_05.ASM   10-9-2003  11:58:53         PAGE 15


SYMBOL TABLE
  LABEL                             VALUE 

LCD_EnviaBlancos                  000000F0
LCD_EnviaByteLetra                00000109
LCD_EnviaComando                  000000CA
LCD_EnviaOtroBlanco               000000F1
LCD_EscribeLCD                    000000A0
LCD_FinCGROM                      000000E7
LCD_FinVisualizaDigito            0000010B
LCD_Grado                         000000E1
LCD_GuardaDato                    00000014
LCD_GuardaTRISB                   00000015
LCD_Inicializa                    00000088
LCD_Linea1                        000000B9
LCD_Linea2                        000000BB
LCD_LineaEnBlanco                 000000E9
LCD_Nibble                        00000101
LCD_OFF                           000000C1
LCD_PinEnable                     PORTA,2
LCD_PinRS                         PORTA,0
LCD_PinRW                         PORTA,1
LCD_PosicionLinea1                000000BD
LCD_PosicionLinea2                000000BF
LCD_TresEspaciosBlancos           000000EF
LCD_UnEspacioBlanco               000000EB
LCD_VisualizaAlto                 000000FE
LCD_VisualizaBajo                 00000100
NOT_PD                            00000003
NOT_RBPU                          00000007
NOT_TO                            00000004
OPTION_REG                        00000081
PCL                               00000002
PCLATH                            0000000A
PORTA                             00000005
PORTB                             00000006
PS0                               00000000
PS1                               00000001
PS2                               00000002
PSA                               00000003
Principal                         0000000E
R1Decima_BucleExterno             0000007E
R1Decima_BucleExterno2            0000007C
R1Decima_BucleInterno             00000080
R1ms_BucleExterno                 00000068
R1ms_BucleInterno                 0000006A
RBIE                              00000003
RBIF                              00000000
RD                                00000000
RP0                               00000005
RP1                               00000006
R_ContA                           00000010
R_ContB                           00000011
R_ContC                           00000012
RetardoMicros                     00000054
Retardo_100micros                 0000004E
MPASM 03.50 Released                         INT_RELOJ_05.ASM   10-9-2003  11:58:53         PAGE 16


SYMBOL TABLE
  LABEL                             VALUE 

Retardo_100ms                     0000005A
Retardo_10micros                  00000041
Retardo_10ms                      00000060
Retardo_10s                       00000072
Retardo_1Decima                   0000007B
Retardo_1ms                       00000066
Retardo_1s                        00000078
Retardo_200micros                 0000004B
Retardo_200ms                     00000058
Retardo_20micros                  00000053
Retardo_20ms                      0000005E
Retardo_20s                       00000070
Retardo_2ms                       00000064
Retardo_2s                        00000076
Retardo_4micros                   00000047
Retardo_500micros                 00000048
Retardo_500ms                     0000007A
Retardo_50micros                  00000050
Retardo_50ms                      0000005C
Retardo_5micros                   00000046
Retardo_5ms                       00000062
Retardo_5s                        00000074
Retardos_ms                       00000067
Rmicros_Bucle                     00000055
STATUS                            00000003
Segundo                           0000000C
ServicioInterrupcion              0000001E
T0CS                              00000005
T0IE                              00000005
T0IF                              00000002
T0SE                              00000004
TMR0                              00000001
TMR0_Carga10ms                    FFFFFF64
TRISA                             00000085
TRISB                             00000086
Visualiza                         00000030
W                                 00000000
WR                                00000001
WREN                              00000002
WRERR                             00000003
Z                                 00000002
_CP_OFF                           00003FFF
_CP_ON                            0000000F
_HS_OSC                           00003FFE
_LP_OSC                           00003FFC
_PWRTE_OFF                        00003FFF
_PWRTE_ON                         00003FF7
_RC_OSC                           00003FFF
_WDT_OFF                          00003FFB
_WDT_ON                           00003FFF
_XT_OSC                           00003FFD
__16F84A                          00000001
MPASM 03.50 Released                         INT_RELOJ_05.ASM   10-9-2003  11:58:53         PAGE 17


MEMORY USAGE MAP ('X' = Used,  '-' = Unused)


0000 : X---XXXXXXXXXXXX XXXXXXXXXXXXXXXX XXXXXXXXXXXXXXXX XXXXXXXXXXXXXXXX
0040 : XXXXXXXXXXXXXXXX XXXXXXXXXXXXXXXX XXXXXXXXXXXXXXXX XXXXXXXXXXXXXXXX
0080 : XXXXXXXXXXXXXXXX XXXXXXXXXXXXXXXX XXXXXXXXXXXXXXXX XXXXXXXXXXXXXXXX
00C0 : XXXXXXXXXXXXXXXX XXXXXXXXXXXXXXXX XXXXXXXXXXXXXXXX XXXXXXXXXXXXXXXX
0100 : XXXXXXXXXXXXXXXX XXXXXXXXXXXXXXX- ---------------- ----------------
2000 : -------X-------- ---------------- ---------------- ----------------

All other memory blocks unused.

Program Memory Words Used:   284
Program Memory Words Free:   740


Errors   :     0
Warnings :     0 reported,     0 suppressed
Messages :     2 reported,     0 suppressed

