MPASM 03.50 Released                           MENSAJE_04.ASM   10-15-1982  13:36:48         PAGE  1


LOC  OBJECT CODE     LINE SOURCE TEXT
  VALUE

                      00001 ;************************************ Mensaje_04.asm ************************************
                      00002 ;
                      00003 ;       ===================================================================
                      00004 ;         Del libro "MICROCONTROLADOR PIC16F84A. DESARROLLO DE PROYECTOS"
                      00005 ;         E. Palacios, F. Remiro y L. López.
                      00006 ;         Editorial Ra-Ma.  www.ra-ma.es
                      00007 ;       ===================================================================
                      00008 ;
                      00009 ; En las dos líneas de la pantalla aparecerán dos mensajes parpadeante.
                      00010 ;
                      00011 ; ZONA DE DATOS **********************************************************************
                      00012 
2007   3FF1           00013         __CONFIG   _CP_OFF &  _WDT_OFF & _PWRTE_ON & _XT_OSC
                      00014         LIST       P=16F84A
                      00015         INCLUDE  <P16F84A.INC>
                      00001         LIST
                      00002 ; P16F84A.INC  Standard Header File, Version 2.00    Microchip Technology, Inc.
                      00134         LIST
                      00016 
                      00017         CBLOCK  0x0C
                      00018         ENDC
                      00019 
                      00020 ; ZONA DE CÓDIGOS ********************************************************************
                      00021 
0000                  00022         ORG     0
0000                  00023 Inicio
0000   202B           00024         call    LCD_Inicializa
0001                  00025 Principal
0001   300B           00026         movlw   Mensaje0                ; Apunta al mensaje de la primera línea y
0002   20AF           00027         call    LCD_Mensaje             ; lo visualiza.
0003   205E           00028         call    LCD_Linea2              ; Pasa a la segunda línea.
0004   301A           00029         movlw   Mensaje1                ; Apunta al mensaje de la segunda línea.
0005   20AF           00030         call    LCD_Mensaje             ; Lo visualiza.
0006   2110           00031         call    Retardo_500ms           ; Durante este tiempo.
0007   206A           00032         call    LCD_Borra               ; Borra la pantalla.
0008   2110           00033         call    Retardo_500ms           ; Durante este tiempo, produciendo un efecto de
0009   2801           00034         goto    Principal               ; parpadeo.
                      00035 ;
                      00036 ; "Mensajes" ----------------------------------------------------------------------------
                      00037 ;
000A                  00038 Mensajes
000A   0782           00039         addwf   PCL,F
000B                  00040 Mensaje0                                ; Posición inicial del mensaje 0.
000B   3420 3420 3445 00041         DT "  Estudia   un", 0x00
       3473 3474 3475 
       3464 3469 3461 
       3420 3420 3420 
       3475 346E 3400 
001A                  00042 Mensaje1                                ; Posición inicial del mensaje 1.
001A   3443 3469 3463 00043         DT "Ciclo  Formativo", 0x00
       346C 346F 3420 
       3420 3446 346F 
       3472 346D 3461 
MPASM 03.50 Released                           MENSAJE_04.ASM   10-15-1982  13:36:48         PAGE  2


LOC  OBJECT CODE     LINE SOURCE TEXT
  VALUE

       3474 3469 3476 
       346F 3400 
                      00044 
                      00045         INCLUDE  <LCD_4BIT.INC>
                      00001 ;**************************** Librería "LCD_4BIT.INC" ***********************************
                      00002 ;
                      00003 ;       ===================================================================
                      00004 ;         Del libro "MICROCONTROLADOR PIC16F84A. DESARROLLO DE PROYECTOS"
                      00005 ;         E. Palacios, F. Remiro y L. López.
                      00006 ;         Editorial Ra-Ma.  www.ra-ma.es
                      00007 ;       ===================================================================
                      00008 ;
                      00009 ; Estas subrutinas permiten realizar las tareas básicas de control de un módulo LCD de 2
                      00010 ; líneas por 16 caracteres, compatible con el modelo LM016L.
                      00011 ;
                      00012 ; El visualizador LCD está conectado al Puerto B del PIC mediante un bus de 4 bits. Las
                      00013 ; conexiones son:
                      00014 ;    -  Las 4 líneas superiores del módulo LCD, pines <DB7:DB4>  se conectan a las 4
                      00015 ;       líneas superiores del Puerto B del PIC, pines <RB7:RB4>.
                      00016 ;    -  Pin RS del LCD a la línea RA0 del PIC.
                      00017 ;    -  Pin R/W del LCD a la línea RA1 del PIC, o a masa.
                      00018 ;    -  Pin Enable del LCD a la línea RA2 del PIC.
                      00019 ;
                      00020 ; Se utilizan llamadas a subrutinas de retardo de tiempo localizadas en la librería RETARDOS.INC.
                      00021 ;
                      00022 ; ZONA DE DATOS *********************************************************************
                      00023 
                      00024         CBLOCK
  0000000C            00025         LCD_Dato
  0000000D            00026         LCD_GuardaDato
  0000000E            00027         LCD_GuardaTRISB
  0000000F            00028         LCD_Auxiliar1
  00000010            00029         LCD_Auxiliar2
                      00030         ENDC
                      00031 
  00000010            00032 LCD_CaracteresPorLinea  EQU     .16     ; Número de caracteres por línea de la pantalla.
                      00033 
                      00034 #DEFINE  LCD_PinRS      PORTA,0
                      00035 #DEFINE  LCD_PinRW      PORTA,1
                      00036 #DEFINE  LCD_PinEnable  PORTA,2
                      00037 #DEFINE  LCD_BusDatos   PORTB
                      00038 
                      00039 ; Subrutina "LCD_Inicializa" ------------------------------------------------------------
                      00040 ;
                      00041 ; Inicialización del módulo LCD: Configura funciones del LCD, produce reset por software,
                      00042 ; borra memoria y enciende pantalla. El fabricante especifica que para garantizar la
                      00043 ; configuración inicial hay que hacerla como sigue:
                      00044 ;
002B                  00045 LCD_Inicializa
002B   1683           00046         bsf     STATUS,RP0              ; Configura las líneas conectadas al pines RS,
002C   1005           00047         bcf     LCD_PinRS               ; R/W y E.
002D   1105           00048         bcf     LCD_PinEnable
002E   1085           00049         bcf     LCD_PinRW
MPASM 03.50 Released                           MENSAJE_04.ASM   10-15-1982  13:36:48         PAGE  3


LOC  OBJECT CODE     LINE SOURCE TEXT
  VALUE

002F   1283           00050         bcf     STATUS,RP0
0030   1085           00051         bcf     LCD_PinRW               ; En caso de que esté conectado, le indica
                      00052                                         ; que se va a escribir en el LCD.
0031   1105           00053         bcf     LCD_PinEnable           ; Impide funcionamiento del LCD, poniendo E=0.
0032   1005           00054         bcf     LCD_PinRS               ; Activa el Modo Comando, poniendo RS=0.
0033   20F4           00055         call    Retardo_20ms
0034   3030           00056         movlw   b'00110000'     
0035   2043           00057         call    LCD_EscribeLCD          ; Escribe el dato en el LCD.
0036   20F8           00058         call    Retardo_5ms     
0037   3030           00059         movlw   b'00110000'     
0038   2043           00060         call    LCD_EscribeLCD
0039   20E1           00061         call    Retardo_200micros
003A   3030           00062         movlw   b'00110000'     
003B   2043           00063         call    LCD_EscribeLCD
003C   3020           00064         movlw   b'00100000'             ; Interface de 4 bits.
003D   2043           00065         call    LCD_EscribeLCD
                      00066 
                      00067 ; Ahora configura el resto de los parámetros: 
                      00068 
003E   206C           00069         call    LCD_2Lineas4Bits5x7     ; LCD de 2 líneas y caracteres de 5x7 puntos.
003F   206A           00070         call    LCD_Borra               ; Pantalla encendida y limpia. Cursor al principio
0040   2068           00071         call    LCD_CursorOFF           ; de la línea 1. Cursor apagado.
0041   205A           00072         call    LCD_CursorIncr          ; Cursor en modo incrementar.
0042   0008           00073         return
                      00074 
                      00075 ; Subrutina "LCD_EscribeLCD" -----------------------------------------------------------
                      00076 ;
                      00077 ; Envía el dato del registro de trabajo W al bus de dato y produce un pequeño pulso en el
                      00078 ; pin "Enable" del LCD. Para no alterar el contenido de las líneas de la parte baja del Puerto B
                      00079 ; que no son utilizadas para el LCD (pines RB3.. RB0), primero se lee estas líneas y después
                      00080 ; se vuelve a enviar este dato sin cambiarlo.
                      00081 
0043                  00082 LCD_EscribeLCD
0043   39F0           00083         andlw   b'11110000'             ; Se queda con el nibble alto del dato que es el
0044   008C           00084         movwf   LCD_Dato                ; que hay que enviar y lo guarda.
0045   0806           00085         movf    LCD_BusDatos,W          ; Lee la información actual de la parte baja
0046   390F           00086         andlw   b'00001111'             ; del Puerto B, que no se debe alterar.
0047   048C           00087         iorwf   LCD_Dato,F              ; Enviará la parte alta del dato de entrada
                      00088                                         ; y en la parte baja lo que había antes.
0048   1683           00089         bsf     STATUS,RP0              ; Acceso al Banco 1.
Message[302]: Register in operand not in bank 0.  Ensure that bank bits are correct.
0049   0806           00090         movf    TRISB,W         ; Guarda la configuración que tenía antes TRISB.
004A   008E           00091         movwf   LCD_GuardaTRISB
004B   300F           00092         movlw   b'00001111'             ; Las 4 líneas inferiores del Puerto B se dejan 
004C   0586           00093         andwf   PORTB,F                 ; como estaban y las 4 superiores como salida.
004D   1283           00094         bcf     STATUS,RP0              ; Acceso al Banco 0.
                      00095 ;
004E   080C           00096         movf    LCD_Dato,W              ; Recupera el dato a enviar.
004F   0086           00097         movwf   LCD_BusDatos            ; Envía el dato al módulo LCD.
0050   1505           00098         bsf     LCD_PinEnable           ; Permite funcionamiento del LCD, mediante un pequeño
0051   1105           00099         bcf     LCD_PinEnable           ; pulso y termina impidiendo el funcionamiento del LCD.
0052   1C05           00100         btfss   LCD_PinRS               ; Debe garantizar una correcta escritura manteniendo 
0053   20FA           00101         call    Retardo_2ms             ; 2 ms en modo comando y 50 µs en modo cáracter.
MPASM 03.50 Released                           MENSAJE_04.ASM   10-15-1982  13:36:48         PAGE  4


LOC  OBJECT CODE     LINE SOURCE TEXT
  VALUE

0054   20E6           00102         call    Retardo_50micros
0055   1683           00103         bsf     STATUS,RP0              ; Acceso al Banco 1. Restaura el antiguo valor en
0056   080E           00104         movf    LCD_GuardaTRISB,W       ; la configuración del Puerto B.
0057   0086           00105         movwf   PORTB                   ; Realmente es TRISB.
0058   1283           00106         bcf     STATUS,RP0              ; Acceso al Banco 0.
0059   0008           00107         return
                      00108 
                      00109 ; Subrutinas variadas para el control del módulo LCD -----------------------------------------
                      00110 ;
                      00111 ;Los comandos que pueden ser ejecutados son:
                      00112 ;
005A                  00113 LCD_CursorIncr                          ; Cursor en modo incrementar.
005A   3006           00114         movlw   b'00000110'
005B   286D           00115         goto    LCD_EnviaComando
005C                  00116 LCD_Linea1                              ; Cursor al principio de la Línea 1.
005C   3080           00117         movlw   b'10000000'             ; Dirección 00h de la DDRAM
005D   286D           00118         goto    LCD_EnviaComando
005E                  00119 LCD_Linea2                              ; Cursor al principio de la Línea 2.
005E   30C0           00120         movlw   b'11000000'             ; Dirección 40h de la DDRAM
005F   286D           00121         goto    LCD_EnviaComando
0060                  00122 LCD_PosicionLinea1                      ; Cursor a posición de la Línea 1, a partir de la
0060   3880           00123         iorlw   b'10000000'             ; dirección 00h de la DDRAM más el valor del
0061   286D           00124         goto    LCD_EnviaComando        ; registro W.
0062                  00125 LCD_PosicionLinea2                      ; Cursor a posición de la Línea 2, a partir de la
0062   38C0           00126         iorlw   b'11000000'             ; dirección 40h de la DDRAM más el valor del
0063   286D           00127         goto    LCD_EnviaComando        ; registro W.
0064                  00128 LCD_OFF                         ; Pantalla apagada.
0064   3008           00129         movlw   b'00001000'
0065   286D           00130         goto    LCD_EnviaComando
0066                  00131 LCD_CursorON                            ; Pantalla encendida y cursor encendido.
0066   300E           00132         movlw   b'00001110'
0067   286D           00133         goto    LCD_EnviaComando
0068                  00134 LCD_CursorOFF                           ; Pantalla encendida y cursor apagado.
0068   300C           00135         movlw   b'00001100'
0069   286D           00136         goto    LCD_EnviaComando
006A                  00137 LCD_Borra                               ; Borra toda la pantalla, memoria DDRAM y pone el 
006A   3001           00138         movlw   b'00000001'             ; cursor a principio de la línea 1.
006B   286D           00139         goto    LCD_EnviaComando
006C                  00140 LCD_2Lineas4Bits5x7                     ; Define la pantalla de 2 líneas, con caracteres
006C   3028           00141         movlw   b'00101000'             ; de 5x7 puntos y conexión al PIC mediante bus de
                      00142 ;       goto    LCD_EnviaComando        ; 4 bits. 
                      00143 
                      00144 ; Subrutinas "LCD_EnviaComando" y "LCD_Caracter" ------------------------------------
                      00145 ;
                      00146 ; "LCD_EnviaComando": Escribe un comando en el registro del módulo LCD. La palabra de
                      00147 ; comando ha sido entregada a través del registro W.  Trabaja en Modo Comando.
                      00148 ; "LCD_Caracter": Escribe en la memoria DDRAM del LCD el carácter ASCII introducido a
                      00149 ; a través del registro W. Trabaja en Modo Dato.
                      00150 ;
006D                  00151 LCD_EnviaComando
006D   1005           00152         bcf     LCD_PinRS               ; Activa el Modo Comando, poniendo RS=0.
006E   2871           00153         goto    LCD_Envia
006F                  00154 LCD_Caracter
MPASM 03.50 Released                           MENSAJE_04.ASM   10-15-1982  13:36:48         PAGE  5


LOC  OBJECT CODE     LINE SOURCE TEXT
  VALUE

006F   1405           00155         bsf     LCD_PinRS               ; Activa el "Modo Dato", poniendo RS=1.
0070   2076           00156         call    LCD_CodigoCGROM ; Obtiene el código para correcta visualización.
0071                  00157 LCD_Envia
0071   008D           00158         movwf   LCD_GuardaDato          ; Guarda el dato a enviar.
0072   2043           00159         call    LCD_EscribeLCD          ; Primero envía el nibble alto.
0073   0E0D           00160         swapf   LCD_GuardaDato,W        ; Ahora envía el nibble bajo. Para ello pasa el
                      00161                                         ; nibble bajo del dato a enviar a parte alta del byte.
0074   2043           00162         call    LCD_EscribeLCD          ; Se envía al visualizador LCD.
0075   0008           00163         return  
                      00164 
                      00165 ; Subrutina "LCD_CodigoCGROM" -----------------------------------------------------------
                      00166 ;
                      00167 ; A partir del carácter ASCII número 127, los códigos de los caracteres definidos en la
                      00168 ; tabla CGROM del LM016L no coinciden con los códigos ASCII. Así por ejemplo, el código
                      00169 ; ASCII de la "Ñ" en la tabla CGRAM del LM016L es EEh.
                      00170 ;
                      00171 ; Esta subrutina convierte los códigos ASCII de la "Ñ", "º" y otros, a códigos CGROM para que
                      00172 ; que puedan ser visualizado en el módulo LM016L.
                      00173 ; 
                      00174 ; Entrada:      En (W) el código ASCII del carácter que se desea visualizar.
                      00175 ; Salida:       En (W) el código definido en la tabla CGROM.
                      00176 
0076                  00177 LCD_CodigoCGROM
0076   008C           00178         movwf   LCD_Dato                ; Guarda el valor del carácter y comprueba si es
0077                  00179 LCD_EnheMinuscula                       ; un carácter especial.
0077   3CF1           00180         sublw   'ñ'                     ; ¿Es la "ñ"?
0078   1D03           00181         btfss   STATUS,Z
0079   287D           00182         goto    LCD_EnheMayuscula       ; No es "ñ".
007A   30EE           00183         movlw   b'11101110'             ; Código CGROM de la "ñ".
007B   008C           00184         movwf   LCD_Dato
007C   288A           00185         goto    LCD_FinCGROM
007D                  00186 LCD_EnheMayuscula
007D   080C           00187         movf    LCD_Dato,W              ; Recupera el código ASCII de entrada.
007E   3CD1           00188         sublw   'Ñ'                     ; ¿Es la "Ñ"?
007F   1D03           00189         btfss   STATUS,Z
0080   2884           00190         goto    LCD_Grado               ; No es "Ñ".
0081   30EE           00191         movlw   b'11101110'             ; Código CGROM de la "ñ". (No hay símbolo para
0082   008C           00192         movwf   LCD_Dato                ; la "Ñ" mayúscula en la CGROM).
0083   288A           00193         goto    LCD_FinCGROM    
0084                  00194 LCD_Grado
0084   080C           00195         movf    LCD_Dato,W              ; Recupera el código ASCII de entrada.
0085   3CBA           00196         sublw   'º'                     ; ¿Es el símbolo "º"?
0086   1D03           00197         btfss   STATUS,Z
0087   288A           00198         goto    LCD_FinCGROM            ; No es "º".
0088   30DF           00199         movlw   b'11011111'             ; Código CGROM del símbolo "º".
0089   008C           00200         movwf   LCD_Dato
008A                  00201 LCD_FinCGROM
008A   080C           00202         movf    LCD_Dato,W              ; En (W) el código buscado.
008B   0008           00203         return
                      00204 
                      00205 ; Subrutina "LCD_DosEspaciosBlancos" y "LCD_LineaBlanco" --------------------------------
                      00206 ;
                      00207 ; Visualiza espacios en blanco.
MPASM 03.50 Released                           MENSAJE_04.ASM   10-15-1982  13:36:48         PAGE  6


LOC  OBJECT CODE     LINE SOURCE TEXT
  VALUE

                      00208 
008C                  00209 LCD_LineaEnBlanco
008C   3010           00210         movlw   LCD_CaracteresPorLinea
008D   2893           00211         goto    LCD_EnviaBlancos
008E                  00212 LCD_UnEspacioBlanco
008E   3001           00213         movlw   .1
008F   2893           00214         goto    LCD_EnviaBlancos
0090                  00215 LCD_DosEspaciosBlancos
0090   3002           00216         movlw   .2
0091   2893           00217         goto    LCD_EnviaBlancos
0092                  00218 LCD_TresEspaciosBlancos
0092   3003           00219         movlw   .3
0093                  00220 LCD_EnviaBlancos
0093   008F           00221         movwf   LCD_Auxiliar1           ; (LCD_Auxiliar1) se utiliza como contador.
0094                  00222 LCD_EnviaOtroBlanco     
0094   3020           00223         movlw   ' '                     ; Esto es un espacio en blanco.
0095   206F           00224         call    LCD_Caracter            ; Visualiza tanto espacios en blanco como se
0096   0B8F           00225         decfsz  LCD_Auxiliar1,F         ; haya cargado en (LCD_Auxiliar1).
0097   2894           00226         goto    LCD_EnviaOtroBlanco
0098   0008           00227         return
                      00228 
                      00229 ; Subrutinas "LCD_ByteCompleto" y "LCD_Byte" --------------------------------------------
                      00230 ;
                      00231 ; Subrutina "LCD_ByteCompleto": Visualiza el byte que almacena el registro W en el
                      00232 ; lugar actual de la pantalla. Por ejemplo, si (W)=b'10101110' visualiza "AE".
                      00233 ;
                      00234 ; Subrutina "LCD_Byte" igual que la anterior, pero en caso de que el nibble alto sea cero, 
                      00235 ; visualiza en su lugar un espacio en blanco. Por ejemplo si (W)=b'10101110' visualiza "AE"
                      00236 ; y si (W)=b'00001110', visualiza " E" (un espacio blanco delante).
                      00237 ;
                      00238 ; Utilizan la subrutina "LCD_Nibble" que se analiza más adelante.
                      00239 ;
0099                  00240 LCD_Byte
0099   0090           00241         movwf   LCD_Auxiliar2           ; Guarda el valor de entrada.
009A   39F0           00242         andlw   b'11110000'             ; Analiza si el nibble alto es cero.
009B   1D03           00243         btfss   STATUS,Z                ; Si es cero lo apaga.
009C   28A1           00244         goto    LCD_VisualizaAlto               ; No es cero y lo visualiza.
009D   3020           00245         movlw   ' '                     ; Visualiza un espacio en blanco.
009E   206F           00246         call    LCD_Caracter
009F   28A3           00247         goto    LCD_VisualizaBajo
                      00248 
00A0                  00249 LCD_ByteCompleto
00A0   0090           00250         movwf   LCD_Auxiliar2           ; Guarda el valor de entrada.
00A1                  00251 LCD_VisualizaAlto
00A1   0E10           00252         swapf   LCD_Auxiliar2,W         ; Pone el nibble alto en la parte baja.
00A2   20A4           00253         call    LCD_Nibble              ; Lo visualiza.
00A3                  00254 LCD_VisualizaBajo
00A3   0810           00255         movf    LCD_Auxiliar2,W         ; Repite el proceso con el nibble bajo.
                      00256 ;       call    LCD_Nibble              ; Lo visualiza.
                      00257 ;       return
                      00258 
                      00259 ; Subrutina "LCD_Nibble" ----------------------------------------------------------------
                      00260 ;
MPASM 03.50 Released                           MENSAJE_04.ASM   10-15-1982  13:36:48         PAGE  7


LOC  OBJECT CODE     LINE SOURCE TEXT
  VALUE

                      00261 ; Visualiza en el lugar actual de la pantalla, el valor hexadecimal que almacena en el nibble
                      00262 ; bajo del registro W. El nibble alto de W no es tenido en cuenta. Ejemplos:
                      00263 ; - Si (W)=b'01010110', se visualizará "6". 
                      00264 ; - Si (W)=b'10101110', se visualizará "E". 
                      00265 ;
00A4                  00266 LCD_Nibble
00A4   390F           00267         andlw   b'00001111'             ; Se queda con la parte baja.
00A5   008F           00268         movwf   LCD_Auxiliar1           ; Lo guarda.
00A6   3C09           00269         sublw   0x09                    ; Comprueba si hay que representarlo con letra.
00A7   1C03           00270         btfss   STATUS,C        
00A8   28AC           00271         goto    LCD_EnviaByteLetra
00A9   080F           00272         movf    LCD_Auxiliar1,W
00AA   3E30           00273         addlw   '0'                     ; El número se pasa a carácter ASCII sumándole
00AB   28AE           00274         goto    LCD_FinVisualizaDigito  ; el ASCII del cero y lo visualiza.
00AC                  00275 LCD_EnviaByteLetra
00AC   080F           00276         movf    LCD_Auxiliar1,W
00AD   3E37           00277         addlw   'A'-0x0A                        ; Sí, por tanto, se le suma el ASCII de la 'A'.
00AE                  00278 LCD_FinVisualizaDigito
00AE   286F           00279         goto    LCD_Caracter            ; Y visualiza el carácter. Se hace con un "goto"
                      00280                                         ; para no sobrecargar la pila.
                      00046         INCLUDE  <LCD_MENS.INC>
                      00001 ;**************************** Librería "LCD_MENS.INC" ********************************
                      00002 ;
                      00003 ;       ===================================================================
                      00004 ;         Del libro "MICROCONTROLADOR PIC16F84A. DESARROLLO DE PROYECTOS"
                      00005 ;         E. Palacios, F. Remiro y L. López.
                      00006 ;         Editorial Ra-Ma.  www.ra-ma.es
                      00007 ;       ===================================================================
                      00008 ;
                      00009 ; Librería de subrutinas para el manejo de mensajes a visualizar en un visualizador LCD.
                      00010 
                      00011         CBLOCK
  00000011            00012         LCD_ApuntaCaracter              ; Indica la posición del carácter a visualizar
                      00013                                         ; respecto del comienzo de todos los mensajes,
                      00014                                         ; (posición de la etiqueta "Mensajes").
  00000012            00015         LCD_ValorCaracter                       ; Código ASCII del carácter a 
                      00016         ENDC                            ; visualizar.
                      00017 
                      00018 ; Los mensajes tienen que estar situados dentro de las 256 primeras posiciones de la 
                      00019 ; memoria de programa, es decir, no pueden superar la dirección 0FFh.
                      00020 
                      00021 ; Subrutina "LCD_Mensaje" ---------------------------------------------------------------
                      00022 ;
                      00023 ; Visualiza por pantalla el mensaje apuntado por el registro W.
                      00024 ;
                      00025 ; Los mensajes deben localizarse dentro de una zona encabezada por la etiqueta "Mensajes" y que
                      00026 ; tenga la siguiente estructura:
                      00027 ;
                      00028 ; Mensajes                              ; ¡Etiqueta obligatoria!
                      00029 ;       addwf   PCL,F
                      00030 ; Mensaje0                              ; Posición inicial del mensaje.
                      00031 ;       DT ".. ..", 0x00                        ; Mensaje terminado en 0x00.
                      00032 ; Mensaje1
MPASM 03.50 Released                           MENSAJE_04.ASM   10-15-1982  13:36:48         PAGE  8


LOC  OBJECT CODE     LINE SOURCE TEXT
  VALUE

                      00033 ;       ...     
                      00034 ;       ...
                      00035 ; FinMensajes
                      00036 ;
                      00037 ; La llamada a esta subrutina se realizará siguiendo este ejemplo:
                      00038 ;
                      00039 ;       movlw   Mensaje0                        ; Carga la posición del mensaje.
                      00040 ;       call    LCD_Mensaje             ; Visualiza el mensaje.
                      00041 ;
00AF                  00042 LCD_Mensaje
00AF   0091           00043         movwf   LCD_ApuntaCaracter      ; Posición de primer carácter del mensaje.
00B0   300A           00044         movlw   Mensajes                        ; Halla la posición relativa del primer carácter
00B1   0291           00045         subwf   LCD_ApuntaCaracter,F    ; del mensaje respecto de etiqueta "Mensajes".
00B2   0391           00046         decf    LCD_ApuntaCaracter,F    ; Compensa la posición que ocupa "addwf PCL,F".
00B3                  00047 LCD_VisualizaOtroCaracter
00B3   0811           00048         movf    LCD_ApuntaCaracter,W
00B4   200A           00049         call    Mensajes                        ; Obtiene el código ASCII del carácter apuntado.
00B5   0092           00050         movwf   LCD_ValorCaracter               ; Guarda el valor de carácter.
00B6   0892           00051         movf    LCD_ValorCaracter,F     ; Lo único que hace es posicionar flag Z. En caso
00B7   1903           00052         btfsc   STATUS,Z                ; que sea "0x00", que es código indicador final 
00B8   28BC           00053         goto    LCD_FinMensaje          ; de mensaje, sale fuera.
00B9                  00054 LCD_NoUltimoCaracter
00B9   206F           00055         call    LCD_Caracter            ; Visualiza el carácter ASCII leído.
00BA   0A91           00056         incf    LCD_ApuntaCaracter,F    ; Apunta a la posición del siguiente carácter 
00BB   28B3           00057         goto    LCD_VisualizaOtroCaracter       ; dentro del mensaje.
00BC                  00058 LCD_FinMensaje
00BC   0008           00059         return                          ; Vuelve al programa principal.
                      00060 
                      00061 ; Subrutina "LCD_MensajeMovimiento" -----------------------------------------------------
                      00062 ;
                      00063 ; Visualiza un mensaje de mayor longitud que los 16 caracteres que pueden representarse
                      00064 ; en una línea, por tanto se desplaza a través de la pantalla.
                      00065 ;
                      00066 ; En el mensaje debe dejarse 16 espacios en blanco, al principio y al final para
                      00067 ; conseguir que el desplazamiento del mensaje sea lo más legible posible.
                      00068 ;
                      00069         CBLOCK  
  00000013            00070         LCD_CursorPosicion              ; Contabiliza la posición del cursor dentro de la
                      00071         ENDC                            ; pantalla LCD
                      00072 
00BD                  00073 LCD_MensajeMovimiento
00BD   0091           00074         movwf   LCD_ApuntaCaracter      ; Posición del primer carácter del mensaje.
00BE   300A           00075         movlw   Mensajes                        ; Halla la posición relativa del primer carácter
00BF   0291           00076         subwf   LCD_ApuntaCaracter,F    ; del mensaje respecto de la etiqueta "Mensajes".
00C0   0391           00077         decf    LCD_ApuntaCaracter,F    ; Compensa la posición que ocupa "addwf PCL,F".
00C1                  00078 LCD_PrimeraPosicion
00C1   0193           00079         clrf    LCD_CursorPosicion      ; El cursor en la posición 0 de la línea.
00C2   206A           00080         call    LCD_Borra               ; Se sitúa en la primera posición de la línea 1 y
00C3                  00081 LCD_VisualizaCaracter                   ; borra la pantalla.
00C3   3010           00082         movlw   LCD_CaracteresPorLinea  ; ¿Ha llegado a final de línea?
00C4   0213           00083         subwf   LCD_CursorPosicion,W
00C5   1D03           00084         btfss   STATUS,Z
00C6   28CC           00085         goto    LCD_NoEsFinalLinea
MPASM 03.50 Released                           MENSAJE_04.ASM   10-15-1982  13:36:48         PAGE  9


LOC  OBJECT CODE     LINE SOURCE TEXT
  VALUE

00C7                  00086 LCD_EsFinalLinea
00C7   20EE           00087         call    Retardo_200ms           ; Lo mantiene visualizado durante este tiempo.
00C8   20EE           00088         call    Retardo_200ms
00C9   300F           00089         movlw   LCD_CaracteresPorLinea-1        ; Apunta a la posición del segundo carácter visualizado
00CA   0291           00090         subwf   LCD_ApuntaCaracter,F    ; en pantalla y que será el primero en la siguiente
00CB   28C1           00091         goto    LCD_PrimeraPosicion      ; visualización de línea, para producir el efecto
00CC                  00092 LCD_NoEsFinalLinea                      ; de desplazamiento hacia la izquierda.
00CC   0811           00093         movf    LCD_ApuntaCaracter,W
00CD   200A           00094         call    Mensajes                        ; Obtiene el ASCII del carácter apuntado.
00CE   0092           00095         movwf   LCD_ValorCaracter               ; Guarda el valor de carácter.
00CF   0892           00096         movf    LCD_ValorCaracter,F     ; Lo único que hace es posicionar flag Z. En caso
00D0   1903           00097         btfsc   STATUS,Z                ; que sea "0x00", que es código indicador final 
00D1   28D6           00098         goto    LCD_FinMovimiento       ; de mensaje, sale fuera.
00D2                  00099 LCD_NoUltimoCaracter2
00D2   206F           00100         call    LCD_Caracter            ; Visualiza el carácter ASCII leído.
00D3   0A93           00101         incf    LCD_CursorPosicion,F    ; Contabiliza el incremento de posición del 
                      00102                                         ; cursor en la pantalla.
00D4   0A91           00103         incf    LCD_ApuntaCaracter,F    ; Apunta a la siguiente posición por visualizar.
00D5   28C3           00104         goto    LCD_VisualizaCaracter   ; Vuelve a visualizar el siguiente carácter
00D6                  00105 LCD_FinMovimiento                       ; de la línea.
00D6   0008           00106         return                          ; Vuelve al programa principal.
                      00047         INCLUDE  <RETARDOS.INC>
                      00001 ;**************************** Librería "RETARDOS.INC" *********************************
                      00002 ;
                      00003 ;       ===================================================================
                      00004 ;         Del libro "MICROCONTROLADOR PIC16F84A. DESARROLLO DE PROYECTOS"
                      00005 ;         E. Palacios, F. Remiro y L. López.
                      00006 ;         Editorial Ra-Ma.  www.ra-ma.es
                      00007 ;       ===================================================================
                      00008 ;
                      00009 ; Librería con múltiples subrutinas de retardos, desde 4 microsegundos hasta 20 segundos. 
                      00010 ; Además se pueden implementar otras subrutinas muy fácilmente.
                      00011 ;
                      00012 ; Se han calculado para un sistema microcontrolador con un PIC trabajando con un cristal
                      00013 ; de cuarzo a 4 MHz. Como cada ciclo máquina son 4 ciclos de reloj, resulta que cada
                      00014 ; ciclo máquina tarda 4 x 1/4MHz = 1 µs.
                      00015 ;
                      00016 ; En los comentarios, "cm" significa "ciclos máquina".
                      00017 ;
                      00018 ; ZONA DE DATOS *********************************************************************
                      00019 
                      00020         CBLOCK
  00000014            00021         R_ContA                         ; Contadores para los retardos.
  00000015            00022         R_ContB
  00000016            00023         R_ContC
                      00024         ENDC
                      00025 ;
                      00026 ; RETARDOS de 4 hasta 10 microsegundos ---------------------------------------------------
                      00027 ;
                      00028 ; A continuación retardos pequeños teniendo en cuenta que para una frecuencia de 4 MHZ,
                      00029 ; la llamada a subrutina "call" tarda 2 ciclos máquina, el retorno de subrutina
                      00030 ; "return" toma otros 2 ciclos máquina y cada instrucción "nop" tarda 1 ciclo máquina.
                      00031 ;
MPASM 03.50 Released                           MENSAJE_04.ASM   10-15-1982  13:36:48         PAGE 10


LOC  OBJECT CODE     LINE SOURCE TEXT
  VALUE

00D7                  00032 Retardo_10micros                                ; La llamada "call" aporta 2 ciclos máquina.
00D7   0000           00033         nop                             ; Aporta 1 ciclo máquina.
00D8   0000           00034         nop                             ; Aporta 1 ciclo máquina.
00D9   0000           00035         nop                             ; Aporta 1 ciclo máquina.
00DA   0000           00036         nop                             ; Aporta 1 ciclo máquina.
00DB   0000           00037         nop                             ; Aporta 1 ciclo máquina.
00DC                  00038 Retardo_5micros                         ; La llamada "call" aporta 2 ciclos máquina.
00DC   0000           00039         nop                             ; Aporta 1 ciclo máquina.
00DD                  00040 Retardo_4micros                         ; La llamada "call" aporta 2 ciclos máquina.
00DD   0008           00041         return                          ; El salto del retorno aporta 2 ciclos máquina.
                      00042 ;
                      00043 ; RETARDOS de 20 hasta 500 microsegundos ------------------------------------------------
                      00044 ;
00DE                  00045 Retardo_500micros                               ; La llamada "call" aporta 2 ciclos máquina.
00DE   0000           00046         nop                             ; Aporta 1 ciclo máquina.
00DF   30A4           00047         movlw   d'164'                  ; Aporta 1 ciclo máquina. Este es el valor de "K".
00E0   28EA           00048         goto    RetardoMicros           ; Aporta 2 ciclos máquina.
00E1                  00049 Retardo_200micros                               ; La llamada "call" aporta 2 ciclos máquina.
00E1   0000           00050         nop                             ; Aporta 1 ciclo máquina.
00E2   3040           00051         movlw   d'64'                   ; Aporta 1 ciclo máquina. Este es el valor de "K".
00E3   28EA           00052         goto    RetardoMicros           ; Aporta 2 ciclos máquina.
00E4                  00053 Retardo_100micros                               ; La llamada "call" aporta 2 ciclos máquina.
00E4   301F           00054         movlw   d'31'                   ; Aporta 1 ciclo máquina. Este es el valor de "K".
00E5   28EA           00055         goto    RetardoMicros           ; Aporta 2 ciclos máquina.
00E6                  00056 Retardo_50micros                                ; La llamada "call" aporta 2 ciclos máquina.
00E6   0000           00057         nop                             ; Aporta 1 ciclo máquina.
00E7   300E           00058         movlw   d'14'                   ; Aporta 1 ciclo máquina. Este es el valor de "K".
00E8   28EA           00059         goto    RetardoMicros           ; Aporta 2 ciclos máquina.
00E9                  00060 Retardo_20micros                                ; La llamada "call" aporta 2 ciclos máquina.
00E9   3005           00061         movlw   d'5'                    ; Aporta 1 ciclo máquina. Este es el valor de "K".
                      00062 ;
                      00063 ; El próximo bloque "RetardoMicros" tarda:
                      00064 ; 1 + (K-1) + 2 + (K-1)x2 + 2 = (2 + 3K) ciclos máquina.
                      00065 ;
00EA                  00066 RetardoMicros
00EA   0094           00067         movwf   R_ContA                 ; Aporta 1 ciclo máquina.
00EB                  00068 Rmicros_Bucle
00EB   0B94           00069         decfsz  R_ContA,F               ; (K-1)x1 cm (cuando no salta) + 2 cm (al saltar).
00EC   28EB           00070         goto    Rmicros_Bucle           ; Aporta (K-1)x2 ciclos máquina.
00ED   0008           00071         return                          ; El salto del retorno aporta 2 ciclos máquina.
                      00072 ;
                      00073 ;En total estas subrutinas tardan:
                      00074 ; - Retardo_500micros:  2 + 1 + 1 + 2 + (2 + 3K) = 500 cm = 500 µs. (para K=164 y 4 MHz).
                      00075 ; - Retardo_200micros:  2 + 1 + 1 + 2 + (2 + 3K) = 200 cm = 200 µs. (para K= 64 y 4 MHz).
                      00076 ; - Retardo_100micros:  2     + 1 + 2 + (2 + 3K) = 100 cm = 100 µs. (para K= 31 y 4 MHz).
                      00077 ; - Retardo_50micros :  2 + 1 + 1 + 2 + (2 + 3K) =  50 cm =  50 µs. (para K= 14 y 4 MHz).
                      00078 ; - Retardo_20micros :  2     + 1     + (2 + 3K) =  20 cm =  20 µs. (para K=  5 y 4 MHz).
                      00079 ;
                      00080 ; RETARDOS de 1 ms hasta 200 ms. --------------------------------------------------------
                      00081 ;
00EE                  00082 Retardo_200ms                           ; La llamada "call" aporta 2 ciclos máquina.
00EE   30C8           00083         movlw   d'200'                  ; Aporta 1 ciclo máquina. Este es el valor de "M".
00EF   28FD           00084         goto    Retardos_ms             ; Aporta 2 ciclos máquina.
MPASM 03.50 Released                           MENSAJE_04.ASM   10-15-1982  13:36:48         PAGE 11


LOC  OBJECT CODE     LINE SOURCE TEXT
  VALUE

00F0                  00085 Retardo_100ms                           ; La llamada "call" aporta 2 ciclos máquina.
00F0   3064           00086         movlw   d'100'                  ; Aporta 1 ciclo máquina. Este es el valor de "M".
00F1   28FD           00087         goto    Retardos_ms             ; Aporta 2 ciclos máquina.
00F2                  00088 Retardo_50ms                            ; La llamada "call" aporta 2 ciclos máquina.
00F2   3032           00089         movlw   d'50'                   ; Aporta 1 ciclo máquina. Este es el valor de "M".
00F3   28FD           00090         goto    Retardos_ms             ; Aporta 2 ciclos máquina.
00F4                  00091 Retardo_20ms                            ; La llamada "call" aporta 2 ciclos máquina.
00F4   3014           00092         movlw   d'20'                   ; Aporta 1 ciclo máquina. Este es el valor de "M".
00F5   28FD           00093         goto    Retardos_ms             ; Aporta 2 ciclos máquina.
00F6                  00094 Retardo_10ms                            ; La llamada "call" aporta 2 ciclos máquina.
00F6   300A           00095         movlw   d'10'                   ; Aporta 1 ciclo máquina. Este es el valor de "M".
00F7   28FD           00096         goto    Retardos_ms             ; Aporta 2 ciclos máquina.
00F8                  00097 Retardo_5ms                             ; La llamada "call" aporta 2 ciclos máquina.
00F8   3005           00098         movlw   d'5'                    ; Aporta 1 ciclo máquina. Este es el valor de "M".
00F9   28FD           00099         goto    Retardos_ms             ; Aporta 2 ciclos máquina.
00FA                  00100 Retardo_2ms                             ; La llamada "call" aporta 2 ciclos máquina.
00FA   3002           00101         movlw   d'2'                    ; Aporta 1 ciclo máquina. Este es el valor de "M".
00FB   28FD           00102         goto    Retardos_ms             ; Aporta 2 ciclos máquina.
00FC                  00103 Retardo_1ms                             ; La llamada "call" aporta 2 ciclos máquina.
00FC   3001           00104         movlw   d'1'                    ; Aporta 1 ciclo máquina. Este es el valor de "M".
                      00105 ;
                      00106 ; El próximo bloque "Retardos_ms" tarda:
                      00107 ; 1 + M + M + KxM + (K-1)xM + Mx2 + (K-1)Mx2 + (M-1) + 2 + (M-1)x2 + 2 =
                      00108 ; = (2 + 4M + 4KM) ciclos máquina. Para K=249 y M=1 supone 1002 ciclos máquina
                      00109 ; que a 4 MHz son 1002 µs = 1 ms.
                      00110 ;
00FD                  00111 Retardos_ms
00FD   0095           00112         movwf   R_ContB                 ; Aporta 1 ciclo máquina.
00FE                  00113 R1ms_BucleExterno
00FE   30F9           00114         movlw   d'249'                  ; Aporta Mx1 ciclos máquina. Este es el valor de "K".
00FF   0094           00115         movwf   R_ContA                 ; Aporta Mx1 ciclos máquina.
0100                  00116 R1ms_BucleInterno
0100   0000           00117         nop                             ; Aporta KxMx1 ciclos máquina.
0101   0B94           00118         decfsz  R_ContA,F               ; (K-1)xMx1 cm (cuando no salta) + Mx2 cm (al saltar).
0102   2900           00119         goto    R1ms_BucleInterno               ; Aporta (K-1)xMx2 ciclos máquina.
0103   0B95           00120         decfsz  R_ContB,F               ; (M-1)x1 cm (cuando no salta) + 2 cm (al saltar).
0104   28FE           00121         goto    R1ms_BucleExterno       ; Aporta (M-1)x2 ciclos máquina.
0105   0008           00122         return                          ; El salto del retorno aporta 2 ciclos máquina.
                      00123 ;
                      00124 ;En total estas subrutinas tardan:
                      00125 ; - Retardo_200ms:      2 + 1 + 2 + (2 + 4M + 4KM) = 200007 cm = 200 ms. (M=200 y K=249).
                      00126 ; - Retardo_100ms:      2 + 1 + 2 + (2 + 4M + 4KM) = 100007 cm = 100 ms. (M=100 y K=249).
                      00127 ; - Retardo_50ms :      2 + 1 + 2 + (2 + 4M + 4KM) =  50007 cm =  50 ms. (M= 50 y K=249).
                      00128 ; - Retardo_20ms :      2 + 1 + 2 + (2 + 4M + 4KM) =  20007 cm =  20 ms. (M= 20 y K=249).
                      00129 ; - Retardo_10ms :      2 + 1 + 2 + (2 + 4M + 4KM) =  10007 cm =  10 ms. (M= 10 y K=249).
                      00130 ; - Retardo_5ms  :      2 + 1 + 2 + (2 + 4M + 4KM) =   5007 cm =   5 ms. (M=  5 y K=249).
                      00131 ; - Retardo_2ms  :      2 + 1 + 2 + (2 + 4M + 4KM) =   2007 cm =   2 ms. (M=  2 y K=249).
                      00132 ; - Retardo_1ms  :      2 + 1     + (2 + 4M + 4KM) =   1005 cm =   1 ms. (M=  1 y K=249).
                      00133 ;
                      00134 ; RETARDOS de 0.5 hasta 20 segundos ---------------------------------------------------
                      00135 ;
0106                  00136 Retardo_20s                             ; La llamada "call" aporta 2 ciclos máquina.
0106   30C8           00137         movlw   d'200'                  ; Aporta 1 ciclo máquina. Este es el valor de "N".
MPASM 03.50 Released                           MENSAJE_04.ASM   10-15-1982  13:36:48         PAGE 12


LOC  OBJECT CODE     LINE SOURCE TEXT
  VALUE

0107   2911           00138         goto    Retardo_1Decima         ; Aporta 2 ciclos máquina.
0108                  00139 Retardo_10s                             ; La llamada "call" aporta 2 ciclos máquina.
0108   3064           00140         movlw   d'100'                  ; Aporta 1 ciclo máquina. Este es el valor de "N".
0109   2911           00141         goto    Retardo_1Decima         ; Aporta 2 ciclos máquina.
010A                  00142 Retardo_5s                              ; La llamada "call" aporta 2 ciclos máquina.
010A   3032           00143         movlw   d'50'                   ; Aporta 1 ciclo máquina. Este es el valor de "N".
010B   2911           00144         goto    Retardo_1Decima         ; Aporta 2 ciclos máquina.
010C                  00145 Retardo_2s                              ; La llamada "call" aporta 2 ciclos máquina.
010C   3014           00146         movlw   d'20'                   ; Aporta 1 ciclo máquina. Este es el valor de "N".
010D   2911           00147         goto    Retardo_1Decima         ; Aporta 2 ciclos máquina.
010E                  00148 Retardo_1s                              ; La llamada "call" aporta 2 ciclos máquina.
010E   300A           00149         movlw   d'10'                   ; Aporta 1 ciclo máquina. Este es el valor de "N".
010F   2911           00150         goto    Retardo_1Decima         ; Aporta 2 ciclos máquina.
0110                  00151 Retardo_500ms                           ; La llamada "call" aporta 2 ciclos máquina.
0110   3005           00152         movlw   d'5'                    ; Aporta 1 ciclo máquina. Este es el valor de "N".
                      00153 ;
                      00154 ; El próximo bloque "Retardo_1Decima" tarda:
                      00155 ; 1 + N + N + MxN + MxN + KxMxN + (K-1)xMxN + MxNx2 + (K-1)xMxNx2 +
                      00156 ;   + (M-1)xN + Nx2 + (M-1)xNx2 + (N-1) + 2 + (N-1)x2 + 2 =
                      00157 ; = (2 + 4M + 4MN + 4KM) ciclos máquina. Para K=249, M=100 y N=1 supone 100011
                      00158 ; ciclos máquina que a 4 MHz son 100011 µs = 100 ms = 0,1 s = 1 décima de segundo.
                      00159 ;
0111                  00160 Retardo_1Decima
0111   0096           00161         movwf   R_ContC                 ; Aporta 1 ciclo máquina.
0112                  00162 R1Decima_BucleExterno2
0112   3064           00163         movlw   d'100'                  ; Aporta Nx1 ciclos máquina. Este es el valor de "M".
0113   0095           00164         movwf   R_ContB                 ; Aporta Nx1 ciclos máquina.
0114                  00165 R1Decima_BucleExterno
0114   30F9           00166         movlw   d'249'                  ; Aporta MxNx1 ciclos máquina. Este es el valor de "K".
0115   0094           00167         movwf   R_ContA                 ; Aporta MxNx1 ciclos máquina.
0116                  00168 R1Decima_BucleInterno          
0116   0000           00169         nop                             ; Aporta KxMxNx1 ciclos máquina.
0117   0B94           00170         decfsz  R_ContA,F               ; (K-1)xMxNx1 cm (si no salta) + MxNx2 cm (al saltar).
0118   2916           00171         goto    R1Decima_BucleInterno   ; Aporta (K-1)xMxNx2 ciclos máquina.
0119   0B95           00172         decfsz  R_ContB,F               ; (M-1)xNx1 cm (cuando no salta) + Nx2 cm (al saltar).
011A   2914           00173         goto    R1Decima_BucleExterno   ; Aporta (M-1)xNx2 ciclos máquina.
011B   0B96           00174         decfsz  R_ContC,F               ; (N-1)x1 cm (cuando no salta) + 2 cm (al saltar).
011C   2912           00175         goto    R1Decima_BucleExterno2  ; Aporta (N-1)x2 ciclos máquina.
011D   0008           00176         return                          ; El salto del retorno aporta 2 ciclos máquina.
                      00177 ;
                      00178 ;En total estas subrutinas tardan:
                      00179 ; - Retardo_20s:        2 + 1 + 2 + (2 + 4N + 4MN + 4KMN) = 20000807 cm = 20 s.
                      00180 ;                       (N=200, M=100 y K=249).
                      00181 ; - Retardo_10s:        2 + 1 + 2 + (2 + 4N + 4MN + 4KMN) = 10000407 cm = 10 s.
                      00182 ;                       (N=100, M=100 y K=249).
                      00183 ; - Retardo_5s:         2 + 1 + 2 + (2 + 4N + 4MN + 4KMN) =  5000207 cm =  5 s.
                      00184 ;                       (N= 50, M=100 y K=249).
                      00185 ; - Retardo_2s:         2 + 1 + 2 + (2 + 4N + 4MN + 4KMN) =  2000087 cm =  2 s.
                      00186 ;                       (N= 20, M=100 y K=249).
                      00187 ; - Retardo_1s:         2 + 1 + 2 + (2 + 4N + 4MN + 4KMN) =  1000047 cm =  1 s.
                      00188 ;                       (N= 10, M=100 y K=249).
                      00189 ; - Retardo_500ms:      2 + 1     + (2 + 4N + 4MN + 4KMN) =   500025 cm = 0,5 s.
                      00190 ;                       (N=  5, M=100 y K=249).
MPASM 03.50 Released                           MENSAJE_04.ASM   10-15-1982  13:36:48         PAGE 13


LOC  OBJECT CODE     LINE SOURCE TEXT
  VALUE

                      00048         END
MPASM 03.50 Released                           MENSAJE_04.ASM   10-15-1982  13:36:48         PAGE 14


SYMBOL TABLE
  LABEL                             VALUE 

C                                 00000000
DC                                00000001
EEADR                             00000009
EECON1                            00000088
EECON2                            00000089
EEDATA                            00000008
EEIE                              00000006
EEIF                              00000004
F                                 00000001
FSR                               00000004
GIE                               00000007
INDF                              00000000
INTCON                            0000000B
INTE                              00000004
INTEDG                            00000006
INTF                              00000001
IRP                               00000007
Inicio                            00000000
LCD_2Lineas4Bits5x7               0000006C
LCD_ApuntaCaracter                00000011
LCD_Auxiliar1                     0000000F
LCD_Auxiliar2                     00000010
LCD_Borra                         0000006A
LCD_BusDatos                      PORTB
LCD_Byte                          00000099
LCD_ByteCompleto                  000000A0
LCD_Caracter                      0000006F
LCD_CaracteresPorLinea            00000010
LCD_CodigoCGROM                   00000076
LCD_CursorIncr                    0000005A
LCD_CursorOFF                     00000068
LCD_CursorON                      00000066
LCD_CursorPosicion                00000013
LCD_Dato                          0000000C
LCD_DosEspaciosBlancos            00000090
LCD_EnheMayuscula                 0000007D
LCD_EnheMinuscula                 00000077
LCD_Envia                         00000071
LCD_EnviaBlancos                  00000093
LCD_EnviaByteLetra                000000AC
LCD_EnviaComando                  0000006D
LCD_EnviaOtroBlanco               00000094
LCD_EsFinalLinea                  000000C7
LCD_EscribeLCD                    00000043
LCD_FinCGROM                      0000008A
LCD_FinMensaje                    000000BC
LCD_FinMovimiento                 000000D6
LCD_FinVisualizaDigito            000000AE
LCD_Grado                         00000084
LCD_GuardaDato                    0000000D
LCD_GuardaTRISB                   0000000E
LCD_Inicializa                    0000002B
LCD_Linea1                        0000005C
MPASM 03.50 Released                           MENSAJE_04.ASM   10-15-1982  13:36:48         PAGE 15


SYMBOL TABLE
  LABEL                             VALUE 

LCD_Linea2                        0000005E
LCD_LineaEnBlanco                 0000008C
LCD_Mensaje                       000000AF
LCD_MensajeMovimiento             000000BD
LCD_Nibble                        000000A4
LCD_NoEsFinalLinea                000000CC
LCD_NoUltimoCaracter              000000B9
LCD_NoUltimoCaracter2             000000D2
LCD_OFF                           00000064
LCD_PinEnable                     PORTA,2
LCD_PinRS                         PORTA,0
LCD_PinRW                         PORTA,1
LCD_PosicionLinea1                00000060
LCD_PosicionLinea2                00000062
LCD_PrimeraPosicion               000000C1
LCD_TresEspaciosBlancos           00000092
LCD_UnEspacioBlanco               0000008E
LCD_ValorCaracter                 00000012
LCD_VisualizaAlto                 000000A1
LCD_VisualizaBajo                 000000A3
LCD_VisualizaCaracter             000000C3
LCD_VisualizaOtroCaracter         000000B3
Mensaje0                          0000000B
Mensaje1                          0000001A
Mensajes                          0000000A
NOT_PD                            00000003
NOT_RBPU                          00000007
NOT_TO                            00000004
OPTION_REG                        00000081
PCL                               00000002
PCLATH                            0000000A
PORTA                             00000005
PORTB                             00000006
PS0                               00000000
PS1                               00000001
PS2                               00000002
PSA                               00000003
Principal                         00000001
R1Decima_BucleExterno             00000114
R1Decima_BucleExterno2            00000112
R1Decima_BucleInterno             00000116
R1ms_BucleExterno                 000000FE
R1ms_BucleInterno                 00000100
RBIE                              00000003
RBIF                              00000000
RD                                00000000
RP0                               00000005
RP1                               00000006
R_ContA                           00000014
R_ContB                           00000015
R_ContC                           00000016
RetardoMicros                     000000EA
Retardo_100micros                 000000E4
MPASM 03.50 Released                           MENSAJE_04.ASM   10-15-1982  13:36:48         PAGE 16


SYMBOL TABLE
  LABEL                             VALUE 

Retardo_100ms                     000000F0
Retardo_10micros                  000000D7
Retardo_10ms                      000000F6
Retardo_10s                       00000108
Retardo_1Decima                   00000111
Retardo_1ms                       000000FC
Retardo_1s                        0000010E
Retardo_200micros                 000000E1
Retardo_200ms                     000000EE
Retardo_20micros                  000000E9
Retardo_20ms                      000000F4
Retardo_20s                       00000106
Retardo_2ms                       000000FA
Retardo_2s                        0000010C
Retardo_4micros                   000000DD
Retardo_500micros                 000000DE
Retardo_500ms                     00000110
Retardo_50micros                  000000E6
Retardo_50ms                      000000F2
Retardo_5micros                   000000DC
Retardo_5ms                       000000F8
Retardo_5s                        0000010A
Retardos_ms                       000000FD
Rmicros_Bucle                     000000EB
STATUS                            00000003
T0CS                              00000005
T0IE                              00000005
T0IF                              00000002
T0SE                              00000004
TMR0                              00000001
TRISA                             00000085
TRISB                             00000086
W                                 00000000
WR                                00000001
WREN                              00000002
WRERR                             00000003
Z                                 00000002
_CP_OFF                           00003FFF
_CP_ON                            0000000F
_HS_OSC                           00003FFE
_LP_OSC                           00003FFC
_PWRTE_OFF                        00003FFF
_PWRTE_ON                         00003FF7
_RC_OSC                           00003FFF
_WDT_OFF                          00003FFB
_WDT_ON                           00003FFF
_XT_OSC                           00003FFD
__16F84A                          00000001
MPASM 03.50 Released                           MENSAJE_04.ASM   10-15-1982  13:36:48         PAGE 17


MEMORY USAGE MAP ('X' = Used,  '-' = Unused)


0000 : XXXXXXXXXXXXXXXX XXXXXXXXXXXXXXXX XXXXXXXXXXXXXXXX XXXXXXXXXXXXXXXX
0040 : XXXXXXXXXXXXXXXX XXXXXXXXXXXXXXXX XXXXXXXXXXXXXXXX XXXXXXXXXXXXXXXX
0080 : XXXXXXXXXXXXXXXX XXXXXXXXXXXXXXXX XXXXXXXXXXXXXXXX XXXXXXXXXXXXXXXX
00C0 : XXXXXXXXXXXXXXXX XXXXXXXXXXXXXXXX XXXXXXXXXXXXXXXX XXXXXXXXXXXXXXXX
0100 : XXXXXXXXXXXXXXXX XXXXXXXXXXXXXX-- ---------------- ----------------
2000 : -------X-------- ---------------- ---------------- ----------------

All other memory blocks unused.

Program Memory Words Used:   286
Program Memory Words Free:   738


Errors   :     0
Warnings :     0 reported,     0 suppressed
Messages :     1 reported,     0 suppressed

