MPASM 03.50 Released                          MOTORPAP_01.ASM   10-31-2000  13:22:01         PAGE  1


LOC  OBJECT CODE     LINE SOURCE TEXT
  VALUE

                      00001 ;************************************* MotorPAP_01.asm *********************************
                      00002 ;
                      00003 ;       ===================================================================
                      00004 ;         Del libro "MICROCONTROLADOR PIC16F84. DESARROLLO DE PROYECTOS"
                      00005 ;         E. Palacios, F. Remiro y L. López.
                      00006 ;         Editorial Ra-Ma.  www.ra-ma.es
                      00007 ;       ===================================================================
                      00008 ;
                      00009 ; Programa de control para un motor paso a paso (PAP) en funcionamiento y sentido de
                      00010 ; giro. Con RA0 a "0" el motor se pone en marcha y su sentido de giro dependerá del valor
                      00011 ; que tenga RA4.
                      00012 ;
                      00013 ; ZONA DE DATOS **********************************************************************
                      00014 
2007   3FF1           00015         __CONFIG   _CP_OFF &  _WDT_OFF & _PWRTE_ON & _XT_OSC
                      00016         LIST       P=16F84A
                      00017         INCLUDE  <P16F84A.INC>
                      00001         LIST
                      00002 ; P16F84A.INC  Standard Header File, Version 2.00    Microchip Technology, Inc.
                      00134         LIST
                      00018 
                      00019         CBLOCK  0x0C
                      00020         ENDC
                      00021 
                      00022 #DEFINE EntradaMarcha   PORTA,0         ; Interruptor de puesta en marcha.
                      00023 #DEFINE EntradaSentido  PORTA,4         ; Interruptor de sentido de giro.
                      00024 
                      00025 ; ZONA DE CÓDIGOS ********************************************************************
                      00026 
0000                  00027         ORG     0
0000                  00028 Inicio
0000   1683           00029         bsf     STATUS,RP0
0001   1405           00030         bsf     EntradaMarcha           ; Estas líneas se configuran como entrada.
0002   1605           00031         bsf     EntradaSentido
0003   0186           00032         clrf    PORTB                   ; Las líneas del Puerto B configuradas como salidas.
0004   1283           00033         bcf     STATUS,RP0
0005                  00034 Principal
0005   1C05           00035         btfss   EntradaMarcha           ; ¿Puesta en marcha?
0006   2809           00036         goto    Gira                    ; Sí.
0007   0186           00037         clrf    PORTB                   ; No, para el motor, poniendo a cero la línea
0008   280E           00038         goto    Fin                     ; de habilitación.
0009   1A05           00039 Gira    btfsc   EntradaSentido          ; Comprueba el sentido de giro deseado.
000A   280D           00040         goto    A_Izquierda
000B   2018           00041         call    GiroDerecha             ; Gira en un sentido.
000C   280E           00042         goto    Fin
000D                  00043 A_Izquierda
000D   200F           00044         call    GiroIzquierda           ; Gira en sentido contrario.
000E   2805           00045 Fin     goto    Principal
                      00046 
                      00047 ; Subrutina "GiroIzquierda" -------------------------------------------------------------
                      00048 
000F                  00049 GiroIzquierda
000F   3035           00050         movlw   b'00110101'             ; Primer paso.
MPASM 03.50 Released                          MOTORPAP_01.ASM   10-31-2000  13:22:01         PAGE  2


LOC  OBJECT CODE     LINE SOURCE TEXT
  VALUE

0010   2021           00051         call    ActivaSalida            ; Lo envía a la salida donde está conectado el motor PAP.
0011   3036           00052         movlw   b'00110110'             ; Segundo paso.
0012   2021           00053         call    ActivaSalida
0013   303A           00054         movlw   b'00111010'             ; Tercer paso.
0014   2021           00055         call    ActivaSalida
0015   3039           00056         movlw   b'00111001'             ; Cuarto y último paso
0016   2021           00057         call    ActivaSalida
0017   0008           00058         return
                      00059 
                      00060 ; Subrutina "GiroDerecha" ---------------------------------------------------------------
                      00061 
0018                  00062 GiroDerecha
0018   3039           00063         movlw   b'00111001'             ; Primer paso.
0019   2021           00064         call    ActivaSalida    
001A   303A           00065         movlw   b'00111010'             ; Segundo paso.
001B   2021           00066         call    ActivaSalida
001C   3036           00067         movlw   b'00110110'             ; Tercer paso.
001D   2021           00068         call    ActivaSalida
001E   3035           00069         movlw   b'00110101'             ; Último paso.
001F   2021           00070         call    ActivaSalida
0020   0008           00071         return
                      00072 
                      00073 ; Subrutina "ActivaSalida" --------------------------------------------------------------
                      00074 
0021                  00075 ActivaSalida
0021   0086           00076         movwf   PORTB
0022   2043           00077         call    Retardo_10ms            ; Temporización antes del siguiente paso.
0023   0008           00078         return
                      00079 
                      00080         INCLUDE  <RETARDOS.INC>
                      00001 ;**************************** Librería "RETARDOS.INC" *********************************
                      00002 ;
                      00003 ;       ===================================================================
                      00004 ;         Del libro "MICROCONTROLADOR PIC16F84A. DESARROLLO DE PROYECTOS"
                      00005 ;         E. Palacios, F. Remiro y L. López.
                      00006 ;         Editorial Ra-Ma.  www.ra-ma.es
                      00007 ;       ===================================================================
                      00008 ;
                      00009 ; Librería con múltiples subrutinas de retardos, desde 4 microsegundos hasta 20 segundos. 
                      00010 ; Además se pueden implementar otras subrutinas muy fácilmente.
                      00011 ;
                      00012 ; Se han calculado para un sistema microcontrolador con un PIC trabajando con un cristal
                      00013 ; de cuarzo a 4 MHz. Como cada ciclo máquina son 4 ciclos de reloj, resulta que cada
                      00014 ; ciclo máquina tarda 4 x 1/4MHz = 1 µs.
                      00015 ;
                      00016 ; En los comentarios, "cm" significa "ciclos máquina".
                      00017 ;
                      00018 ; ZONA DE DATOS *********************************************************************
                      00019 
                      00020         CBLOCK
  0000000C            00021         R_ContA                         ; Contadores para los retardos.
  0000000D            00022         R_ContB
  0000000E            00023         R_ContC
MPASM 03.50 Released                          MOTORPAP_01.ASM   10-31-2000  13:22:01         PAGE  3


LOC  OBJECT CODE     LINE SOURCE TEXT
  VALUE

                      00024         ENDC
                      00025 ;
                      00026 ; RETARDOS de 4 hasta 10 microsegundos ---------------------------------------------------
                      00027 ;
                      00028 ; A continuación retardos pequeños teniendo en cuenta que para una frecuencia de 4 MHZ,
                      00029 ; la llamada a subrutina "call" tarda 2 ciclos máquina, el retorno de subrutina
                      00030 ; "return" toma otros 2 ciclos máquina y cada instrucción "nop" tarda 1 ciclo máquina.
                      00031 ;
0024                  00032 Retardo_10micros                                ; La llamada "call" aporta 2 ciclos máquina.
0024   0000           00033         nop                             ; Aporta 1 ciclo máquina.
0025   0000           00034         nop                             ; Aporta 1 ciclo máquina.
0026   0000           00035         nop                             ; Aporta 1 ciclo máquina.
0027   0000           00036         nop                             ; Aporta 1 ciclo máquina.
0028   0000           00037         nop                             ; Aporta 1 ciclo máquina.
0029                  00038 Retardo_5micros                         ; La llamada "call" aporta 2 ciclos máquina.
0029   0000           00039         nop                             ; Aporta 1 ciclo máquina.
002A                  00040 Retardo_4micros                         ; La llamada "call" aporta 2 ciclos máquina.
002A   0008           00041         return                          ; El salto del retorno aporta 2 ciclos máquina.
                      00042 ;
                      00043 ; RETARDOS de 20 hasta 500 microsegundos ------------------------------------------------
                      00044 ;
002B                  00045 Retardo_500micros                               ; La llamada "call" aporta 2 ciclos máquina.
002B   0000           00046         nop                             ; Aporta 1 ciclo máquina.
002C   30A4           00047         movlw   d'164'                  ; Aporta 1 ciclo máquina. Este es el valor de "K".
002D   2837           00048         goto    RetardoMicros           ; Aporta 2 ciclos máquina.
002E                  00049 Retardo_200micros                               ; La llamada "call" aporta 2 ciclos máquina.
002E   0000           00050         nop                             ; Aporta 1 ciclo máquina.
002F   3040           00051         movlw   d'64'                   ; Aporta 1 ciclo máquina. Este es el valor de "K".
0030   2837           00052         goto    RetardoMicros           ; Aporta 2 ciclos máquina.
0031                  00053 Retardo_100micros                               ; La llamada "call" aporta 2 ciclos máquina.
0031   301F           00054         movlw   d'31'                   ; Aporta 1 ciclo máquina. Este es el valor de "K".
0032   2837           00055         goto    RetardoMicros           ; Aporta 2 ciclos máquina.
0033                  00056 Retardo_50micros                                ; La llamada "call" aporta 2 ciclos máquina.
0033   0000           00057         nop                             ; Aporta 1 ciclo máquina.
0034   300E           00058         movlw   d'14'                   ; Aporta 1 ciclo máquina. Este es el valor de "K".
0035   2837           00059         goto    RetardoMicros           ; Aporta 2 ciclos máquina.
0036                  00060 Retardo_20micros                                ; La llamada "call" aporta 2 ciclos máquina.
0036   3005           00061         movlw   d'5'                    ; Aporta 1 ciclo máquina. Este es el valor de "K".
                      00062 ;
                      00063 ; El próximo bloque "RetardoMicros" tarda:
                      00064 ; 1 + (K-1) + 2 + (K-1)x2 + 2 = (2 + 3K) ciclos máquina.
                      00065 ;
0037                  00066 RetardoMicros
0037   008C           00067         movwf   R_ContA                 ; Aporta 1 ciclo máquina.
0038                  00068 Rmicros_Bucle
0038   0B8C           00069         decfsz  R_ContA,F               ; (K-1)x1 cm (cuando no salta) + 2 cm (al saltar).
0039   2838           00070         goto    Rmicros_Bucle           ; Aporta (K-1)x2 ciclos máquina.
003A   0008           00071         return                          ; El salto del retorno aporta 2 ciclos máquina.
                      00072 ;
                      00073 ;En total estas subrutinas tardan:
                      00074 ; - Retardo_500micros:  2 + 1 + 1 + 2 + (2 + 3K) = 500 cm = 500 µs. (para K=164 y 4 MHz).
                      00075 ; - Retardo_200micros:  2 + 1 + 1 + 2 + (2 + 3K) = 200 cm = 200 µs. (para K= 64 y 4 MHz).
                      00076 ; - Retardo_100micros:  2     + 1 + 2 + (2 + 3K) = 100 cm = 100 µs. (para K= 31 y 4 MHz).
MPASM 03.50 Released                          MOTORPAP_01.ASM   10-31-2000  13:22:01         PAGE  4


LOC  OBJECT CODE     LINE SOURCE TEXT
  VALUE

                      00077 ; - Retardo_50micros :  2 + 1 + 1 + 2 + (2 + 3K) =  50 cm =  50 µs. (para K= 14 y 4 MHz).
                      00078 ; - Retardo_20micros :  2     + 1     + (2 + 3K) =  20 cm =  20 µs. (para K=  5 y 4 MHz).
                      00079 ;
                      00080 ; RETARDOS de 1 ms hasta 200 ms. --------------------------------------------------------
                      00081 ;
003B                  00082 Retardo_200ms                           ; La llamada "call" aporta 2 ciclos máquina.
003B   30C8           00083         movlw   d'200'                  ; Aporta 1 ciclo máquina. Este es el valor de "M".
003C   284A           00084         goto    Retardos_ms             ; Aporta 2 ciclos máquina.
003D                  00085 Retardo_100ms                           ; La llamada "call" aporta 2 ciclos máquina.
003D   3064           00086         movlw   d'100'                  ; Aporta 1 ciclo máquina. Este es el valor de "M".
003E   284A           00087         goto    Retardos_ms             ; Aporta 2 ciclos máquina.
003F                  00088 Retardo_50ms                            ; La llamada "call" aporta 2 ciclos máquina.
003F   3032           00089         movlw   d'50'                   ; Aporta 1 ciclo máquina. Este es el valor de "M".
0040   284A           00090         goto    Retardos_ms             ; Aporta 2 ciclos máquina.
0041                  00091 Retardo_20ms                            ; La llamada "call" aporta 2 ciclos máquina.
0041   3014           00092         movlw   d'20'                   ; Aporta 1 ciclo máquina. Este es el valor de "M".
0042   284A           00093         goto    Retardos_ms             ; Aporta 2 ciclos máquina.
0043                  00094 Retardo_10ms                            ; La llamada "call" aporta 2 ciclos máquina.
0043   300A           00095         movlw   d'10'                   ; Aporta 1 ciclo máquina. Este es el valor de "M".
0044   284A           00096         goto    Retardos_ms             ; Aporta 2 ciclos máquina.
0045                  00097 Retardo_5ms                             ; La llamada "call" aporta 2 ciclos máquina.
0045   3005           00098         movlw   d'5'                    ; Aporta 1 ciclo máquina. Este es el valor de "M".
0046   284A           00099         goto    Retardos_ms             ; Aporta 2 ciclos máquina.
0047                  00100 Retardo_2ms                             ; La llamada "call" aporta 2 ciclos máquina.
0047   3002           00101         movlw   d'2'                    ; Aporta 1 ciclo máquina. Este es el valor de "M".
0048   284A           00102         goto    Retardos_ms             ; Aporta 2 ciclos máquina.
0049                  00103 Retardo_1ms                             ; La llamada "call" aporta 2 ciclos máquina.
0049   3001           00104         movlw   d'1'                    ; Aporta 1 ciclo máquina. Este es el valor de "M".
                      00105 ;
                      00106 ; El próximo bloque "Retardos_ms" tarda:
                      00107 ; 1 + M + M + KxM + (K-1)xM + Mx2 + (K-1)Mx2 + (M-1) + 2 + (M-1)x2 + 2 =
                      00108 ; = (2 + 4M + 4KM) ciclos máquina. Para K=249 y M=1 supone 1002 ciclos máquina
                      00109 ; que a 4 MHz son 1002 µs = 1 ms.
                      00110 ;
004A                  00111 Retardos_ms
004A   008D           00112         movwf   R_ContB                 ; Aporta 1 ciclo máquina.
004B                  00113 R1ms_BucleExterno
004B   30F9           00114         movlw   d'249'                  ; Aporta Mx1 ciclos máquina. Este es el valor de "K".
004C   008C           00115         movwf   R_ContA                 ; Aporta Mx1 ciclos máquina.
004D                  00116 R1ms_BucleInterno
004D   0000           00117         nop                             ; Aporta KxMx1 ciclos máquina.
004E   0B8C           00118         decfsz  R_ContA,F               ; (K-1)xMx1 cm (cuando no salta) + Mx2 cm (al saltar).
004F   284D           00119         goto    R1ms_BucleInterno               ; Aporta (K-1)xMx2 ciclos máquina.
0050   0B8D           00120         decfsz  R_ContB,F               ; (M-1)x1 cm (cuando no salta) + 2 cm (al saltar).
0051   284B           00121         goto    R1ms_BucleExterno       ; Aporta (M-1)x2 ciclos máquina.
0052   0008           00122         return                          ; El salto del retorno aporta 2 ciclos máquina.
                      00123 ;
                      00124 ;En total estas subrutinas tardan:
                      00125 ; - Retardo_200ms:      2 + 1 + 2 + (2 + 4M + 4KM) = 200007 cm = 200 ms. (M=200 y K=249).
                      00126 ; - Retardo_100ms:      2 + 1 + 2 + (2 + 4M + 4KM) = 100007 cm = 100 ms. (M=100 y K=249).
                      00127 ; - Retardo_50ms :      2 + 1 + 2 + (2 + 4M + 4KM) =  50007 cm =  50 ms. (M= 50 y K=249).
                      00128 ; - Retardo_20ms :      2 + 1 + 2 + (2 + 4M + 4KM) =  20007 cm =  20 ms. (M= 20 y K=249).
                      00129 ; - Retardo_10ms :      2 + 1 + 2 + (2 + 4M + 4KM) =  10007 cm =  10 ms. (M= 10 y K=249).
MPASM 03.50 Released                          MOTORPAP_01.ASM   10-31-2000  13:22:01         PAGE  5


LOC  OBJECT CODE     LINE SOURCE TEXT
  VALUE

                      00130 ; - Retardo_5ms  :      2 + 1 + 2 + (2 + 4M + 4KM) =   5007 cm =   5 ms. (M=  5 y K=249).
                      00131 ; - Retardo_2ms  :      2 + 1 + 2 + (2 + 4M + 4KM) =   2007 cm =   2 ms. (M=  2 y K=249).
                      00132 ; - Retardo_1ms  :      2 + 1     + (2 + 4M + 4KM) =   1005 cm =   1 ms. (M=  1 y K=249).
                      00133 ;
                      00134 ; RETARDOS de 0.5 hasta 20 segundos ---------------------------------------------------
                      00135 ;
0053                  00136 Retardo_20s                             ; La llamada "call" aporta 2 ciclos máquina.
0053   30C8           00137         movlw   d'200'                  ; Aporta 1 ciclo máquina. Este es el valor de "N".
0054   285E           00138         goto    Retardo_1Decima         ; Aporta 2 ciclos máquina.
0055                  00139 Retardo_10s                             ; La llamada "call" aporta 2 ciclos máquina.
0055   3064           00140         movlw   d'100'                  ; Aporta 1 ciclo máquina. Este es el valor de "N".
0056   285E           00141         goto    Retardo_1Decima         ; Aporta 2 ciclos máquina.
0057                  00142 Retardo_5s                              ; La llamada "call" aporta 2 ciclos máquina.
0057   3032           00143         movlw   d'50'                   ; Aporta 1 ciclo máquina. Este es el valor de "N".
0058   285E           00144         goto    Retardo_1Decima         ; Aporta 2 ciclos máquina.
0059                  00145 Retardo_2s                              ; La llamada "call" aporta 2 ciclos máquina.
0059   3014           00146         movlw   d'20'                   ; Aporta 1 ciclo máquina. Este es el valor de "N".
005A   285E           00147         goto    Retardo_1Decima         ; Aporta 2 ciclos máquina.
005B                  00148 Retardo_1s                              ; La llamada "call" aporta 2 ciclos máquina.
005B   300A           00149         movlw   d'10'                   ; Aporta 1 ciclo máquina. Este es el valor de "N".
005C   285E           00150         goto    Retardo_1Decima         ; Aporta 2 ciclos máquina.
005D                  00151 Retardo_500ms                           ; La llamada "call" aporta 2 ciclos máquina.
005D   3005           00152         movlw   d'5'                    ; Aporta 1 ciclo máquina. Este es el valor de "N".
                      00153 ;
                      00154 ; El próximo bloque "Retardo_1Decima" tarda:
                      00155 ; 1 + N + N + MxN + MxN + KxMxN + (K-1)xMxN + MxNx2 + (K-1)xMxNx2 +
                      00156 ;   + (M-1)xN + Nx2 + (M-1)xNx2 + (N-1) + 2 + (N-1)x2 + 2 =
                      00157 ; = (2 + 4M + 4MN + 4KM) ciclos máquina. Para K=249, M=100 y N=1 supone 100011
                      00158 ; ciclos máquina que a 4 MHz son 100011 µs = 100 ms = 0,1 s = 1 décima de segundo.
                      00159 ;
005E                  00160 Retardo_1Decima
005E   008E           00161         movwf   R_ContC                 ; Aporta 1 ciclo máquina.
005F                  00162 R1Decima_BucleExterno2
005F   3064           00163         movlw   d'100'                  ; Aporta Nx1 ciclos máquina. Este es el valor de "M".
0060   008D           00164         movwf   R_ContB                 ; Aporta Nx1 ciclos máquina.
0061                  00165 R1Decima_BucleExterno
0061   30F9           00166         movlw   d'249'                  ; Aporta MxNx1 ciclos máquina. Este es el valor de "K".
0062   008C           00167         movwf   R_ContA                 ; Aporta MxNx1 ciclos máquina.
0063                  00168 R1Decima_BucleInterno          
0063   0000           00169         nop                             ; Aporta KxMxNx1 ciclos máquina.
0064   0B8C           00170         decfsz  R_ContA,F               ; (K-1)xMxNx1 cm (si no salta) + MxNx2 cm (al saltar).
0065   2863           00171         goto    R1Decima_BucleInterno   ; Aporta (K-1)xMxNx2 ciclos máquina.
0066   0B8D           00172         decfsz  R_ContB,F               ; (M-1)xNx1 cm (cuando no salta) + Nx2 cm (al saltar).
0067   2861           00173         goto    R1Decima_BucleExterno   ; Aporta (M-1)xNx2 ciclos máquina.
0068   0B8E           00174         decfsz  R_ContC,F               ; (N-1)x1 cm (cuando no salta) + 2 cm (al saltar).
0069   285F           00175         goto    R1Decima_BucleExterno2  ; Aporta (N-1)x2 ciclos máquina.
006A   0008           00176         return                          ; El salto del retorno aporta 2 ciclos máquina.
                      00177 ;
                      00178 ;En total estas subrutinas tardan:
                      00179 ; - Retardo_20s:        2 + 1 + 2 + (2 + 4N + 4MN + 4KMN) = 20000807 cm = 20 s.
                      00180 ;                       (N=200, M=100 y K=249).
                      00181 ; - Retardo_10s:        2 + 1 + 2 + (2 + 4N + 4MN + 4KMN) = 10000407 cm = 10 s.
                      00182 ;                       (N=100, M=100 y K=249).
MPASM 03.50 Released                          MOTORPAP_01.ASM   10-31-2000  13:22:01         PAGE  6


LOC  OBJECT CODE     LINE SOURCE TEXT
  VALUE

                      00183 ; - Retardo_5s:         2 + 1 + 2 + (2 + 4N + 4MN + 4KMN) =  5000207 cm =  5 s.
                      00184 ;                       (N= 50, M=100 y K=249).
                      00185 ; - Retardo_2s:         2 + 1 + 2 + (2 + 4N + 4MN + 4KMN) =  2000087 cm =  2 s.
                      00186 ;                       (N= 20, M=100 y K=249).
                      00187 ; - Retardo_1s:         2 + 1 + 2 + (2 + 4N + 4MN + 4KMN) =  1000047 cm =  1 s.
                      00188 ;                       (N= 10, M=100 y K=249).
                      00189 ; - Retardo_500ms:      2 + 1     + (2 + 4N + 4MN + 4KMN) =   500025 cm = 0,5 s.
                      00190 ;                       (N=  5, M=100 y K=249).
                      00191 
                      00192 ;       ===================================================================
                      00193 ;         Del libro "MICROCONTROLADOR PIC16F84A. DESARROLLO DE PROYECTOS"
                      00194 ;         E. Palacios, F. Remiro y L. López.
                      00195 ;         Editorial Ra-Ma.  www.ra-ma.es
                      00196 ;       ===================================================================
                      00197 
                      00198 
                      00199 
                      00200 
                      00081         END
MPASM 03.50 Released                          MOTORPAP_01.ASM   10-31-2000  13:22:01         PAGE  7


SYMBOL TABLE
  LABEL                             VALUE 

A_Izquierda                       0000000D
ActivaSalida                      00000021
C                                 00000000
DC                                00000001
EEADR                             00000009
EECON1                            00000088
EECON2                            00000089
EEDATA                            00000008
EEIE                              00000006
EEIF                              00000004
EntradaMarcha                     PORTA,0
EntradaSentido                    PORTA,4
F                                 00000001
FSR                               00000004
Fin                               0000000E
GIE                               00000007
Gira                              00000009
GiroDerecha                       00000018
GiroIzquierda                     0000000F
INDF                              00000000
INTCON                            0000000B
INTE                              00000004
INTEDG                            00000006
INTF                              00000001
IRP                               00000007
Inicio                            00000000
NOT_PD                            00000003
NOT_RBPU                          00000007
NOT_TO                            00000004
OPTION_REG                        00000081
PCL                               00000002
PCLATH                            0000000A
PORTA                             00000005
PORTB                             00000006
PS0                               00000000
PS1                               00000001
PS2                               00000002
PSA                               00000003
Principal                         00000005
R1Decima_BucleExterno             00000061
R1Decima_BucleExterno2            0000005F
R1Decima_BucleInterno             00000063
R1ms_BucleExterno                 0000004B
R1ms_BucleInterno                 0000004D
RBIE                              00000003
RBIF                              00000000
RD                                00000000
RP0                               00000005
RP1                               00000006
R_ContA                           0000000C
R_ContB                           0000000D
R_ContC                           0000000E
RetardoMicros                     00000037
MPASM 03.50 Released                          MOTORPAP_01.ASM   10-31-2000  13:22:01         PAGE  8


SYMBOL TABLE
  LABEL                             VALUE 

Retardo_100micros                 00000031
Retardo_100ms                     0000003D
Retardo_10micros                  00000024
Retardo_10ms                      00000043
Retardo_10s                       00000055
Retardo_1Decima                   0000005E
Retardo_1ms                       00000049
Retardo_1s                        0000005B
Retardo_200micros                 0000002E
Retardo_200ms                     0000003B
Retardo_20micros                  00000036
Retardo_20ms                      00000041
Retardo_20s                       00000053
Retardo_2ms                       00000047
Retardo_2s                        00000059
Retardo_4micros                   0000002A
Retardo_500micros                 0000002B
Retardo_500ms                     0000005D
Retardo_50micros                  00000033
Retardo_50ms                      0000003F
Retardo_5micros                   00000029
Retardo_5ms                       00000045
Retardo_5s                        00000057
Retardos_ms                       0000004A
Rmicros_Bucle                     00000038
STATUS                            00000003
T0CS                              00000005
T0IE                              00000005
T0IF                              00000002
T0SE                              00000004
TMR0                              00000001
TRISA                             00000085
TRISB                             00000086
W                                 00000000
WR                                00000001
WREN                              00000002
WRERR                             00000003
Z                                 00000002
_CP_OFF                           00003FFF
_CP_ON                            0000000F
_HS_OSC                           00003FFE
_LP_OSC                           00003FFC
_PWRTE_OFF                        00003FFF
_PWRTE_ON                         00003FF7
_RC_OSC                           00003FFF
_WDT_OFF                          00003FFB
_WDT_ON                           00003FFF
_XT_OSC                           00003FFD
__16F84A                          00000001
MPASM 03.50 Released                          MOTORPAP_01.ASM   10-31-2000  13:22:01         PAGE  9


MEMORY USAGE MAP ('X' = Used,  '-' = Unused)


0000 : XXXXXXXXXXXXXXXX XXXXXXXXXXXXXXXX XXXXXXXXXXXXXXXX XXXXXXXXXXXXXXXX
0040 : XXXXXXXXXXXXXXXX XXXXXXXXXXXXXXXX XXXXXXXXXXX----- ----------------
2000 : -------X-------- ---------------- ---------------- ----------------

All other memory blocks unused.

Program Memory Words Used:   107
Program Memory Words Free:   917


Errors   :     0
Warnings :     0 reported,     0 suppressed
Messages :     0 reported,     0 suppressed

