MPASM 03.50 Released                          MOTORDC_01B.ASM   10-13-2003  9:21:51         PAGE  1


LOC  OBJECT CODE     LINE SOURCE TEXT
  VALUE

                      00001 ;*********************************** MotorDC_01B.asm ********************************
                      00002 ;
                      00003 ;       ===================================================================
                      00004 ;         Del libro "MICROCONTROLADOR PIC16F84A. DESARROLLO DE PROYECTOS"
                      00005 ;         E. Palacios, F. Remiro y L. López.
                      00006 ;         Editorial Ra-Ma.  www.ra-ma.es
                      00007 ;       ===================================================================
                      00008 ;
                      00009 ; Programa de control para un motor de corriente continua en funcionamiento y sentido de
                      00010 ; giro. Con RA0=1, el motor se pone en marcha y su sentido de giro dependerá del valor
                      00011 ; que tenga RA1. Se diferencia del anterior que trabaja con bits.
                      00012 ;
                      00013 ; ZONA DE DATOS *************************************************************************
                      00014 
2007   3FF1           00015         __CONFIG   _CP_OFF &  _WDT_OFF & _PWRTE_ON & _XT_OSC
                      00016         LIST    P=16F84A
                      00017         INCLUDE <P16F84A.INC>
                      00001         LIST
                      00002 ; P16F84A.INC  Standard Header File, Version 2.00    Microchip Technology, Inc.
                      00134         LIST
                      00018 
                      00019 #DEFINE  SalidaSentido          PORTB,0         ; Salida que determina el sentido de giro.
                      00020 #DEFINE  SalidaMarcha           PORTB,1         ; Salida de puesta en marcha o paro del motor.
                      00021 #DEFINE  EntradaMarcha          PORTA,0         ; Interruptor de puesta en marcha.
                      00022 #DEFINE  EntradaSentido         PORTA,4         ; Interruptor de sentido de giro.
                      00023 
                      00024 ; ZONA DE CÓDIGOS *********************************************************************
                      00025 
0000                  00026         ORG     0
0000                  00027 Inicio
0000   1683           00028         bsf     STATUS,RP0
0001   1405           00029         bsf     EntradaMarcha           ; Configura las líneas de entrada y salida.
0002   1605           00030         bsf     EntradaSentido
0003   1086           00031         bcf     SalidaMarcha
0004   1006           00032         bcf     SalidaSentido
0005   1283           00033         bcf     STATUS,RP0
0006                  00034 Principal       
0006   1805           00035         btfsc   EntradaMarcha           ; Comprueba el estado del interruptor de marcha.
0007   280A           00036         goto    Gira
0008   1086           00037         bcf     SalidaMarcha            ; Para el motor, poniendo a cero la línea de
0009   2810           00038         goto    Fin                     ; habilitación y sale.
000A   1486           00039 Gira    bsf     SalidaMarcha            ; Pone en marcha el motor.
000B   1A05           00040         btfsc   EntradaSentido          ; Comprueba el sentido de giro deseado.
000C   280F           00041         goto    GiroOtroSentido
000D   1006           00042         bcf     SalidaSentido           ; Gira en un sentido.
000E   2810           00043         goto    Fin                                                                      
000F                  00044 GiroOtroSentido
000F   1406           00045         bsf     SalidaSentido           ; Gira en el otro sentido.
0010   2806           00046 Fin     goto    Principal
                      00047 
                      00048         END
MPASM 03.50 Released                          MOTORDC_01B.ASM   10-13-2003  9:21:51         PAGE  2


SYMBOL TABLE
  LABEL                             VALUE 

C                                 00000000
DC                                00000001
EEADR                             00000009
EECON1                            00000088
EECON2                            00000089
EEDATA                            00000008
EEIE                              00000006
EEIF                              00000004
EntradaMarcha                     PORTA,0
EntradaSentido                    PORTA,4
F                                 00000001
FSR                               00000004
Fin                               00000010
GIE                               00000007
Gira                              0000000A
GiroOtroSentido                   0000000F
INDF                              00000000
INTCON                            0000000B
INTE                              00000004
INTEDG                            00000006
INTF                              00000001
IRP                               00000007
Inicio                            00000000
NOT_PD                            00000003
NOT_RBPU                          00000007
NOT_TO                            00000004
OPTION_REG                        00000081
PCL                               00000002
PCLATH                            0000000A
PORTA                             00000005
PORTB                             00000006
PS0                               00000000
PS1                               00000001
PS2                               00000002
PSA                               00000003
Principal                         00000006
RBIE                              00000003
RBIF                              00000000
RD                                00000000
RP0                               00000005
RP1                               00000006
STATUS                            00000003
SalidaMarcha                      PORTB,1
SalidaSentido                     PORTB,0
T0CS                              00000005
T0IE                              00000005
T0IF                              00000002
T0SE                              00000004
TMR0                              00000001
TRISA                             00000085
TRISB                             00000086
W                                 00000000
WR                                00000001
MPASM 03.50 Released                          MOTORDC_01B.ASM   10-13-2003  9:21:51         PAGE  3


SYMBOL TABLE
  LABEL                             VALUE 

WREN                              00000002
WRERR                             00000003
Z                                 00000002
_CP_OFF                           00003FFF
_CP_ON                            0000000F
_HS_OSC                           00003FFE
_LP_OSC                           00003FFC
_PWRTE_OFF                        00003FFF
_PWRTE_ON                         00003FF7
_RC_OSC                           00003FFF
_WDT_OFF                          00003FFB
_WDT_ON                           00003FFF
_XT_OSC                           00003FFD
__16F84A                          00000001


MEMORY USAGE MAP ('X' = Used,  '-' = Unused)

0000 : XXXXXXXXXXXXXXXX X--------------- ---------------- ----------------
2000 : -------X-------- ---------------- ---------------- ----------------

All other memory blocks unused.

Program Memory Words Used:    17
Program Memory Words Free:  1007


Errors   :     0
Warnings :     0 reported,     0 suppressed
Messages :     0 reported,     0 suppressed

