MPASM 03.50 Released                          MOTORPAP_04.ASM   10-31-2000  9:29:53         PAGE  1


LOC  OBJECT CODE     LINE SOURCE TEXT
  VALUE

                      00001 ;*********************************** MotorPAP_04.asm **********************************
                      00002 ;
                      00003 ;       ===================================================================
                      00004 ;         Del libro "MICROCONTROLADOR PIC16F84. DESARROLLO DE PROYECTOS"
                      00005 ;         E. Palacios, F. Remiro y L. López.
                      00006 ;         Editorial Ra-Ma.  www.ra-ma.es
                      00007 ;       ===================================================================
                      00008 ;
                      00009 ; Programa de control de velocidad de un motor PAP. La velocidad del motor estará gobernada
                      00010 ; por el valor de las cuatro líneas bajas del Puerto A. El sentido de giro de motor se decide
                      00011 ; en función del valor de la línea RA4.
                      00012 ;
                      00013 ; ZONA DE DATOS **********************************************************************
                      00014 
2007   3FF1           00015         __CONFIG   _CP_OFF &  _WDT_OFF & _PWRTE_ON & _XT_OSC
                      00016         LIST       P=16F84A
                      00017         INCLUDE  <P16F84A.INC>
                      00001         LIST
                      00002 ; P16F84A.INC  Standard Header File, Version 2.00    Microchip Technology, Inc.
                      00134         LIST
                      00018 
                      00019         CBLOCK  0x0C
  0000000C            00020         Velocidad
                      00021         ENDC
                      00022 
                      00023 #DEFINE  EntradaSentido PORTA,4         ; Interruptor de sentido de giro.
                      00024 
                      00025 ; ZONA DE CÓDIGOS ********************************************************************
                      00026 
0000                  00027         ORG     0
0000                  00028 Inicio
0000   1683           00029         bsf     STATUS,RP0
0001   301F           00030         movlw   b'00011111'             ; El Puerto A se configura como entrada.
0002   0085           00031         movwf   PORTA
0003   0186           00032         clrf    PORTB                   ; Las líneas del Puerto B configuradas como salidas.
0004   1283           00033         bcf     STATUS,RP0
0005                  00034 Principal
0005   0805           00035         movf    PORTA,W         ; Lee el puerto de entrada
0006   390F           00036         andlw   b'00001111'             ; Se queda con los cuatro bits bajos.
0007   1903           00037         btfsc   STATUS,Z
0008   2811           00038         goto    ParaMotor               ; Si es cero, se mantiene parado.
0009   2013           00039         call    SeleccionaVelocidad     ; Pasa a seleccionar el factor por el que se va
000A   008C           00040         movwf   Velocidad                       ; a multiplicar el retardo patrón.
000B   1A05           00041         btfsc   EntradaSentido          ; Comprueba el sentido de giro deseado.
000C   280F           00042         goto    A_Izquierda
000D   202D           00043         call    GiroDerecha
000E   2812           00044         goto    Fin
000F                  00045 A_Izquierda
000F   2024           00046         call    GiroIzquierda
0010   2812           00047         goto    Fin
0011                  00048 ParaMotor
0011   0186           00049         clrf    PORTB                   ; Para el motor, poniendo a cero la línea de
0012   2805           00050 Fin     goto    Principal               ; habilitación.
MPASM 03.50 Released                          MOTORPAP_04.ASM   10-31-2000  9:29:53         PAGE  2


LOC  OBJECT CODE     LINE SOURCE TEXT
  VALUE

                      00051 
                      00052 ; Subrutina "SeleccionaVelocidad" -------------------------------------------------------
                      00053 
                      00054 ; Alterando los valores de esta  tabla se pueden conseguir diferentes retardos.
                      00055 
0013                  00056 SeleccionaVelocidad
0013   0782           00057         addwf   PCL,F
0014   3400 344B 3446 00058         DT      0, d'75', d'70', d'65', d'60', d'55', d'50', d'45', d'40'
       3441 343C 3437 
       3432 342D 3428 
001D   3423 341E 3419 00059         DT      d'35', d'30', d'25', d'20', d'15', d'10', d'5'
       3414 340F 340A 
       3405 
                      00060 
                      00061 ; Subrutina "GiroIzquierda" -------------------------------------------------------------
                      00062 
0024                  00063 GiroIzquierda
0024   3035           00064         movlw   b'00110101'             ; Primer paso
0025   2036           00065         call    ActivaSalida            ; Lo envía a la salida donde está conectado el motor PAP.
0026   3036           00066         movlw   b'00110110'             ; Segundo paso.
0027   2036           00067         call    ActivaSalida
0028   303A           00068         movlw   b'00111010'             ; Tercer paso.
0029   2036           00069         call    ActivaSalida
002A   3039           00070         movlw   b'00111001'             ; Cuarto y último paso
002B   2036           00071         call    ActivaSalida
002C   0008           00072         return
                      00073 
                      00074 ; Subrutina "GiroDerecha" ---------------------------------------------------------------
                      00075 
002D                  00076 GiroDerecha
002D   3039           00077         movlw   b'00111001'             ; Primer paso.
002E   2036           00078         call    ActivaSalida
002F   303A           00079         movlw   b'00111010'             ; Segundo paso.
0030   2036           00080         call    ActivaSalida
0031   3036           00081         movlw   b'00110110'             ; Tercer paso.
0032   2036           00082         call    ActivaSalida
0033   3035           00083         movlw   b'00110101'             ; Último paso.
0034   2036           00084         call    ActivaSalida
0035   0008           00085         return
                      00086 ;
                      00087 ; Subrutina "ActivaSalida" --------------------------------------------------------------
                      00088 
                      00089         CBLOCK
  0000000D            00090         Contador
                      00091         ENDC
                      00092 
0036                  00093 ActivaSalida
0036   0086           00094         movwf   PORTB
0037   080C           00095         movf    Velocidad,W             ; Y ahora el retardo en función del valor de
0038   008D           00096         movwf   Contador                        ; de la variable Velocidad.
0039                  00097 Retardo
0039   2062           00098         call    Retardo_1ms
003A   0B8D           00099         decfsz  Contador,F
MPASM 03.50 Released                          MOTORPAP_04.ASM   10-31-2000  9:29:53         PAGE  3


LOC  OBJECT CODE     LINE SOURCE TEXT
  VALUE

003B   2839           00100         goto    Retardo
003C   0008           00101         return
                      00102 
                      00103         INCLUDE  <RETARDOS.INC>
                      00001 ;**************************** Librería "RETARDOS.INC" *********************************
                      00002 ;
                      00003 ;       ===================================================================
                      00004 ;         Del libro "MICROCONTROLADOR PIC16F84A. DESARROLLO DE PROYECTOS"
                      00005 ;         E. Palacios, F. Remiro y L. López.
                      00006 ;         Editorial Ra-Ma.  www.ra-ma.es
                      00007 ;       ===================================================================
                      00008 ;
                      00009 ; Librería con múltiples subrutinas de retardos, desde 4 microsegundos hasta 20 segundos. 
                      00010 ; Además se pueden implementar otras subrutinas muy fácilmente.
                      00011 ;
                      00012 ; Se han calculado para un sistema microcontrolador con un PIC trabajando con un cristal
                      00013 ; de cuarzo a 4 MHz. Como cada ciclo máquina son 4 ciclos de reloj, resulta que cada
                      00014 ; ciclo máquina tarda 4 x 1/4MHz = 1 µs.
                      00015 ;
                      00016 ; En los comentarios, "cm" significa "ciclos máquina".
                      00017 ;
                      00018 ; ZONA DE DATOS *********************************************************************
                      00019 
                      00020         CBLOCK
  0000000E            00021         R_ContA                         ; Contadores para los retardos.
  0000000F            00022         R_ContB
  00000010            00023         R_ContC
                      00024         ENDC
                      00025 ;
                      00026 ; RETARDOS de 4 hasta 10 microsegundos ---------------------------------------------------
                      00027 ;
                      00028 ; A continuación retardos pequeños teniendo en cuenta que para una frecuencia de 4 MHZ,
                      00029 ; la llamada a subrutina "call" tarda 2 ciclos máquina, el retorno de subrutina
                      00030 ; "return" toma otros 2 ciclos máquina y cada instrucción "nop" tarda 1 ciclo máquina.
                      00031 ;
003D                  00032 Retardo_10micros                                ; La llamada "call" aporta 2 ciclos máquina.
003D   0000           00033         nop                             ; Aporta 1 ciclo máquina.
003E   0000           00034         nop                             ; Aporta 1 ciclo máquina.
003F   0000           00035         nop                             ; Aporta 1 ciclo máquina.
0040   0000           00036         nop                             ; Aporta 1 ciclo máquina.
0041   0000           00037         nop                             ; Aporta 1 ciclo máquina.
0042                  00038 Retardo_5micros                         ; La llamada "call" aporta 2 ciclos máquina.
0042   0000           00039         nop                             ; Aporta 1 ciclo máquina.
0043                  00040 Retardo_4micros                         ; La llamada "call" aporta 2 ciclos máquina.
0043   0008           00041         return                          ; El salto del retorno aporta 2 ciclos máquina.
                      00042 ;
                      00043 ; RETARDOS de 20 hasta 500 microsegundos ------------------------------------------------
                      00044 ;
0044                  00045 Retardo_500micros                               ; La llamada "call" aporta 2 ciclos máquina.
0044   0000           00046         nop                             ; Aporta 1 ciclo máquina.
0045   30A4           00047         movlw   d'164'                  ; Aporta 1 ciclo máquina. Este es el valor de "K".
0046   2850           00048         goto    RetardoMicros           ; Aporta 2 ciclos máquina.
0047                  00049 Retardo_200micros                               ; La llamada "call" aporta 2 ciclos máquina.
MPASM 03.50 Released                          MOTORPAP_04.ASM   10-31-2000  9:29:53         PAGE  4


LOC  OBJECT CODE     LINE SOURCE TEXT
  VALUE

0047   0000           00050         nop                             ; Aporta 1 ciclo máquina.
0048   3040           00051         movlw   d'64'                   ; Aporta 1 ciclo máquina. Este es el valor de "K".
0049   2850           00052         goto    RetardoMicros           ; Aporta 2 ciclos máquina.
004A                  00053 Retardo_100micros                               ; La llamada "call" aporta 2 ciclos máquina.
004A   301F           00054         movlw   d'31'                   ; Aporta 1 ciclo máquina. Este es el valor de "K".
004B   2850           00055         goto    RetardoMicros           ; Aporta 2 ciclos máquina.
004C                  00056 Retardo_50micros                                ; La llamada "call" aporta 2 ciclos máquina.
004C   0000           00057         nop                             ; Aporta 1 ciclo máquina.
004D   300E           00058         movlw   d'14'                   ; Aporta 1 ciclo máquina. Este es el valor de "K".
004E   2850           00059         goto    RetardoMicros           ; Aporta 2 ciclos máquina.
004F                  00060 Retardo_20micros                                ; La llamada "call" aporta 2 ciclos máquina.
004F   3005           00061         movlw   d'5'                    ; Aporta 1 ciclo máquina. Este es el valor de "K".
                      00062 ;
                      00063 ; El próximo bloque "RetardoMicros" tarda:
                      00064 ; 1 + (K-1) + 2 + (K-1)x2 + 2 = (2 + 3K) ciclos máquina.
                      00065 ;
0050                  00066 RetardoMicros
0050   008E           00067         movwf   R_ContA                 ; Aporta 1 ciclo máquina.
0051                  00068 Rmicros_Bucle
0051   0B8E           00069         decfsz  R_ContA,F               ; (K-1)x1 cm (cuando no salta) + 2 cm (al saltar).
0052   2851           00070         goto    Rmicros_Bucle           ; Aporta (K-1)x2 ciclos máquina.
0053   0008           00071         return                          ; El salto del retorno aporta 2 ciclos máquina.
                      00072 ;
                      00073 ;En total estas subrutinas tardan:
                      00074 ; - Retardo_500micros:  2 + 1 + 1 + 2 + (2 + 3K) = 500 cm = 500 µs. (para K=164 y 4 MHz).
                      00075 ; - Retardo_200micros:  2 + 1 + 1 + 2 + (2 + 3K) = 200 cm = 200 µs. (para K= 64 y 4 MHz).
                      00076 ; - Retardo_100micros:  2     + 1 + 2 + (2 + 3K) = 100 cm = 100 µs. (para K= 31 y 4 MHz).
                      00077 ; - Retardo_50micros :  2 + 1 + 1 + 2 + (2 + 3K) =  50 cm =  50 µs. (para K= 14 y 4 MHz).
                      00078 ; - Retardo_20micros :  2     + 1     + (2 + 3K) =  20 cm =  20 µs. (para K=  5 y 4 MHz).
                      00079 ;
                      00080 ; RETARDOS de 1 ms hasta 200 ms. --------------------------------------------------------
                      00081 ;
0054                  00082 Retardo_200ms                           ; La llamada "call" aporta 2 ciclos máquina.
0054   30C8           00083         movlw   d'200'                  ; Aporta 1 ciclo máquina. Este es el valor de "M".
0055   2863           00084         goto    Retardos_ms             ; Aporta 2 ciclos máquina.
0056                  00085 Retardo_100ms                           ; La llamada "call" aporta 2 ciclos máquina.
0056   3064           00086         movlw   d'100'                  ; Aporta 1 ciclo máquina. Este es el valor de "M".
0057   2863           00087         goto    Retardos_ms             ; Aporta 2 ciclos máquina.
0058                  00088 Retardo_50ms                            ; La llamada "call" aporta 2 ciclos máquina.
0058   3032           00089         movlw   d'50'                   ; Aporta 1 ciclo máquina. Este es el valor de "M".
0059   2863           00090         goto    Retardos_ms             ; Aporta 2 ciclos máquina.
005A                  00091 Retardo_20ms                            ; La llamada "call" aporta 2 ciclos máquina.
005A   3014           00092         movlw   d'20'                   ; Aporta 1 ciclo máquina. Este es el valor de "M".
005B   2863           00093         goto    Retardos_ms             ; Aporta 2 ciclos máquina.
005C                  00094 Retardo_10ms                            ; La llamada "call" aporta 2 ciclos máquina.
005C   300A           00095         movlw   d'10'                   ; Aporta 1 ciclo máquina. Este es el valor de "M".
005D   2863           00096         goto    Retardos_ms             ; Aporta 2 ciclos máquina.
005E                  00097 Retardo_5ms                             ; La llamada "call" aporta 2 ciclos máquina.
005E   3005           00098         movlw   d'5'                    ; Aporta 1 ciclo máquina. Este es el valor de "M".
005F   2863           00099         goto    Retardos_ms             ; Aporta 2 ciclos máquina.
0060                  00100 Retardo_2ms                             ; La llamada "call" aporta 2 ciclos máquina.
0060   3002           00101         movlw   d'2'                    ; Aporta 1 ciclo máquina. Este es el valor de "M".
0061   2863           00102         goto    Retardos_ms             ; Aporta 2 ciclos máquina.
MPASM 03.50 Released                          MOTORPAP_04.ASM   10-31-2000  9:29:53         PAGE  5


LOC  OBJECT CODE     LINE SOURCE TEXT
  VALUE

0062                  00103 Retardo_1ms                             ; La llamada "call" aporta 2 ciclos máquina.
0062   3001           00104         movlw   d'1'                    ; Aporta 1 ciclo máquina. Este es el valor de "M".
                      00105 ;
                      00106 ; El próximo bloque "Retardos_ms" tarda:
                      00107 ; 1 + M + M + KxM + (K-1)xM + Mx2 + (K-1)Mx2 + (M-1) + 2 + (M-1)x2 + 2 =
                      00108 ; = (2 + 4M + 4KM) ciclos máquina. Para K=249 y M=1 supone 1002 ciclos máquina
                      00109 ; que a 4 MHz son 1002 µs = 1 ms.
                      00110 ;
0063                  00111 Retardos_ms
0063   008F           00112         movwf   R_ContB                 ; Aporta 1 ciclo máquina.
0064                  00113 R1ms_BucleExterno
0064   30F9           00114         movlw   d'249'                  ; Aporta Mx1 ciclos máquina. Este es el valor de "K".
0065   008E           00115         movwf   R_ContA                 ; Aporta Mx1 ciclos máquina.
0066                  00116 R1ms_BucleInterno
0066   0000           00117         nop                             ; Aporta KxMx1 ciclos máquina.
0067   0B8E           00118         decfsz  R_ContA,F               ; (K-1)xMx1 cm (cuando no salta) + Mx2 cm (al saltar).
0068   2866           00119         goto    R1ms_BucleInterno               ; Aporta (K-1)xMx2 ciclos máquina.
0069   0B8F           00120         decfsz  R_ContB,F               ; (M-1)x1 cm (cuando no salta) + 2 cm (al saltar).
006A   2864           00121         goto    R1ms_BucleExterno       ; Aporta (M-1)x2 ciclos máquina.
006B   0008           00122         return                          ; El salto del retorno aporta 2 ciclos máquina.
                      00123 ;
                      00124 ;En total estas subrutinas tardan:
                      00125 ; - Retardo_200ms:      2 + 1 + 2 + (2 + 4M + 4KM) = 200007 cm = 200 ms. (M=200 y K=249).
                      00126 ; - Retardo_100ms:      2 + 1 + 2 + (2 + 4M + 4KM) = 100007 cm = 100 ms. (M=100 y K=249).
                      00127 ; - Retardo_50ms :      2 + 1 + 2 + (2 + 4M + 4KM) =  50007 cm =  50 ms. (M= 50 y K=249).
                      00128 ; - Retardo_20ms :      2 + 1 + 2 + (2 + 4M + 4KM) =  20007 cm =  20 ms. (M= 20 y K=249).
                      00129 ; - Retardo_10ms :      2 + 1 + 2 + (2 + 4M + 4KM) =  10007 cm =  10 ms. (M= 10 y K=249).
                      00130 ; - Retardo_5ms  :      2 + 1 + 2 + (2 + 4M + 4KM) =   5007 cm =   5 ms. (M=  5 y K=249).
                      00131 ; - Retardo_2ms  :      2 + 1 + 2 + (2 + 4M + 4KM) =   2007 cm =   2 ms. (M=  2 y K=249).
                      00132 ; - Retardo_1ms  :      2 + 1     + (2 + 4M + 4KM) =   1005 cm =   1 ms. (M=  1 y K=249).
                      00133 ;
                      00134 ; RETARDOS de 0.5 hasta 20 segundos ---------------------------------------------------
                      00135 ;
006C                  00136 Retardo_20s                             ; La llamada "call" aporta 2 ciclos máquina.
006C   30C8           00137         movlw   d'200'                  ; Aporta 1 ciclo máquina. Este es el valor de "N".
006D   2877           00138         goto    Retardo_1Decima         ; Aporta 2 ciclos máquina.
006E                  00139 Retardo_10s                             ; La llamada "call" aporta 2 ciclos máquina.
006E   3064           00140         movlw   d'100'                  ; Aporta 1 ciclo máquina. Este es el valor de "N".
006F   2877           00141         goto    Retardo_1Decima         ; Aporta 2 ciclos máquina.
0070                  00142 Retardo_5s                              ; La llamada "call" aporta 2 ciclos máquina.
0070   3032           00143         movlw   d'50'                   ; Aporta 1 ciclo máquina. Este es el valor de "N".
0071   2877           00144         goto    Retardo_1Decima         ; Aporta 2 ciclos máquina.
0072                  00145 Retardo_2s                              ; La llamada "call" aporta 2 ciclos máquina.
0072   3014           00146         movlw   d'20'                   ; Aporta 1 ciclo máquina. Este es el valor de "N".
0073   2877           00147         goto    Retardo_1Decima         ; Aporta 2 ciclos máquina.
0074                  00148 Retardo_1s                              ; La llamada "call" aporta 2 ciclos máquina.
0074   300A           00149         movlw   d'10'                   ; Aporta 1 ciclo máquina. Este es el valor de "N".
0075   2877           00150         goto    Retardo_1Decima         ; Aporta 2 ciclos máquina.
0076                  00151 Retardo_500ms                           ; La llamada "call" aporta 2 ciclos máquina.
0076   3005           00152         movlw   d'5'                    ; Aporta 1 ciclo máquina. Este es el valor de "N".
                      00153 ;
                      00154 ; El próximo bloque "Retardo_1Decima" tarda:
                      00155 ; 1 + N + N + MxN + MxN + KxMxN + (K-1)xMxN + MxNx2 + (K-1)xMxNx2 +
MPASM 03.50 Released                          MOTORPAP_04.ASM   10-31-2000  9:29:53         PAGE  6


LOC  OBJECT CODE     LINE SOURCE TEXT
  VALUE

                      00156 ;   + (M-1)xN + Nx2 + (M-1)xNx2 + (N-1) + 2 + (N-1)x2 + 2 =
                      00157 ; = (2 + 4M + 4MN + 4KM) ciclos máquina. Para K=249, M=100 y N=1 supone 100011
                      00158 ; ciclos máquina que a 4 MHz son 100011 µs = 100 ms = 0,1 s = 1 décima de segundo.
                      00159 ;
0077                  00160 Retardo_1Decima
0077   0090           00161         movwf   R_ContC                 ; Aporta 1 ciclo máquina.
0078                  00162 R1Decima_BucleExterno2
0078   3064           00163         movlw   d'100'                  ; Aporta Nx1 ciclos máquina. Este es el valor de "M".
0079   008F           00164         movwf   R_ContB                 ; Aporta Nx1 ciclos máquina.
007A                  00165 R1Decima_BucleExterno
007A   30F9           00166         movlw   d'249'                  ; Aporta MxNx1 ciclos máquina. Este es el valor de "K".
007B   008E           00167         movwf   R_ContA                 ; Aporta MxNx1 ciclos máquina.
007C                  00168 R1Decima_BucleInterno          
007C   0000           00169         nop                             ; Aporta KxMxNx1 ciclos máquina.
007D   0B8E           00170         decfsz  R_ContA,F               ; (K-1)xMxNx1 cm (si no salta) + MxNx2 cm (al saltar).
007E   287C           00171         goto    R1Decima_BucleInterno   ; Aporta (K-1)xMxNx2 ciclos máquina.
007F   0B8F           00172         decfsz  R_ContB,F               ; (M-1)xNx1 cm (cuando no salta) + Nx2 cm (al saltar).
0080   287A           00173         goto    R1Decima_BucleExterno   ; Aporta (M-1)xNx2 ciclos máquina.
0081   0B90           00174         decfsz  R_ContC,F               ; (N-1)x1 cm (cuando no salta) + 2 cm (al saltar).
0082   2878           00175         goto    R1Decima_BucleExterno2  ; Aporta (N-1)x2 ciclos máquina.
0083   0008           00176         return                          ; El salto del retorno aporta 2 ciclos máquina.
                      00177 ;
                      00178 ;En total estas subrutinas tardan:
                      00179 ; - Retardo_20s:        2 + 1 + 2 + (2 + 4N + 4MN + 4KMN) = 20000807 cm = 20 s.
                      00180 ;                       (N=200, M=100 y K=249).
                      00181 ; - Retardo_10s:        2 + 1 + 2 + (2 + 4N + 4MN + 4KMN) = 10000407 cm = 10 s.
                      00182 ;                       (N=100, M=100 y K=249).
                      00183 ; - Retardo_5s:         2 + 1 + 2 + (2 + 4N + 4MN + 4KMN) =  5000207 cm =  5 s.
                      00184 ;                       (N= 50, M=100 y K=249).
                      00185 ; - Retardo_2s:         2 + 1 + 2 + (2 + 4N + 4MN + 4KMN) =  2000087 cm =  2 s.
                      00186 ;                       (N= 20, M=100 y K=249).
                      00187 ; - Retardo_1s:         2 + 1 + 2 + (2 + 4N + 4MN + 4KMN) =  1000047 cm =  1 s.
                      00188 ;                       (N= 10, M=100 y K=249).
                      00189 ; - Retardo_500ms:      2 + 1     + (2 + 4N + 4MN + 4KMN) =   500025 cm = 0,5 s.
                      00190 ;                       (N=  5, M=100 y K=249).
                      00191 
                      00192 ;       ===================================================================
                      00193 ;         Del libro "MICROCONTROLADOR PIC16F84A. DESARROLLO DE PROYECTOS"
                      00194 ;         E. Palacios, F. Remiro y L. López.
                      00195 ;         Editorial Ra-Ma.  www.ra-ma.es
                      00196 ;       ===================================================================
                      00197 
                      00198 
                      00199 
                      00200 
                      00104         END
MPASM 03.50 Released                          MOTORPAP_04.ASM   10-31-2000  9:29:53         PAGE  7


SYMBOL TABLE
  LABEL                             VALUE 

A_Izquierda                       0000000F
ActivaSalida                      00000036
C                                 00000000
Contador                          0000000D
DC                                00000001
EEADR                             00000009
EECON1                            00000088
EECON2                            00000089
EEDATA                            00000008
EEIE                              00000006
EEIF                              00000004
EntradaSentido                    PORTA,4
F                                 00000001
FSR                               00000004
Fin                               00000012
GIE                               00000007
GiroDerecha                       0000002D
GiroIzquierda                     00000024
INDF                              00000000
INTCON                            0000000B
INTE                              00000004
INTEDG                            00000006
INTF                              00000001
IRP                               00000007
Inicio                            00000000
NOT_PD                            00000003
NOT_RBPU                          00000007
NOT_TO                            00000004
OPTION_REG                        00000081
PCL                               00000002
PCLATH                            0000000A
PORTA                             00000005
PORTB                             00000006
PS0                               00000000
PS1                               00000001
PS2                               00000002
PSA                               00000003
ParaMotor                         00000011
Principal                         00000005
R1Decima_BucleExterno             0000007A
R1Decima_BucleExterno2            00000078
R1Decima_BucleInterno             0000007C
R1ms_BucleExterno                 00000064
R1ms_BucleInterno                 00000066
RBIE                              00000003
RBIF                              00000000
RD                                00000000
RP0                               00000005
RP1                               00000006
R_ContA                           0000000E
R_ContB                           0000000F
R_ContC                           00000010
Retardo                           00000039
MPASM 03.50 Released                          MOTORPAP_04.ASM   10-31-2000  9:29:53         PAGE  8


SYMBOL TABLE
  LABEL                             VALUE 

RetardoMicros                     00000050
Retardo_100micros                 0000004A
Retardo_100ms                     00000056
Retardo_10micros                  0000003D
Retardo_10ms                      0000005C
Retardo_10s                       0000006E
Retardo_1Decima                   00000077
Retardo_1ms                       00000062
Retardo_1s                        00000074
Retardo_200micros                 00000047
Retardo_200ms                     00000054
Retardo_20micros                  0000004F
Retardo_20ms                      0000005A
Retardo_20s                       0000006C
Retardo_2ms                       00000060
Retardo_2s                        00000072
Retardo_4micros                   00000043
Retardo_500micros                 00000044
Retardo_500ms                     00000076
Retardo_50micros                  0000004C
Retardo_50ms                      00000058
Retardo_5micros                   00000042
Retardo_5ms                       0000005E
Retardo_5s                        00000070
Retardos_ms                       00000063
Rmicros_Bucle                     00000051
STATUS                            00000003
SeleccionaVelocidad               00000013
T0CS                              00000005
T0IE                              00000005
T0IF                              00000002
T0SE                              00000004
TMR0                              00000001
TRISA                             00000085
TRISB                             00000086
Velocidad                         0000000C
W                                 00000000
WR                                00000001
WREN                              00000002
WRERR                             00000003
Z                                 00000002
_CP_OFF                           00003FFF
_CP_ON                            0000000F
_HS_OSC                           00003FFE
_LP_OSC                           00003FFC
_PWRTE_OFF                        00003FFF
_PWRTE_ON                         00003FF7
_RC_OSC                           00003FFF
_WDT_OFF                          00003FFB
_WDT_ON                           00003FFF
_XT_OSC                           00003FFD
__16F84A                          00000001
MPASM 03.50 Released                          MOTORPAP_04.ASM   10-31-2000  9:29:53         PAGE  9


MEMORY USAGE MAP ('X' = Used,  '-' = Unused)


0000 : XXXXXXXXXXXXXXXX XXXXXXXXXXXXXXXX XXXXXXXXXXXXXXXX XXXXXXXXXXXXXXXX
0040 : XXXXXXXXXXXXXXXX XXXXXXXXXXXXXXXX XXXXXXXXXXXXXXXX XXXXXXXXXXXXXXXX
0080 : XXXX------------ ---------------- ---------------- ----------------
2000 : -------X-------- ---------------- ---------------- ----------------

All other memory blocks unused.

Program Memory Words Used:   132
Program Memory Words Free:   892


Errors   :     0
Warnings :     0 reported,     0 suppressed
Messages :     0 reported,     0 suppressed

