MPASM 03.50 Released                      ROBOT_BALIZA_01.ASM   10-31-2003  22:30:44         PAGE  1


LOC  OBJECT CODE     LINE SOURCE TEXT
  VALUE

                      00001 ;************************************* Robot_Baliza_01.asm *******************************
                      00002 ;
                      00003 ;       ===================================================================
                      00004 ;         Del libro "MICROCONTROLADOR PIC16F84. DESARROLLO DE PROYECTOS"
                      00005 ;         E. Palacios, F. Remiro y L. López.
                      00006 ;         Editorial Ra-Ma.  www.ra-ma.es
                      00007 ;       ===================================================================
                      00008 ;
                      00009 ; Programa de control para Microbot TRASTO el cual detecta una baliza que genera
                      00010 ; una señal infrarroja modulada a 38 kHz.
                      00011 ;
                      00012 ; Los sensores ópticos SFH5110 están situados en la parte frontal del microbot:
                      00013 ; El sensor de la derecha está conectado a RA2 y el sensor de la izquierda a RA3. 
                      00014 ;
                      00015 ; Cuando el sensor SFH5110 detecta luz infrarroja modulada, proporciona un nivel bajo en su
                      00016 ; línea de salida.
                      00017 ;
                      00018 ; El programa adopta la estrategia siguiente:
                      00019 ;     - Si no se detecta la baliza por ningún sensor el microbot gira siempre a la derecha.
                      00020 ;     - Si los dos sensores detectan portadora el microbot avanza hacia adelante.
                      00021 ;     - Si se detecta portadora en el sensor de la izquierda y no en el de la derecha el
                      00022 ;       microbot gira a la izquierda hasta que los dos sensores detecten la baliza.     
                      00023 ;     - Si se detecta portadora en el sensor de la derecha y no en el de la izquierda el
                      00024 ;       microbot gira a la derecha hasta que los dos sensores detecten la baliza.       
                      00025 ;
                      00026 ; ZONA DE DATOS *********************************************************************
                      00027 
2007   3FF1           00028         __CONFIG   _CP_OFF &  _WDT_OFF & _PWRTE_ON & _XT_OSC
                      00029         LIST    P=16F84A
                      00030         INCLUDE <P16F84A.INC>
                      00001         LIST
                      00002 ; P16F84A.INC  Standard Header File, Version 2.00    Microchip Technology, Inc.
                      00134         LIST
                      00031 
                      00032 #DEFINE SensorDerecha   PORTA,2         ; Sensor Derecho.
                      00033 #DEFINE SensorIzquierda PORTA,3         ; Sensor Izquierdo.
                      00034 
                      00035 ; ZONA DE CÓDIGOS *********************************************************************
                      00036 
0000                  00037         ORG     0
0000                  00038 Inicio
0000   1683           00039         bsf     STATUS,RP0              ; Selecciona Banco 1 de registros.
0001   1505           00040         bsf     SensorDerecha           ; Estas líneas se configuran como entrada.
0002   1585           00041         bsf     SensorIzquierda
0003   0186           00042         clrf    PORTB                   ; Las líneas del Puerto B se configuran como salidas.
0004   1283           00043         bcf     STATUS,RP0              ; Selecciona Banco 0 de registros.
0005                  00044 Principal       
0005   1905           00045         btfsc   SensorDerecha           ; ¿Ha detectado señal por la derecha?   
0006   280B           00046         goto    Ver_Izquierda           ; No recibe por la derecha.
0007   1985           00047         btfsc   SensorIzquierda         ; Sí, ¿también señal por la izquierda?
0008   280F           00048         goto    GiroDerecha             ; No, solo señal por la derecha, gira a derecha.
0009   300F           00049         movlw   b'00001111'             ; Sí, recibe por los dos sensores. Sigue recto.
000A   2810           00050         goto    ActivaSalida
MPASM 03.50 Released                      ROBOT_BALIZA_01.ASM   10-31-2003  22:30:44         PAGE  2


LOC  OBJECT CODE     LINE SOURCE TEXT
  VALUE

000B                  00051 Ver_Izquierda
000B   1985           00052         btfsc   SensorIzquierda         ; Por la derecha no recibe. ¿Y por la izquierda?
000C   280F           00053         goto    GiroDerecha             ; Tampoco, ni por la derecha ni por la izquierda.
000D                  00054 GiroIzquierda
000D   3007           00055         movlw   b'00000111'             ; Gira a la izquierda.
000E   2810           00056         goto    ActivaSalida
000F                  00057 GiroDerecha
000F   300E           00058         movlw   b'00001110'             ; Gira a la derecha.
0010                  00059 ActivaSalida
0010   0086           00060         movwf   PORTB
0011   2805           00061         goto    Principal
                      00062 
                      00063         END
MPASM 03.50 Released                      ROBOT_BALIZA_01.ASM   10-31-2003  22:30:44         PAGE  3


SYMBOL TABLE
  LABEL                             VALUE 

ActivaSalida                      00000010
C                                 00000000
DC                                00000001
EEADR                             00000009
EECON1                            00000088
EECON2                            00000089
EEDATA                            00000008
EEIE                              00000006
EEIF                              00000004
F                                 00000001
FSR                               00000004
GIE                               00000007
GiroDerecha                       0000000F
GiroIzquierda                     0000000D
INDF                              00000000
INTCON                            0000000B
INTE                              00000004
INTEDG                            00000006
INTF                              00000001
IRP                               00000007
Inicio                            00000000
NOT_PD                            00000003
NOT_RBPU                          00000007
NOT_TO                            00000004
OPTION_REG                        00000081
PCL                               00000002
PCLATH                            0000000A
PORTA                             00000005
PORTB                             00000006
PS0                               00000000
PS1                               00000001
PS2                               00000002
PSA                               00000003
Principal                         00000005
RBIE                              00000003
RBIF                              00000000
RD                                00000000
RP0                               00000005
RP1                               00000006
STATUS                            00000003
SensorDerecha                     PORTA,2
SensorIzquierda                   PORTA,3
T0CS                              00000005
T0IE                              00000005
T0IF                              00000002
T0SE                              00000004
TMR0                              00000001
TRISA                             00000085
TRISB                             00000086
Ver_Izquierda                     0000000B
W                                 00000000
WR                                00000001
WREN                              00000002
MPASM 03.50 Released                      ROBOT_BALIZA_01.ASM   10-31-2003  22:30:44         PAGE  4


SYMBOL TABLE
  LABEL                             VALUE 

WRERR                             00000003
Z                                 00000002
_CP_OFF                           00003FFF
_CP_ON                            0000000F
_HS_OSC                           00003FFE
_LP_OSC                           00003FFC
_PWRTE_OFF                        00003FFF
_PWRTE_ON                         00003FF7
_RC_OSC                           00003FFF
_WDT_OFF                          00003FFB
_WDT_ON                           00003FFF
_XT_OSC                           00003FFD
__16F84A                          00000001


MEMORY USAGE MAP ('X' = Used,  '-' = Unused)

0000 : XXXXXXXXXXXXXXXX XX-------------- ---------------- ----------------
2000 : -------X-------- ---------------- ---------------- ----------------

All other memory blocks unused.

Program Memory Words Used:    18
Program Memory Words Free:  1006


Errors   :     0
Warnings :     0 reported,     0 suppressed
Messages :     0 reported,     0 suppressed

