MPASM 03.50 Released                             RS232_08.ASM   10-12-2000  20:03:22         PAGE  1


LOC  OBJECT CODE     LINE SOURCE TEXT
  VALUE

                      00001 ;************************************ RS232_08.asm **************************************
                      00002 ;
                      00003 ;       ===================================================================
                      00004 ;         Del libro "MICROCONTROLADOR PIC16F84A. DESARROLLO DE PROYECTOS"
                      00005 ;         E. Palacios, F. Remiro y L. López.
                      00006 ;         Editorial Ra-Ma.  www.ra-ma.es
                      00007 ;       ===================================================================
                      00008 ;
                      00009 ; Programa que visualiza en el modulo LCD el código ASCII en formato hexadecimal de la
                      00010 ; tecla pulsada y también en el monitor del ordenador en formato decimal. Por ejemplo:
                      00011 ;    -  Monitor del ordenador: " k-107", donde la "k" es la tecla pulsada y el "107" el
                      00012 ;       código ASCII en formato decimal.
                      00013 ;    -  Pantalla del LCD: " k-6B", donde la "k" es la tecla pulsada y el "6B" el
                      00014 ;       código ASCII en formato hexadecimal.
                      00015 ;
                      00016 ; ZONA DE DATOS **********************************************************************
                      00017 
2007   3FF1           00018         __CONFIG   _CP_OFF &  _WDT_OFF & _PWRTE_ON & _XT_OSC
                      00019         LIST       P=16F84A
                      00020         INCLUDE  <P16F84A.INC>
                      00001         LIST
                      00002 ; P16F84A.INC  Standard Header File, Version 2.00    Microchip Technology, Inc.
                      00134         LIST
                      00021 
                      00022         CBLOCK  0x0C
  0000000C            00023         GuardaDato
                      00024         ENDC
                      00025 
                      00026 ; ZONA DE CÓDIGOS ********************************************************************
                      00027 
0000                  00028         ORG     0
0000                  00029 Inicio
0000   2041           00030         call    LCD_Inicializa
0001   201A           00031         call    RS232_Inicializa
0002                  00032 Principal
0002   201F           00033         call    RS232_LeeDato           ; Espera recibir un carácter.
0003   008C           00034         movwf   GuardaDato              ; Guarda el dato recibido.
0004   2080           00035         call    LCD_Borra               ; Despeja la pantalla del visualizador LCD.
0005   080C           00036         movf    GuardaDato,W            ; Recupera el dato leído.
0006   2085           00037         call    LCD_Caracter            ; Visualiza el carácter de la tecla pulsada.
0007   302D           00038         movlw   '-'                     ; Visualiza el guión.
0008   2085           00039         call    LCD_Caracter
0009   080C           00040         movf    GuardaDato,W
000A   20B6           00041         call    LCD_ByteCompleto        ; Visualiza en el LCD el código ASCII.
000B   080C           00042         movf    GuardaDato,W            ; Visualiza en la pantalla del ordenador el 
000C   2030           00043         call    RS232_EnviaDato         ; carácter pulsado.
000D   302D           00044         movlw   '-'                     ; Visualiza en el ordenador el guión.
000E   2030           00045         call    RS232_EnviaDato
000F   080C           00046         movf    GuardaDato,W            ; Lo pasa a BCD antes de visualizarlo.
0010   210C           00047         call    BIN_a_BCD
0011   0817           00048         movf    BCD_Centenas,W          ; Visualiza el resultado en la pantalla  del
0012   202F           00049         call    RS232_EnviaNumero       ; ordenador comenzando por las centenas.
0013   0818           00050         movf    BCD_Decenas,W
MPASM 03.50 Released                             RS232_08.ASM   10-12-2000  20:03:22         PAGE  2


LOC  OBJECT CODE     LINE SOURCE TEXT
  VALUE

0014   202F           00051         call    RS232_EnviaNumero
0015   0819           00052         movf    BCD_Unidades,W
0016   202F           00053         call    RS232_EnviaNumero
0017   3020           00054         movlw   ' '                     ; Envía un espacio en blanco para separarlo del
0018   2030           00055         call    RS232_EnviaDato         ; anterior
0019   2802           00056         goto    Principal
                      00057 ;
                      00058         INCLUDE  <RS232.INC>
                      00001 ;***************************** Librería "RS232.INC" *************************************
                      00002 ;
                      00003 ;       ===================================================================
                      00004 ;         Del libro "MICROCONTROLADOR PIC16F84A. DESARROLLO DE PROYECTOS"
                      00005 ;         E. Palacios, F. Remiro y L. López.
                      00006 ;         Editorial Ra-Ma.  www.ra-ma.es
                      00007 ;       ===================================================================
                      00008 ;
                      00009 ; Estas subrutinas permiten realizar las tareas básicas de control de la transmisión
                      00010 ; seríe asincrona según normas RS-232.
                      00011 ;
                      00012 ; Los parámetros adoptados para la comunicación son los siguientes:
                      00013 ; - Velocidad de transmisión de 9600 baudios. La duración de cada bit será 104 µs.
                      00014 ; - Un bit de inicio ó Start a nivel bajo.
                      00015 ; - Dato de 8 bits.
                      00016 ; - Sin paridad.
                      00017 ; - Dos bits de final ó Stop a nivel alto.
                      00018 ;
                      00019 ; El tiempo entre bit y bit  debe coincidir con el período de la señal leída o enviada.
                      00020 ; Como la velocidad de transmisión ó recepción es de 9600 baudios, el período será:
                      00021 ; 1/9600Baudios= 104 µs. Se utilizará pues la subrutina "Retardos_100micros".
                      00022 
                      00023         CBLOCK
  0000000D            00024         RS232_ContadorBits
  0000000E            00025         RS232_Dato
                      00026         ENDC
                      00027 
                      00028 #DEFINE  RS232_Entrada  PORTA,3         ; Línea por la que se reciben los datos.
                      00029 #DEFINE  RS232_Salida   PORTA,4         ; Línea por la que se envían los datos.
                      00030 ;
                      00031 ; Subrutina "RS232_Inicializa" -------------------------------------------------------------
                      00032 ;
                      00033 ; Configura las líneas de salida y entrada del microcontrolador.
                      00034 
001A                  00035 RS232_Inicializa
001A   1683           00036         bsf     STATUS,RP0
001B   1585           00037         bsf     RS232_Entrada           ; Esta línea se configura como entrada.
001C   1205           00038         bcf     RS232_Salida            ; Esta línea se configura como salida.
001D   1283           00039         bcf     STATUS,RP0
001E   0008           00040         return
                      00041 
                      00042 ; Subrutina "RS232_LeeDato" -------------------------------------------------------------
                      00043 ;
                      00044 ; El microcontrolador lee el dato por la línea de entrada comenzando por el bit de menor
                      00045 ; peso. El dato leído se envía finalmente en el registro de trabajo W.
MPASM 03.50 Released                             RS232_08.ASM   10-12-2000  20:03:22         PAGE  3


LOC  OBJECT CODE     LINE SOURCE TEXT
  VALUE

                      00046 ;
                      00047 ; El ordenador parte siempre de un nivel alto, que es el estado que tiene cuando no 
                      00048 ; envía información. La secuencia utilizada es:
                      00049 ; 1º    Espera que se ejecute el pulso negativo del bit Start, o flanco de bajada.
                      00050 ; 2º    Deja pasar un tiempo una y media veces mayor que el periodo de transmisión para
                      00051 ;       saltarse el bit de Start y lee el primer bit en su mitad.
                      00052 ; 3º    Lee el resto de los bits de datos, esperando un tiempo igual a la duración del
                      00053 ;       período entre lectura y lectura para testearlos en mitad del bit.
                      00054 ;
                      00055 ; Salida: En el registro de trabajo W el byte leído.
                      00056 
001F                  00057 RS232_LeeDato
001F   3008           00058         movlw   d'8'                    ; Número de bits a recibir.
0020   008D           00059         movwf   RS232_ContadorBits
0021                  00060 RS232_EsperaBitStart
0021   1985           00061         btfsc   RS232_Entrada           ; Lee la entrada y espera a que sea "0".
0022   2821           00062         goto    RS232_EsperaBitStart    ; No, pues espera el nivel bajo.
0023   20D2           00063         call    Retardo_100micros               ; El primer bit debe leerlo un tiempo igual a una
0024   20D4           00064         call    Retardo_50micros                ; vez y media el periodo de transmisión.
0025                  00065 RS232_LeeBit
0025   1003           00066         bcf     STATUS,C                ; Ahora lee el pin. En principio supone que es 0.
0026   1985           00067         btfsc   RS232_Entrada           ; ¿Realmente es cero?.
0027   1403           00068         bsf     STATUS,C                ; No, pues cambia a uno.
0028   0C8E           00069         rrf     RS232_Dato,F            ; Introduce el bit en el registro de lectura.
0029   20D2           00070         call    Retardo_100micros               ; Los siguientes bits los lee un período más tarde.
002A   0B8D           00071         decfsz  RS232_ContadorBits,F    ; Comprueba que es el último bit.
002B   2825           00072         goto    RS232_LeeBit            ; Si no es el último bit, pasa a leer el siguiente.
002C   20CF           00073         call    Retardo_200micros               ; Espera un tiempo igual al los 2 bits de "Stop".
002D   080E           00074         movf    RS232_Dato,W            ; El resultado en el registro W.
002E   0008           00075         return  
                      00076 
                      00077 ; Subrutinas "RS232_EnviaDato" y "RS232_EnviaNúmero" -------------------------------------
                      00078 ;
                      00079 ; El microcontrolador envía un dato por la línea de salida comenzando por el bit de menor
                      00080 ; peso. En dato enviado será el que le llegue a través del registro de trabajo W.
                      00081 ; 1º.   Envía un "0" durante un tiempo igual al período de la velocidad de transmisión.
                      00082 ;       Este es el bit de "Start".
                      00083 ; 2º.   Envía el bit correspondiente:
                      00084 ;       - Si va a enviar un "0" permanece en bajo durante el período correspondiente.
                      00085 ;       - Si va a escribir un "1" permanece en alto durante el período correspondiente.
                      00086 ; 3º.   Envía dos bits "1" durante un tiempo igual al período de la velocidad de 
                      00087 ;       transmisión cada uno. Estos son los dos bits de "Stop".
                      00088 ;
                      00089 ; Entrada:      En (W) el dato a enviar.
                      00090 
002F                  00091 RS232_EnviaNumero                       ; Envía el código ASCII de un número.
002F   3E30           00092         addlw   '0'                     ; Lo pasa a código ASCII sumándole el ASCII del 0.
0030                  00093 RS232_EnviaDato
0030   008E           00094         movwf   RS232_Dato              ; Guarda el contenido del byte a transmitir.
0031   3008           00095         movlw   d'8'                    ; Este es el número de bits a transmitir.
0032   008D           00096         movwf   RS232_ContadorBits
0033   1205           00097         bcf     RS232_Salida            ; Bit de Start.
0034   20D2           00098         call    Retardo_100micros
MPASM 03.50 Released                             RS232_08.ASM   10-12-2000  20:03:22         PAGE  4


LOC  OBJECT CODE     LINE SOURCE TEXT
  VALUE

0035                  00099 RS232_EnviaBit                          ; Comienza a enviar datos.
0035   0C8E           00100         rrf     RS232_Dato,F            ; Lleva el bit que se quiere enviar al Carry para
0036   1C03           00101         btfss   STATUS,C                ; deducir su valor. ¿Es un "1" el bit a transmitir?.
0037   283A           00102         goto    RS232_EnviaCero         ; No, pues envía un "0".
0038                  00103 RS232_EnviaUno
0038   1605           00104         bsf     RS232_Salida            ; Transmite un "1".
0039   283B           00105         goto    RS232_FinEnviaBit
003A                  00106 RS232_EnviaCero
003A   1205           00107         bcf     RS232_Salida            ; Transmite un "0".
003B                  00108 RS232_FinEnviaBit
003B   20D2           00109         call    Retardo_100micros               ; Este es el tiempo que estará en alto o bajo.
003C   0B8D           00110         decfsz  RS232_ContadorBits,F    ; Comprueba que es el último bit.
003D   2835           00111         goto    RS232_EnviaBit          ; Como no es el último bit repite la operación.
003E   1605           00112         bsf     RS232_Salida            ; Envía dos bits de Stop.
003F   20CF           00113         call    Retardo_200micros
0040   0008           00114         return
                      00115         
                      00116 ;       ===================================================================
                      00117 ;         Del libro "MICROCONTROLADOR PIC16F84A. DESARROLLO DE PROYECTOS"
                      00118 ;         E. Palacios, F. Remiro y L. López.
                      00119 ;         Editorial Ra-Ma.  www.ra-ma.es
                      00120 ;       ===================================================================
                      00059         INCLUDE  <LCD_4BIT.INC>
                      00001 ;**************************** Librería "LCD_4BIT.INC" ***********************************
                      00002 ;
                      00003 ;       ===================================================================
                      00004 ;         Del libro "MICROCONTROLADOR PIC16F84A. DESARROLLO DE PROYECTOS"
                      00005 ;         E. Palacios, F. Remiro y L. López.
                      00006 ;         Editorial Ra-Ma.  www.ra-ma.es
                      00007 ;       ===================================================================
                      00008 ;
                      00009 ; Estas subrutinas permiten realizar las tareas básicas de control de un módulo LCD de 2
                      00010 ; líneas por 16 caracteres, compatible con el modelo LM016L.
                      00011 ;
                      00012 ; El visualizador LCD está conectado al Puerto B del PIC mediante un bus de 4 bits. Las
                      00013 ; conexiones son:
                      00014 ;    -  Las 4 líneas superiores del módulo LCD, pines <DB7:DB4>  se conectan a las 4
                      00015 ;       líneas superiores del Puerto B del PIC, pines <RB7:RB4>.
                      00016 ;    -  Pin RS del LCD a la línea RA0 del PIC.
                      00017 ;    -  Pin R/W del LCD a la línea RA1 del PIC, o a masa.
                      00018 ;    -  Pin Enable del LCD a la línea RA2 del PIC.
                      00019 ;
                      00020 ; Se utilizan llamadas a subrutinas de retardo de tiempo localizadas en la librería RETARDOS.INC.
                      00021 ;
                      00022 ; ZONA DE DATOS *********************************************************************
                      00023 
                      00024         CBLOCK
  0000000F            00025         LCD_Dato
  00000010            00026         LCD_GuardaDato
  00000011            00027         LCD_GuardaTRISB
  00000012            00028         LCD_Auxiliar1
  00000013            00029         LCD_Auxiliar2
                      00030         ENDC
MPASM 03.50 Released                             RS232_08.ASM   10-12-2000  20:03:22         PAGE  5


LOC  OBJECT CODE     LINE SOURCE TEXT
  VALUE

                      00031 
  00000010            00032 LCD_CaracteresPorLinea  EQU     .16     ; Número de caracteres por línea de la pantalla.
                      00033 
                      00034 #DEFINE  LCD_PinRS      PORTA,0
                      00035 #DEFINE  LCD_PinRW      PORTA,1
                      00036 #DEFINE  LCD_PinEnable  PORTA,2
                      00037 #DEFINE  LCD_BusDatos   PORTB
                      00038 
                      00039 ; Subrutina "LCD_Inicializa" ------------------------------------------------------------
                      00040 ;
                      00041 ; Inicialización del módulo LCD: Configura funciones del LCD, produce reset por software,
                      00042 ; borra memoria y enciende pantalla. El fabricante especifica que para garantizar la
                      00043 ; configuración inicial hay que hacerla como sigue:
                      00044 ;
0041                  00045 LCD_Inicializa
0041   1683           00046         bsf     STATUS,RP0              ; Configura las líneas conectadas al pines RS,
0042   1005           00047         bcf     LCD_PinRS               ; R/W y E.
0043   1105           00048         bcf     LCD_PinEnable
0044   1085           00049         bcf     LCD_PinRW
0045   1283           00050         bcf     STATUS,RP0
0046   1085           00051         bcf     LCD_PinRW               ; En caso de que esté conectado, le indica
                      00052                                         ; que se va a escribir en el LCD.
0047   1105           00053         bcf     LCD_PinEnable           ; Impide funcionamiento del LCD, poniendo E=0.
0048   1005           00054         bcf     LCD_PinRS               ; Activa el Modo Comando, poniendo RS=0.
0049   20E2           00055         call    Retardo_20ms
004A   3030           00056         movlw   b'00110000'     
004B   2059           00057         call    LCD_EscribeLCD          ; Escribe el dato en el LCD.
004C   20E6           00058         call    Retardo_5ms     
004D   3030           00059         movlw   b'00110000'     
004E   2059           00060         call    LCD_EscribeLCD
004F   20CF           00061         call    Retardo_200micros
0050   3030           00062         movlw   b'00110000'     
0051   2059           00063         call    LCD_EscribeLCD
0052   3020           00064         movlw   b'00100000'             ; Interface de 4 bits.
0053   2059           00065         call    LCD_EscribeLCD
                      00066 
                      00067 ; Ahora configura el resto de los parámetros: 
                      00068 
0054   2082           00069         call    LCD_2Lineas4Bits5x7     ; LCD de 2 líneas y caracteres de 5x7 puntos.
0055   2080           00070         call    LCD_Borra               ; Pantalla encendida y limpia. Cursor al principio
0056   207E           00071         call    LCD_CursorOFF           ; de la línea 1. Cursor apagado.
0057   2070           00072         call    LCD_CursorIncr          ; Cursor en modo incrementar.
0058   0008           00073         return
                      00074 
                      00075 ; Subrutina "LCD_EscribeLCD" -----------------------------------------------------------
                      00076 ;
                      00077 ; Envía el dato del registro de trabajo W al bus de dato y produce un pequeño pulso en el
                      00078 ; pin "Enable" del LCD. Para no alterar el contenido de las líneas de la parte baja del Puerto B
                      00079 ; que no son utilizadas para el LCD (pines RB3.. RB0), primero se lee estas líneas y después
                      00080 ; se vuelve a enviar este dato sin cambiarlo.
                      00081 
0059                  00082 LCD_EscribeLCD
0059   39F0           00083         andlw   b'11110000'             ; Se queda con el nibble alto del dato que es el
MPASM 03.50 Released                             RS232_08.ASM   10-12-2000  20:03:22         PAGE  6


LOC  OBJECT CODE     LINE SOURCE TEXT
  VALUE

005A   008F           00084         movwf   LCD_Dato                ; que hay que enviar y lo guarda.
005B   0806           00085         movf    LCD_BusDatos,W          ; Lee la información actual de la parte baja
005C   390F           00086         andlw   b'00001111'             ; del Puerto B, que no se debe alterar.
005D   048F           00087         iorwf   LCD_Dato,F              ; Enviará la parte alta del dato de entrada
                      00088                                         ; y en la parte baja lo que había antes.
005E   1683           00089         bsf     STATUS,RP0              ; Acceso al Banco 1.
Message[302]: Register in operand not in bank 0.  Ensure that bank bits are correct.
005F   0806           00090         movf    TRISB,W         ; Guarda la configuración que tenía antes TRISB.
0060   0091           00091         movwf   LCD_GuardaTRISB
0061   300F           00092         movlw   b'00001111'             ; Las 4 líneas inferiores del Puerto B se dejan 
0062   0586           00093         andwf   PORTB,F                 ; como estaban y las 4 superiores como salida.
0063   1283           00094         bcf     STATUS,RP0              ; Acceso al Banco 0.
                      00095 ;
0064   080F           00096         movf    LCD_Dato,W              ; Recupera el dato a enviar.
0065   0086           00097         movwf   LCD_BusDatos            ; Envía el dato al módulo LCD.
0066   1505           00098         bsf     LCD_PinEnable           ; Permite funcionamiento del LCD, mediante un pequeño
0067   1105           00099         bcf     LCD_PinEnable           ; pulso y termina impidiendo el funcionamiento del LCD.
0068   1C05           00100         btfss   LCD_PinRS               ; Debe garantizar una correcta escritura manteniendo 
0069   20E8           00101         call    Retardo_2ms             ; 2 ms en modo comando y 50 µs en modo cáracter.
006A   20D4           00102         call    Retardo_50micros
006B   1683           00103         bsf     STATUS,RP0              ; Acceso al Banco 1. Restaura el antiguo valor en
006C   0811           00104         movf    LCD_GuardaTRISB,W       ; la configuración del Puerto B.
006D   0086           00105         movwf   PORTB                   ; Realmente es TRISB.
006E   1283           00106         bcf     STATUS,RP0              ; Acceso al Banco 0.
006F   0008           00107         return
                      00108 
                      00109 ; Subrutinas variadas para el control del módulo LCD -----------------------------------------
                      00110 ;
                      00111 ;Los comandos que pueden ser ejecutados son:
                      00112 ;
0070                  00113 LCD_CursorIncr                          ; Cursor en modo incrementar.
0070   3006           00114         movlw   b'00000110'
0071   2883           00115         goto    LCD_EnviaComando
0072                  00116 LCD_Linea1                              ; Cursor al principio de la Línea 1.
0072   3080           00117         movlw   b'10000000'             ; Dirección 00h de la DDRAM
0073   2883           00118         goto    LCD_EnviaComando
0074                  00119 LCD_Linea2                              ; Cursor al principio de la Línea 2.
0074   30C0           00120         movlw   b'11000000'             ; Dirección 40h de la DDRAM
0075   2883           00121         goto    LCD_EnviaComando
0076                  00122 LCD_PosicionLinea1                      ; Cursor a posición de la Línea 1, a partir de la
0076   3880           00123         iorlw   b'10000000'             ; dirección 00h de la DDRAM más el valor del
0077   2883           00124         goto    LCD_EnviaComando        ; registro W.
0078                  00125 LCD_PosicionLinea2                      ; Cursor a posición de la Línea 2, a partir de la
0078   38C0           00126         iorlw   b'11000000'             ; dirección 40h de la DDRAM más el valor del
0079   2883           00127         goto    LCD_EnviaComando        ; registro W.
007A                  00128 LCD_OFF                         ; Pantalla apagada.
007A   3008           00129         movlw   b'00001000'
007B   2883           00130         goto    LCD_EnviaComando
007C                  00131 LCD_CursorON                            ; Pantalla encendida y cursor encendido.
007C   300E           00132         movlw   b'00001110'
007D   2883           00133         goto    LCD_EnviaComando
007E                  00134 LCD_CursorOFF                           ; Pantalla encendida y cursor apagado.
007E   300C           00135         movlw   b'00001100'
MPASM 03.50 Released                             RS232_08.ASM   10-12-2000  20:03:22         PAGE  7


LOC  OBJECT CODE     LINE SOURCE TEXT
  VALUE

007F   2883           00136         goto    LCD_EnviaComando
0080                  00137 LCD_Borra                               ; Borra toda la pantalla, memoria DDRAM y pone el 
0080   3001           00138         movlw   b'00000001'             ; cursor a principio de la línea 1.
0081   2883           00139         goto    LCD_EnviaComando
0082                  00140 LCD_2Lineas4Bits5x7                     ; Define la pantalla de 2 líneas, con caracteres
0082   3028           00141         movlw   b'00101000'             ; de 5x7 puntos y conexión al PIC mediante bus de
                      00142 ;       goto    LCD_EnviaComando        ; 4 bits. 
                      00143 
                      00144 ; Subrutinas "LCD_EnviaComando" y "LCD_Caracter" ------------------------------------
                      00145 ;
                      00146 ; "LCD_EnviaComando": Escribe un comando en el registro del módulo LCD. La palabra de
                      00147 ; comando ha sido entregada a través del registro W.  Trabaja en Modo Comando.
                      00148 ; "LCD_Caracter": Escribe en la memoria DDRAM del LCD el carácter ASCII introducido a
                      00149 ; a través del registro W. Trabaja en Modo Dato.
                      00150 ;
0083                  00151 LCD_EnviaComando
0083   1005           00152         bcf     LCD_PinRS               ; Activa el Modo Comando, poniendo RS=0.
0084   2887           00153         goto    LCD_Envia
0085                  00154 LCD_Caracter
0085   1405           00155         bsf     LCD_PinRS               ; Activa el "Modo Dato", poniendo RS=1.
0086   208C           00156         call    LCD_CodigoCGROM ; Obtiene el código para correcta visualización.
0087                  00157 LCD_Envia
0087   0090           00158         movwf   LCD_GuardaDato          ; Guarda el dato a enviar.
0088   2059           00159         call    LCD_EscribeLCD          ; Primero envía el nibble alto.
0089   0E10           00160         swapf   LCD_GuardaDato,W        ; Ahora envía el nibble bajo. Para ello pasa el
                      00161                                         ; nibble bajo del dato a enviar a parte alta del byte.
008A   2059           00162         call    LCD_EscribeLCD          ; Se envía al visualizador LCD.
008B   0008           00163         return  
                      00164 
                      00165 ; Subrutina "LCD_CodigoCGROM" -----------------------------------------------------------
                      00166 ;
                      00167 ; A partir del carácter ASCII número 127, los códigos de los caracteres definidos en la
                      00168 ; tabla CGROM del LM016L no coinciden con los códigos ASCII. Así por ejemplo, el código
                      00169 ; ASCII de la "Ñ" en la tabla CGRAM del LM016L es EEh.
                      00170 ;
                      00171 ; Esta subrutina convierte los códigos ASCII de la "Ñ", "º" y otros, a códigos CGROM para que
                      00172 ; que puedan ser visualizado en el módulo LM016L.
                      00173 ; 
                      00174 ; Entrada:      En (W) el código ASCII del carácter que se desea visualizar.
                      00175 ; Salida:       En (W) el código definido en la tabla CGROM.
                      00176 
008C                  00177 LCD_CodigoCGROM
008C   008F           00178         movwf   LCD_Dato                ; Guarda el valor del carácter y comprueba si es
008D                  00179 LCD_EnheMinuscula                       ; un carácter especial.
008D   3CF1           00180         sublw   'ñ'                     ; ¿Es la "ñ"?
008E   1D03           00181         btfss   STATUS,Z
008F   2893           00182         goto    LCD_EnheMayuscula       ; No es "ñ".
0090   30EE           00183         movlw   b'11101110'             ; Código CGROM de la "ñ".
0091   008F           00184         movwf   LCD_Dato
0092   28A0           00185         goto    LCD_FinCGROM
0093                  00186 LCD_EnheMayuscula
0093   080F           00187         movf    LCD_Dato,W              ; Recupera el código ASCII de entrada.
0094   3CD1           00188         sublw   'Ñ'                     ; ¿Es la "Ñ"?
MPASM 03.50 Released                             RS232_08.ASM   10-12-2000  20:03:22         PAGE  8


LOC  OBJECT CODE     LINE SOURCE TEXT
  VALUE

0095   1D03           00189         btfss   STATUS,Z
0096   289A           00190         goto    LCD_Grado               ; No es "Ñ".
0097   30EE           00191         movlw   b'11101110'             ; Código CGROM de la "ñ". (No hay símbolo para
0098   008F           00192         movwf   LCD_Dato                ; la "Ñ" mayúscula en la CGROM).
0099   28A0           00193         goto    LCD_FinCGROM    
009A                  00194 LCD_Grado
009A   080F           00195         movf    LCD_Dato,W              ; Recupera el código ASCII de entrada.
009B   3CBA           00196         sublw   'º'                     ; ¿Es el símbolo "º"?
009C   1D03           00197         btfss   STATUS,Z
009D   28A0           00198         goto    LCD_FinCGROM            ; No es "º".
009E   30DF           00199         movlw   b'11011111'             ; Código CGROM del símbolo "º".
009F   008F           00200         movwf   LCD_Dato
00A0                  00201 LCD_FinCGROM
00A0   080F           00202         movf    LCD_Dato,W              ; En (W) el código buscado.
00A1   0008           00203         return
                      00204 
                      00205 ; Subrutina "LCD_DosEspaciosBlancos" y "LCD_LineaBlanco" --------------------------------
                      00206 ;
                      00207 ; Visualiza espacios en blanco.
                      00208 
00A2                  00209 LCD_LineaEnBlanco
00A2   3010           00210         movlw   LCD_CaracteresPorLinea
00A3   28A9           00211         goto    LCD_EnviaBlancos
00A4                  00212 LCD_UnEspacioBlanco
00A4   3001           00213         movlw   .1
00A5   28A9           00214         goto    LCD_EnviaBlancos
00A6                  00215 LCD_DosEspaciosBlancos
00A6   3002           00216         movlw   .2
00A7   28A9           00217         goto    LCD_EnviaBlancos
00A8                  00218 LCD_TresEspaciosBlancos
00A8   3003           00219         movlw   .3
00A9                  00220 LCD_EnviaBlancos
00A9   0092           00221         movwf   LCD_Auxiliar1           ; (LCD_Auxiliar1) se utiliza como contador.
00AA                  00222 LCD_EnviaOtroBlanco     
00AA   3020           00223         movlw   ' '                     ; Esto es un espacio en blanco.
00AB   2085           00224         call    LCD_Caracter            ; Visualiza tanto espacios en blanco como se
00AC   0B92           00225         decfsz  LCD_Auxiliar1,F         ; haya cargado en (LCD_Auxiliar1).
00AD   28AA           00226         goto    LCD_EnviaOtroBlanco
00AE   0008           00227         return
                      00228 
                      00229 ; Subrutinas "LCD_ByteCompleto" y "LCD_Byte" --------------------------------------------
                      00230 ;
                      00231 ; Subrutina "LCD_ByteCompleto": Visualiza el byte que almacena el registro W en el
                      00232 ; lugar actual de la pantalla. Por ejemplo, si (W)=b'10101110' visualiza "AE".
                      00233 ;
                      00234 ; Subrutina "LCD_Byte" igual que la anterior, pero en caso de que el nibble alto sea cero, 
                      00235 ; visualiza en su lugar un espacio en blanco. Por ejemplo si (W)=b'10101110' visualiza "AE"
                      00236 ; y si (W)=b'00001110', visualiza " E" (un espacio blanco delante).
                      00237 ;
                      00238 ; Utilizan la subrutina "LCD_Nibble" que se analiza más adelante.
                      00239 ;
00AF                  00240 LCD_Byte
00AF   0093           00241         movwf   LCD_Auxiliar2           ; Guarda el valor de entrada.
MPASM 03.50 Released                             RS232_08.ASM   10-12-2000  20:03:22         PAGE  9


LOC  OBJECT CODE     LINE SOURCE TEXT
  VALUE

00B0   39F0           00242         andlw   b'11110000'             ; Analiza si el nibble alto es cero.
00B1   1D03           00243         btfss   STATUS,Z                ; Si es cero lo apaga.
00B2   28B7           00244         goto    LCD_VisualizaAlto               ; No es cero y lo visualiza.
00B3   3020           00245         movlw   ' '                     ; Visualiza un espacio en blanco.
00B4   2085           00246         call    LCD_Caracter
00B5   28B9           00247         goto    LCD_VisualizaBajo
                      00248 
00B6                  00249 LCD_ByteCompleto
00B6   0093           00250         movwf   LCD_Auxiliar2           ; Guarda el valor de entrada.
00B7                  00251 LCD_VisualizaAlto
00B7   0E13           00252         swapf   LCD_Auxiliar2,W         ; Pone el nibble alto en la parte baja.
00B8   20BA           00253         call    LCD_Nibble              ; Lo visualiza.
00B9                  00254 LCD_VisualizaBajo
00B9   0813           00255         movf    LCD_Auxiliar2,W         ; Repite el proceso con el nibble bajo.
                      00256 ;       call    LCD_Nibble              ; Lo visualiza.
                      00257 ;       return
                      00258 
                      00259 ; Subrutina "LCD_Nibble" ----------------------------------------------------------------
                      00260 ;
                      00261 ; Visualiza en el lugar actual de la pantalla, el valor hexadecimal que almacena en el nibble
                      00262 ; bajo del registro W. El nibble alto de W no es tenido en cuenta. Ejemplos:
                      00263 ; - Si (W)=b'01010110', se visualizará "6". 
                      00264 ; - Si (W)=b'10101110', se visualizará "E". 
                      00265 ;
00BA                  00266 LCD_Nibble
00BA   390F           00267         andlw   b'00001111'             ; Se queda con la parte baja.
00BB   0092           00268         movwf   LCD_Auxiliar1           ; Lo guarda.
00BC   3C09           00269         sublw   0x09                    ; Comprueba si hay que representarlo con letra.
00BD   1C03           00270         btfss   STATUS,C        
00BE   28C2           00271         goto    LCD_EnviaByteLetra
00BF   0812           00272         movf    LCD_Auxiliar1,W
00C0   3E30           00273         addlw   '0'                     ; El número se pasa a carácter ASCII sumándole
00C1   28C4           00274         goto    LCD_FinVisualizaDigito  ; el ASCII del cero y lo visualiza.
00C2                  00275 LCD_EnviaByteLetra
00C2   0812           00276         movf    LCD_Auxiliar1,W
00C3   3E37           00277         addlw   'A'-0x0A                        ; Sí, por tanto, se le suma el ASCII de la 'A'.
00C4                  00278 LCD_FinVisualizaDigito
00C4   2885           00279         goto    LCD_Caracter            ; Y visualiza el carácter. Se hace con un "goto"
                      00280                                         ; para no sobrecargar la pila.
                      00060         INCLUDE  <RETARDOS.INC>
                      00001 ;**************************** Librería "RETARDOS.INC" *********************************
                      00002 ;
                      00003 ;       ===================================================================
                      00004 ;         Del libro "MICROCONTROLADOR PIC16F84A. DESARROLLO DE PROYECTOS"
                      00005 ;         E. Palacios, F. Remiro y L. López.
                      00006 ;         Editorial Ra-Ma.  www.ra-ma.es
                      00007 ;       ===================================================================
                      00008 ;
                      00009 ; Librería con múltiples subrutinas de retardos, desde 4 microsegundos hasta 20 segundos. 
                      00010 ; Además se pueden implementar otras subrutinas muy fácilmente.
                      00011 ;
                      00012 ; Se han calculado para un sistema microcontrolador con un PIC trabajando con un cristal
                      00013 ; de cuarzo a 4 MHz. Como cada ciclo máquina son 4 ciclos de reloj, resulta que cada
MPASM 03.50 Released                             RS232_08.ASM   10-12-2000  20:03:22         PAGE 10


LOC  OBJECT CODE     LINE SOURCE TEXT
  VALUE

                      00014 ; ciclo máquina tarda 4 x 1/4MHz = 1 µs.
                      00015 ;
                      00016 ; En los comentarios, "cm" significa "ciclos máquina".
                      00017 ;
                      00018 ; ZONA DE DATOS *********************************************************************
                      00019 
                      00020         CBLOCK
  00000014            00021         R_ContA                         ; Contadores para los retardos.
  00000015            00022         R_ContB
  00000016            00023         R_ContC
                      00024         ENDC
                      00025 ;
                      00026 ; RETARDOS de 4 hasta 10 microsegundos ---------------------------------------------------
                      00027 ;
                      00028 ; A continuación retardos pequeños teniendo en cuenta que para una frecuencia de 4 MHZ,
                      00029 ; la llamada a subrutina "call" tarda 2 ciclos máquina, el retorno de subrutina
                      00030 ; "return" toma otros 2 ciclos máquina y cada instrucción "nop" tarda 1 ciclo máquina.
                      00031 ;
00C5                  00032 Retardo_10micros                                ; La llamada "call" aporta 2 ciclos máquina.
00C5   0000           00033         nop                             ; Aporta 1 ciclo máquina.
00C6   0000           00034         nop                             ; Aporta 1 ciclo máquina.
00C7   0000           00035         nop                             ; Aporta 1 ciclo máquina.
00C8   0000           00036         nop                             ; Aporta 1 ciclo máquina.
00C9   0000           00037         nop                             ; Aporta 1 ciclo máquina.
00CA                  00038 Retardo_5micros                         ; La llamada "call" aporta 2 ciclos máquina.
00CA   0000           00039         nop                             ; Aporta 1 ciclo máquina.
00CB                  00040 Retardo_4micros                         ; La llamada "call" aporta 2 ciclos máquina.
00CB   0008           00041         return                          ; El salto del retorno aporta 2 ciclos máquina.
                      00042 ;
                      00043 ; RETARDOS de 20 hasta 500 microsegundos ------------------------------------------------
                      00044 ;
00CC                  00045 Retardo_500micros                               ; La llamada "call" aporta 2 ciclos máquina.
00CC   0000           00046         nop                             ; Aporta 1 ciclo máquina.
00CD   30A4           00047         movlw   d'164'                  ; Aporta 1 ciclo máquina. Este es el valor de "K".
00CE   28D8           00048         goto    RetardoMicros           ; Aporta 2 ciclos máquina.
00CF                  00049 Retardo_200micros                               ; La llamada "call" aporta 2 ciclos máquina.
00CF   0000           00050         nop                             ; Aporta 1 ciclo máquina.
00D0   3040           00051         movlw   d'64'                   ; Aporta 1 ciclo máquina. Este es el valor de "K".
00D1   28D8           00052         goto    RetardoMicros           ; Aporta 2 ciclos máquina.
00D2                  00053 Retardo_100micros                               ; La llamada "call" aporta 2 ciclos máquina.
00D2   301F           00054         movlw   d'31'                   ; Aporta 1 ciclo máquina. Este es el valor de "K".
00D3   28D8           00055         goto    RetardoMicros           ; Aporta 2 ciclos máquina.
00D4                  00056 Retardo_50micros                                ; La llamada "call" aporta 2 ciclos máquina.
00D4   0000           00057         nop                             ; Aporta 1 ciclo máquina.
00D5   300E           00058         movlw   d'14'                   ; Aporta 1 ciclo máquina. Este es el valor de "K".
00D6   28D8           00059         goto    RetardoMicros           ; Aporta 2 ciclos máquina.
00D7                  00060 Retardo_20micros                                ; La llamada "call" aporta 2 ciclos máquina.
00D7   3005           00061         movlw   d'5'                    ; Aporta 1 ciclo máquina. Este es el valor de "K".
                      00062 ;
                      00063 ; El próximo bloque "RetardoMicros" tarda:
                      00064 ; 1 + (K-1) + 2 + (K-1)x2 + 2 = (2 + 3K) ciclos máquina.
                      00065 ;
00D8                  00066 RetardoMicros
MPASM 03.50 Released                             RS232_08.ASM   10-12-2000  20:03:22         PAGE 11


LOC  OBJECT CODE     LINE SOURCE TEXT
  VALUE

00D8   0094           00067         movwf   R_ContA                 ; Aporta 1 ciclo máquina.
00D9                  00068 Rmicros_Bucle
00D9   0B94           00069         decfsz  R_ContA,F               ; (K-1)x1 cm (cuando no salta) + 2 cm (al saltar).
00DA   28D9           00070         goto    Rmicros_Bucle           ; Aporta (K-1)x2 ciclos máquina.
00DB   0008           00071         return                          ; El salto del retorno aporta 2 ciclos máquina.
                      00072 ;
                      00073 ;En total estas subrutinas tardan:
                      00074 ; - Retardo_500micros:  2 + 1 + 1 + 2 + (2 + 3K) = 500 cm = 500 µs. (para K=164 y 4 MHz).
                      00075 ; - Retardo_200micros:  2 + 1 + 1 + 2 + (2 + 3K) = 200 cm = 200 µs. (para K= 64 y 4 MHz).
                      00076 ; - Retardo_100micros:  2     + 1 + 2 + (2 + 3K) = 100 cm = 100 µs. (para K= 31 y 4 MHz).
                      00077 ; - Retardo_50micros :  2 + 1 + 1 + 2 + (2 + 3K) =  50 cm =  50 µs. (para K= 14 y 4 MHz).
                      00078 ; - Retardo_20micros :  2     + 1     + (2 + 3K) =  20 cm =  20 µs. (para K=  5 y 4 MHz).
                      00079 ;
                      00080 ; RETARDOS de 1 ms hasta 200 ms. --------------------------------------------------------
                      00081 ;
00DC                  00082 Retardo_200ms                           ; La llamada "call" aporta 2 ciclos máquina.
00DC   30C8           00083         movlw   d'200'                  ; Aporta 1 ciclo máquina. Este es el valor de "M".
00DD   28EB           00084         goto    Retardos_ms             ; Aporta 2 ciclos máquina.
00DE                  00085 Retardo_100ms                           ; La llamada "call" aporta 2 ciclos máquina.
00DE   3064           00086         movlw   d'100'                  ; Aporta 1 ciclo máquina. Este es el valor de "M".
00DF   28EB           00087         goto    Retardos_ms             ; Aporta 2 ciclos máquina.
00E0                  00088 Retardo_50ms                            ; La llamada "call" aporta 2 ciclos máquina.
00E0   3032           00089         movlw   d'50'                   ; Aporta 1 ciclo máquina. Este es el valor de "M".
00E1   28EB           00090         goto    Retardos_ms             ; Aporta 2 ciclos máquina.
00E2                  00091 Retardo_20ms                            ; La llamada "call" aporta 2 ciclos máquina.
00E2   3014           00092         movlw   d'20'                   ; Aporta 1 ciclo máquina. Este es el valor de "M".
00E3   28EB           00093         goto    Retardos_ms             ; Aporta 2 ciclos máquina.
00E4                  00094 Retardo_10ms                            ; La llamada "call" aporta 2 ciclos máquina.
00E4   300A           00095         movlw   d'10'                   ; Aporta 1 ciclo máquina. Este es el valor de "M".
00E5   28EB           00096         goto    Retardos_ms             ; Aporta 2 ciclos máquina.
00E6                  00097 Retardo_5ms                             ; La llamada "call" aporta 2 ciclos máquina.
00E6   3005           00098         movlw   d'5'                    ; Aporta 1 ciclo máquina. Este es el valor de "M".
00E7   28EB           00099         goto    Retardos_ms             ; Aporta 2 ciclos máquina.
00E8                  00100 Retardo_2ms                             ; La llamada "call" aporta 2 ciclos máquina.
00E8   3002           00101         movlw   d'2'                    ; Aporta 1 ciclo máquina. Este es el valor de "M".
00E9   28EB           00102         goto    Retardos_ms             ; Aporta 2 ciclos máquina.
00EA                  00103 Retardo_1ms                             ; La llamada "call" aporta 2 ciclos máquina.
00EA   3001           00104         movlw   d'1'                    ; Aporta 1 ciclo máquina. Este es el valor de "M".
                      00105 ;
                      00106 ; El próximo bloque "Retardos_ms" tarda:
                      00107 ; 1 + M + M + KxM + (K-1)xM + Mx2 + (K-1)Mx2 + (M-1) + 2 + (M-1)x2 + 2 =
                      00108 ; = (2 + 4M + 4KM) ciclos máquina. Para K=249 y M=1 supone 1002 ciclos máquina
                      00109 ; que a 4 MHz son 1002 µs = 1 ms.
                      00110 ;
00EB                  00111 Retardos_ms
00EB   0095           00112         movwf   R_ContB                 ; Aporta 1 ciclo máquina.
00EC                  00113 R1ms_BucleExterno
00EC   30F9           00114         movlw   d'249'                  ; Aporta Mx1 ciclos máquina. Este es el valor de "K".
00ED   0094           00115         movwf   R_ContA                 ; Aporta Mx1 ciclos máquina.
00EE                  00116 R1ms_BucleInterno
00EE   0000           00117         nop                             ; Aporta KxMx1 ciclos máquina.
00EF   0B94           00118         decfsz  R_ContA,F               ; (K-1)xMx1 cm (cuando no salta) + Mx2 cm (al saltar).
00F0   28EE           00119         goto    R1ms_BucleInterno               ; Aporta (K-1)xMx2 ciclos máquina.
MPASM 03.50 Released                             RS232_08.ASM   10-12-2000  20:03:22         PAGE 12


LOC  OBJECT CODE     LINE SOURCE TEXT
  VALUE

00F1   0B95           00120         decfsz  R_ContB,F               ; (M-1)x1 cm (cuando no salta) + 2 cm (al saltar).
00F2   28EC           00121         goto    R1ms_BucleExterno       ; Aporta (M-1)x2 ciclos máquina.
00F3   0008           00122         return                          ; El salto del retorno aporta 2 ciclos máquina.
                      00123 ;
                      00124 ;En total estas subrutinas tardan:
                      00125 ; - Retardo_200ms:      2 + 1 + 2 + (2 + 4M + 4KM) = 200007 cm = 200 ms. (M=200 y K=249).
                      00126 ; - Retardo_100ms:      2 + 1 + 2 + (2 + 4M + 4KM) = 100007 cm = 100 ms. (M=100 y K=249).
                      00127 ; - Retardo_50ms :      2 + 1 + 2 + (2 + 4M + 4KM) =  50007 cm =  50 ms. (M= 50 y K=249).
                      00128 ; - Retardo_20ms :      2 + 1 + 2 + (2 + 4M + 4KM) =  20007 cm =  20 ms. (M= 20 y K=249).
                      00129 ; - Retardo_10ms :      2 + 1 + 2 + (2 + 4M + 4KM) =  10007 cm =  10 ms. (M= 10 y K=249).
                      00130 ; - Retardo_5ms  :      2 + 1 + 2 + (2 + 4M + 4KM) =   5007 cm =   5 ms. (M=  5 y K=249).
                      00131 ; - Retardo_2ms  :      2 + 1 + 2 + (2 + 4M + 4KM) =   2007 cm =   2 ms. (M=  2 y K=249).
                      00132 ; - Retardo_1ms  :      2 + 1     + (2 + 4M + 4KM) =   1005 cm =   1 ms. (M=  1 y K=249).
                      00133 ;
                      00134 ; RETARDOS de 0.5 hasta 20 segundos ---------------------------------------------------
                      00135 ;
00F4                  00136 Retardo_20s                             ; La llamada "call" aporta 2 ciclos máquina.
00F4   30C8           00137         movlw   d'200'                  ; Aporta 1 ciclo máquina. Este es el valor de "N".
00F5   28FF           00138         goto    Retardo_1Decima         ; Aporta 2 ciclos máquina.
00F6                  00139 Retardo_10s                             ; La llamada "call" aporta 2 ciclos máquina.
00F6   3064           00140         movlw   d'100'                  ; Aporta 1 ciclo máquina. Este es el valor de "N".
00F7   28FF           00141         goto    Retardo_1Decima         ; Aporta 2 ciclos máquina.
00F8                  00142 Retardo_5s                              ; La llamada "call" aporta 2 ciclos máquina.
00F8   3032           00143         movlw   d'50'                   ; Aporta 1 ciclo máquina. Este es el valor de "N".
00F9   28FF           00144         goto    Retardo_1Decima         ; Aporta 2 ciclos máquina.
00FA                  00145 Retardo_2s                              ; La llamada "call" aporta 2 ciclos máquina.
00FA   3014           00146         movlw   d'20'                   ; Aporta 1 ciclo máquina. Este es el valor de "N".
00FB   28FF           00147         goto    Retardo_1Decima         ; Aporta 2 ciclos máquina.
00FC                  00148 Retardo_1s                              ; La llamada "call" aporta 2 ciclos máquina.
00FC   300A           00149         movlw   d'10'                   ; Aporta 1 ciclo máquina. Este es el valor de "N".
00FD   28FF           00150         goto    Retardo_1Decima         ; Aporta 2 ciclos máquina.
00FE                  00151 Retardo_500ms                           ; La llamada "call" aporta 2 ciclos máquina.
00FE   3005           00152         movlw   d'5'                    ; Aporta 1 ciclo máquina. Este es el valor de "N".
                      00153 ;
                      00154 ; El próximo bloque "Retardo_1Decima" tarda:
                      00155 ; 1 + N + N + MxN + MxN + KxMxN + (K-1)xMxN + MxNx2 + (K-1)xMxNx2 +
                      00156 ;   + (M-1)xN + Nx2 + (M-1)xNx2 + (N-1) + 2 + (N-1)x2 + 2 =
                      00157 ; = (2 + 4M + 4MN + 4KM) ciclos máquina. Para K=249, M=100 y N=1 supone 100011
                      00158 ; ciclos máquina que a 4 MHz son 100011 µs = 100 ms = 0,1 s = 1 décima de segundo.
                      00159 ;
00FF                  00160 Retardo_1Decima
00FF   0096           00161         movwf   R_ContC                 ; Aporta 1 ciclo máquina.
0100                  00162 R1Decima_BucleExterno2
0100   3064           00163         movlw   d'100'                  ; Aporta Nx1 ciclos máquina. Este es el valor de "M".
0101   0095           00164         movwf   R_ContB                 ; Aporta Nx1 ciclos máquina.
0102                  00165 R1Decima_BucleExterno
0102   30F9           00166         movlw   d'249'                  ; Aporta MxNx1 ciclos máquina. Este es el valor de "K".
0103   0094           00167         movwf   R_ContA                 ; Aporta MxNx1 ciclos máquina.
0104                  00168 R1Decima_BucleInterno          
0104   0000           00169         nop                             ; Aporta KxMxNx1 ciclos máquina.
0105   0B94           00170         decfsz  R_ContA,F               ; (K-1)xMxNx1 cm (si no salta) + MxNx2 cm (al saltar).
0106   2904           00171         goto    R1Decima_BucleInterno   ; Aporta (K-1)xMxNx2 ciclos máquina.
0107   0B95           00172         decfsz  R_ContB,F               ; (M-1)xNx1 cm (cuando no salta) + Nx2 cm (al saltar).
MPASM 03.50 Released                             RS232_08.ASM   10-12-2000  20:03:22         PAGE 13


LOC  OBJECT CODE     LINE SOURCE TEXT
  VALUE

0108   2902           00173         goto    R1Decima_BucleExterno   ; Aporta (M-1)xNx2 ciclos máquina.
0109   0B96           00174         decfsz  R_ContC,F               ; (N-1)x1 cm (cuando no salta) + 2 cm (al saltar).
010A   2900           00175         goto    R1Decima_BucleExterno2  ; Aporta (N-1)x2 ciclos máquina.
010B   0008           00176         return                          ; El salto del retorno aporta 2 ciclos máquina.
                      00177 ;
                      00178 ;En total estas subrutinas tardan:
                      00179 ; - Retardo_20s:        2 + 1 + 2 + (2 + 4N + 4MN + 4KMN) = 20000807 cm = 20 s.
                      00180 ;                       (N=200, M=100 y K=249).
                      00181 ; - Retardo_10s:        2 + 1 + 2 + (2 + 4N + 4MN + 4KMN) = 10000407 cm = 10 s.
                      00182 ;                       (N=100, M=100 y K=249).
                      00183 ; - Retardo_5s:         2 + 1 + 2 + (2 + 4N + 4MN + 4KMN) =  5000207 cm =  5 s.
                      00184 ;                       (N= 50, M=100 y K=249).
                      00185 ; - Retardo_2s:         2 + 1 + 2 + (2 + 4N + 4MN + 4KMN) =  2000087 cm =  2 s.
                      00186 ;                       (N= 20, M=100 y K=249).
                      00187 ; - Retardo_1s:         2 + 1 + 2 + (2 + 4N + 4MN + 4KMN) =  1000047 cm =  1 s.
                      00188 ;                       (N= 10, M=100 y K=249).
                      00189 ; - Retardo_500ms:      2 + 1     + (2 + 4N + 4MN + 4KMN) =   500025 cm = 0,5 s.
                      00190 ;                       (N=  5, M=100 y K=249).
                      00061         INCLUDE  <BIN_BCD.INC>
                      00001 ;******************************** Librería "BIN_BCD.INC" ********************************
                      00002 ;
                      00003 ;       ===================================================================
                      00004 ;         Del libro "MICROCONTROLADOR PIC16F84A. DESARROLLO DE PROYECTOS"
                      00005 ;         E. Palacios, F. Remiro y L. López.
                      00006 ;         Editorial Ra-Ma.  www.ra-ma.es
                      00007 ;       ===================================================================
                      00008 ;
                      00009 ; Un número binario natural de 8 bits es convertido a BCD. El resultado se guarda en tres
                      00010 ; posiciones de memorias llamadas: BCD_Centenas, BCD_Decenas y BCD_Unidades.
                      00011 ;
                      00012 ; El procedimiento utilizado es mediante restas de 10 tal como se explicó en el capítulo 9.
                      00013 ;
                      00014 ; Entrada:      En el registro W el número binario natural a convertir.
                      00015 ; Salidas:      En (BCD_Centenas), (BCD_Decenas) y (BCD_Unidades).
                      00016 ;               En el registro W también las decenas (nibble alto) y unidades (nibble bajo).
                      00017 
                      00018 ; Subrutina "BIN_a_BCD" -----------------------------------------------------------------
                      00019 
                      00020         CBLOCK                          ; En las subrutinas no se debe fijar la dirección
  00000017            00021         BCD_Centenas                    ; de la RAM de usuario. Se toma a continuación de
  00000018            00022         BCD_Decenas                     ; la última asignada.
  00000019            00023         BCD_Unidades    
                      00024         ENDC
                      00025 ;
010C                  00026 BIN_a_BCD
010C   0197           00027         clrf    BCD_Centenas            ; Carga los registros con el resultado inicial.
010D   0198           00028         clrf    BCD_Decenas             ; En principio las centenas y decenas a cero.
010E   0099           00029         movwf   BCD_Unidades            ; Se carga el número binario a convertir.
010F                  00030 BCD_Resta10
010F   300A           00031         movlw   .10                     ; A las unidades se le va restando 10 en cada
0110   0219           00032         subwf   BCD_Unidades,W          ; pasada. (W)=(BCD_Unidades) -10.
0111   1C03           00033         btfss   STATUS,C                ; ¿C = 1?, ¿(W) positivo?, ¿(BCD_Unidades)>=10?.
0112   291C           00034         goto    BIN_BCD_Fin             ; No, es menor de 10. Se acabó.
MPASM 03.50 Released                             RS232_08.ASM   10-12-2000  20:03:22         PAGE 14


LOC  OBJECT CODE     LINE SOURCE TEXT
  VALUE

0113                  00035 BCD_IncrementaDecenas
0113   0099           00036         movwf   BCD_Unidades            ; Recupera lo que queda por restar.
0114   0A98           00037         incf    BCD_Decenas,F           ; Incrementa las decenas y comprueba si ha llegado
0115   300A           00038         movlw   .10                     ; a 10. Lo hace mediante una resta.
0116   0218           00039         subwf   BCD_Decenas,W           ; (W)=(BCD_Decenas)-10).
0117   1C03           00040         btfss   STATUS,C                ; ¿C = 1?, ¿(W) positivo?, ¿(BCD_Decenas)>=10?.
0118   290F           00041         goto    BCD_Resta10             ; No. Vuelve a dar otra pasada, restándole 10 a
0119                  00042 BCD_IncrementaCentenas                  ; las unidades.
0119   0198           00043         clrf    BCD_Decenas             ; Pone a cero las decenas 
011A   0A97           00044         incf    BCD_Centenas,F          ; e incrementa las centenas.
011B   290F           00045         goto    BCD_Resta10             ; Otra pasada: Resta 10 al número a convertir.
011C                  00046 BIN_BCD_Fin
011C   0E18           00047         swapf   BCD_Decenas,W           ; En el nibble alto de (W) también las decenas.
011D   0719           00048         addwf   BCD_Unidades,W          ; En el nibble bajo de (W) las unidades.
011E   0008           00049         return                          ; Vuelve al programa principal.
                      00050         
                      00051 ; La directiva "END" se debe poner en el programa principal, no aquí.
                      00052 
                      00053 ;       ===================================================================
                      00054 ;         Del libro "MICROCONTROLADOR PIC16F84A. DESARROLLO DE PROYECTOS"
                      00055 ;         E. Palacios, F. Remiro y L. López.
                      00056 ;         Editorial Ra-Ma.  www.ra-ma.es
                      00057 ;       ===================================================================
                      00062         END
MPASM 03.50 Released                             RS232_08.ASM   10-12-2000  20:03:22         PAGE 15


SYMBOL TABLE
  LABEL                             VALUE 

BCD_Centenas                      00000017
BCD_Decenas                       00000018
BCD_IncrementaCentenas            00000119
BCD_IncrementaDecenas             00000113
BCD_Resta10                       0000010F
BCD_Unidades                      00000019
BIN_BCD_Fin                       0000011C
BIN_a_BCD                         0000010C
C                                 00000000
DC                                00000001
EEADR                             00000009
EECON1                            00000088
EECON2                            00000089
EEDATA                            00000008
EEIE                              00000006
EEIF                              00000004
F                                 00000001
FSR                               00000004
GIE                               00000007
GuardaDato                        0000000C
INDF                              00000000
INTCON                            0000000B
INTE                              00000004
INTEDG                            00000006
INTF                              00000001
IRP                               00000007
Inicio                            00000000
LCD_2Lineas4Bits5x7               00000082
LCD_Auxiliar1                     00000012
LCD_Auxiliar2                     00000013
LCD_Borra                         00000080
LCD_BusDatos                      PORTB
LCD_Byte                          000000AF
LCD_ByteCompleto                  000000B6
LCD_Caracter                      00000085
LCD_CaracteresPorLinea            00000010
LCD_CodigoCGROM                   0000008C
LCD_CursorIncr                    00000070
LCD_CursorOFF                     0000007E
LCD_CursorON                      0000007C
LCD_Dato                          0000000F
LCD_DosEspaciosBlancos            000000A6
LCD_EnheMayuscula                 00000093
LCD_EnheMinuscula                 0000008D
LCD_Envia                         00000087
LCD_EnviaBlancos                  000000A9
LCD_EnviaByteLetra                000000C2
LCD_EnviaComando                  00000083
LCD_EnviaOtroBlanco               000000AA
LCD_EscribeLCD                    00000059
LCD_FinCGROM                      000000A0
LCD_FinVisualizaDigito            000000C4
LCD_Grado                         0000009A
MPASM 03.50 Released                             RS232_08.ASM   10-12-2000  20:03:22         PAGE 16


SYMBOL TABLE
  LABEL                             VALUE 

LCD_GuardaDato                    00000010
LCD_GuardaTRISB                   00000011
LCD_Inicializa                    00000041
LCD_Linea1                        00000072
LCD_Linea2                        00000074
LCD_LineaEnBlanco                 000000A2
LCD_Nibble                        000000BA
LCD_OFF                           0000007A
LCD_PinEnable                     PORTA,2
LCD_PinRS                         PORTA,0
LCD_PinRW                         PORTA,1
LCD_PosicionLinea1                00000076
LCD_PosicionLinea2                00000078
LCD_TresEspaciosBlancos           000000A8
LCD_UnEspacioBlanco               000000A4
LCD_VisualizaAlto                 000000B7
LCD_VisualizaBajo                 000000B9
NOT_PD                            00000003
NOT_RBPU                          00000007
NOT_TO                            00000004
OPTION_REG                        00000081
PCL                               00000002
PCLATH                            0000000A
PORTA                             00000005
PORTB                             00000006
PS0                               00000000
PS1                               00000001
PS2                               00000002
PSA                               00000003
Principal                         00000002
R1Decima_BucleExterno             00000102
R1Decima_BucleExterno2            00000100
R1Decima_BucleInterno             00000104
R1ms_BucleExterno                 000000EC
R1ms_BucleInterno                 000000EE
RBIE                              00000003
RBIF                              00000000
RD                                00000000
RP0                               00000005
RP1                               00000006
RS232_ContadorBits                0000000D
RS232_Dato                        0000000E
RS232_Entrada                     PORTA,3
RS232_EnviaBit                    00000035
RS232_EnviaCero                   0000003A
RS232_EnviaDato                   00000030
RS232_EnviaNumero                 0000002F
RS232_EnviaUno                    00000038
RS232_EsperaBitStart              00000021
RS232_FinEnviaBit                 0000003B
RS232_Inicializa                  0000001A
RS232_LeeBit                      00000025
RS232_LeeDato                     0000001F
MPASM 03.50 Released                             RS232_08.ASM   10-12-2000  20:03:22         PAGE 17


SYMBOL TABLE
  LABEL                             VALUE 

RS232_Salida                      PORTA,4
R_ContA                           00000014
R_ContB                           00000015
R_ContC                           00000016
RetardoMicros                     000000D8
Retardo_100micros                 000000D2
Retardo_100ms                     000000DE
Retardo_10micros                  000000C5
Retardo_10ms                      000000E4
Retardo_10s                       000000F6
Retardo_1Decima                   000000FF
Retardo_1ms                       000000EA
Retardo_1s                        000000FC
Retardo_200micros                 000000CF
Retardo_200ms                     000000DC
Retardo_20micros                  000000D7
Retardo_20ms                      000000E2
Retardo_20s                       000000F4
Retardo_2ms                       000000E8
Retardo_2s                        000000FA
Retardo_4micros                   000000CB
Retardo_500micros                 000000CC
Retardo_500ms                     000000FE
Retardo_50micros                  000000D4
Retardo_50ms                      000000E0
Retardo_5micros                   000000CA
Retardo_5ms                       000000E6
Retardo_5s                        000000F8
Retardos_ms                       000000EB
Rmicros_Bucle                     000000D9
STATUS                            00000003
T0CS                              00000005
T0IE                              00000005
T0IF                              00000002
T0SE                              00000004
TMR0                              00000001
TRISA                             00000085
TRISB                             00000086
W                                 00000000
WR                                00000001
WREN                              00000002
WRERR                             00000003
Z                                 00000002
_CP_OFF                           00003FFF
_CP_ON                            0000000F
_HS_OSC                           00003FFE
_LP_OSC                           00003FFC
_PWRTE_OFF                        00003FFF
_PWRTE_ON                         00003FF7
_RC_OSC                           00003FFF
_WDT_OFF                          00003FFB
_WDT_ON                           00003FFF
_XT_OSC                           00003FFD
MPASM 03.50 Released                             RS232_08.ASM   10-12-2000  20:03:22         PAGE 18


SYMBOL TABLE
  LABEL                             VALUE 

__16F84A                          00000001


MEMORY USAGE MAP ('X' = Used,  '-' = Unused)

0000 : XXXXXXXXXXXXXXXX XXXXXXXXXXXXXXXX XXXXXXXXXXXXXXXX XXXXXXXXXXXXXXXX
0040 : XXXXXXXXXXXXXXXX XXXXXXXXXXXXXXXX XXXXXXXXXXXXXXXX XXXXXXXXXXXXXXXX
0080 : XXXXXXXXXXXXXXXX XXXXXXXXXXXXXXXX XXXXXXXXXXXXXXXX XXXXXXXXXXXXXXXX
00C0 : XXXXXXXXXXXXXXXX XXXXXXXXXXXXXXXX XXXXXXXXXXXXXXXX XXXXXXXXXXXXXXXX
0100 : XXXXXXXXXXXXXXXX XXXXXXXXXXXXXXX- ---------------- ----------------
2000 : -------X-------- ---------------- ---------------- ----------------

All other memory blocks unused.

Program Memory Words Used:   287
Program Memory Words Free:   737


Errors   :     0
Warnings :     0 reported,     0 suppressed
Messages :     1 reported,     0 suppressed

