MPASM 03.50 Released                            TABLAS_05.ASM   10-15-1982  12:16:59         PAGE  1


LOC  OBJECT CODE     LINE SOURCE TEXT
  VALUE

                      00001 ;************************************* Tablas_05.asm ************************************
                      00002 ;
                      00003 ;       ===================================================================
                      00004 ;         Del libro "MICROCONTROLADOR PIC16F84A. DESARROLLO DE PROYECTOS"
                      00005 ;         E. Palacios, F. Remiro y L. López.
                      00006 ;         Editorial Ra-Ma.  www.ra-ma.es
                      00007 ;       ===================================================================
                      00008 ;
                      00009 ; Repite el ejercicio Indexado_02.asm sobre el control del nivel de un depósito de líquido
                      00010 ; del capítulo 9. Pero aquí se resolverá mediante tablas.
                      00011 ;
                      00012 ; ZONA DE DATOS **********************************************************************
                      00013 
2007   3FF1           00014         __CONFIG   _CP_OFF &  _WDT_OFF & _PWRTE_ON & _XT_OSC
                      00015         LIST       P=16F84A
                      00016         INCLUDE  <P16F84A.INC>
                      00001         LIST
                      00002 ; P16F84A.INC  Standard Header File, Version 2.00    Microchip Technology, Inc.
                      00134         LIST
                      00017 
                      00018 ; ZONA DE CÓDIGOS ********************************************************************
                      00019 
0000                  00020         ORG     0                       ; El programa comienza en la dirección 0.
0000                  00021 Inicio
0000   1683           00022         bsf     STATUS,RP0              ; Acceso al Banco 1.
Message[302]: Register in operand not in bank 0.  Ensure that bank bits are correct.
0001   0186           00023         clrf    TRISB                   ; Las líneas del Puerto B se configuran como salida.
0002   301F           00024         movlw   b'00011111'             ; Las 5 líneas del Puerto A se configuran como entrada.
Message[302]: Register in operand not in bank 0.  Ensure that bank bits are correct.
0003   0085           00025         movwf   TRISA
0004   1283           00026         bcf     STATUS,RP0              ; Acceso al Banco 0.
0005                  00027 Principal
0005   0805           00028         movf    PORTA,W                 ; Lee los sensores.
0006   3907           00029         andlw   b'00000111'             ; Máscara para quedarse con valor de sensores.
0007   200A           00030         call    Estado
0008   0086           00031         movwf   PORTB                   ; Resultado se visualiza por el puerto de salida.
0009   2805           00032         goto    Principal
                      00033 
                      00034 ; Subrutina "Estado" --------------------------------------------------------------------
                      00035 ;
000A                  00036 Estado
000A   0782           00037         addwf   PCL,F
000B   3461           00038         retlw   b'01100001'             ; Entrada "Vacio".
000C   3462           00039         retlw   b'01100010'             ; Estado "Llenándose".
000D   3410           00040         retlw   b'00010000'             ; Estado "Alarma".
000E   3424           00041         retlw   b'00100100'             ; Estado "Lleno".
000F   3410           00042         retlw   b'00010000'             ; Estado "Alarma".
0010   3410           00043         retlw   b'00010000'             ; Estado "Alarma".
0011   3410           00044         retlw   b'00010000'             ; Estado "Alarma".
0012   3408           00045         retlw   b'00001000'             ; Estado "Rebose".
                      00046 
                      00047         END
MPASM 03.50 Released                            TABLAS_05.ASM   10-15-1982  12:16:59         PAGE  2


SYMBOL TABLE
  LABEL                             VALUE 

C                                 00000000
DC                                00000001
EEADR                             00000009
EECON1                            00000088
EECON2                            00000089
EEDATA                            00000008
EEIE                              00000006
EEIF                              00000004
Estado                            0000000A
F                                 00000001
FSR                               00000004
GIE                               00000007
INDF                              00000000
INTCON                            0000000B
INTE                              00000004
INTEDG                            00000006
INTF                              00000001
IRP                               00000007
Inicio                            00000000
NOT_PD                            00000003
NOT_RBPU                          00000007
NOT_TO                            00000004
OPTION_REG                        00000081
PCL                               00000002
PCLATH                            0000000A
PORTA                             00000005
PORTB                             00000006
PS0                               00000000
PS1                               00000001
PS2                               00000002
PSA                               00000003
Principal                         00000005
RBIE                              00000003
RBIF                              00000000
RD                                00000000
RP0                               00000005
RP1                               00000006
STATUS                            00000003
T0CS                              00000005
T0IE                              00000005
T0IF                              00000002
T0SE                              00000004
TMR0                              00000001
TRISA                             00000085
TRISB                             00000086
W                                 00000000
WR                                00000001
WREN                              00000002
WRERR                             00000003
Z                                 00000002
_CP_OFF                           00003FFF
_CP_ON                            0000000F
_HS_OSC                           00003FFE
MPASM 03.50 Released                            TABLAS_05.ASM   10-15-1982  12:16:59         PAGE  3


SYMBOL TABLE
  LABEL                             VALUE 

_LP_OSC                           00003FFC
_PWRTE_OFF                        00003FFF
_PWRTE_ON                         00003FF7
_RC_OSC                           00003FFF
_WDT_OFF                          00003FFB
_WDT_ON                           00003FFF
_XT_OSC                           00003FFD
__16F84A                          00000001


MEMORY USAGE MAP ('X' = Used,  '-' = Unused)

0000 : XXXXXXXXXXXXXXXX XXX------------- ---------------- ----------------
2000 : -------X-------- ---------------- ---------------- ----------------

All other memory blocks unused.

Program Memory Words Used:    19
Program Memory Words Free:  1005


Errors   :     0
Warnings :     0 reported,     0 suppressed
Messages :     2 reported,     0 suppressed

