MPASM 03.50 Released                            TABLAS_02.ASM   10-15-1982  12:14:10         PAGE  1


LOC  OBJECT CODE     LINE SOURCE TEXT
  VALUE

                      00001 ;************************************* Tablas_02.asm ************************************
                      00002 ;
                      00003 ;       ===================================================================
                      00004 ;         Del libro "MICROCONTROLADOR PIC16F84A. DESARROLLO DE PROYECTOS"
                      00005 ;         E. Palacios, F. Remiro y L. López.
                      00006 ;         Editorial Ra-Ma.  www.ra-ma.es
                      00007 ;       ===================================================================
                      00008 ;
                      00009 ; La lectura del Puerto A indica el número de diodos LEDs a iluminar. Por ejemplo , si lee 
                      00010 ; el dato "---00101" (cinco), se iluminarán cinco diodos LEDs (D4, D3, D2, D1 y D0).
                      00011 ; Si supera el número 8 se encienden los LEDs pares.
                      00012 ;
                      00013 ; ZONA DE DATOS **********************************************************************
                      00014 
2007   3FF1           00015         __CONFIG   _CP_OFF &  _WDT_OFF & _PWRTE_ON & _XT_OSC
                      00016         LIST       P=16F84A
                      00017         INCLUDE  <P16F84A.INC>
                      00001         LIST
                      00002 ; P16F84A.INC  Standard Header File, Version 2.00    Microchip Technology, Inc.
                      00134         LIST
                      00018 
                      00019 ; ZONA DE CÓDIGOS ********************************************************************
                      00020 
0000                  00021         ORG     0                       ; El programa comienza en la dirección 0.
0000                  00022 Inicio
0000   1683           00023         bsf     STATUS,RP0              ; Acceso al Banco 1.
Message[302]: Register in operand not in bank 0.  Ensure that bank bits are correct.
0001   0186           00024         clrf    TRISB                   ; Las líneas del Puerto B se configuran como salida.
0002   301F           00025         movlw   b'00011111'             ; Las 5 líneas del Puerto A se configuran como entrada.
Message[302]: Register in operand not in bank 0.  Ensure that bank bits are correct.
0003   0085           00026         movwf   TRISA
0004   1283           00027         bcf     STATUS,RP0              ; Acceso al Banco 0.
0005                  00028 Principal
0005   0805           00029         movf    PORTA,W                 ; Va a comprobar si es menor o igual a 8.
0006   3C08           00030         sublw   d'8'                    ; (W)=8-(PORTA)
0007   1C03           00031         btfss   STATUS,C                ; ¿C=1?, ¿(W) positivo?, ¿(PORTA)<=8?.
0008   280C           00032         goto    MayorDe8                ; No, (PORTA) es mayor de 8.
0009   0805           00033         movf    PORTA,W                 ; Sí. El número de LEDs a encender pasa al
000A   200F           00034         call    IluminarLEDs            ; registro W.
000B   280D           00035         goto    ActivarSalida
000C                  00036 MayorDe8
000C   3055           00037         movlw   b'01010101'             ; Para encender los LEDs pares.
000D                  00038 ActivarSalida
000D   0086           00039         movwf   PORTB                   ; Resultado se visualiza por la salida.
000E   2805           00040         goto    Principal
                      00041 
                      00042 ; Subrutina "IluminarLEDs" --------------------------------------------------------------
                      00043 ;
000F                  00044 IluminarLEDs
000F   0782           00045         addwf   PCL,F
0010   3400           00046 Tabla   retlw   b'00000000'             ;Todos los LEDs apagados.
0011   3401           00047         retlw   b'00000001'             ;Se activa D0, etc.
0012   3403           00048         retlw   b'00000011'
MPASM 03.50 Released                            TABLAS_02.ASM   10-15-1982  12:14:10         PAGE  2


LOC  OBJECT CODE     LINE SOURCE TEXT
  VALUE

0013   3407           00049         retlw   b'00000111'
0014   340F           00050         retlw   b'00001111'
0015   341F           00051         retlw   b'00011111'
0016   343F           00052         retlw   b'00111111'
0017   347F           00053         retlw   b'01111111'
0018   34FF           00054         retlw   b'11111111'
                      00055 
                      00056         END
MPASM 03.50 Released                            TABLAS_02.ASM   10-15-1982  12:14:10         PAGE  3


SYMBOL TABLE
  LABEL                             VALUE 

ActivarSalida                     0000000D
C                                 00000000
DC                                00000001
EEADR                             00000009
EECON1                            00000088
EECON2                            00000089
EEDATA                            00000008
EEIE                              00000006
EEIF                              00000004
F                                 00000001
FSR                               00000004
GIE                               00000007
INDF                              00000000
INTCON                            0000000B
INTE                              00000004
INTEDG                            00000006
INTF                              00000001
IRP                               00000007
IluminarLEDs                      0000000F
Inicio                            00000000
MayorDe8                          0000000C
NOT_PD                            00000003
NOT_RBPU                          00000007
NOT_TO                            00000004
OPTION_REG                        00000081
PCL                               00000002
PCLATH                            0000000A
PORTA                             00000005
PORTB                             00000006
PS0                               00000000
PS1                               00000001
PS2                               00000002
PSA                               00000003
Principal                         00000005
RBIE                              00000003
RBIF                              00000000
RD                                00000000
RP0                               00000005
RP1                               00000006
STATUS                            00000003
T0CS                              00000005
T0IE                              00000005
T0IF                              00000002
T0SE                              00000004
TMR0                              00000001
TRISA                             00000085
TRISB                             00000086
Tabla                             00000010
W                                 00000000
WR                                00000001
WREN                              00000002
WRERR                             00000003
Z                                 00000002
MPASM 03.50 Released                            TABLAS_02.ASM   10-15-1982  12:14:10         PAGE  4


SYMBOL TABLE
  LABEL                             VALUE 

_CP_OFF                           00003FFF
_CP_ON                            0000000F
_HS_OSC                           00003FFE
_LP_OSC                           00003FFC
_PWRTE_OFF                        00003FFF
_PWRTE_ON                         00003FF7
_RC_OSC                           00003FFF
_WDT_OFF                          00003FFB
_WDT_ON                           00003FFF
_XT_OSC                           00003FFD
__16F84A                          00000001


MEMORY USAGE MAP ('X' = Used,  '-' = Unused)

0000 : XXXXXXXXXXXXXXXX XXXXXXXXX------- ---------------- ----------------
2000 : -------X-------- ---------------- ---------------- ----------------

All other memory blocks unused.

Program Memory Words Used:    25
Program Memory Words Free:   999


Errors   :     0
Warnings :     0 reported,     0 suppressed
Messages :     2 reported,     0 suppressed

