MPASM 03.50 Released                           TECLADO_04.ASM   10-11-2003  17:51:50         PAGE  1


LOC  OBJECT CODE     LINE SOURCE TEXT
  VALUE

                      00001 ;************************************** Teclado_04.asm **********************************
                      00002 ;
                      00003 ;       ===================================================================
                      00004 ;         Del libro "MICROCONTROLADOR PIC16F84A. DESARROLLO DE PROYECTOS"
                      00005 ;         E. Palacios, F. Remiro y L. López.
                      00006 ;         Editorial Ra-Ma.  www.ra-ma.es
                      00007 ;       ===================================================================
                      00008 ;
                      00009 ; Supone un teclado con los 16 primeros caracteres del alfabeto español. Por tanto hay
                      00010 ; que cambiar la tabla respecto de los ejercicios anteriores. Lo que va escribiendo por el
                      00011 ; teclado aparece en pantalla como si fuera un teclado alfabético.
                      00012 ;
                      00013 ; ZONA DE DATOS **********************************************************************
                      00014 
2007   3FF1           00015         __CONFIG   _CP_OFF &  _WDT_OFF & _PWRTE_ON & _XT_OSC
                      00016         LIST       P=16F84A
                      00017         INCLUDE  <P16F84A.INC>
                      00001         LIST
                      00002 ; P16F84A.INC  Standard Header File, Version 2.00    Microchip Technology, Inc.
                      00134         LIST
                      00018 
                      00019         CBLOCK  0x0C
                      00020         ENDC
                      00021 
                      00022 ; ZONA DE CÓDIGOS ********************************************************************
                      00023 
0000                  00024         ORG     0
0000   2805           00025         goto    Inicio
0004                  00026         ORG     4
0004   280B           00027         goto    ServicioInterrupcion
0005                  00028 Inicio
0005   2061           00029         call    LCD_Inicializa
0006   2039           00030         call    Teclado_Inicializa      ; Configura líneas del teclado.
0007   3088           00031         movlw   b'10001000'             ; Habilita la interrupción RBI y la general.
0008   008B           00032         movwf   INTCON
0009                  00033 Principal
0009   0063           00034         sleep
000A   2809           00035         goto    Principal
                      00036 
                      00037 ; Subrutina "ServicioInterrupcion" ------------------------------------------------------
                      00038 ;
                      00039 ; La subrutina de atención a la interrupción obtiene el valor ASCII de la tecla pulsada.
                      00040 ; A continuación, se expone la relación entre el número de orden de la tecla y los valores
                      00041 ; correspondientes para el teclado supuesto.
                      00042 ;
                      00043 ;            ORDEN DE TECLA:                TECLADO UTILIZADO:
                      00044 ;                0   1   2   3                  A  B  C  D
                      00045 ;                4   5   6   7                  E  F  G  H
                      00046 ;                8   9  10  11                  I  J  K  L
                      00047 ;               12  13  14  15                  M  N  O  P
                      00048 ;
000B                  00049 ServicioInterrupcion
000B   2046           00050         call    Teclado_LeeOrdenTecla           ; Lee el Orden de la tecla pulsada
MPASM 03.50 Released                           TECLADO_04.ASM   10-11-2003  17:51:50         PAGE  2


LOC  OBJECT CODE     LINE SOURCE TEXT
  VALUE

000C   2011           00051         call    Tecl_ConvierteOrdenEnASCII      ; Lo convierte en su valor ASCII mediante
000D   20A5           00052         call    LCD_Caracter                    ; una tabla. Y lo visualiza.
000E   203E           00053         call    Teclado_EsperaDejePulsar        ; Para que no se repita el mismo caracter.
000F   100B           00054         bcf     INTCON,RBIF                     ; Limpia flag.
0010   0009           00055         retfie
                      00056 
0011                  00057 Tecl_ConvierteOrdenEnASCII:                     ; Según el teclado utilizado resulta:
0011   0782           00058         addwf   PCL,F
0012   3441 3442 3443 00059         DT      "ABCD"                          ; Primera fila del teclado.
       3444 
0016   3445 3446 3447 00060         DT      "EFGH"                          ; Segunda fila del teclado.
       3448 
001A   3449 344A 344B 00061         DT      "IJKL"                          ; Tercera fila del teclado.
       344C 
001E   344D 344E 34D1 00062         DT      "MNÑO"                          ; Cuarta fila del teclado.
       344F 
                      00063 
                      00064         INCLUDE  <TECLADO.INC>
                      00001 ;**************************** Librería "TECLADO.INC" ***********************************
                      00002 ;
                      00003 ;       ===================================================================
                      00004 ;         Del libro "MICROCONTROLADOR PIC16F84A. DESARROLLO DE PROYECTOS"
                      00005 ;         E. Palacios, F. Remiro y L. López.
                      00006 ;         Editorial Ra-Ma.  www.ra-ma.es
                      00007 ;       ===================================================================
                      00008 ;
                      00009 ; Librería de subrutinas para la gestión de un teclado organizado en una matriz de 4 x 4 y 
                      00010 ; conectado al Puerto B según la disposición siguiente:
                      00011 ;
                      00012 ;                RB4 RB5 RB6 RB7
                      00013 ;                  ^    ^    ^    ^
                      00014 ;               |----|----|----|----|
                      00015 ;       RB0 --> |  0 |  1 |  2 |  3 |
                      00016 ;               |----|----|----|----|
                      00017 ;       RB1 --> |  4 |  5 |  6 |  7 |
                      00018 ;               |----|----|----|----|
                      00019 ;       RB2 --> |  8 |  9 | 10| 11|
                      00020 ;               |----|----|----|----|
                      00021 ;       RB3 --> | 12| 13| 14| 15|
                      00022 ;               |----|----|----|----|
                      00023 ;
                      00024 ; Los números que se han dibujado dentro de cada cuadrado es el número de orden de las teclas
                      00025 ; que no tiene por qué coincidir con lo serigrafiado sobre ellas. El paso del número de orden
                      00026 ; de la tecla al valor que hay serigrafiado sobre la misma, se hace con una tabla de conversión.
                      00027 ;
                      00028 ; ZONA DE DATOS **********************************************************************
                      00029 ;
                      00030         CBLOCK
  0000000C            00031         Tecl_TeclaOrden                 ; Orden de la tecla a chequear.
                      00032         ENDC
                      00033 
  0000000F            00034 Tecl_UltimaTecla        EQU     d'15'           ; Valor de orden de la última tecla utilizada.
                      00035 
MPASM 03.50 Released                           TECLADO_04.ASM   10-11-2003  17:51:50         PAGE  3


LOC  OBJECT CODE     LINE SOURCE TEXT
  VALUE

                      00036 ; Subrutina "Teclado_LeeHex" ************************************************************
                      00037 ;
                      00038 ; Cada tecla tiene asignado un número de orden que es contabilizado en la variable
                      00039 ; Tecl_TeclaOrden. Para convertir a su valor según el tipo de teclado en concreto, se
                      00040 ; utiliza una tabla de conversión. 
                      00041 ; A continuación, se expone la relación entre el número de orden de la tecla y los
                      00042 ; valores correspondientes para el teclado hexadecimal más utilizado.
                      00043 ;
                      00044 ;           ORDEN DE TECLA:             TECLADO HEX. UTILIZADO:
                      00045 ;                0   1   2   3                  1  2  3  F
                      00046 ;                4   5   6   7                  4  5  6  E
                      00047 ;                8   9  10  11                  7  8  9  D
                      00048 ;               12  13  14  15                  A  0  B  C
                      00049 ;
                      00050 ; Así, en este ejemplo, la tecla "7" ocupa el orden 8, la tecla "F" ocupa el orden 3 y la
                      00051 ; tecla "9" el orden 10.
                      00052 
                      00053 ; Si cambia el teclado, también hay cambiar de tabla de conversión.
                      00054 ;
                      00055 ; Entrada:      En (W) el orden de la tecla pulsada.
                      00056 ; Salida:       En (W) el valor hexadecimal para este teclado concreto.
                      00057 ;
0022                  00058 Teclado_LeeHex
0022   2046           00059         call    Teclado_LeeOrdenTecla   ; Lee el Orden de la tecla pulsada
0023   1C03           00060         btfss   STATUS,C                ; ¿Pulsa alguna tecla?, ¿C=1?
0024   2827           00061         goto    Tecl_FinLeeHex          ; No, por tanto sale.
0025   2028           00062         call    Tecl_ConvierteOrdenEnHex        ; Lo convierte en su valor real mediante tabla.
0026   1403           00063         bsf     STATUS,C                ; Vuelve a posicionar el Carry, porque la
0027                  00064 Tecl_FinLeeHex                          ; instrucción "addwf PCL,F" lo pone a 0.
0027   0008           00065         return
                      00066 ;
0028                  00067 Tecl_ConvierteOrdenEnHex                        ; Según el teclado utilizado resulta:
0028   0782           00068         addwf   PCL,F
0029   3401 3402 3403 00069         DT      1h,2h,3h,0Fh            ; Primera fila del teclado.
       340F 
002D   3404 3405 3406 00070         DT      4h,5h,6h,0Eh            ; Segunda fila del teclado
       340E 
0031   3407 3408 3409 00071         DT      7h,8h,9h,0Dh            ; Tercera fila del teclado.
       340D 
0035   340A 3400 340B 00072         DT      0Ah,0h,0Bh,0Ch          ; Cuarta fila del teclado.
       340C 
0039                  00073 Teclado_FinTablaHex
                      00074 ;
                      00075 ; Esta tabla se sitúa al principio de la librería con el propósito que no supere la
                      00076 ; posición 0FFh de memoria ROM de programa. De todas formas, en caso que así fuera 
                      00077 ; visualizaría el siguiente mensaje de error en el proceso de ensamblado:
                      00078 ;
                      00079         IF (Teclado_FinTablaHex > 0xFF)
                      00080                 ERROR   "Atención: La tabla ha superado el tamaño de la página de los"
                      00081                 MESSG   "primeros 256 bytes de memoria ROM. NO funcionará correctamente."
                      00082         ENDIF
                      00083         
                      00084 ; Subrutina "Teclado_Inicializa" --------------------------------------------------------
MPASM 03.50 Released                           TECLADO_04.ASM   10-11-2003  17:51:50         PAGE  4


LOC  OBJECT CODE     LINE SOURCE TEXT
  VALUE

                      00085 ;
                      00086 ; Esta subrutina configura las líneas del Puerto B según la conexión del teclado realizada
                      00087 ; y comprueba que no hay pulsada tecla alguna al principio.
                      00088 
0039                  00089 Teclado_Inicializa
0039   1683           00090         bsf     STATUS,RP0              ; Configura las líneas del puerto:
003A   30F0           00091         movlw   b'11110000'             ; <RB7:RB4> entradas, <RB3:RB0> salidas
003B   0086           00092         movwf   PORTB
Message[302]: Register in operand not in bank 0.  Ensure that bank bits are correct.
003C   1381           00093         bcf     OPTION_REG,NOT_RBPU     ; Habilita resistencia de Pull-Up del Puerto B.
003D   1283           00094         bcf     STATUS,RP0              ; Acceso al banco 0.
                      00095 ;       call    Teclado_EsperaDejePulsar
                      00096 ;       return
                      00097 ;
                      00098 ; Subrutina "Teclado_EsperaDejePulsar" --------------------------------------------------
                      00099 ;
                      00100 ;Permanece en esta subrutina mientras siga pulsada la tecla.
                      00101 ;
  000000F0            00102 Teclado_Comprobacion    EQU     b'11110000'
                      00103 
003E                  00104 Teclado_EsperaDejePulsar:
003E   30F0           00105         movlw   Teclado_Comprobacion    ; Pone a cero las cuatro líneas de salida del 
003F   0086           00106         movwf   PORTB                   ; Puerto B.
0040                  00107 Teclado_SigueEsperando
0040   2102           00108         call    Retardo_20ms            ; Espera a que se estabilicen los niveles de tensión.
0041   0806           00109         movf    PORTB,W         ; Lee el Puerto B.
0042   3CF0           00110         sublw   Teclado_Comprobacion    ; Si es lo mismo que escribió es que ya no pulsa 
0043   1D03           00111         btfss   STATUS,Z                ; tecla alguna.
0044   2840           00112         goto    Teclado_SigueEsperando
0045   0008           00113         return
                      00114 ;
                      00115 ; Subrutina "Teclado_LeeOrdenTecla" -----------------------------------------------------
                      00116 ;
                      00117 ; Lee el teclado, obteniendo el orden de la tecla pulsada. 
                      00118 ;
                      00119 ; Salida:       En (W) el número de orden de la tecla pulsada. Además Carry se pone a "1" si
                      00120 ;               se pulsa una tecla ó a "0" si no se pulsa tecla alguna.
                      00121 ;
0046                  00122 Teclado_LeeOrdenTecla:
0046   018C           00123         clrf    Tecl_TeclaOrden         ; Todavía no ha empezado a chequear el teclado.
0047   30FE           00124         movlw   b'11111110'             ; Va a chequear primera fila.
0048                  00125 Tecl_ChequeaFila                                ; (Ver esquema de conexión).
0048   0086           00126         movwf   PORTB                   ; Activa la fila correspondiente.
0049                  00127 Tecl_Columna1
0049   1E06           00128         btfss   PORTB,4                 ; Chequea 1ª columna buscando un cero. 
004A   285E           00129         goto    Tecl_GuardaValor                ; Sí, es cero y por tanto guarda su valor y sale.
004B   0A8C           00130         incf    Tecl_TeclaOrden,F               ; Va a chequear la siguiente tecla.
004C                  00131 Tecl_Columna2                           ; Repite proceso para las siguientes 
004C   1E86           00132         btfss   PORTB,5                 ; columnas.
004D   285E           00133         goto    Tecl_GuardaValor
004E   0A8C           00134         incf    Tecl_TeclaOrden,F
004F                  00135 Tecl_Columna3           
004F   1F06           00136         btfss   PORTB,6
MPASM 03.50 Released                           TECLADO_04.ASM   10-11-2003  17:51:50         PAGE  5


LOC  OBJECT CODE     LINE SOURCE TEXT
  VALUE

0050   285E           00137         goto    Tecl_GuardaValor
0051   0A8C           00138         incf    Tecl_TeclaOrden,F
0052                  00139 Tecl_Columna4           
0052   1F86           00140         btfss   PORTB,7
0053   285E           00141         goto    Tecl_GuardaValor
0054   0A8C           00142         incf    Tecl_TeclaOrden,F
                      00143 ;
                      00144 ; Comprueba si ha chequeado la última tecla, en cuyo caso sale. Para ello testea si
                      00145 ; el contenido del registro Tecl_TeclaOrden es igual al número de teclas del teclado.
                      00146 ;
0055                  00147 Tecl_TerminaColumnas
0055   300F           00148         movlw   Tecl_UltimaTecla
0056   020C           00149         subwf   Tecl_TeclaOrden,W               ; (W) = (Tecl_TeclaOrden)-Tecl_UltimaTecla.
0057   1803           00150         btfsc   STATUS,C                ; ¿C=0?, ¿(W) negativo?, ¿(Tecl_TeclaOrden)<15?.
0058   285C           00151         goto    Tecl_NoPulsada          ; No, se ha llegado al final del chequeo.
0059   1403           00152         bsf     STATUS,C                ; Sí. Va a chequear la siguiente fila.
005A   0D06           00153         rlf     PORTB,W         ; Apunta a la siguiente fila.
005B   2848           00154         goto    Tecl_ChequeaFila        
005C                  00155 Tecl_NoPulsada
005C   1003           00156         bcf     STATUS,C                ; Posiciona C=0, indicando que no ha pulsado
005D   2860           00157         goto    Tecl_FinTecladoLee      ; tecla alguna y sale.
005E                  00158 Tecl_GuardaValor
005E   080C           00159         movf    Tecl_TeclaOrden,W               ; El orden de la tecla pulsada en (W) y sale.
005F   1403           00160         bsf     STATUS,C                ; Como hay tecla tecla pulsada, pone C=1. 
0060                  00161 Tecl_FinTecladoLee
0060   0008           00162         return
                      00163         
                      00164 ;       ===================================================================
                      00165 ;         Del libro "MICROCONTROLADOR PIC16F84A. DESARROLLO DE PROYECTOS"
                      00166 ;         E. Palacios, F. Remiro y L. López.
                      00167 ;         Editorial Ra-Ma.  www.ra-ma.es
                      00168 ;       ===================================================================
                      00065         INCLUDE  <LCD_4BIT.INC>
                      00001 ;**************************** Librería "LCD_4BIT.INC" ***********************************
                      00002 ;
                      00003 ;       ===================================================================
                      00004 ;         Del libro "MICROCONTROLADOR PIC16F84A. DESARROLLO DE PROYECTOS"
                      00005 ;         E. Palacios, F. Remiro y L. López.
                      00006 ;         Editorial Ra-Ma.  www.ra-ma.es
                      00007 ;       ===================================================================
                      00008 ;
                      00009 ; Estas subrutinas permiten realizar las tareas básicas de control de un módulo LCD de 2
                      00010 ; líneas por 16 caracteres, compatible con el modelo LM016L.
                      00011 ;
                      00012 ; El visualizador LCD está conectado al Puerto B del PIC mediante un bus de 4 bits. Las
                      00013 ; conexiones son:
                      00014 ;    -  Las 4 líneas superiores del módulo LCD, pines <DB7:DB4>  se conectan a las 4
                      00015 ;       líneas superiores del Puerto B del PIC, pines <RB7:RB4>.
                      00016 ;    -  Pin RS del LCD a la línea RA0 del PIC.
                      00017 ;    -  Pin R/W del LCD a la línea RA1 del PIC, o a masa.
                      00018 ;    -  Pin Enable del LCD a la línea RA2 del PIC.
                      00019 ;
                      00020 ; Se utilizan llamadas a subrutinas de retardo de tiempo localizadas en la librería RETARDOS.INC.
MPASM 03.50 Released                           TECLADO_04.ASM   10-11-2003  17:51:50         PAGE  6


LOC  OBJECT CODE     LINE SOURCE TEXT
  VALUE

                      00021 ;
                      00022 ; ZONA DE DATOS *********************************************************************
                      00023 
                      00024         CBLOCK
  0000000D            00025         LCD_Dato
  0000000E            00026         LCD_GuardaDato
  0000000F            00027         LCD_GuardaTRISB
  00000010            00028         LCD_Auxiliar1
  00000011            00029         LCD_Auxiliar2
                      00030         ENDC
                      00031 
  00000010            00032 LCD_CaracteresPorLinea  EQU     .16     ; Número de caracteres por línea de la pantalla.
                      00033 
                      00034 #DEFINE  LCD_PinRS      PORTA,0
                      00035 #DEFINE  LCD_PinRW      PORTA,1
                      00036 #DEFINE  LCD_PinEnable  PORTA,2
                      00037 #DEFINE  LCD_BusDatos   PORTB
                      00038 
                      00039 ; Subrutina "LCD_Inicializa" ------------------------------------------------------------
                      00040 ;
                      00041 ; Inicialización del módulo LCD: Configura funciones del LCD, produce reset por software,
                      00042 ; borra memoria y enciende pantalla. El fabricante especifica que para garantizar la
                      00043 ; configuración inicial hay que hacerla como sigue:
                      00044 ;
0061                  00045 LCD_Inicializa
0061   1683           00046         bsf     STATUS,RP0              ; Configura las líneas conectadas al pines RS,
0062   1005           00047         bcf     LCD_PinRS               ; R/W y E.
0063   1105           00048         bcf     LCD_PinEnable
0064   1085           00049         bcf     LCD_PinRW
0065   1283           00050         bcf     STATUS,RP0
0066   1085           00051         bcf     LCD_PinRW               ; En caso de que esté conectado, le indica
                      00052                                         ; que se va a escribir en el LCD.
0067   1105           00053         bcf     LCD_PinEnable           ; Impide funcionamiento del LCD, poniendo E=0.
0068   1005           00054         bcf     LCD_PinRS               ; Activa el Modo Comando, poniendo RS=0.
0069   2102           00055         call    Retardo_20ms
006A   3030           00056         movlw   b'00110000'     
006B   2079           00057         call    LCD_EscribeLCD          ; Escribe el dato en el LCD.
006C   2106           00058         call    Retardo_5ms     
006D   3030           00059         movlw   b'00110000'     
006E   2079           00060         call    LCD_EscribeLCD
006F   20EF           00061         call    Retardo_200micros
0070   3030           00062         movlw   b'00110000'     
0071   2079           00063         call    LCD_EscribeLCD
0072   3020           00064         movlw   b'00100000'             ; Interface de 4 bits.
0073   2079           00065         call    LCD_EscribeLCD
                      00066 
                      00067 ; Ahora configura el resto de los parámetros: 
                      00068 
0074   20A2           00069         call    LCD_2Lineas4Bits5x7     ; LCD de 2 líneas y caracteres de 5x7 puntos.
0075   20A0           00070         call    LCD_Borra               ; Pantalla encendida y limpia. Cursor al principio
0076   209E           00071         call    LCD_CursorOFF           ; de la línea 1. Cursor apagado.
0077   2090           00072         call    LCD_CursorIncr          ; Cursor en modo incrementar.
0078   0008           00073         return
MPASM 03.50 Released                           TECLADO_04.ASM   10-11-2003  17:51:50         PAGE  7


LOC  OBJECT CODE     LINE SOURCE TEXT
  VALUE

                      00074 
                      00075 ; Subrutina "LCD_EscribeLCD" -----------------------------------------------------------
                      00076 ;
                      00077 ; Envía el dato del registro de trabajo W al bus de dato y produce un pequeño pulso en el
                      00078 ; pin "Enable" del LCD. Para no alterar el contenido de las líneas de la parte baja del Puerto B
                      00079 ; que no son utilizadas para el LCD (pines RB3.. RB0), primero se lee estas líneas y después
                      00080 ; se vuelve a enviar este dato sin cambiarlo.
                      00081 
0079                  00082 LCD_EscribeLCD
0079   39F0           00083         andlw   b'11110000'             ; Se queda con el nibble alto del dato que es el
007A   008D           00084         movwf   LCD_Dato                ; que hay que enviar y lo guarda.
007B   0806           00085         movf    LCD_BusDatos,W          ; Lee la información actual de la parte baja
007C   390F           00086         andlw   b'00001111'             ; del Puerto B, que no se debe alterar.
007D   048D           00087         iorwf   LCD_Dato,F              ; Enviará la parte alta del dato de entrada
                      00088                                         ; y en la parte baja lo que había antes.
007E   1683           00089         bsf     STATUS,RP0              ; Acceso al Banco 1.
Message[302]: Register in operand not in bank 0.  Ensure that bank bits are correct.
007F   0806           00090         movf    TRISB,W         ; Guarda la configuración que tenía antes TRISB.
0080   008F           00091         movwf   LCD_GuardaTRISB
0081   300F           00092         movlw   b'00001111'             ; Las 4 líneas inferiores del Puerto B se dejan 
0082   0586           00093         andwf   PORTB,F                 ; como estaban y las 4 superiores como salida.
0083   1283           00094         bcf     STATUS,RP0              ; Acceso al Banco 0.
                      00095 ;
0084   080D           00096         movf    LCD_Dato,W              ; Recupera el dato a enviar.
0085   0086           00097         movwf   LCD_BusDatos            ; Envía el dato al módulo LCD.
0086   1505           00098         bsf     LCD_PinEnable           ; Permite funcionamiento del LCD, mediante un pequeño
0087   1105           00099         bcf     LCD_PinEnable           ; pulso y termina impidiendo el funcionamiento del LCD.
0088   1C05           00100         btfss   LCD_PinRS               ; Debe garantizar una correcta escritura manteniendo 
0089   2108           00101         call    Retardo_2ms             ; 2 ms en modo comando y 50 µs en modo cáracter.
008A   20F4           00102         call    Retardo_50micros
008B   1683           00103         bsf     STATUS,RP0              ; Acceso al Banco 1. Restaura el antiguo valor en
008C   080F           00104         movf    LCD_GuardaTRISB,W       ; la configuración del Puerto B.
008D   0086           00105         movwf   PORTB                   ; Realmente es TRISB.
008E   1283           00106         bcf     STATUS,RP0              ; Acceso al Banco 0.
008F   0008           00107         return
                      00108 
                      00109 ; Subrutinas variadas para el control del módulo LCD -----------------------------------------
                      00110 ;
                      00111 ;Los comandos que pueden ser ejecutados son:
                      00112 ;
0090                  00113 LCD_CursorIncr                          ; Cursor en modo incrementar.
0090   3006           00114         movlw   b'00000110'
0091   28A3           00115         goto    LCD_EnviaComando
0092                  00116 LCD_Linea1                              ; Cursor al principio de la Línea 1.
0092   3080           00117         movlw   b'10000000'             ; Dirección 00h de la DDRAM
0093   28A3           00118         goto    LCD_EnviaComando
0094                  00119 LCD_Linea2                              ; Cursor al principio de la Línea 2.
0094   30C0           00120         movlw   b'11000000'             ; Dirección 40h de la DDRAM
0095   28A3           00121         goto    LCD_EnviaComando
0096                  00122 LCD_PosicionLinea1                      ; Cursor a posición de la Línea 1, a partir de la
0096   3880           00123         iorlw   b'10000000'             ; dirección 00h de la DDRAM más el valor del
0097   28A3           00124         goto    LCD_EnviaComando        ; registro W.
0098                  00125 LCD_PosicionLinea2                      ; Cursor a posición de la Línea 2, a partir de la
MPASM 03.50 Released                           TECLADO_04.ASM   10-11-2003  17:51:50         PAGE  8


LOC  OBJECT CODE     LINE SOURCE TEXT
  VALUE

0098   38C0           00126         iorlw   b'11000000'             ; dirección 40h de la DDRAM más el valor del
0099   28A3           00127         goto    LCD_EnviaComando        ; registro W.
009A                  00128 LCD_OFF                         ; Pantalla apagada.
009A   3008           00129         movlw   b'00001000'
009B   28A3           00130         goto    LCD_EnviaComando
009C                  00131 LCD_CursorON                            ; Pantalla encendida y cursor encendido.
009C   300E           00132         movlw   b'00001110'
009D   28A3           00133         goto    LCD_EnviaComando
009E                  00134 LCD_CursorOFF                           ; Pantalla encendida y cursor apagado.
009E   300C           00135         movlw   b'00001100'
009F   28A3           00136         goto    LCD_EnviaComando
00A0                  00137 LCD_Borra                               ; Borra toda la pantalla, memoria DDRAM y pone el 
00A0   3001           00138         movlw   b'00000001'             ; cursor a principio de la línea 1.
00A1   28A3           00139         goto    LCD_EnviaComando
00A2                  00140 LCD_2Lineas4Bits5x7                     ; Define la pantalla de 2 líneas, con caracteres
00A2   3028           00141         movlw   b'00101000'             ; de 5x7 puntos y conexión al PIC mediante bus de
                      00142 ;       goto    LCD_EnviaComando        ; 4 bits. 
                      00143 
                      00144 ; Subrutinas "LCD_EnviaComando" y "LCD_Caracter" ------------------------------------
                      00145 ;
                      00146 ; "LCD_EnviaComando": Escribe un comando en el registro del módulo LCD. La palabra de
                      00147 ; comando ha sido entregada a través del registro W.  Trabaja en Modo Comando.
                      00148 ; "LCD_Caracter": Escribe en la memoria DDRAM del LCD el carácter ASCII introducido a
                      00149 ; a través del registro W. Trabaja en Modo Dato.
                      00150 ;
00A3                  00151 LCD_EnviaComando
00A3   1005           00152         bcf     LCD_PinRS               ; Activa el Modo Comando, poniendo RS=0.
00A4   28A7           00153         goto    LCD_Envia
00A5                  00154 LCD_Caracter
00A5   1405           00155         bsf     LCD_PinRS               ; Activa el "Modo Dato", poniendo RS=1.
00A6   20AC           00156         call    LCD_CodigoCGROM ; Obtiene el código para correcta visualización.
00A7                  00157 LCD_Envia
00A7   008E           00158         movwf   LCD_GuardaDato          ; Guarda el dato a enviar.
00A8   2079           00159         call    LCD_EscribeLCD          ; Primero envía el nibble alto.
00A9   0E0E           00160         swapf   LCD_GuardaDato,W        ; Ahora envía el nibble bajo. Para ello pasa el
                      00161                                         ; nibble bajo del dato a enviar a parte alta del byte.
00AA   2079           00162         call    LCD_EscribeLCD          ; Se envía al visualizador LCD.
00AB   0008           00163         return  
                      00164 
                      00165 ; Subrutina "LCD_CodigoCGROM" -----------------------------------------------------------
                      00166 ;
                      00167 ; A partir del carácter ASCII número 127, los códigos de los caracteres definidos en la
                      00168 ; tabla CGROM del LM016L no coinciden con los códigos ASCII. Así por ejemplo, el código
                      00169 ; ASCII de la "Ñ" en la tabla CGRAM del LM016L es EEh.
                      00170 ;
                      00171 ; Esta subrutina convierte los códigos ASCII de la "Ñ", "º" y otros, a códigos CGROM para que
                      00172 ; que puedan ser visualizado en el módulo LM016L.
                      00173 ; 
                      00174 ; Entrada:      En (W) el código ASCII del carácter que se desea visualizar.
                      00175 ; Salida:       En (W) el código definido en la tabla CGROM.
                      00176 
00AC                  00177 LCD_CodigoCGROM
00AC   008D           00178         movwf   LCD_Dato                ; Guarda el valor del carácter y comprueba si es
MPASM 03.50 Released                           TECLADO_04.ASM   10-11-2003  17:51:50         PAGE  9


LOC  OBJECT CODE     LINE SOURCE TEXT
  VALUE

00AD                  00179 LCD_EnheMinuscula                       ; un carácter especial.
00AD   3CF1           00180         sublw   'ñ'                     ; ¿Es la "ñ"?
00AE   1D03           00181         btfss   STATUS,Z
00AF   28B3           00182         goto    LCD_EnheMayuscula       ; No es "ñ".
00B0   30EE           00183         movlw   b'11101110'             ; Código CGROM de la "ñ".
00B1   008D           00184         movwf   LCD_Dato
00B2   28C0           00185         goto    LCD_FinCGROM
00B3                  00186 LCD_EnheMayuscula
00B3   080D           00187         movf    LCD_Dato,W              ; Recupera el código ASCII de entrada.
00B4   3CD1           00188         sublw   'Ñ'                     ; ¿Es la "Ñ"?
00B5   1D03           00189         btfss   STATUS,Z
00B6   28BA           00190         goto    LCD_Grado               ; No es "Ñ".
00B7   30EE           00191         movlw   b'11101110'             ; Código CGROM de la "ñ". (No hay símbolo para
00B8   008D           00192         movwf   LCD_Dato                ; la "Ñ" mayúscula en la CGROM).
00B9   28C0           00193         goto    LCD_FinCGROM    
00BA                  00194 LCD_Grado
00BA   080D           00195         movf    LCD_Dato,W              ; Recupera el código ASCII de entrada.
00BB   3CBA           00196         sublw   'º'                     ; ¿Es el símbolo "º"?
00BC   1D03           00197         btfss   STATUS,Z
00BD   28C0           00198         goto    LCD_FinCGROM            ; No es "º".
00BE   30DF           00199         movlw   b'11011111'             ; Código CGROM del símbolo "º".
00BF   008D           00200         movwf   LCD_Dato
00C0                  00201 LCD_FinCGROM
00C0   080D           00202         movf    LCD_Dato,W              ; En (W) el código buscado.
00C1   0008           00203         return
                      00204 
                      00205 ; Subrutina "LCD_DosEspaciosBlancos" y "LCD_LineaBlanco" --------------------------------
                      00206 ;
                      00207 ; Visualiza espacios en blanco.
                      00208 
00C2                  00209 LCD_LineaEnBlanco
00C2   3010           00210         movlw   LCD_CaracteresPorLinea
00C3   28C9           00211         goto    LCD_EnviaBlancos
00C4                  00212 LCD_UnEspacioBlanco
00C4   3001           00213         movlw   .1
00C5   28C9           00214         goto    LCD_EnviaBlancos
00C6                  00215 LCD_DosEspaciosBlancos
00C6   3002           00216         movlw   .2
00C7   28C9           00217         goto    LCD_EnviaBlancos
00C8                  00218 LCD_TresEspaciosBlancos
00C8   3003           00219         movlw   .3
00C9                  00220 LCD_EnviaBlancos
00C9   0090           00221         movwf   LCD_Auxiliar1           ; (LCD_Auxiliar1) se utiliza como contador.
00CA                  00222 LCD_EnviaOtroBlanco     
00CA   3020           00223         movlw   ' '                     ; Esto es un espacio en blanco.
00CB   20A5           00224         call    LCD_Caracter            ; Visualiza tanto espacios en blanco como se
00CC   0B90           00225         decfsz  LCD_Auxiliar1,F         ; haya cargado en (LCD_Auxiliar1).
00CD   28CA           00226         goto    LCD_EnviaOtroBlanco
00CE   0008           00227         return
                      00228 
                      00229 ; Subrutinas "LCD_ByteCompleto" y "LCD_Byte" --------------------------------------------
                      00230 ;
                      00231 ; Subrutina "LCD_ByteCompleto": Visualiza el byte que almacena el registro W en el
MPASM 03.50 Released                           TECLADO_04.ASM   10-11-2003  17:51:50         PAGE 10


LOC  OBJECT CODE     LINE SOURCE TEXT
  VALUE

                      00232 ; lugar actual de la pantalla. Por ejemplo, si (W)=b'10101110' visualiza "AE".
                      00233 ;
                      00234 ; Subrutina "LCD_Byte" igual que la anterior, pero en caso de que el nibble alto sea cero, 
                      00235 ; visualiza en su lugar un espacio en blanco. Por ejemplo si (W)=b'10101110' visualiza "AE"
                      00236 ; y si (W)=b'00001110', visualiza " E" (un espacio blanco delante).
                      00237 ;
                      00238 ; Utilizan la subrutina "LCD_Nibble" que se analiza más adelante.
                      00239 ;
00CF                  00240 LCD_Byte
00CF   0091           00241         movwf   LCD_Auxiliar2           ; Guarda el valor de entrada.
00D0   39F0           00242         andlw   b'11110000'             ; Analiza si el nibble alto es cero.
00D1   1D03           00243         btfss   STATUS,Z                ; Si es cero lo apaga.
00D2   28D7           00244         goto    LCD_VisualizaAlto               ; No es cero y lo visualiza.
00D3   3020           00245         movlw   ' '                     ; Visualiza un espacio en blanco.
00D4   20A5           00246         call    LCD_Caracter
00D5   28D9           00247         goto    LCD_VisualizaBajo
                      00248 
00D6                  00249 LCD_ByteCompleto
00D6   0091           00250         movwf   LCD_Auxiliar2           ; Guarda el valor de entrada.
00D7                  00251 LCD_VisualizaAlto
00D7   0E11           00252         swapf   LCD_Auxiliar2,W         ; Pone el nibble alto en la parte baja.
00D8   20DA           00253         call    LCD_Nibble              ; Lo visualiza.
00D9                  00254 LCD_VisualizaBajo
00D9   0811           00255         movf    LCD_Auxiliar2,W         ; Repite el proceso con el nibble bajo.
                      00256 ;       call    LCD_Nibble              ; Lo visualiza.
                      00257 ;       return
                      00258 
                      00259 ; Subrutina "LCD_Nibble" ----------------------------------------------------------------
                      00260 ;
                      00261 ; Visualiza en el lugar actual de la pantalla, el valor hexadecimal que almacena en el nibble
                      00262 ; bajo del registro W. El nibble alto de W no es tenido en cuenta. Ejemplos:
                      00263 ; - Si (W)=b'01010110', se visualizará "6". 
                      00264 ; - Si (W)=b'10101110', se visualizará "E". 
                      00265 ;
00DA                  00266 LCD_Nibble
00DA   390F           00267         andlw   b'00001111'             ; Se queda con la parte baja.
00DB   0090           00268         movwf   LCD_Auxiliar1           ; Lo guarda.
00DC   3C09           00269         sublw   0x09                    ; Comprueba si hay que representarlo con letra.
00DD   1C03           00270         btfss   STATUS,C        
00DE   28E2           00271         goto    LCD_EnviaByteLetra
00DF   0810           00272         movf    LCD_Auxiliar1,W
00E0   3E30           00273         addlw   '0'                     ; El número se pasa a carácter ASCII sumándole
00E1   28E4           00274         goto    LCD_FinVisualizaDigito  ; el ASCII del cero y lo visualiza.
00E2                  00275 LCD_EnviaByteLetra
00E2   0810           00276         movf    LCD_Auxiliar1,W
00E3   3E37           00277         addlw   'A'-0x0A                        ; Sí, por tanto, se le suma el ASCII de la 'A'.
00E4                  00278 LCD_FinVisualizaDigito
00E4   28A5           00279         goto    LCD_Caracter            ; Y visualiza el carácter. Se hace con un "goto"
                      00280                                         ; para no sobrecargar la pila.
                      00066         INCLUDE  <RETARDOS.INC>
                      00001 ;**************************** Librería "RETARDOS.INC" *********************************
                      00002 ;
                      00003 ;       ===================================================================
MPASM 03.50 Released                           TECLADO_04.ASM   10-11-2003  17:51:50         PAGE 11


LOC  OBJECT CODE     LINE SOURCE TEXT
  VALUE

                      00004 ;         Del libro "MICROCONTROLADOR PIC16F84A. DESARROLLO DE PROYECTOS"
                      00005 ;         E. Palacios, F. Remiro y L. López.
                      00006 ;         Editorial Ra-Ma.  www.ra-ma.es
                      00007 ;       ===================================================================
                      00008 ;
                      00009 ; Librería con múltiples subrutinas de retardos, desde 4 microsegundos hasta 20 segundos. 
                      00010 ; Además se pueden implementar otras subrutinas muy fácilmente.
                      00011 ;
                      00012 ; Se han calculado para un sistema microcontrolador con un PIC trabajando con un cristal
                      00013 ; de cuarzo a 4 MHz. Como cada ciclo máquina son 4 ciclos de reloj, resulta que cada
                      00014 ; ciclo máquina tarda 4 x 1/4MHz = 1 µs.
                      00015 ;
                      00016 ; En los comentarios, "cm" significa "ciclos máquina".
                      00017 ;
                      00018 ; ZONA DE DATOS *********************************************************************
                      00019 
                      00020         CBLOCK
  00000012            00021         R_ContA                         ; Contadores para los retardos.
  00000013            00022         R_ContB
  00000014            00023         R_ContC
                      00024         ENDC
                      00025 ;
                      00026 ; RETARDOS de 4 hasta 10 microsegundos ---------------------------------------------------
                      00027 ;
                      00028 ; A continuación retardos pequeños teniendo en cuenta que para una frecuencia de 4 MHZ,
                      00029 ; la llamada a subrutina "call" tarda 2 ciclos máquina, el retorno de subrutina
                      00030 ; "return" toma otros 2 ciclos máquina y cada instrucción "nop" tarda 1 ciclo máquina.
                      00031 ;
00E5                  00032 Retardo_10micros                                ; La llamada "call" aporta 2 ciclos máquina.
00E5   0000           00033         nop                             ; Aporta 1 ciclo máquina.
00E6   0000           00034         nop                             ; Aporta 1 ciclo máquina.
00E7   0000           00035         nop                             ; Aporta 1 ciclo máquina.
00E8   0000           00036         nop                             ; Aporta 1 ciclo máquina.
00E9   0000           00037         nop                             ; Aporta 1 ciclo máquina.
00EA                  00038 Retardo_5micros                         ; La llamada "call" aporta 2 ciclos máquina.
00EA   0000           00039         nop                             ; Aporta 1 ciclo máquina.
00EB                  00040 Retardo_4micros                         ; La llamada "call" aporta 2 ciclos máquina.
00EB   0008           00041         return                          ; El salto del retorno aporta 2 ciclos máquina.
                      00042 ;
                      00043 ; RETARDOS de 20 hasta 500 microsegundos ------------------------------------------------
                      00044 ;
00EC                  00045 Retardo_500micros                               ; La llamada "call" aporta 2 ciclos máquina.
00EC   0000           00046         nop                             ; Aporta 1 ciclo máquina.
00ED   30A4           00047         movlw   d'164'                  ; Aporta 1 ciclo máquina. Este es el valor de "K".
00EE   28F8           00048         goto    RetardoMicros           ; Aporta 2 ciclos máquina.
00EF                  00049 Retardo_200micros                               ; La llamada "call" aporta 2 ciclos máquina.
00EF   0000           00050         nop                             ; Aporta 1 ciclo máquina.
00F0   3040           00051         movlw   d'64'                   ; Aporta 1 ciclo máquina. Este es el valor de "K".
00F1   28F8           00052         goto    RetardoMicros           ; Aporta 2 ciclos máquina.
00F2                  00053 Retardo_100micros                               ; La llamada "call" aporta 2 ciclos máquina.
00F2   301F           00054         movlw   d'31'                   ; Aporta 1 ciclo máquina. Este es el valor de "K".
00F3   28F8           00055         goto    RetardoMicros           ; Aporta 2 ciclos máquina.
00F4                  00056 Retardo_50micros                                ; La llamada "call" aporta 2 ciclos máquina.
MPASM 03.50 Released                           TECLADO_04.ASM   10-11-2003  17:51:50         PAGE 12


LOC  OBJECT CODE     LINE SOURCE TEXT
  VALUE

00F4   0000           00057         nop                             ; Aporta 1 ciclo máquina.
00F5   300E           00058         movlw   d'14'                   ; Aporta 1 ciclo máquina. Este es el valor de "K".
00F6   28F8           00059         goto    RetardoMicros           ; Aporta 2 ciclos máquina.
00F7                  00060 Retardo_20micros                                ; La llamada "call" aporta 2 ciclos máquina.
00F7   3005           00061         movlw   d'5'                    ; Aporta 1 ciclo máquina. Este es el valor de "K".
                      00062 ;
                      00063 ; El próximo bloque "RetardoMicros" tarda:
                      00064 ; 1 + (K-1) + 2 + (K-1)x2 + 2 = (2 + 3K) ciclos máquina.
                      00065 ;
00F8                  00066 RetardoMicros
00F8   0092           00067         movwf   R_ContA                 ; Aporta 1 ciclo máquina.
00F9                  00068 Rmicros_Bucle
00F9   0B92           00069         decfsz  R_ContA,F               ; (K-1)x1 cm (cuando no salta) + 2 cm (al saltar).
00FA   28F9           00070         goto    Rmicros_Bucle           ; Aporta (K-1)x2 ciclos máquina.
00FB   0008           00071         return                          ; El salto del retorno aporta 2 ciclos máquina.
                      00072 ;
                      00073 ;En total estas subrutinas tardan:
                      00074 ; - Retardo_500micros:  2 + 1 + 1 + 2 + (2 + 3K) = 500 cm = 500 µs. (para K=164 y 4 MHz).
                      00075 ; - Retardo_200micros:  2 + 1 + 1 + 2 + (2 + 3K) = 200 cm = 200 µs. (para K= 64 y 4 MHz).
                      00076 ; - Retardo_100micros:  2     + 1 + 2 + (2 + 3K) = 100 cm = 100 µs. (para K= 31 y 4 MHz).
                      00077 ; - Retardo_50micros :  2 + 1 + 1 + 2 + (2 + 3K) =  50 cm =  50 µs. (para K= 14 y 4 MHz).
                      00078 ; - Retardo_20micros :  2     + 1     + (2 + 3K) =  20 cm =  20 µs. (para K=  5 y 4 MHz).
                      00079 ;
                      00080 ; RETARDOS de 1 ms hasta 200 ms. --------------------------------------------------------
                      00081 ;
00FC                  00082 Retardo_200ms                           ; La llamada "call" aporta 2 ciclos máquina.
00FC   30C8           00083         movlw   d'200'                  ; Aporta 1 ciclo máquina. Este es el valor de "M".
00FD   290B           00084         goto    Retardos_ms             ; Aporta 2 ciclos máquina.
00FE                  00085 Retardo_100ms                           ; La llamada "call" aporta 2 ciclos máquina.
00FE   3064           00086         movlw   d'100'                  ; Aporta 1 ciclo máquina. Este es el valor de "M".
00FF   290B           00087         goto    Retardos_ms             ; Aporta 2 ciclos máquina.
0100                  00088 Retardo_50ms                            ; La llamada "call" aporta 2 ciclos máquina.
0100   3032           00089         movlw   d'50'                   ; Aporta 1 ciclo máquina. Este es el valor de "M".
0101   290B           00090         goto    Retardos_ms             ; Aporta 2 ciclos máquina.
0102                  00091 Retardo_20ms                            ; La llamada "call" aporta 2 ciclos máquina.
0102   3014           00092         movlw   d'20'                   ; Aporta 1 ciclo máquina. Este es el valor de "M".
0103   290B           00093         goto    Retardos_ms             ; Aporta 2 ciclos máquina.
0104                  00094 Retardo_10ms                            ; La llamada "call" aporta 2 ciclos máquina.
0104   300A           00095         movlw   d'10'                   ; Aporta 1 ciclo máquina. Este es el valor de "M".
0105   290B           00096         goto    Retardos_ms             ; Aporta 2 ciclos máquina.
0106                  00097 Retardo_5ms                             ; La llamada "call" aporta 2 ciclos máquina.
0106   3005           00098         movlw   d'5'                    ; Aporta 1 ciclo máquina. Este es el valor de "M".
0107   290B           00099         goto    Retardos_ms             ; Aporta 2 ciclos máquina.
0108                  00100 Retardo_2ms                             ; La llamada "call" aporta 2 ciclos máquina.
0108   3002           00101         movlw   d'2'                    ; Aporta 1 ciclo máquina. Este es el valor de "M".
0109   290B           00102         goto    Retardos_ms             ; Aporta 2 ciclos máquina.
010A                  00103 Retardo_1ms                             ; La llamada "call" aporta 2 ciclos máquina.
010A   3001           00104         movlw   d'1'                    ; Aporta 1 ciclo máquina. Este es el valor de "M".
                      00105 ;
                      00106 ; El próximo bloque "Retardos_ms" tarda:
                      00107 ; 1 + M + M + KxM + (K-1)xM + Mx2 + (K-1)Mx2 + (M-1) + 2 + (M-1)x2 + 2 =
                      00108 ; = (2 + 4M + 4KM) ciclos máquina. Para K=249 y M=1 supone 1002 ciclos máquina
                      00109 ; que a 4 MHz son 1002 µs = 1 ms.
MPASM 03.50 Released                           TECLADO_04.ASM   10-11-2003  17:51:50         PAGE 13


LOC  OBJECT CODE     LINE SOURCE TEXT
  VALUE

                      00110 ;
010B                  00111 Retardos_ms
010B   0093           00112         movwf   R_ContB                 ; Aporta 1 ciclo máquina.
010C                  00113 R1ms_BucleExterno
010C   30F9           00114         movlw   d'249'                  ; Aporta Mx1 ciclos máquina. Este es el valor de "K".
010D   0092           00115         movwf   R_ContA                 ; Aporta Mx1 ciclos máquina.
010E                  00116 R1ms_BucleInterno
010E   0000           00117         nop                             ; Aporta KxMx1 ciclos máquina.
010F   0B92           00118         decfsz  R_ContA,F               ; (K-1)xMx1 cm (cuando no salta) + Mx2 cm (al saltar).
0110   290E           00119         goto    R1ms_BucleInterno               ; Aporta (K-1)xMx2 ciclos máquina.
0111   0B93           00120         decfsz  R_ContB,F               ; (M-1)x1 cm (cuando no salta) + 2 cm (al saltar).
0112   290C           00121         goto    R1ms_BucleExterno       ; Aporta (M-1)x2 ciclos máquina.
0113   0008           00122         return                          ; El salto del retorno aporta 2 ciclos máquina.
                      00123 ;
                      00124 ;En total estas subrutinas tardan:
                      00125 ; - Retardo_200ms:      2 + 1 + 2 + (2 + 4M + 4KM) = 200007 cm = 200 ms. (M=200 y K=249).
                      00126 ; - Retardo_100ms:      2 + 1 + 2 + (2 + 4M + 4KM) = 100007 cm = 100 ms. (M=100 y K=249).
                      00127 ; - Retardo_50ms :      2 + 1 + 2 + (2 + 4M + 4KM) =  50007 cm =  50 ms. (M= 50 y K=249).
                      00128 ; - Retardo_20ms :      2 + 1 + 2 + (2 + 4M + 4KM) =  20007 cm =  20 ms. (M= 20 y K=249).
                      00129 ; - Retardo_10ms :      2 + 1 + 2 + (2 + 4M + 4KM) =  10007 cm =  10 ms. (M= 10 y K=249).
                      00130 ; - Retardo_5ms  :      2 + 1 + 2 + (2 + 4M + 4KM) =   5007 cm =   5 ms. (M=  5 y K=249).
                      00131 ; - Retardo_2ms  :      2 + 1 + 2 + (2 + 4M + 4KM) =   2007 cm =   2 ms. (M=  2 y K=249).
                      00132 ; - Retardo_1ms  :      2 + 1     + (2 + 4M + 4KM) =   1005 cm =   1 ms. (M=  1 y K=249).
                      00133 ;
                      00134 ; RETARDOS de 0.5 hasta 20 segundos ---------------------------------------------------
                      00135 ;
0114                  00136 Retardo_20s                             ; La llamada "call" aporta 2 ciclos máquina.
0114   30C8           00137         movlw   d'200'                  ; Aporta 1 ciclo máquina. Este es el valor de "N".
0115   291F           00138         goto    Retardo_1Decima         ; Aporta 2 ciclos máquina.
0116                  00139 Retardo_10s                             ; La llamada "call" aporta 2 ciclos máquina.
0116   3064           00140         movlw   d'100'                  ; Aporta 1 ciclo máquina. Este es el valor de "N".
0117   291F           00141         goto    Retardo_1Decima         ; Aporta 2 ciclos máquina.
0118                  00142 Retardo_5s                              ; La llamada "call" aporta 2 ciclos máquina.
0118   3032           00143         movlw   d'50'                   ; Aporta 1 ciclo máquina. Este es el valor de "N".
0119   291F           00144         goto    Retardo_1Decima         ; Aporta 2 ciclos máquina.
011A                  00145 Retardo_2s                              ; La llamada "call" aporta 2 ciclos máquina.
011A   3014           00146         movlw   d'20'                   ; Aporta 1 ciclo máquina. Este es el valor de "N".
011B   291F           00147         goto    Retardo_1Decima         ; Aporta 2 ciclos máquina.
011C                  00148 Retardo_1s                              ; La llamada "call" aporta 2 ciclos máquina.
011C   300A           00149         movlw   d'10'                   ; Aporta 1 ciclo máquina. Este es el valor de "N".
011D   291F           00150         goto    Retardo_1Decima         ; Aporta 2 ciclos máquina.
011E                  00151 Retardo_500ms                           ; La llamada "call" aporta 2 ciclos máquina.
011E   3005           00152         movlw   d'5'                    ; Aporta 1 ciclo máquina. Este es el valor de "N".
                      00153 ;
                      00154 ; El próximo bloque "Retardo_1Decima" tarda:
                      00155 ; 1 + N + N + MxN + MxN + KxMxN + (K-1)xMxN + MxNx2 + (K-1)xMxNx2 +
                      00156 ;   + (M-1)xN + Nx2 + (M-1)xNx2 + (N-1) + 2 + (N-1)x2 + 2 =
                      00157 ; = (2 + 4M + 4MN + 4KM) ciclos máquina. Para K=249, M=100 y N=1 supone 100011
                      00158 ; ciclos máquina que a 4 MHz son 100011 µs = 100 ms = 0,1 s = 1 décima de segundo.
                      00159 ;
011F                  00160 Retardo_1Decima
011F   0094           00161         movwf   R_ContC                 ; Aporta 1 ciclo máquina.
0120                  00162 R1Decima_BucleExterno2
MPASM 03.50 Released                           TECLADO_04.ASM   10-11-2003  17:51:50         PAGE 14


LOC  OBJECT CODE     LINE SOURCE TEXT
  VALUE

0120   3064           00163         movlw   d'100'                  ; Aporta Nx1 ciclos máquina. Este es el valor de "M".
0121   0093           00164         movwf   R_ContB                 ; Aporta Nx1 ciclos máquina.
0122                  00165 R1Decima_BucleExterno
0122   30F9           00166         movlw   d'249'                  ; Aporta MxNx1 ciclos máquina. Este es el valor de "K".
0123   0092           00167         movwf   R_ContA                 ; Aporta MxNx1 ciclos máquina.
0124                  00168 R1Decima_BucleInterno          
0124   0000           00169         nop                             ; Aporta KxMxNx1 ciclos máquina.
0125   0B92           00170         decfsz  R_ContA,F               ; (K-1)xMxNx1 cm (si no salta) + MxNx2 cm (al saltar).
0126   2924           00171         goto    R1Decima_BucleInterno   ; Aporta (K-1)xMxNx2 ciclos máquina.
0127   0B93           00172         decfsz  R_ContB,F               ; (M-1)xNx1 cm (cuando no salta) + Nx2 cm (al saltar).
0128   2922           00173         goto    R1Decima_BucleExterno   ; Aporta (M-1)xNx2 ciclos máquina.
0129   0B94           00174         decfsz  R_ContC,F               ; (N-1)x1 cm (cuando no salta) + 2 cm (al saltar).
012A   2920           00175         goto    R1Decima_BucleExterno2  ; Aporta (N-1)x2 ciclos máquina.
012B   0008           00176         return                          ; El salto del retorno aporta 2 ciclos máquina.
                      00177 ;
                      00178 ;En total estas subrutinas tardan:
                      00179 ; - Retardo_20s:        2 + 1 + 2 + (2 + 4N + 4MN + 4KMN) = 20000807 cm = 20 s.
                      00180 ;                       (N=200, M=100 y K=249).
                      00181 ; - Retardo_10s:        2 + 1 + 2 + (2 + 4N + 4MN + 4KMN) = 10000407 cm = 10 s.
                      00182 ;                       (N=100, M=100 y K=249).
                      00183 ; - Retardo_5s:         2 + 1 + 2 + (2 + 4N + 4MN + 4KMN) =  5000207 cm =  5 s.
                      00184 ;                       (N= 50, M=100 y K=249).
                      00185 ; - Retardo_2s:         2 + 1 + 2 + (2 + 4N + 4MN + 4KMN) =  2000087 cm =  2 s.
                      00186 ;                       (N= 20, M=100 y K=249).
                      00187 ; - Retardo_1s:         2 + 1 + 2 + (2 + 4N + 4MN + 4KMN) =  1000047 cm =  1 s.
                      00188 ;                       (N= 10, M=100 y K=249).
                      00189 ; - Retardo_500ms:      2 + 1     + (2 + 4N + 4MN + 4KMN) =   500025 cm = 0,5 s.
                      00190 ;                       (N=  5, M=100 y K=249).
                      00067         END
MPASM 03.50 Released                           TECLADO_04.ASM   10-11-2003  17:51:50         PAGE 15


SYMBOL TABLE
  LABEL                             VALUE 

C                                 00000000
DC                                00000001
EEADR                             00000009
EECON1                            00000088
EECON2                            00000089
EEDATA                            00000008
EEIE                              00000006
EEIF                              00000004
F                                 00000001
FSR                               00000004
GIE                               00000007
INDF                              00000000
INTCON                            0000000B
INTE                              00000004
INTEDG                            00000006
INTF                              00000001
IRP                               00000007
Inicio                            00000005
LCD_2Lineas4Bits5x7               000000A2
LCD_Auxiliar1                     00000010
LCD_Auxiliar2                     00000011
LCD_Borra                         000000A0
LCD_BusDatos                      PORTB
LCD_Byte                          000000CF
LCD_ByteCompleto                  000000D6
LCD_Caracter                      000000A5
LCD_CaracteresPorLinea            00000010
LCD_CodigoCGROM                   000000AC
LCD_CursorIncr                    00000090
LCD_CursorOFF                     0000009E
LCD_CursorON                      0000009C
LCD_Dato                          0000000D
LCD_DosEspaciosBlancos            000000C6
LCD_EnheMayuscula                 000000B3
LCD_EnheMinuscula                 000000AD
LCD_Envia                         000000A7
LCD_EnviaBlancos                  000000C9
LCD_EnviaByteLetra                000000E2
LCD_EnviaComando                  000000A3
LCD_EnviaOtroBlanco               000000CA
LCD_EscribeLCD                    00000079
LCD_FinCGROM                      000000C0
LCD_FinVisualizaDigito            000000E4
LCD_Grado                         000000BA
LCD_GuardaDato                    0000000E
LCD_GuardaTRISB                   0000000F
LCD_Inicializa                    00000061
LCD_Linea1                        00000092
LCD_Linea2                        00000094
LCD_LineaEnBlanco                 000000C2
LCD_Nibble                        000000DA
LCD_OFF                           0000009A
LCD_PinEnable                     PORTA,2
MPASM 03.50 Released                           TECLADO_04.ASM   10-11-2003  17:51:50         PAGE 16


SYMBOL TABLE
  LABEL                             VALUE 

LCD_PinRS                         PORTA,0
LCD_PinRW                         PORTA,1
LCD_PosicionLinea1                00000096
LCD_PosicionLinea2                00000098
LCD_TresEspaciosBlancos           000000C8
LCD_UnEspacioBlanco               000000C4
LCD_VisualizaAlto                 000000D7
LCD_VisualizaBajo                 000000D9
NOT_PD                            00000003
NOT_RBPU                          00000007
NOT_TO                            00000004
OPTION_REG                        00000081
PCL                               00000002
PCLATH                            0000000A
PORTA                             00000005
PORTB                             00000006
PS0                               00000000
PS1                               00000001
PS2                               00000002
PSA                               00000003
Principal                         00000009
R1Decima_BucleExterno             00000122
R1Decima_BucleExterno2            00000120
R1Decima_BucleInterno             00000124
R1ms_BucleExterno                 0000010C
R1ms_BucleInterno                 0000010E
RBIE                              00000003
RBIF                              00000000
RD                                00000000
RP0                               00000005
RP1                               00000006
R_ContA                           00000012
R_ContB                           00000013
R_ContC                           00000014
RetardoMicros                     000000F8
Retardo_100micros                 000000F2
Retardo_100ms                     000000FE
Retardo_10micros                  000000E5
Retardo_10ms                      00000104
Retardo_10s                       00000116
Retardo_1Decima                   0000011F
Retardo_1ms                       0000010A
Retardo_1s                        0000011C
Retardo_200micros                 000000EF
Retardo_200ms                     000000FC
Retardo_20micros                  000000F7
Retardo_20ms                      00000102
Retardo_20s                       00000114
Retardo_2ms                       00000108
Retardo_2s                        0000011A
Retardo_4micros                   000000EB
Retardo_500micros                 000000EC
Retardo_500ms                     0000011E
MPASM 03.50 Released                           TECLADO_04.ASM   10-11-2003  17:51:50         PAGE 17


SYMBOL TABLE
  LABEL                             VALUE 

Retardo_50micros                  000000F4
Retardo_50ms                      00000100
Retardo_5micros                   000000EA
Retardo_5ms                       00000106
Retardo_5s                        00000118
Retardos_ms                       0000010B
Rmicros_Bucle                     000000F9
STATUS                            00000003
ServicioInterrupcion              0000000B
T0CS                              00000005
T0IE                              00000005
T0IF                              00000002
T0SE                              00000004
TMR0                              00000001
TRISA                             00000085
TRISB                             00000086
Tecl_ChequeaFila                  00000048
Tecl_Columna1                     00000049
Tecl_Columna2                     0000004C
Tecl_Columna3                     0000004F
Tecl_Columna4                     00000052
Tecl_ConvierteOrdenEnASCII        00000011
Tecl_ConvierteOrdenEnHex          00000028
Tecl_FinLeeHex                    00000027
Tecl_FinTecladoLee                00000060
Tecl_GuardaValor                  0000005E
Tecl_NoPulsada                    0000005C
Tecl_TeclaOrden                   0000000C
Tecl_TerminaColumnas              00000055
Tecl_UltimaTecla                  0000000F
Teclado_Comprobacion              000000F0
Teclado_EsperaDejePulsar          0000003E
Teclado_FinTablaHex               00000039
Teclado_Inicializa                00000039
Teclado_LeeHex                    00000022
Teclado_LeeOrdenTecla             00000046
Teclado_SigueEsperando            00000040
W                                 00000000
WR                                00000001
WREN                              00000002
WRERR                             00000003
Z                                 00000002
_CP_OFF                           00003FFF
_CP_ON                            0000000F
_HS_OSC                           00003FFE
_LP_OSC                           00003FFC
_PWRTE_OFF                        00003FFF
_PWRTE_ON                         00003FF7
_RC_OSC                           00003FFF
_WDT_OFF                          00003FFB
_WDT_ON                           00003FFF
_XT_OSC                           00003FFD
__16F84A                          00000001
MPASM 03.50 Released                           TECLADO_04.ASM   10-11-2003  17:51:50         PAGE 18


MEMORY USAGE MAP ('X' = Used,  '-' = Unused)


0000 : X---XXXXXXXXXXXX XXXXXXXXXXXXXXXX XXXXXXXXXXXXXXXX XXXXXXXXXXXXXXXX
0040 : XXXXXXXXXXXXXXXX XXXXXXXXXXXXXXXX XXXXXXXXXXXXXXXX XXXXXXXXXXXXXXXX
0080 : XXXXXXXXXXXXXXXX XXXXXXXXXXXXXXXX XXXXXXXXXXXXXXXX XXXXXXXXXXXXXXXX
00C0 : XXXXXXXXXXXXXXXX XXXXXXXXXXXXXXXX XXXXXXXXXXXXXXXX XXXXXXXXXXXXXXXX
0100 : XXXXXXXXXXXXXXXX XXXXXXXXXXXXXXXX XXXXXXXXXXXX---- ----------------
2000 : -------X-------- ---------------- ---------------- ----------------

All other memory blocks unused.

Program Memory Words Used:   297
Program Memory Words Free:   727


Errors   :     0
Warnings :     0 reported,     0 suppressed
Messages :     2 reported,     0 suppressed

