MPASM 03.50 Released                           TECLADO_02.ASM   10-11-2003  17:48:32         PAGE  1


LOC  OBJECT CODE     LINE SOURCE TEXT
  VALUE

                      00001 ;************************************** Teclado_02.asm **********************************
                      00002 ;
                      00003 ;       ===================================================================
                      00004 ;         Del libro "MICROCONTROLADOR PIC16F84A. DESARROLLO DE PROYECTOS"
                      00005 ;         E. Palacios, F. Remiro y L. López.
                      00006 ;         Editorial Ra-Ma.  www.ra-ma.es
                      00007 ;       ===================================================================
                      00008 ;
                      00009 ; En pantalla aparece el valor hexadecimal de la tecla pulsada. Se está leyendo constatemente
                      00010 ; el teclado mediante técnica "Polling".
                      00011 ;
                      00012 ; ZONA DE DATOS **********************************************************************
                      00013 
2007   3FF1           00014         __CONFIG   _CP_OFF &  _WDT_OFF & _PWRTE_ON & _XT_OSC
                      00015         LIST        P=16F84A
                      00016         INCLUDE  <P16F84A.INC>
                      00001         LIST
                      00002 ; P16F84A.INC  Standard Header File, Version 2.00    Microchip Technology, Inc.
                      00134         LIST
                      00017 
                      00018         CBLOCK  0x0C
                      00019         ENDC
                      00020 
                      00021 ; ZONA DE CÓDIGOS ********************************************************************
                      00022 
0000                  00023         ORG     0
0000                  00024 Inicio
0000   2047           00025         call    LCD_Inicializa
0001   201F           00026         call    Teclado_Inicializa      ; Configura las líneas del teclado.
0002                  00027 Principal
0002   2008           00028         call    Teclado_LeeHex          ; Lee el teclado hexadecimal.
0003   1C03           00029         btfss   STATUS,C                ; ¿Pulsa alguna tecla?, ¿C=1?
0004   2807           00030         goto    Fin                     ; No, por tanto, sale.
0005   20C0           00031         call    LCD_Nibble              ; Visualiza el valor en pantalla.
0006   2024           00032         call    Teclado_EsperaDejePulsar; No sale hasta que levante el dedo.
0007   2802           00033 Fin     goto    Principal
                      00034 
                      00035         INCLUDE  <TECLADO.INC>          ; Subrutinas de control del teclado.
                      00001 ;**************************** Librería "TECLADO.INC" ***********************************
                      00002 ;
                      00003 ;       ===================================================================
                      00004 ;         Del libro "MICROCONTROLADOR PIC16F84A. DESARROLLO DE PROYECTOS"
                      00005 ;         E. Palacios, F. Remiro y L. López.
                      00006 ;         Editorial Ra-Ma.  www.ra-ma.es
                      00007 ;       ===================================================================
                      00008 ;
                      00009 ; Librería de subrutinas para la gestión de un teclado organizado en una matriz de 4 x 4 y 
                      00010 ; conectado al Puerto B según la disposición siguiente:
                      00011 ;
                      00012 ;                RB4 RB5 RB6 RB7
                      00013 ;                  ^    ^    ^    ^
                      00014 ;               |----|----|----|----|
                      00015 ;       RB0 --> |  0 |  1 |  2 |  3 |
MPASM 03.50 Released                           TECLADO_02.ASM   10-11-2003  17:48:32         PAGE  2


LOC  OBJECT CODE     LINE SOURCE TEXT
  VALUE

                      00016 ;               |----|----|----|----|
                      00017 ;       RB1 --> |  4 |  5 |  6 |  7 |
                      00018 ;               |----|----|----|----|
                      00019 ;       RB2 --> |  8 |  9 | 10| 11|
                      00020 ;               |----|----|----|----|
                      00021 ;       RB3 --> | 12| 13| 14| 15|
                      00022 ;               |----|----|----|----|
                      00023 ;
                      00024 ; Los números que se han dibujado dentro de cada cuadrado es el número de orden de las teclas
                      00025 ; que no tiene por qué coincidir con lo serigrafiado sobre ellas. El paso del número de orden
                      00026 ; de la tecla al valor que hay serigrafiado sobre la misma, se hace con una tabla de conversión.
                      00027 ;
                      00028 ; ZONA DE DATOS **********************************************************************
                      00029 ;
                      00030         CBLOCK
  0000000C            00031         Tecl_TeclaOrden                 ; Orden de la tecla a chequear.
                      00032         ENDC
                      00033 
  0000000F            00034 Tecl_UltimaTecla        EQU     d'15'           ; Valor de orden de la última tecla utilizada.
                      00035 
                      00036 ; Subrutina "Teclado_LeeHex" ************************************************************
                      00037 ;
                      00038 ; Cada tecla tiene asignado un número de orden que es contabilizado en la variable
                      00039 ; Tecl_TeclaOrden. Para convertir a su valor según el tipo de teclado en concreto, se
                      00040 ; utiliza una tabla de conversión. 
                      00041 ; A continuación, se expone la relación entre el número de orden de la tecla y los
                      00042 ; valores correspondientes para el teclado hexadecimal más utilizado.
                      00043 ;
                      00044 ;           ORDEN DE TECLA:             TECLADO HEX. UTILIZADO:
                      00045 ;                0   1   2   3                  1  2  3  F
                      00046 ;                4   5   6   7                  4  5  6  E
                      00047 ;                8   9  10  11                  7  8  9  D
                      00048 ;               12  13  14  15                  A  0  B  C
                      00049 ;
                      00050 ; Así, en este ejemplo, la tecla "7" ocupa el orden 8, la tecla "F" ocupa el orden 3 y la
                      00051 ; tecla "9" el orden 10.
                      00052 
                      00053 ; Si cambia el teclado, también hay cambiar de tabla de conversión.
                      00054 ;
                      00055 ; Entrada:      En (W) el orden de la tecla pulsada.
                      00056 ; Salida:       En (W) el valor hexadecimal para este teclado concreto.
                      00057 ;
0008                  00058 Teclado_LeeHex
0008   202C           00059         call    Teclado_LeeOrdenTecla   ; Lee el Orden de la tecla pulsada
0009   1C03           00060         btfss   STATUS,C                ; ¿Pulsa alguna tecla?, ¿C=1?
000A   280D           00061         goto    Tecl_FinLeeHex          ; No, por tanto sale.
000B   200E           00062         call    Tecl_ConvierteOrdenEnHex        ; Lo convierte en su valor real mediante tabla.
000C   1403           00063         bsf     STATUS,C                ; Vuelve a posicionar el Carry, porque la
000D                  00064 Tecl_FinLeeHex                          ; instrucción "addwf PCL,F" lo pone a 0.
000D   0008           00065         return
                      00066 ;
000E                  00067 Tecl_ConvierteOrdenEnHex                        ; Según el teclado utilizado resulta:
000E   0782           00068         addwf   PCL,F
MPASM 03.50 Released                           TECLADO_02.ASM   10-11-2003  17:48:32         PAGE  3


LOC  OBJECT CODE     LINE SOURCE TEXT
  VALUE

000F   3401 3402 3403 00069         DT      1h,2h,3h,0Fh            ; Primera fila del teclado.
       340F 
0013   3404 3405 3406 00070         DT      4h,5h,6h,0Eh            ; Segunda fila del teclado
       340E 
0017   3407 3408 3409 00071         DT      7h,8h,9h,0Dh            ; Tercera fila del teclado.
       340D 
001B   340A 3400 340B 00072         DT      0Ah,0h,0Bh,0Ch          ; Cuarta fila del teclado.
       340C 
001F                  00073 Teclado_FinTablaHex
                      00074 ;
                      00075 ; Esta tabla se sitúa al principio de la librería con el propósito que no supere la
                      00076 ; posición 0FFh de memoria ROM de programa. De todas formas, en caso que así fuera 
                      00077 ; visualizaría el siguiente mensaje de error en el proceso de ensamblado:
                      00078 ;
                      00079         IF (Teclado_FinTablaHex > 0xFF)
                      00080                 ERROR   "Atención: La tabla ha superado el tamaño de la página de los"
                      00081                 MESSG   "primeros 256 bytes de memoria ROM. NO funcionará correctamente."
                      00082         ENDIF
                      00083         
                      00084 ; Subrutina "Teclado_Inicializa" --------------------------------------------------------
                      00085 ;
                      00086 ; Esta subrutina configura las líneas del Puerto B según la conexión del teclado realizada
                      00087 ; y comprueba que no hay pulsada tecla alguna al principio.
                      00088 
001F                  00089 Teclado_Inicializa
001F   1683           00090         bsf     STATUS,RP0              ; Configura las líneas del puerto:
0020   30F0           00091         movlw   b'11110000'             ; <RB7:RB4> entradas, <RB3:RB0> salidas
0021   0086           00092         movwf   PORTB
Message[302]: Register in operand not in bank 0.  Ensure that bank bits are correct.
0022   1381           00093         bcf     OPTION_REG,NOT_RBPU     ; Habilita resistencia de Pull-Up del Puerto B.
0023   1283           00094         bcf     STATUS,RP0              ; Acceso al banco 0.
                      00095 ;       call    Teclado_EsperaDejePulsar
                      00096 ;       return
                      00097 ;
                      00098 ; Subrutina "Teclado_EsperaDejePulsar" --------------------------------------------------
                      00099 ;
                      00100 ;Permanece en esta subrutina mientras siga pulsada la tecla.
                      00101 ;
  000000F0            00102 Teclado_Comprobacion    EQU     b'11110000'
                      00103 
0024                  00104 Teclado_EsperaDejePulsar:
0024   30F0           00105         movlw   Teclado_Comprobacion    ; Pone a cero las cuatro líneas de salida del 
0025   0086           00106         movwf   PORTB                   ; Puerto B.
0026                  00107 Teclado_SigueEsperando
0026   20E8           00108         call    Retardo_20ms            ; Espera a que se estabilicen los niveles de tensión.
0027   0806           00109         movf    PORTB,W         ; Lee el Puerto B.
0028   3CF0           00110         sublw   Teclado_Comprobacion    ; Si es lo mismo que escribió es que ya no pulsa 
0029   1D03           00111         btfss   STATUS,Z                ; tecla alguna.
002A   2826           00112         goto    Teclado_SigueEsperando
002B   0008           00113         return
                      00114 ;
                      00115 ; Subrutina "Teclado_LeeOrdenTecla" -----------------------------------------------------
                      00116 ;
MPASM 03.50 Released                           TECLADO_02.ASM   10-11-2003  17:48:32         PAGE  4


LOC  OBJECT CODE     LINE SOURCE TEXT
  VALUE

                      00117 ; Lee el teclado, obteniendo el orden de la tecla pulsada. 
                      00118 ;
                      00119 ; Salida:       En (W) el número de orden de la tecla pulsada. Además Carry se pone a "1" si
                      00120 ;               se pulsa una tecla ó a "0" si no se pulsa tecla alguna.
                      00121 ;
002C                  00122 Teclado_LeeOrdenTecla:
002C   018C           00123         clrf    Tecl_TeclaOrden         ; Todavía no ha empezado a chequear el teclado.
002D   30FE           00124         movlw   b'11111110'             ; Va a chequear primera fila.
002E                  00125 Tecl_ChequeaFila                                ; (Ver esquema de conexión).
002E   0086           00126         movwf   PORTB                   ; Activa la fila correspondiente.
002F                  00127 Tecl_Columna1
002F   1E06           00128         btfss   PORTB,4                 ; Chequea 1ª columna buscando un cero. 
0030   2844           00129         goto    Tecl_GuardaValor                ; Sí, es cero y por tanto guarda su valor y sale.
0031   0A8C           00130         incf    Tecl_TeclaOrden,F               ; Va a chequear la siguiente tecla.
0032                  00131 Tecl_Columna2                           ; Repite proceso para las siguientes 
0032   1E86           00132         btfss   PORTB,5                 ; columnas.
0033   2844           00133         goto    Tecl_GuardaValor
0034   0A8C           00134         incf    Tecl_TeclaOrden,F
0035                  00135 Tecl_Columna3           
0035   1F06           00136         btfss   PORTB,6
0036   2844           00137         goto    Tecl_GuardaValor
0037   0A8C           00138         incf    Tecl_TeclaOrden,F
0038                  00139 Tecl_Columna4           
0038   1F86           00140         btfss   PORTB,7
0039   2844           00141         goto    Tecl_GuardaValor
003A   0A8C           00142         incf    Tecl_TeclaOrden,F
                      00143 ;
                      00144 ; Comprueba si ha chequeado la última tecla, en cuyo caso sale. Para ello testea si
                      00145 ; el contenido del registro Tecl_TeclaOrden es igual al número de teclas del teclado.
                      00146 ;
003B                  00147 Tecl_TerminaColumnas
003B   300F           00148         movlw   Tecl_UltimaTecla
003C   020C           00149         subwf   Tecl_TeclaOrden,W               ; (W) = (Tecl_TeclaOrden)-Tecl_UltimaTecla.
003D   1803           00150         btfsc   STATUS,C                ; ¿C=0?, ¿(W) negativo?, ¿(Tecl_TeclaOrden)<15?.
003E   2842           00151         goto    Tecl_NoPulsada          ; No, se ha llegado al final del chequeo.
003F   1403           00152         bsf     STATUS,C                ; Sí. Va a chequear la siguiente fila.
0040   0D06           00153         rlf     PORTB,W         ; Apunta a la siguiente fila.
0041   282E           00154         goto    Tecl_ChequeaFila        
0042                  00155 Tecl_NoPulsada
0042   1003           00156         bcf     STATUS,C                ; Posiciona C=0, indicando que no ha pulsado
0043   2846           00157         goto    Tecl_FinTecladoLee      ; tecla alguna y sale.
0044                  00158 Tecl_GuardaValor
0044   080C           00159         movf    Tecl_TeclaOrden,W               ; El orden de la tecla pulsada en (W) y sale.
0045   1403           00160         bsf     STATUS,C                ; Como hay tecla tecla pulsada, pone C=1. 
0046                  00161 Tecl_FinTecladoLee
0046   0008           00162         return
                      00163         
                      00164 ;       ===================================================================
                      00165 ;         Del libro "MICROCONTROLADOR PIC16F84A. DESARROLLO DE PROYECTOS"
                      00166 ;         E. Palacios, F. Remiro y L. López.
                      00167 ;         Editorial Ra-Ma.  www.ra-ma.es
                      00168 ;       ===================================================================
                      00036         INCLUDE  <LCD_4BIT.INC>
MPASM 03.50 Released                           TECLADO_02.ASM   10-11-2003  17:48:32         PAGE  5


LOC  OBJECT CODE     LINE SOURCE TEXT
  VALUE

                      00001 ;**************************** Librería "LCD_4BIT.INC" ***********************************
                      00002 ;
                      00003 ;       ===================================================================
                      00004 ;         Del libro "MICROCONTROLADOR PIC16F84A. DESARROLLO DE PROYECTOS"
                      00005 ;         E. Palacios, F. Remiro y L. López.
                      00006 ;         Editorial Ra-Ma.  www.ra-ma.es
                      00007 ;       ===================================================================
                      00008 ;
                      00009 ; Estas subrutinas permiten realizar las tareas básicas de control de un módulo LCD de 2
                      00010 ; líneas por 16 caracteres, compatible con el modelo LM016L.
                      00011 ;
                      00012 ; El visualizador LCD está conectado al Puerto B del PIC mediante un bus de 4 bits. Las
                      00013 ; conexiones son:
                      00014 ;    -  Las 4 líneas superiores del módulo LCD, pines <DB7:DB4>  se conectan a las 4
                      00015 ;       líneas superiores del Puerto B del PIC, pines <RB7:RB4>.
                      00016 ;    -  Pin RS del LCD a la línea RA0 del PIC.
                      00017 ;    -  Pin R/W del LCD a la línea RA1 del PIC, o a masa.
                      00018 ;    -  Pin Enable del LCD a la línea RA2 del PIC.
                      00019 ;
                      00020 ; Se utilizan llamadas a subrutinas de retardo de tiempo localizadas en la librería RETARDOS.INC.
                      00021 ;
                      00022 ; ZONA DE DATOS *********************************************************************
                      00023 
                      00024         CBLOCK
  0000000D            00025         LCD_Dato
  0000000E            00026         LCD_GuardaDato
  0000000F            00027         LCD_GuardaTRISB
  00000010            00028         LCD_Auxiliar1
  00000011            00029         LCD_Auxiliar2
                      00030         ENDC
                      00031 
  00000010            00032 LCD_CaracteresPorLinea  EQU     .16     ; Número de caracteres por línea de la pantalla.
                      00033 
                      00034 #DEFINE  LCD_PinRS      PORTA,0
                      00035 #DEFINE  LCD_PinRW      PORTA,1
                      00036 #DEFINE  LCD_PinEnable  PORTA,2
                      00037 #DEFINE  LCD_BusDatos   PORTB
                      00038 
                      00039 ; Subrutina "LCD_Inicializa" ------------------------------------------------------------
                      00040 ;
                      00041 ; Inicialización del módulo LCD: Configura funciones del LCD, produce reset por software,
                      00042 ; borra memoria y enciende pantalla. El fabricante especifica que para garantizar la
                      00043 ; configuración inicial hay que hacerla como sigue:
                      00044 ;
0047                  00045 LCD_Inicializa
0047   1683           00046         bsf     STATUS,RP0              ; Configura las líneas conectadas al pines RS,
0048   1005           00047         bcf     LCD_PinRS               ; R/W y E.
0049   1105           00048         bcf     LCD_PinEnable
004A   1085           00049         bcf     LCD_PinRW
004B   1283           00050         bcf     STATUS,RP0
004C   1085           00051         bcf     LCD_PinRW               ; En caso de que esté conectado, le indica
                      00052                                         ; que se va a escribir en el LCD.
004D   1105           00053         bcf     LCD_PinEnable           ; Impide funcionamiento del LCD, poniendo E=0.
MPASM 03.50 Released                           TECLADO_02.ASM   10-11-2003  17:48:32         PAGE  6


LOC  OBJECT CODE     LINE SOURCE TEXT
  VALUE

004E   1005           00054         bcf     LCD_PinRS               ; Activa el Modo Comando, poniendo RS=0.
004F   20E8           00055         call    Retardo_20ms
0050   3030           00056         movlw   b'00110000'     
0051   205F           00057         call    LCD_EscribeLCD          ; Escribe el dato en el LCD.
0052   20EC           00058         call    Retardo_5ms     
0053   3030           00059         movlw   b'00110000'     
0054   205F           00060         call    LCD_EscribeLCD
0055   20D5           00061         call    Retardo_200micros
0056   3030           00062         movlw   b'00110000'     
0057   205F           00063         call    LCD_EscribeLCD
0058   3020           00064         movlw   b'00100000'             ; Interface de 4 bits.
0059   205F           00065         call    LCD_EscribeLCD
                      00066 
                      00067 ; Ahora configura el resto de los parámetros: 
                      00068 
005A   2088           00069         call    LCD_2Lineas4Bits5x7     ; LCD de 2 líneas y caracteres de 5x7 puntos.
005B   2086           00070         call    LCD_Borra               ; Pantalla encendida y limpia. Cursor al principio
005C   2084           00071         call    LCD_CursorOFF           ; de la línea 1. Cursor apagado.
005D   2076           00072         call    LCD_CursorIncr          ; Cursor en modo incrementar.
005E   0008           00073         return
                      00074 
                      00075 ; Subrutina "LCD_EscribeLCD" -----------------------------------------------------------
                      00076 ;
                      00077 ; Envía el dato del registro de trabajo W al bus de dato y produce un pequeño pulso en el
                      00078 ; pin "Enable" del LCD. Para no alterar el contenido de las líneas de la parte baja del Puerto B
                      00079 ; que no son utilizadas para el LCD (pines RB3.. RB0), primero se lee estas líneas y después
                      00080 ; se vuelve a enviar este dato sin cambiarlo.
                      00081 
005F                  00082 LCD_EscribeLCD
005F   39F0           00083         andlw   b'11110000'             ; Se queda con el nibble alto del dato que es el
0060   008D           00084         movwf   LCD_Dato                ; que hay que enviar y lo guarda.
0061   0806           00085         movf    LCD_BusDatos,W          ; Lee la información actual de la parte baja
0062   390F           00086         andlw   b'00001111'             ; del Puerto B, que no se debe alterar.
0063   048D           00087         iorwf   LCD_Dato,F              ; Enviará la parte alta del dato de entrada
                      00088                                         ; y en la parte baja lo que había antes.
0064   1683           00089         bsf     STATUS,RP0              ; Acceso al Banco 1.
Message[302]: Register in operand not in bank 0.  Ensure that bank bits are correct.
0065   0806           00090         movf    TRISB,W         ; Guarda la configuración que tenía antes TRISB.
0066   008F           00091         movwf   LCD_GuardaTRISB
0067   300F           00092         movlw   b'00001111'             ; Las 4 líneas inferiores del Puerto B se dejan 
0068   0586           00093         andwf   PORTB,F                 ; como estaban y las 4 superiores como salida.
0069   1283           00094         bcf     STATUS,RP0              ; Acceso al Banco 0.
                      00095 ;
006A   080D           00096         movf    LCD_Dato,W              ; Recupera el dato a enviar.
006B   0086           00097         movwf   LCD_BusDatos            ; Envía el dato al módulo LCD.
006C   1505           00098         bsf     LCD_PinEnable           ; Permite funcionamiento del LCD, mediante un pequeño
006D   1105           00099         bcf     LCD_PinEnable           ; pulso y termina impidiendo el funcionamiento del LCD.
006E   1C05           00100         btfss   LCD_PinRS               ; Debe garantizar una correcta escritura manteniendo 
006F   20EE           00101         call    Retardo_2ms             ; 2 ms en modo comando y 50 µs en modo cáracter.
0070   20DA           00102         call    Retardo_50micros
0071   1683           00103         bsf     STATUS,RP0              ; Acceso al Banco 1. Restaura el antiguo valor en
0072   080F           00104         movf    LCD_GuardaTRISB,W       ; la configuración del Puerto B.
0073   0086           00105         movwf   PORTB                   ; Realmente es TRISB.
MPASM 03.50 Released                           TECLADO_02.ASM   10-11-2003  17:48:32         PAGE  7


LOC  OBJECT CODE     LINE SOURCE TEXT
  VALUE

0074   1283           00106         bcf     STATUS,RP0              ; Acceso al Banco 0.
0075   0008           00107         return
                      00108 
                      00109 ; Subrutinas variadas para el control del módulo LCD -----------------------------------------
                      00110 ;
                      00111 ;Los comandos que pueden ser ejecutados son:
                      00112 ;
0076                  00113 LCD_CursorIncr                          ; Cursor en modo incrementar.
0076   3006           00114         movlw   b'00000110'
0077   2889           00115         goto    LCD_EnviaComando
0078                  00116 LCD_Linea1                              ; Cursor al principio de la Línea 1.
0078   3080           00117         movlw   b'10000000'             ; Dirección 00h de la DDRAM
0079   2889           00118         goto    LCD_EnviaComando
007A                  00119 LCD_Linea2                              ; Cursor al principio de la Línea 2.
007A   30C0           00120         movlw   b'11000000'             ; Dirección 40h de la DDRAM
007B   2889           00121         goto    LCD_EnviaComando
007C                  00122 LCD_PosicionLinea1                      ; Cursor a posición de la Línea 1, a partir de la
007C   3880           00123         iorlw   b'10000000'             ; dirección 00h de la DDRAM más el valor del
007D   2889           00124         goto    LCD_EnviaComando        ; registro W.
007E                  00125 LCD_PosicionLinea2                      ; Cursor a posición de la Línea 2, a partir de la
007E   38C0           00126         iorlw   b'11000000'             ; dirección 40h de la DDRAM más el valor del
007F   2889           00127         goto    LCD_EnviaComando        ; registro W.
0080                  00128 LCD_OFF                         ; Pantalla apagada.
0080   3008           00129         movlw   b'00001000'
0081   2889           00130         goto    LCD_EnviaComando
0082                  00131 LCD_CursorON                            ; Pantalla encendida y cursor encendido.
0082   300E           00132         movlw   b'00001110'
0083   2889           00133         goto    LCD_EnviaComando
0084                  00134 LCD_CursorOFF                           ; Pantalla encendida y cursor apagado.
0084   300C           00135         movlw   b'00001100'
0085   2889           00136         goto    LCD_EnviaComando
0086                  00137 LCD_Borra                               ; Borra toda la pantalla, memoria DDRAM y pone el 
0086   3001           00138         movlw   b'00000001'             ; cursor a principio de la línea 1.
0087   2889           00139         goto    LCD_EnviaComando
0088                  00140 LCD_2Lineas4Bits5x7                     ; Define la pantalla de 2 líneas, con caracteres
0088   3028           00141         movlw   b'00101000'             ; de 5x7 puntos y conexión al PIC mediante bus de
                      00142 ;       goto    LCD_EnviaComando        ; 4 bits. 
                      00143 
                      00144 ; Subrutinas "LCD_EnviaComando" y "LCD_Caracter" ------------------------------------
                      00145 ;
                      00146 ; "LCD_EnviaComando": Escribe un comando en el registro del módulo LCD. La palabra de
                      00147 ; comando ha sido entregada a través del registro W.  Trabaja en Modo Comando.
                      00148 ; "LCD_Caracter": Escribe en la memoria DDRAM del LCD el carácter ASCII introducido a
                      00149 ; a través del registro W. Trabaja en Modo Dato.
                      00150 ;
0089                  00151 LCD_EnviaComando
0089   1005           00152         bcf     LCD_PinRS               ; Activa el Modo Comando, poniendo RS=0.
008A   288D           00153         goto    LCD_Envia
008B                  00154 LCD_Caracter
008B   1405           00155         bsf     LCD_PinRS               ; Activa el "Modo Dato", poniendo RS=1.
008C   2092           00156         call    LCD_CodigoCGROM ; Obtiene el código para correcta visualización.
008D                  00157 LCD_Envia
008D   008E           00158         movwf   LCD_GuardaDato          ; Guarda el dato a enviar.
MPASM 03.50 Released                           TECLADO_02.ASM   10-11-2003  17:48:32         PAGE  8


LOC  OBJECT CODE     LINE SOURCE TEXT
  VALUE

008E   205F           00159         call    LCD_EscribeLCD          ; Primero envía el nibble alto.
008F   0E0E           00160         swapf   LCD_GuardaDato,W        ; Ahora envía el nibble bajo. Para ello pasa el
                      00161                                         ; nibble bajo del dato a enviar a parte alta del byte.
0090   205F           00162         call    LCD_EscribeLCD          ; Se envía al visualizador LCD.
0091   0008           00163         return  
                      00164 
                      00165 ; Subrutina "LCD_CodigoCGROM" -----------------------------------------------------------
                      00166 ;
                      00167 ; A partir del carácter ASCII número 127, los códigos de los caracteres definidos en la
                      00168 ; tabla CGROM del LM016L no coinciden con los códigos ASCII. Así por ejemplo, el código
                      00169 ; ASCII de la "Ñ" en la tabla CGRAM del LM016L es EEh.
                      00170 ;
                      00171 ; Esta subrutina convierte los códigos ASCII de la "Ñ", "º" y otros, a códigos CGROM para que
                      00172 ; que puedan ser visualizado en el módulo LM016L.
                      00173 ; 
                      00174 ; Entrada:      En (W) el código ASCII del carácter que se desea visualizar.
                      00175 ; Salida:       En (W) el código definido en la tabla CGROM.
                      00176 
0092                  00177 LCD_CodigoCGROM
0092   008D           00178         movwf   LCD_Dato                ; Guarda el valor del carácter y comprueba si es
0093                  00179 LCD_EnheMinuscula                       ; un carácter especial.
0093   3CF1           00180         sublw   'ñ'                     ; ¿Es la "ñ"?
0094   1D03           00181         btfss   STATUS,Z
0095   2899           00182         goto    LCD_EnheMayuscula       ; No es "ñ".
0096   30EE           00183         movlw   b'11101110'             ; Código CGROM de la "ñ".
0097   008D           00184         movwf   LCD_Dato
0098   28A6           00185         goto    LCD_FinCGROM
0099                  00186 LCD_EnheMayuscula
0099   080D           00187         movf    LCD_Dato,W              ; Recupera el código ASCII de entrada.
009A   3CD1           00188         sublw   'Ñ'                     ; ¿Es la "Ñ"?
009B   1D03           00189         btfss   STATUS,Z
009C   28A0           00190         goto    LCD_Grado               ; No es "Ñ".
009D   30EE           00191         movlw   b'11101110'             ; Código CGROM de la "ñ". (No hay símbolo para
009E   008D           00192         movwf   LCD_Dato                ; la "Ñ" mayúscula en la CGROM).
009F   28A6           00193         goto    LCD_FinCGROM    
00A0                  00194 LCD_Grado
00A0   080D           00195         movf    LCD_Dato,W              ; Recupera el código ASCII de entrada.
00A1   3CBA           00196         sublw   'º'                     ; ¿Es el símbolo "º"?
00A2   1D03           00197         btfss   STATUS,Z
00A3   28A6           00198         goto    LCD_FinCGROM            ; No es "º".
00A4   30DF           00199         movlw   b'11011111'             ; Código CGROM del símbolo "º".
00A5   008D           00200         movwf   LCD_Dato
00A6                  00201 LCD_FinCGROM
00A6   080D           00202         movf    LCD_Dato,W              ; En (W) el código buscado.
00A7   0008           00203         return
                      00204 
                      00205 ; Subrutina "LCD_DosEspaciosBlancos" y "LCD_LineaBlanco" --------------------------------
                      00206 ;
                      00207 ; Visualiza espacios en blanco.
                      00208 
00A8                  00209 LCD_LineaEnBlanco
00A8   3010           00210         movlw   LCD_CaracteresPorLinea
00A9   28AF           00211         goto    LCD_EnviaBlancos
MPASM 03.50 Released                           TECLADO_02.ASM   10-11-2003  17:48:32         PAGE  9


LOC  OBJECT CODE     LINE SOURCE TEXT
  VALUE

00AA                  00212 LCD_UnEspacioBlanco
00AA   3001           00213         movlw   .1
00AB   28AF           00214         goto    LCD_EnviaBlancos
00AC                  00215 LCD_DosEspaciosBlancos
00AC   3002           00216         movlw   .2
00AD   28AF           00217         goto    LCD_EnviaBlancos
00AE                  00218 LCD_TresEspaciosBlancos
00AE   3003           00219         movlw   .3
00AF                  00220 LCD_EnviaBlancos
00AF   0090           00221         movwf   LCD_Auxiliar1           ; (LCD_Auxiliar1) se utiliza como contador.
00B0                  00222 LCD_EnviaOtroBlanco     
00B0   3020           00223         movlw   ' '                     ; Esto es un espacio en blanco.
00B1   208B           00224         call    LCD_Caracter            ; Visualiza tanto espacios en blanco como se
00B2   0B90           00225         decfsz  LCD_Auxiliar1,F         ; haya cargado en (LCD_Auxiliar1).
00B3   28B0           00226         goto    LCD_EnviaOtroBlanco
00B4   0008           00227         return
                      00228 
                      00229 ; Subrutinas "LCD_ByteCompleto" y "LCD_Byte" --------------------------------------------
                      00230 ;
                      00231 ; Subrutina "LCD_ByteCompleto": Visualiza el byte que almacena el registro W en el
                      00232 ; lugar actual de la pantalla. Por ejemplo, si (W)=b'10101110' visualiza "AE".
                      00233 ;
                      00234 ; Subrutina "LCD_Byte" igual que la anterior, pero en caso de que el nibble alto sea cero, 
                      00235 ; visualiza en su lugar un espacio en blanco. Por ejemplo si (W)=b'10101110' visualiza "AE"
                      00236 ; y si (W)=b'00001110', visualiza " E" (un espacio blanco delante).
                      00237 ;
                      00238 ; Utilizan la subrutina "LCD_Nibble" que se analiza más adelante.
                      00239 ;
00B5                  00240 LCD_Byte
00B5   0091           00241         movwf   LCD_Auxiliar2           ; Guarda el valor de entrada.
00B6   39F0           00242         andlw   b'11110000'             ; Analiza si el nibble alto es cero.
00B7   1D03           00243         btfss   STATUS,Z                ; Si es cero lo apaga.
00B8   28BD           00244         goto    LCD_VisualizaAlto               ; No es cero y lo visualiza.
00B9   3020           00245         movlw   ' '                     ; Visualiza un espacio en blanco.
00BA   208B           00246         call    LCD_Caracter
00BB   28BF           00247         goto    LCD_VisualizaBajo
                      00248 
00BC                  00249 LCD_ByteCompleto
00BC   0091           00250         movwf   LCD_Auxiliar2           ; Guarda el valor de entrada.
00BD                  00251 LCD_VisualizaAlto
00BD   0E11           00252         swapf   LCD_Auxiliar2,W         ; Pone el nibble alto en la parte baja.
00BE   20C0           00253         call    LCD_Nibble              ; Lo visualiza.
00BF                  00254 LCD_VisualizaBajo
00BF   0811           00255         movf    LCD_Auxiliar2,W         ; Repite el proceso con el nibble bajo.
                      00256 ;       call    LCD_Nibble              ; Lo visualiza.
                      00257 ;       return
                      00258 
                      00259 ; Subrutina "LCD_Nibble" ----------------------------------------------------------------
                      00260 ;
                      00261 ; Visualiza en el lugar actual de la pantalla, el valor hexadecimal que almacena en el nibble
                      00262 ; bajo del registro W. El nibble alto de W no es tenido en cuenta. Ejemplos:
                      00263 ; - Si (W)=b'01010110', se visualizará "6". 
                      00264 ; - Si (W)=b'10101110', se visualizará "E". 
MPASM 03.50 Released                           TECLADO_02.ASM   10-11-2003  17:48:32         PAGE 10


LOC  OBJECT CODE     LINE SOURCE TEXT
  VALUE

                      00265 ;
00C0                  00266 LCD_Nibble
00C0   390F           00267         andlw   b'00001111'             ; Se queda con la parte baja.
00C1   0090           00268         movwf   LCD_Auxiliar1           ; Lo guarda.
00C2   3C09           00269         sublw   0x09                    ; Comprueba si hay que representarlo con letra.
00C3   1C03           00270         btfss   STATUS,C        
00C4   28C8           00271         goto    LCD_EnviaByteLetra
00C5   0810           00272         movf    LCD_Auxiliar1,W
00C6   3E30           00273         addlw   '0'                     ; El número se pasa a carácter ASCII sumándole
00C7   28CA           00274         goto    LCD_FinVisualizaDigito  ; el ASCII del cero y lo visualiza.
00C8                  00275 LCD_EnviaByteLetra
00C8   0810           00276         movf    LCD_Auxiliar1,W
00C9   3E37           00277         addlw   'A'-0x0A                        ; Sí, por tanto, se le suma el ASCII de la 'A'.
00CA                  00278 LCD_FinVisualizaDigito
00CA   288B           00279         goto    LCD_Caracter            ; Y visualiza el carácter. Se hace con un "goto"
                      00280                                         ; para no sobrecargar la pila.
                      00037         INCLUDE  <RETARDOS.INC>
                      00001 ;**************************** Librería "RETARDOS.INC" *********************************
                      00002 ;
                      00003 ;       ===================================================================
                      00004 ;         Del libro "MICROCONTROLADOR PIC16F84A. DESARROLLO DE PROYECTOS"
                      00005 ;         E. Palacios, F. Remiro y L. López.
                      00006 ;         Editorial Ra-Ma.  www.ra-ma.es
                      00007 ;       ===================================================================
                      00008 ;
                      00009 ; Librería con múltiples subrutinas de retardos, desde 4 microsegundos hasta 20 segundos. 
                      00010 ; Además se pueden implementar otras subrutinas muy fácilmente.
                      00011 ;
                      00012 ; Se han calculado para un sistema microcontrolador con un PIC trabajando con un cristal
                      00013 ; de cuarzo a 4 MHz. Como cada ciclo máquina son 4 ciclos de reloj, resulta que cada
                      00014 ; ciclo máquina tarda 4 x 1/4MHz = 1 µs.
                      00015 ;
                      00016 ; En los comentarios, "cm" significa "ciclos máquina".
                      00017 ;
                      00018 ; ZONA DE DATOS *********************************************************************
                      00019 
                      00020         CBLOCK
  00000012            00021         R_ContA                         ; Contadores para los retardos.
  00000013            00022         R_ContB
  00000014            00023         R_ContC
                      00024         ENDC
                      00025 ;
                      00026 ; RETARDOS de 4 hasta 10 microsegundos ---------------------------------------------------
                      00027 ;
                      00028 ; A continuación retardos pequeños teniendo en cuenta que para una frecuencia de 4 MHZ,
                      00029 ; la llamada a subrutina "call" tarda 2 ciclos máquina, el retorno de subrutina
                      00030 ; "return" toma otros 2 ciclos máquina y cada instrucción "nop" tarda 1 ciclo máquina.
                      00031 ;
00CB                  00032 Retardo_10micros                                ; La llamada "call" aporta 2 ciclos máquina.
00CB   0000           00033         nop                             ; Aporta 1 ciclo máquina.
00CC   0000           00034         nop                             ; Aporta 1 ciclo máquina.
00CD   0000           00035         nop                             ; Aporta 1 ciclo máquina.
00CE   0000           00036         nop                             ; Aporta 1 ciclo máquina.
MPASM 03.50 Released                           TECLADO_02.ASM   10-11-2003  17:48:32         PAGE 11


LOC  OBJECT CODE     LINE SOURCE TEXT
  VALUE

00CF   0000           00037         nop                             ; Aporta 1 ciclo máquina.
00D0                  00038 Retardo_5micros                         ; La llamada "call" aporta 2 ciclos máquina.
00D0   0000           00039         nop                             ; Aporta 1 ciclo máquina.
00D1                  00040 Retardo_4micros                         ; La llamada "call" aporta 2 ciclos máquina.
00D1   0008           00041         return                          ; El salto del retorno aporta 2 ciclos máquina.
                      00042 ;
                      00043 ; RETARDOS de 20 hasta 500 microsegundos ------------------------------------------------
                      00044 ;
00D2                  00045 Retardo_500micros                               ; La llamada "call" aporta 2 ciclos máquina.
00D2   0000           00046         nop                             ; Aporta 1 ciclo máquina.
00D3   30A4           00047         movlw   d'164'                  ; Aporta 1 ciclo máquina. Este es el valor de "K".
00D4   28DE           00048         goto    RetardoMicros           ; Aporta 2 ciclos máquina.
00D5                  00049 Retardo_200micros                               ; La llamada "call" aporta 2 ciclos máquina.
00D5   0000           00050         nop                             ; Aporta 1 ciclo máquina.
00D6   3040           00051         movlw   d'64'                   ; Aporta 1 ciclo máquina. Este es el valor de "K".
00D7   28DE           00052         goto    RetardoMicros           ; Aporta 2 ciclos máquina.
00D8                  00053 Retardo_100micros                               ; La llamada "call" aporta 2 ciclos máquina.
00D8   301F           00054         movlw   d'31'                   ; Aporta 1 ciclo máquina. Este es el valor de "K".
00D9   28DE           00055         goto    RetardoMicros           ; Aporta 2 ciclos máquina.
00DA                  00056 Retardo_50micros                                ; La llamada "call" aporta 2 ciclos máquina.
00DA   0000           00057         nop                             ; Aporta 1 ciclo máquina.
00DB   300E           00058         movlw   d'14'                   ; Aporta 1 ciclo máquina. Este es el valor de "K".
00DC   28DE           00059         goto    RetardoMicros           ; Aporta 2 ciclos máquina.
00DD                  00060 Retardo_20micros                                ; La llamada "call" aporta 2 ciclos máquina.
00DD   3005           00061         movlw   d'5'                    ; Aporta 1 ciclo máquina. Este es el valor de "K".
                      00062 ;
                      00063 ; El próximo bloque "RetardoMicros" tarda:
                      00064 ; 1 + (K-1) + 2 + (K-1)x2 + 2 = (2 + 3K) ciclos máquina.
                      00065 ;
00DE                  00066 RetardoMicros
00DE   0092           00067         movwf   R_ContA                 ; Aporta 1 ciclo máquina.
00DF                  00068 Rmicros_Bucle
00DF   0B92           00069         decfsz  R_ContA,F               ; (K-1)x1 cm (cuando no salta) + 2 cm (al saltar).
00E0   28DF           00070         goto    Rmicros_Bucle           ; Aporta (K-1)x2 ciclos máquina.
00E1   0008           00071         return                          ; El salto del retorno aporta 2 ciclos máquina.
                      00072 ;
                      00073 ;En total estas subrutinas tardan:
                      00074 ; - Retardo_500micros:  2 + 1 + 1 + 2 + (2 + 3K) = 500 cm = 500 µs. (para K=164 y 4 MHz).
                      00075 ; - Retardo_200micros:  2 + 1 + 1 + 2 + (2 + 3K) = 200 cm = 200 µs. (para K= 64 y 4 MHz).
                      00076 ; - Retardo_100micros:  2     + 1 + 2 + (2 + 3K) = 100 cm = 100 µs. (para K= 31 y 4 MHz).
                      00077 ; - Retardo_50micros :  2 + 1 + 1 + 2 + (2 + 3K) =  50 cm =  50 µs. (para K= 14 y 4 MHz).
                      00078 ; - Retardo_20micros :  2     + 1     + (2 + 3K) =  20 cm =  20 µs. (para K=  5 y 4 MHz).
                      00079 ;
                      00080 ; RETARDOS de 1 ms hasta 200 ms. --------------------------------------------------------
                      00081 ;
00E2                  00082 Retardo_200ms                           ; La llamada "call" aporta 2 ciclos máquina.
00E2   30C8           00083         movlw   d'200'                  ; Aporta 1 ciclo máquina. Este es el valor de "M".
00E3   28F1           00084         goto    Retardos_ms             ; Aporta 2 ciclos máquina.
00E4                  00085 Retardo_100ms                           ; La llamada "call" aporta 2 ciclos máquina.
00E4   3064           00086         movlw   d'100'                  ; Aporta 1 ciclo máquina. Este es el valor de "M".
00E5   28F1           00087         goto    Retardos_ms             ; Aporta 2 ciclos máquina.
00E6                  00088 Retardo_50ms                            ; La llamada "call" aporta 2 ciclos máquina.
00E6   3032           00089         movlw   d'50'                   ; Aporta 1 ciclo máquina. Este es el valor de "M".
MPASM 03.50 Released                           TECLADO_02.ASM   10-11-2003  17:48:32         PAGE 12


LOC  OBJECT CODE     LINE SOURCE TEXT
  VALUE

00E7   28F1           00090         goto    Retardos_ms             ; Aporta 2 ciclos máquina.
00E8                  00091 Retardo_20ms                            ; La llamada "call" aporta 2 ciclos máquina.
00E8   3014           00092         movlw   d'20'                   ; Aporta 1 ciclo máquina. Este es el valor de "M".
00E9   28F1           00093         goto    Retardos_ms             ; Aporta 2 ciclos máquina.
00EA                  00094 Retardo_10ms                            ; La llamada "call" aporta 2 ciclos máquina.
00EA   300A           00095         movlw   d'10'                   ; Aporta 1 ciclo máquina. Este es el valor de "M".
00EB   28F1           00096         goto    Retardos_ms             ; Aporta 2 ciclos máquina.
00EC                  00097 Retardo_5ms                             ; La llamada "call" aporta 2 ciclos máquina.
00EC   3005           00098         movlw   d'5'                    ; Aporta 1 ciclo máquina. Este es el valor de "M".
00ED   28F1           00099         goto    Retardos_ms             ; Aporta 2 ciclos máquina.
00EE                  00100 Retardo_2ms                             ; La llamada "call" aporta 2 ciclos máquina.
00EE   3002           00101         movlw   d'2'                    ; Aporta 1 ciclo máquina. Este es el valor de "M".
00EF   28F1           00102         goto    Retardos_ms             ; Aporta 2 ciclos máquina.
00F0                  00103 Retardo_1ms                             ; La llamada "call" aporta 2 ciclos máquina.
00F0   3001           00104         movlw   d'1'                    ; Aporta 1 ciclo máquina. Este es el valor de "M".
                      00105 ;
                      00106 ; El próximo bloque "Retardos_ms" tarda:
                      00107 ; 1 + M + M + KxM + (K-1)xM + Mx2 + (K-1)Mx2 + (M-1) + 2 + (M-1)x2 + 2 =
                      00108 ; = (2 + 4M + 4KM) ciclos máquina. Para K=249 y M=1 supone 1002 ciclos máquina
                      00109 ; que a 4 MHz son 1002 µs = 1 ms.
                      00110 ;
00F1                  00111 Retardos_ms
00F1   0093           00112         movwf   R_ContB                 ; Aporta 1 ciclo máquina.
00F2                  00113 R1ms_BucleExterno
00F2   30F9           00114         movlw   d'249'                  ; Aporta Mx1 ciclos máquina. Este es el valor de "K".
00F3   0092           00115         movwf   R_ContA                 ; Aporta Mx1 ciclos máquina.
00F4                  00116 R1ms_BucleInterno
00F4   0000           00117         nop                             ; Aporta KxMx1 ciclos máquina.
00F5   0B92           00118         decfsz  R_ContA,F               ; (K-1)xMx1 cm (cuando no salta) + Mx2 cm (al saltar).
00F6   28F4           00119         goto    R1ms_BucleInterno               ; Aporta (K-1)xMx2 ciclos máquina.
00F7   0B93           00120         decfsz  R_ContB,F               ; (M-1)x1 cm (cuando no salta) + 2 cm (al saltar).
00F8   28F2           00121         goto    R1ms_BucleExterno       ; Aporta (M-1)x2 ciclos máquina.
00F9   0008           00122         return                          ; El salto del retorno aporta 2 ciclos máquina.
                      00123 ;
                      00124 ;En total estas subrutinas tardan:
                      00125 ; - Retardo_200ms:      2 + 1 + 2 + (2 + 4M + 4KM) = 200007 cm = 200 ms. (M=200 y K=249).
                      00126 ; - Retardo_100ms:      2 + 1 + 2 + (2 + 4M + 4KM) = 100007 cm = 100 ms. (M=100 y K=249).
                      00127 ; - Retardo_50ms :      2 + 1 + 2 + (2 + 4M + 4KM) =  50007 cm =  50 ms. (M= 50 y K=249).
                      00128 ; - Retardo_20ms :      2 + 1 + 2 + (2 + 4M + 4KM) =  20007 cm =  20 ms. (M= 20 y K=249).
                      00129 ; - Retardo_10ms :      2 + 1 + 2 + (2 + 4M + 4KM) =  10007 cm =  10 ms. (M= 10 y K=249).
                      00130 ; - Retardo_5ms  :      2 + 1 + 2 + (2 + 4M + 4KM) =   5007 cm =   5 ms. (M=  5 y K=249).
                      00131 ; - Retardo_2ms  :      2 + 1 + 2 + (2 + 4M + 4KM) =   2007 cm =   2 ms. (M=  2 y K=249).
                      00132 ; - Retardo_1ms  :      2 + 1     + (2 + 4M + 4KM) =   1005 cm =   1 ms. (M=  1 y K=249).
                      00133 ;
                      00134 ; RETARDOS de 0.5 hasta 20 segundos ---------------------------------------------------
                      00135 ;
00FA                  00136 Retardo_20s                             ; La llamada "call" aporta 2 ciclos máquina.
00FA   30C8           00137         movlw   d'200'                  ; Aporta 1 ciclo máquina. Este es el valor de "N".
00FB   2905           00138         goto    Retardo_1Decima         ; Aporta 2 ciclos máquina.
00FC                  00139 Retardo_10s                             ; La llamada "call" aporta 2 ciclos máquina.
00FC   3064           00140         movlw   d'100'                  ; Aporta 1 ciclo máquina. Este es el valor de "N".
00FD   2905           00141         goto    Retardo_1Decima         ; Aporta 2 ciclos máquina.
00FE                  00142 Retardo_5s                              ; La llamada "call" aporta 2 ciclos máquina.
MPASM 03.50 Released                           TECLADO_02.ASM   10-11-2003  17:48:32         PAGE 13


LOC  OBJECT CODE     LINE SOURCE TEXT
  VALUE

00FE   3032           00143         movlw   d'50'                   ; Aporta 1 ciclo máquina. Este es el valor de "N".
00FF   2905           00144         goto    Retardo_1Decima         ; Aporta 2 ciclos máquina.
0100                  00145 Retardo_2s                              ; La llamada "call" aporta 2 ciclos máquina.
0100   3014           00146         movlw   d'20'                   ; Aporta 1 ciclo máquina. Este es el valor de "N".
0101   2905           00147         goto    Retardo_1Decima         ; Aporta 2 ciclos máquina.
0102                  00148 Retardo_1s                              ; La llamada "call" aporta 2 ciclos máquina.
0102   300A           00149         movlw   d'10'                   ; Aporta 1 ciclo máquina. Este es el valor de "N".
0103   2905           00150         goto    Retardo_1Decima         ; Aporta 2 ciclos máquina.
0104                  00151 Retardo_500ms                           ; La llamada "call" aporta 2 ciclos máquina.
0104   3005           00152         movlw   d'5'                    ; Aporta 1 ciclo máquina. Este es el valor de "N".
                      00153 ;
                      00154 ; El próximo bloque "Retardo_1Decima" tarda:
                      00155 ; 1 + N + N + MxN + MxN + KxMxN + (K-1)xMxN + MxNx2 + (K-1)xMxNx2 +
                      00156 ;   + (M-1)xN + Nx2 + (M-1)xNx2 + (N-1) + 2 + (N-1)x2 + 2 =
                      00157 ; = (2 + 4M + 4MN + 4KM) ciclos máquina. Para K=249, M=100 y N=1 supone 100011
                      00158 ; ciclos máquina que a 4 MHz son 100011 µs = 100 ms = 0,1 s = 1 décima de segundo.
                      00159 ;
0105                  00160 Retardo_1Decima
0105   0094           00161         movwf   R_ContC                 ; Aporta 1 ciclo máquina.
0106                  00162 R1Decima_BucleExterno2
0106   3064           00163         movlw   d'100'                  ; Aporta Nx1 ciclos máquina. Este es el valor de "M".
0107   0093           00164         movwf   R_ContB                 ; Aporta Nx1 ciclos máquina.
0108                  00165 R1Decima_BucleExterno
0108   30F9           00166         movlw   d'249'                  ; Aporta MxNx1 ciclos máquina. Este es el valor de "K".
0109   0092           00167         movwf   R_ContA                 ; Aporta MxNx1 ciclos máquina.
010A                  00168 R1Decima_BucleInterno          
010A   0000           00169         nop                             ; Aporta KxMxNx1 ciclos máquina.
010B   0B92           00170         decfsz  R_ContA,F               ; (K-1)xMxNx1 cm (si no salta) + MxNx2 cm (al saltar).
010C   290A           00171         goto    R1Decima_BucleInterno   ; Aporta (K-1)xMxNx2 ciclos máquina.
010D   0B93           00172         decfsz  R_ContB,F               ; (M-1)xNx1 cm (cuando no salta) + Nx2 cm (al saltar).
010E   2908           00173         goto    R1Decima_BucleExterno   ; Aporta (M-1)xNx2 ciclos máquina.
010F   0B94           00174         decfsz  R_ContC,F               ; (N-1)x1 cm (cuando no salta) + 2 cm (al saltar).
0110   2906           00175         goto    R1Decima_BucleExterno2  ; Aporta (N-1)x2 ciclos máquina.
0111   0008           00176         return                          ; El salto del retorno aporta 2 ciclos máquina.
                      00177 ;
                      00178 ;En total estas subrutinas tardan:
                      00179 ; - Retardo_20s:        2 + 1 + 2 + (2 + 4N + 4MN + 4KMN) = 20000807 cm = 20 s.
                      00180 ;                       (N=200, M=100 y K=249).
                      00181 ; - Retardo_10s:        2 + 1 + 2 + (2 + 4N + 4MN + 4KMN) = 10000407 cm = 10 s.
                      00182 ;                       (N=100, M=100 y K=249).
                      00183 ; - Retardo_5s:         2 + 1 + 2 + (2 + 4N + 4MN + 4KMN) =  5000207 cm =  5 s.
                      00184 ;                       (N= 50, M=100 y K=249).
                      00185 ; - Retardo_2s:         2 + 1 + 2 + (2 + 4N + 4MN + 4KMN) =  2000087 cm =  2 s.
                      00186 ;                       (N= 20, M=100 y K=249).
                      00187 ; - Retardo_1s:         2 + 1 + 2 + (2 + 4N + 4MN + 4KMN) =  1000047 cm =  1 s.
                      00188 ;                       (N= 10, M=100 y K=249).
                      00189 ; - Retardo_500ms:      2 + 1     + (2 + 4N + 4MN + 4KMN) =   500025 cm = 0,5 s.
                      00190 ;                       (N=  5, M=100 y K=249).
                      00038         END
MPASM 03.50 Released                           TECLADO_02.ASM   10-11-2003  17:48:32         PAGE 14


SYMBOL TABLE
  LABEL                             VALUE 

C                                 00000000
DC                                00000001
EEADR                             00000009
EECON1                            00000088
EECON2                            00000089
EEDATA                            00000008
EEIE                              00000006
EEIF                              00000004
F                                 00000001
FSR                               00000004
Fin                               00000007
GIE                               00000007
INDF                              00000000
INTCON                            0000000B
INTE                              00000004
INTEDG                            00000006
INTF                              00000001
IRP                               00000007
Inicio                            00000000
LCD_2Lineas4Bits5x7               00000088
LCD_Auxiliar1                     00000010
LCD_Auxiliar2                     00000011
LCD_Borra                         00000086
LCD_BusDatos                      PORTB
LCD_Byte                          000000B5
LCD_ByteCompleto                  000000BC
LCD_Caracter                      0000008B
LCD_CaracteresPorLinea            00000010
LCD_CodigoCGROM                   00000092
LCD_CursorIncr                    00000076
LCD_CursorOFF                     00000084
LCD_CursorON                      00000082
LCD_Dato                          0000000D
LCD_DosEspaciosBlancos            000000AC
LCD_EnheMayuscula                 00000099
LCD_EnheMinuscula                 00000093
LCD_Envia                         0000008D
LCD_EnviaBlancos                  000000AF
LCD_EnviaByteLetra                000000C8
LCD_EnviaComando                  00000089
LCD_EnviaOtroBlanco               000000B0
LCD_EscribeLCD                    0000005F
LCD_FinCGROM                      000000A6
LCD_FinVisualizaDigito            000000CA
LCD_Grado                         000000A0
LCD_GuardaDato                    0000000E
LCD_GuardaTRISB                   0000000F
LCD_Inicializa                    00000047
LCD_Linea1                        00000078
LCD_Linea2                        0000007A
LCD_LineaEnBlanco                 000000A8
LCD_Nibble                        000000C0
LCD_OFF                           00000080
MPASM 03.50 Released                           TECLADO_02.ASM   10-11-2003  17:48:32         PAGE 15


SYMBOL TABLE
  LABEL                             VALUE 

LCD_PinEnable                     PORTA,2
LCD_PinRS                         PORTA,0
LCD_PinRW                         PORTA,1
LCD_PosicionLinea1                0000007C
LCD_PosicionLinea2                0000007E
LCD_TresEspaciosBlancos           000000AE
LCD_UnEspacioBlanco               000000AA
LCD_VisualizaAlto                 000000BD
LCD_VisualizaBajo                 000000BF
NOT_PD                            00000003
NOT_RBPU                          00000007
NOT_TO                            00000004
OPTION_REG                        00000081
PCL                               00000002
PCLATH                            0000000A
PORTA                             00000005
PORTB                             00000006
PS0                               00000000
PS1                               00000001
PS2                               00000002
PSA                               00000003
Principal                         00000002
R1Decima_BucleExterno             00000108
R1Decima_BucleExterno2            00000106
R1Decima_BucleInterno             0000010A
R1ms_BucleExterno                 000000F2
R1ms_BucleInterno                 000000F4
RBIE                              00000003
RBIF                              00000000
RD                                00000000
RP0                               00000005
RP1                               00000006
R_ContA                           00000012
R_ContB                           00000013
R_ContC                           00000014
RetardoMicros                     000000DE
Retardo_100micros                 000000D8
Retardo_100ms                     000000E4
Retardo_10micros                  000000CB
Retardo_10ms                      000000EA
Retardo_10s                       000000FC
Retardo_1Decima                   00000105
Retardo_1ms                       000000F0
Retardo_1s                        00000102
Retardo_200micros                 000000D5
Retardo_200ms                     000000E2
Retardo_20micros                  000000DD
Retardo_20ms                      000000E8
Retardo_20s                       000000FA
Retardo_2ms                       000000EE
Retardo_2s                        00000100
Retardo_4micros                   000000D1
Retardo_500micros                 000000D2
MPASM 03.50 Released                           TECLADO_02.ASM   10-11-2003  17:48:32         PAGE 16


SYMBOL TABLE
  LABEL                             VALUE 

Retardo_500ms                     00000104
Retardo_50micros                  000000DA
Retardo_50ms                      000000E6
Retardo_5micros                   000000D0
Retardo_5ms                       000000EC
Retardo_5s                        000000FE
Retardos_ms                       000000F1
Rmicros_Bucle                     000000DF
STATUS                            00000003
T0CS                              00000005
T0IE                              00000005
T0IF                              00000002
T0SE                              00000004
TMR0                              00000001
TRISA                             00000085
TRISB                             00000086
Tecl_ChequeaFila                  0000002E
Tecl_Columna1                     0000002F
Tecl_Columna2                     00000032
Tecl_Columna3                     00000035
Tecl_Columna4                     00000038
Tecl_ConvierteOrdenEnHex          0000000E
Tecl_FinLeeHex                    0000000D
Tecl_FinTecladoLee                00000046
Tecl_GuardaValor                  00000044
Tecl_NoPulsada                    00000042
Tecl_TeclaOrden                   0000000C
Tecl_TerminaColumnas              0000003B
Tecl_UltimaTecla                  0000000F
Teclado_Comprobacion              000000F0
Teclado_EsperaDejePulsar          00000024
Teclado_FinTablaHex               0000001F
Teclado_Inicializa                0000001F
Teclado_LeeHex                    00000008
Teclado_LeeOrdenTecla             0000002C
Teclado_SigueEsperando            00000026
W                                 00000000
WR                                00000001
WREN                              00000002
WRERR                             00000003
Z                                 00000002
_CP_OFF                           00003FFF
_CP_ON                            0000000F
_HS_OSC                           00003FFE
_LP_OSC                           00003FFC
_PWRTE_OFF                        00003FFF
_PWRTE_ON                         00003FF7
_RC_OSC                           00003FFF
_WDT_OFF                          00003FFB
_WDT_ON                           00003FFF
_XT_OSC                           00003FFD
__16F84A                          00000001
MPASM 03.50 Released                           TECLADO_02.ASM   10-11-2003  17:48:32         PAGE 17


MEMORY USAGE MAP ('X' = Used,  '-' = Unused)


0000 : XXXXXXXXXXXXXXXX XXXXXXXXXXXXXXXX XXXXXXXXXXXXXXXX XXXXXXXXXXXXXXXX
0040 : XXXXXXXXXXXXXXXX XXXXXXXXXXXXXXXX XXXXXXXXXXXXXXXX XXXXXXXXXXXXXXXX
0080 : XXXXXXXXXXXXXXXX XXXXXXXXXXXXXXXX XXXXXXXXXXXXXXXX XXXXXXXXXXXXXXXX
00C0 : XXXXXXXXXXXXXXXX XXXXXXXXXXXXXXXX XXXXXXXXXXXXXXXX XXXXXXXXXXXXXXXX
0100 : XXXXXXXXXXXXXXXX XX-------------- ---------------- ----------------
2000 : -------X-------- ---------------- ---------------- ----------------

All other memory blocks unused.

Program Memory Words Used:   274
Program Memory Words Free:   750


Errors   :     0
Warnings :     0 reported,     0 suppressed
Messages :     2 reported,     0 suppressed

