MPASM 03.50 Released                           TECLADO_03.ASM   10-11-2003  17:50:09         PAGE  1


LOC  OBJECT CODE     LINE SOURCE TEXT
  VALUE

                      00001 ;************************************* Teclado_03.asm ***********************************
                      00002 ;
                      00003 ;       ===================================================================
                      00004 ;         Del libro "MICROCONTROLADOR PIC16F84A. DESARROLLO DE PROYECTOS"
                      00005 ;         E. Palacios, F. Remiro y L. López.
                      00006 ;         Editorial Ra-Ma.  www.ra-ma.es
                      00007 ;       ===================================================================
                      00008 ;
                      00009 ; El módulo LCD visualiza el valor hexadecimal de la tecla pulsada. Para la lectura del
                      00010 ; teclado se utiliza la interrupción RBI o por cambio en las líneas <RB7:RB4> del Puerto B.
                      00011 ;
                      00012 ; ZONA DE DATOS **********************************************************************
                      00013 
2007   3FF1           00014         __CONFIG   _CP_OFF &  _WDT_OFF & _PWRTE_ON & _XT_OSC
                      00015         LIST       P=16F84A
                      00016         INCLUDE  <P16F84A.INC>
                      00001         LIST
                      00002 ; P16F84A.INC  Standard Header File, Version 2.00    Microchip Technology, Inc.
                      00134         LIST
                      00017 
                      00018         CBLOCK  0x0C
                      00019         ENDC
                      00020 
                      00021 ; ZONA DE CÓDIGOS ********************************************************************
                      00022 
0000                  00023         ORG     0
0000   2805           00024         goto    Inicio
0004                  00025         ORG     4
0004   280B           00026         goto    ServicioInterrupcion
0005                  00027 Inicio
0005   204F           00028         call    LCD_Inicializa
0006   2027           00029         call    Teclado_Inicializa              ; Configura las líneas del teclado.
0007   3088           00030         movlw   b'10001000'             ; Habilita la interrupción RBI y la general.
0008   008B           00031         movwf   INTCON
0009                  00032 Principal
0009   0063           00033         sleep                           ; Espera en modo bajo consumo que pulse teclado.
000A   2809           00034         goto    Principal
                      00035         
                      00036 ; Subrutina "ServicioInterrupcion" ------------------------------------------------------
                      00037 ;
000B                  00038 ServicioInterrupcion
000B   2010           00039         call    Teclado_LeeHex          ; Obtiene el valor hexadecimal de la tecla pulsada.
000C   20C8           00040         call    LCD_Nibble              ; Visualiza el valor en pantalla.
000D   202C           00041         call    Teclado_EsperaDejePulsar        ; Para que no se repita el mismo carácter 
000E   100B           00042         bcf     INTCON,RBIF             ; mientras permanece pulsado.  Limpia flag.
000F   0009           00043         retfie
                      00044 
                      00045         INCLUDE  <TECLADO.INC>  ; Subrutinas de control del teclado.
                      00001 ;**************************** Librería "TECLADO.INC" ***********************************
                      00002 ;
                      00003 ;       ===================================================================
                      00004 ;         Del libro "MICROCONTROLADOR PIC16F84A. DESARROLLO DE PROYECTOS"
                      00005 ;         E. Palacios, F. Remiro y L. López.
MPASM 03.50 Released                           TECLADO_03.ASM   10-11-2003  17:50:09         PAGE  2


LOC  OBJECT CODE     LINE SOURCE TEXT
  VALUE

                      00006 ;         Editorial Ra-Ma.  www.ra-ma.es
                      00007 ;       ===================================================================
                      00008 ;
                      00009 ; Librería de subrutinas para la gestión de un teclado organizado en una matriz de 4 x 4 y 
                      00010 ; conectado al Puerto B según la disposición siguiente:
                      00011 ;
                      00012 ;                RB4 RB5 RB6 RB7
                      00013 ;                  ^    ^    ^    ^
                      00014 ;               |----|----|----|----|
                      00015 ;       RB0 --> |  0 |  1 |  2 |  3 |
                      00016 ;               |----|----|----|----|
                      00017 ;       RB1 --> |  4 |  5 |  6 |  7 |
                      00018 ;               |----|----|----|----|
                      00019 ;       RB2 --> |  8 |  9 | 10| 11|
                      00020 ;               |----|----|----|----|
                      00021 ;       RB3 --> | 12| 13| 14| 15|
                      00022 ;               |----|----|----|----|
                      00023 ;
                      00024 ; Los números que se han dibujado dentro de cada cuadrado es el número de orden de las teclas
                      00025 ; que no tiene por qué coincidir con lo serigrafiado sobre ellas. El paso del número de orden
                      00026 ; de la tecla al valor que hay serigrafiado sobre la misma, se hace con una tabla de conversión.
                      00027 ;
                      00028 ; ZONA DE DATOS **********************************************************************
                      00029 ;
                      00030         CBLOCK
  0000000C            00031         Tecl_TeclaOrden                 ; Orden de la tecla a chequear.
                      00032         ENDC
                      00033 
  0000000F            00034 Tecl_UltimaTecla        EQU     d'15'           ; Valor de orden de la última tecla utilizada.
                      00035 
                      00036 ; Subrutina "Teclado_LeeHex" ************************************************************
                      00037 ;
                      00038 ; Cada tecla tiene asignado un número de orden que es contabilizado en la variable
                      00039 ; Tecl_TeclaOrden. Para convertir a su valor según el tipo de teclado en concreto, se
                      00040 ; utiliza una tabla de conversión. 
                      00041 ; A continuación, se expone la relación entre el número de orden de la tecla y los
                      00042 ; valores correspondientes para el teclado hexadecimal más utilizado.
                      00043 ;
                      00044 ;           ORDEN DE TECLA:             TECLADO HEX. UTILIZADO:
                      00045 ;                0   1   2   3                  1  2  3  F
                      00046 ;                4   5   6   7                  4  5  6  E
                      00047 ;                8   9  10  11                  7  8  9  D
                      00048 ;               12  13  14  15                  A  0  B  C
                      00049 ;
                      00050 ; Así, en este ejemplo, la tecla "7" ocupa el orden 8, la tecla "F" ocupa el orden 3 y la
                      00051 ; tecla "9" el orden 10.
                      00052 
                      00053 ; Si cambia el teclado, también hay cambiar de tabla de conversión.
                      00054 ;
                      00055 ; Entrada:      En (W) el orden de la tecla pulsada.
                      00056 ; Salida:       En (W) el valor hexadecimal para este teclado concreto.
                      00057 ;
0010                  00058 Teclado_LeeHex
MPASM 03.50 Released                           TECLADO_03.ASM   10-11-2003  17:50:09         PAGE  3


LOC  OBJECT CODE     LINE SOURCE TEXT
  VALUE

0010   2034           00059         call    Teclado_LeeOrdenTecla   ; Lee el Orden de la tecla pulsada
0011   1C03           00060         btfss   STATUS,C                ; ¿Pulsa alguna tecla?, ¿C=1?
0012   2815           00061         goto    Tecl_FinLeeHex          ; No, por tanto sale.
0013   2016           00062         call    Tecl_ConvierteOrdenEnHex        ; Lo convierte en su valor real mediante tabla.
0014   1403           00063         bsf     STATUS,C                ; Vuelve a posicionar el Carry, porque la
0015                  00064 Tecl_FinLeeHex                          ; instrucción "addwf PCL,F" lo pone a 0.
0015   0008           00065         return
                      00066 ;
0016                  00067 Tecl_ConvierteOrdenEnHex                        ; Según el teclado utilizado resulta:
0016   0782           00068         addwf   PCL,F
0017   3401 3402 3403 00069         DT      1h,2h,3h,0Fh            ; Primera fila del teclado.
       340F 
001B   3404 3405 3406 00070         DT      4h,5h,6h,0Eh            ; Segunda fila del teclado
       340E 
001F   3407 3408 3409 00071         DT      7h,8h,9h,0Dh            ; Tercera fila del teclado.
       340D 
0023   340A 3400 340B 00072         DT      0Ah,0h,0Bh,0Ch          ; Cuarta fila del teclado.
       340C 
0027                  00073 Teclado_FinTablaHex
                      00074 ;
                      00075 ; Esta tabla se sitúa al principio de la librería con el propósito que no supere la
                      00076 ; posición 0FFh de memoria ROM de programa. De todas formas, en caso que así fuera 
                      00077 ; visualizaría el siguiente mensaje de error en el proceso de ensamblado:
                      00078 ;
                      00079         IF (Teclado_FinTablaHex > 0xFF)
                      00080                 ERROR   "Atención: La tabla ha superado el tamaño de la página de los"
                      00081                 MESSG   "primeros 256 bytes de memoria ROM. NO funcionará correctamente."
                      00082         ENDIF
                      00083         
                      00084 ; Subrutina "Teclado_Inicializa" --------------------------------------------------------
                      00085 ;
                      00086 ; Esta subrutina configura las líneas del Puerto B según la conexión del teclado realizada
                      00087 ; y comprueba que no hay pulsada tecla alguna al principio.
                      00088 
0027                  00089 Teclado_Inicializa
0027   1683           00090         bsf     STATUS,RP0              ; Configura las líneas del puerto:
0028   30F0           00091         movlw   b'11110000'             ; <RB7:RB4> entradas, <RB3:RB0> salidas
0029   0086           00092         movwf   PORTB
Message[302]: Register in operand not in bank 0.  Ensure that bank bits are correct.
002A   1381           00093         bcf     OPTION_REG,NOT_RBPU     ; Habilita resistencia de Pull-Up del Puerto B.
002B   1283           00094         bcf     STATUS,RP0              ; Acceso al banco 0.
                      00095 ;       call    Teclado_EsperaDejePulsar
                      00096 ;       return
                      00097 ;
                      00098 ; Subrutina "Teclado_EsperaDejePulsar" --------------------------------------------------
                      00099 ;
                      00100 ;Permanece en esta subrutina mientras siga pulsada la tecla.
                      00101 ;
  000000F0            00102 Teclado_Comprobacion    EQU     b'11110000'
                      00103 
002C                  00104 Teclado_EsperaDejePulsar:
002C   30F0           00105         movlw   Teclado_Comprobacion    ; Pone a cero las cuatro líneas de salida del 
002D   0086           00106         movwf   PORTB                   ; Puerto B.
MPASM 03.50 Released                           TECLADO_03.ASM   10-11-2003  17:50:09         PAGE  4


LOC  OBJECT CODE     LINE SOURCE TEXT
  VALUE

002E                  00107 Teclado_SigueEsperando
002E   20F0           00108         call    Retardo_20ms            ; Espera a que se estabilicen los niveles de tensión.
002F   0806           00109         movf    PORTB,W         ; Lee el Puerto B.
0030   3CF0           00110         sublw   Teclado_Comprobacion    ; Si es lo mismo que escribió es que ya no pulsa 
0031   1D03           00111         btfss   STATUS,Z                ; tecla alguna.
0032   282E           00112         goto    Teclado_SigueEsperando
0033   0008           00113         return
                      00114 ;
                      00115 ; Subrutina "Teclado_LeeOrdenTecla" -----------------------------------------------------
                      00116 ;
                      00117 ; Lee el teclado, obteniendo el orden de la tecla pulsada. 
                      00118 ;
                      00119 ; Salida:       En (W) el número de orden de la tecla pulsada. Además Carry se pone a "1" si
                      00120 ;               se pulsa una tecla ó a "0" si no se pulsa tecla alguna.
                      00121 ;
0034                  00122 Teclado_LeeOrdenTecla:
0034   018C           00123         clrf    Tecl_TeclaOrden         ; Todavía no ha empezado a chequear el teclado.
0035   30FE           00124         movlw   b'11111110'             ; Va a chequear primera fila.
0036                  00125 Tecl_ChequeaFila                                ; (Ver esquema de conexión).
0036   0086           00126         movwf   PORTB                   ; Activa la fila correspondiente.
0037                  00127 Tecl_Columna1
0037   1E06           00128         btfss   PORTB,4                 ; Chequea 1ª columna buscando un cero. 
0038   284C           00129         goto    Tecl_GuardaValor                ; Sí, es cero y por tanto guarda su valor y sale.
0039   0A8C           00130         incf    Tecl_TeclaOrden,F               ; Va a chequear la siguiente tecla.
003A                  00131 Tecl_Columna2                           ; Repite proceso para las siguientes 
003A   1E86           00132         btfss   PORTB,5                 ; columnas.
003B   284C           00133         goto    Tecl_GuardaValor
003C   0A8C           00134         incf    Tecl_TeclaOrden,F
003D                  00135 Tecl_Columna3           
003D   1F06           00136         btfss   PORTB,6
003E   284C           00137         goto    Tecl_GuardaValor
003F   0A8C           00138         incf    Tecl_TeclaOrden,F
0040                  00139 Tecl_Columna4           
0040   1F86           00140         btfss   PORTB,7
0041   284C           00141         goto    Tecl_GuardaValor
0042   0A8C           00142         incf    Tecl_TeclaOrden,F
                      00143 ;
                      00144 ; Comprueba si ha chequeado la última tecla, en cuyo caso sale. Para ello testea si
                      00145 ; el contenido del registro Tecl_TeclaOrden es igual al número de teclas del teclado.
                      00146 ;
0043                  00147 Tecl_TerminaColumnas
0043   300F           00148         movlw   Tecl_UltimaTecla
0044   020C           00149         subwf   Tecl_TeclaOrden,W               ; (W) = (Tecl_TeclaOrden)-Tecl_UltimaTecla.
0045   1803           00150         btfsc   STATUS,C                ; ¿C=0?, ¿(W) negativo?, ¿(Tecl_TeclaOrden)<15?.
0046   284A           00151         goto    Tecl_NoPulsada          ; No, se ha llegado al final del chequeo.
0047   1403           00152         bsf     STATUS,C                ; Sí. Va a chequear la siguiente fila.
0048   0D06           00153         rlf     PORTB,W         ; Apunta a la siguiente fila.
0049   2836           00154         goto    Tecl_ChequeaFila        
004A                  00155 Tecl_NoPulsada
004A   1003           00156         bcf     STATUS,C                ; Posiciona C=0, indicando que no ha pulsado
004B   284E           00157         goto    Tecl_FinTecladoLee      ; tecla alguna y sale.
004C                  00158 Tecl_GuardaValor
004C   080C           00159         movf    Tecl_TeclaOrden,W               ; El orden de la tecla pulsada en (W) y sale.
MPASM 03.50 Released                           TECLADO_03.ASM   10-11-2003  17:50:09         PAGE  5


LOC  OBJECT CODE     LINE SOURCE TEXT
  VALUE

004D   1403           00160         bsf     STATUS,C                ; Como hay tecla tecla pulsada, pone C=1. 
004E                  00161 Tecl_FinTecladoLee
004E   0008           00162         return
                      00163         
                      00164 ;       ===================================================================
                      00165 ;         Del libro "MICROCONTROLADOR PIC16F84A. DESARROLLO DE PROYECTOS"
                      00166 ;         E. Palacios, F. Remiro y L. López.
                      00167 ;         Editorial Ra-Ma.  www.ra-ma.es
                      00168 ;       ===================================================================
                      00046         INCLUDE  <LCD_4BIT.INC>
                      00001 ;**************************** Librería "LCD_4BIT.INC" ***********************************
                      00002 ;
                      00003 ;       ===================================================================
                      00004 ;         Del libro "MICROCONTROLADOR PIC16F84A. DESARROLLO DE PROYECTOS"
                      00005 ;         E. Palacios, F. Remiro y L. López.
                      00006 ;         Editorial Ra-Ma.  www.ra-ma.es
                      00007 ;       ===================================================================
                      00008 ;
                      00009 ; Estas subrutinas permiten realizar las tareas básicas de control de un módulo LCD de 2
                      00010 ; líneas por 16 caracteres, compatible con el modelo LM016L.
                      00011 ;
                      00012 ; El visualizador LCD está conectado al Puerto B del PIC mediante un bus de 4 bits. Las
                      00013 ; conexiones son:
                      00014 ;    -  Las 4 líneas superiores del módulo LCD, pines <DB7:DB4>  se conectan a las 4
                      00015 ;       líneas superiores del Puerto B del PIC, pines <RB7:RB4>.
                      00016 ;    -  Pin RS del LCD a la línea RA0 del PIC.
                      00017 ;    -  Pin R/W del LCD a la línea RA1 del PIC, o a masa.
                      00018 ;    -  Pin Enable del LCD a la línea RA2 del PIC.
                      00019 ;
                      00020 ; Se utilizan llamadas a subrutinas de retardo de tiempo localizadas en la librería RETARDOS.INC.
                      00021 ;
                      00022 ; ZONA DE DATOS *********************************************************************
                      00023 
                      00024         CBLOCK
  0000000D            00025         LCD_Dato
  0000000E            00026         LCD_GuardaDato
  0000000F            00027         LCD_GuardaTRISB
  00000010            00028         LCD_Auxiliar1
  00000011            00029         LCD_Auxiliar2
                      00030         ENDC
                      00031 
  00000010            00032 LCD_CaracteresPorLinea  EQU     .16     ; Número de caracteres por línea de la pantalla.
                      00033 
                      00034 #DEFINE  LCD_PinRS      PORTA,0
                      00035 #DEFINE  LCD_PinRW      PORTA,1
                      00036 #DEFINE  LCD_PinEnable  PORTA,2
                      00037 #DEFINE  LCD_BusDatos   PORTB
                      00038 
                      00039 ; Subrutina "LCD_Inicializa" ------------------------------------------------------------
                      00040 ;
                      00041 ; Inicialización del módulo LCD: Configura funciones del LCD, produce reset por software,
                      00042 ; borra memoria y enciende pantalla. El fabricante especifica que para garantizar la
                      00043 ; configuración inicial hay que hacerla como sigue:
MPASM 03.50 Released                           TECLADO_03.ASM   10-11-2003  17:50:09         PAGE  6


LOC  OBJECT CODE     LINE SOURCE TEXT
  VALUE

                      00044 ;
004F                  00045 LCD_Inicializa
004F   1683           00046         bsf     STATUS,RP0              ; Configura las líneas conectadas al pines RS,
0050   1005           00047         bcf     LCD_PinRS               ; R/W y E.
0051   1105           00048         bcf     LCD_PinEnable
0052   1085           00049         bcf     LCD_PinRW
0053   1283           00050         bcf     STATUS,RP0
0054   1085           00051         bcf     LCD_PinRW               ; En caso de que esté conectado, le indica
                      00052                                         ; que se va a escribir en el LCD.
0055   1105           00053         bcf     LCD_PinEnable           ; Impide funcionamiento del LCD, poniendo E=0.
0056   1005           00054         bcf     LCD_PinRS               ; Activa el Modo Comando, poniendo RS=0.
0057   20F0           00055         call    Retardo_20ms
0058   3030           00056         movlw   b'00110000'     
0059   2067           00057         call    LCD_EscribeLCD          ; Escribe el dato en el LCD.
005A   20F4           00058         call    Retardo_5ms     
005B   3030           00059         movlw   b'00110000'     
005C   2067           00060         call    LCD_EscribeLCD
005D   20DD           00061         call    Retardo_200micros
005E   3030           00062         movlw   b'00110000'     
005F   2067           00063         call    LCD_EscribeLCD
0060   3020           00064         movlw   b'00100000'             ; Interface de 4 bits.
0061   2067           00065         call    LCD_EscribeLCD
                      00066 
                      00067 ; Ahora configura el resto de los parámetros: 
                      00068 
0062   2090           00069         call    LCD_2Lineas4Bits5x7     ; LCD de 2 líneas y caracteres de 5x7 puntos.
0063   208E           00070         call    LCD_Borra               ; Pantalla encendida y limpia. Cursor al principio
0064   208C           00071         call    LCD_CursorOFF           ; de la línea 1. Cursor apagado.
0065   207E           00072         call    LCD_CursorIncr          ; Cursor en modo incrementar.
0066   0008           00073         return
                      00074 
                      00075 ; Subrutina "LCD_EscribeLCD" -----------------------------------------------------------
                      00076 ;
                      00077 ; Envía el dato del registro de trabajo W al bus de dato y produce un pequeño pulso en el
                      00078 ; pin "Enable" del LCD. Para no alterar el contenido de las líneas de la parte baja del Puerto B
                      00079 ; que no son utilizadas para el LCD (pines RB3.. RB0), primero se lee estas líneas y después
                      00080 ; se vuelve a enviar este dato sin cambiarlo.
                      00081 
0067                  00082 LCD_EscribeLCD
0067   39F0           00083         andlw   b'11110000'             ; Se queda con el nibble alto del dato que es el
0068   008D           00084         movwf   LCD_Dato                ; que hay que enviar y lo guarda.
0069   0806           00085         movf    LCD_BusDatos,W          ; Lee la información actual de la parte baja
006A   390F           00086         andlw   b'00001111'             ; del Puerto B, que no se debe alterar.
006B   048D           00087         iorwf   LCD_Dato,F              ; Enviará la parte alta del dato de entrada
                      00088                                         ; y en la parte baja lo que había antes.
006C   1683           00089         bsf     STATUS,RP0              ; Acceso al Banco 1.
Message[302]: Register in operand not in bank 0.  Ensure that bank bits are correct.
006D   0806           00090         movf    TRISB,W         ; Guarda la configuración que tenía antes TRISB.
006E   008F           00091         movwf   LCD_GuardaTRISB
006F   300F           00092         movlw   b'00001111'             ; Las 4 líneas inferiores del Puerto B se dejan 
0070   0586           00093         andwf   PORTB,F                 ; como estaban y las 4 superiores como salida.
0071   1283           00094         bcf     STATUS,RP0              ; Acceso al Banco 0.
                      00095 ;
MPASM 03.50 Released                           TECLADO_03.ASM   10-11-2003  17:50:09         PAGE  7


LOC  OBJECT CODE     LINE SOURCE TEXT
  VALUE

0072   080D           00096         movf    LCD_Dato,W              ; Recupera el dato a enviar.
0073   0086           00097         movwf   LCD_BusDatos            ; Envía el dato al módulo LCD.
0074   1505           00098         bsf     LCD_PinEnable           ; Permite funcionamiento del LCD, mediante un pequeño
0075   1105           00099         bcf     LCD_PinEnable           ; pulso y termina impidiendo el funcionamiento del LCD.
0076   1C05           00100         btfss   LCD_PinRS               ; Debe garantizar una correcta escritura manteniendo 
0077   20F6           00101         call    Retardo_2ms             ; 2 ms en modo comando y 50 µs en modo cáracter.
0078   20E2           00102         call    Retardo_50micros
0079   1683           00103         bsf     STATUS,RP0              ; Acceso al Banco 1. Restaura el antiguo valor en
007A   080F           00104         movf    LCD_GuardaTRISB,W       ; la configuración del Puerto B.
007B   0086           00105         movwf   PORTB                   ; Realmente es TRISB.
007C   1283           00106         bcf     STATUS,RP0              ; Acceso al Banco 0.
007D   0008           00107         return
                      00108 
                      00109 ; Subrutinas variadas para el control del módulo LCD -----------------------------------------
                      00110 ;
                      00111 ;Los comandos que pueden ser ejecutados son:
                      00112 ;
007E                  00113 LCD_CursorIncr                          ; Cursor en modo incrementar.
007E   3006           00114         movlw   b'00000110'
007F   2891           00115         goto    LCD_EnviaComando
0080                  00116 LCD_Linea1                              ; Cursor al principio de la Línea 1.
0080   3080           00117         movlw   b'10000000'             ; Dirección 00h de la DDRAM
0081   2891           00118         goto    LCD_EnviaComando
0082                  00119 LCD_Linea2                              ; Cursor al principio de la Línea 2.
0082   30C0           00120         movlw   b'11000000'             ; Dirección 40h de la DDRAM
0083   2891           00121         goto    LCD_EnviaComando
0084                  00122 LCD_PosicionLinea1                      ; Cursor a posición de la Línea 1, a partir de la
0084   3880           00123         iorlw   b'10000000'             ; dirección 00h de la DDRAM más el valor del
0085   2891           00124         goto    LCD_EnviaComando        ; registro W.
0086                  00125 LCD_PosicionLinea2                      ; Cursor a posición de la Línea 2, a partir de la
0086   38C0           00126         iorlw   b'11000000'             ; dirección 40h de la DDRAM más el valor del
0087   2891           00127         goto    LCD_EnviaComando        ; registro W.
0088                  00128 LCD_OFF                         ; Pantalla apagada.
0088   3008           00129         movlw   b'00001000'
0089   2891           00130         goto    LCD_EnviaComando
008A                  00131 LCD_CursorON                            ; Pantalla encendida y cursor encendido.
008A   300E           00132         movlw   b'00001110'
008B   2891           00133         goto    LCD_EnviaComando
008C                  00134 LCD_CursorOFF                           ; Pantalla encendida y cursor apagado.
008C   300C           00135         movlw   b'00001100'
008D   2891           00136         goto    LCD_EnviaComando
008E                  00137 LCD_Borra                               ; Borra toda la pantalla, memoria DDRAM y pone el 
008E   3001           00138         movlw   b'00000001'             ; cursor a principio de la línea 1.
008F   2891           00139         goto    LCD_EnviaComando
0090                  00140 LCD_2Lineas4Bits5x7                     ; Define la pantalla de 2 líneas, con caracteres
0090   3028           00141         movlw   b'00101000'             ; de 5x7 puntos y conexión al PIC mediante bus de
                      00142 ;       goto    LCD_EnviaComando        ; 4 bits. 
                      00143 
                      00144 ; Subrutinas "LCD_EnviaComando" y "LCD_Caracter" ------------------------------------
                      00145 ;
                      00146 ; "LCD_EnviaComando": Escribe un comando en el registro del módulo LCD. La palabra de
                      00147 ; comando ha sido entregada a través del registro W.  Trabaja en Modo Comando.
                      00148 ; "LCD_Caracter": Escribe en la memoria DDRAM del LCD el carácter ASCII introducido a
MPASM 03.50 Released                           TECLADO_03.ASM   10-11-2003  17:50:09         PAGE  8


LOC  OBJECT CODE     LINE SOURCE TEXT
  VALUE

                      00149 ; a través del registro W. Trabaja en Modo Dato.
                      00150 ;
0091                  00151 LCD_EnviaComando
0091   1005           00152         bcf     LCD_PinRS               ; Activa el Modo Comando, poniendo RS=0.
0092   2895           00153         goto    LCD_Envia
0093                  00154 LCD_Caracter
0093   1405           00155         bsf     LCD_PinRS               ; Activa el "Modo Dato", poniendo RS=1.
0094   209A           00156         call    LCD_CodigoCGROM ; Obtiene el código para correcta visualización.
0095                  00157 LCD_Envia
0095   008E           00158         movwf   LCD_GuardaDato          ; Guarda el dato a enviar.
0096   2067           00159         call    LCD_EscribeLCD          ; Primero envía el nibble alto.
0097   0E0E           00160         swapf   LCD_GuardaDato,W        ; Ahora envía el nibble bajo. Para ello pasa el
                      00161                                         ; nibble bajo del dato a enviar a parte alta del byte.
0098   2067           00162         call    LCD_EscribeLCD          ; Se envía al visualizador LCD.
0099   0008           00163         return  
                      00164 
                      00165 ; Subrutina "LCD_CodigoCGROM" -----------------------------------------------------------
                      00166 ;
                      00167 ; A partir del carácter ASCII número 127, los códigos de los caracteres definidos en la
                      00168 ; tabla CGROM del LM016L no coinciden con los códigos ASCII. Así por ejemplo, el código
                      00169 ; ASCII de la "Ñ" en la tabla CGRAM del LM016L es EEh.
                      00170 ;
                      00171 ; Esta subrutina convierte los códigos ASCII de la "Ñ", "º" y otros, a códigos CGROM para que
                      00172 ; que puedan ser visualizado en el módulo LM016L.
                      00173 ; 
                      00174 ; Entrada:      En (W) el código ASCII del carácter que se desea visualizar.
                      00175 ; Salida:       En (W) el código definido en la tabla CGROM.
                      00176 
009A                  00177 LCD_CodigoCGROM
009A   008D           00178         movwf   LCD_Dato                ; Guarda el valor del carácter y comprueba si es
009B                  00179 LCD_EnheMinuscula                       ; un carácter especial.
009B   3CF1           00180         sublw   'ñ'                     ; ¿Es la "ñ"?
009C   1D03           00181         btfss   STATUS,Z
009D   28A1           00182         goto    LCD_EnheMayuscula       ; No es "ñ".
009E   30EE           00183         movlw   b'11101110'             ; Código CGROM de la "ñ".
009F   008D           00184         movwf   LCD_Dato
00A0   28AE           00185         goto    LCD_FinCGROM
00A1                  00186 LCD_EnheMayuscula
00A1   080D           00187         movf    LCD_Dato,W              ; Recupera el código ASCII de entrada.
00A2   3CD1           00188         sublw   'Ñ'                     ; ¿Es la "Ñ"?
00A3   1D03           00189         btfss   STATUS,Z
00A4   28A8           00190         goto    LCD_Grado               ; No es "Ñ".
00A5   30EE           00191         movlw   b'11101110'             ; Código CGROM de la "ñ". (No hay símbolo para
00A6   008D           00192         movwf   LCD_Dato                ; la "Ñ" mayúscula en la CGROM).
00A7   28AE           00193         goto    LCD_FinCGROM    
00A8                  00194 LCD_Grado
00A8   080D           00195         movf    LCD_Dato,W              ; Recupera el código ASCII de entrada.
00A9   3CBA           00196         sublw   'º'                     ; ¿Es el símbolo "º"?
00AA   1D03           00197         btfss   STATUS,Z
00AB   28AE           00198         goto    LCD_FinCGROM            ; No es "º".
00AC   30DF           00199         movlw   b'11011111'             ; Código CGROM del símbolo "º".
00AD   008D           00200         movwf   LCD_Dato
00AE                  00201 LCD_FinCGROM
MPASM 03.50 Released                           TECLADO_03.ASM   10-11-2003  17:50:09         PAGE  9


LOC  OBJECT CODE     LINE SOURCE TEXT
  VALUE

00AE   080D           00202         movf    LCD_Dato,W              ; En (W) el código buscado.
00AF   0008           00203         return
                      00204 
                      00205 ; Subrutina "LCD_DosEspaciosBlancos" y "LCD_LineaBlanco" --------------------------------
                      00206 ;
                      00207 ; Visualiza espacios en blanco.
                      00208 
00B0                  00209 LCD_LineaEnBlanco
00B0   3010           00210         movlw   LCD_CaracteresPorLinea
00B1   28B7           00211         goto    LCD_EnviaBlancos
00B2                  00212 LCD_UnEspacioBlanco
00B2   3001           00213         movlw   .1
00B3   28B7           00214         goto    LCD_EnviaBlancos
00B4                  00215 LCD_DosEspaciosBlancos
00B4   3002           00216         movlw   .2
00B5   28B7           00217         goto    LCD_EnviaBlancos
00B6                  00218 LCD_TresEspaciosBlancos
00B6   3003           00219         movlw   .3
00B7                  00220 LCD_EnviaBlancos
00B7   0090           00221         movwf   LCD_Auxiliar1           ; (LCD_Auxiliar1) se utiliza como contador.
00B8                  00222 LCD_EnviaOtroBlanco     
00B8   3020           00223         movlw   ' '                     ; Esto es un espacio en blanco.
00B9   2093           00224         call    LCD_Caracter            ; Visualiza tanto espacios en blanco como se
00BA   0B90           00225         decfsz  LCD_Auxiliar1,F         ; haya cargado en (LCD_Auxiliar1).
00BB   28B8           00226         goto    LCD_EnviaOtroBlanco
00BC   0008           00227         return
                      00228 
                      00229 ; Subrutinas "LCD_ByteCompleto" y "LCD_Byte" --------------------------------------------
                      00230 ;
                      00231 ; Subrutina "LCD_ByteCompleto": Visualiza el byte que almacena el registro W en el
                      00232 ; lugar actual de la pantalla. Por ejemplo, si (W)=b'10101110' visualiza "AE".
                      00233 ;
                      00234 ; Subrutina "LCD_Byte" igual que la anterior, pero en caso de que el nibble alto sea cero, 
                      00235 ; visualiza en su lugar un espacio en blanco. Por ejemplo si (W)=b'10101110' visualiza "AE"
                      00236 ; y si (W)=b'00001110', visualiza " E" (un espacio blanco delante).
                      00237 ;
                      00238 ; Utilizan la subrutina "LCD_Nibble" que se analiza más adelante.
                      00239 ;
00BD                  00240 LCD_Byte
00BD   0091           00241         movwf   LCD_Auxiliar2           ; Guarda el valor de entrada.
00BE   39F0           00242         andlw   b'11110000'             ; Analiza si el nibble alto es cero.
00BF   1D03           00243         btfss   STATUS,Z                ; Si es cero lo apaga.
00C0   28C5           00244         goto    LCD_VisualizaAlto               ; No es cero y lo visualiza.
00C1   3020           00245         movlw   ' '                     ; Visualiza un espacio en blanco.
00C2   2093           00246         call    LCD_Caracter
00C3   28C7           00247         goto    LCD_VisualizaBajo
                      00248 
00C4                  00249 LCD_ByteCompleto
00C4   0091           00250         movwf   LCD_Auxiliar2           ; Guarda el valor de entrada.
00C5                  00251 LCD_VisualizaAlto
00C5   0E11           00252         swapf   LCD_Auxiliar2,W         ; Pone el nibble alto en la parte baja.
00C6   20C8           00253         call    LCD_Nibble              ; Lo visualiza.
00C7                  00254 LCD_VisualizaBajo
MPASM 03.50 Released                           TECLADO_03.ASM   10-11-2003  17:50:09         PAGE 10


LOC  OBJECT CODE     LINE SOURCE TEXT
  VALUE

00C7   0811           00255         movf    LCD_Auxiliar2,W         ; Repite el proceso con el nibble bajo.
                      00256 ;       call    LCD_Nibble              ; Lo visualiza.
                      00257 ;       return
                      00258 
                      00259 ; Subrutina "LCD_Nibble" ----------------------------------------------------------------
                      00260 ;
                      00261 ; Visualiza en el lugar actual de la pantalla, el valor hexadecimal que almacena en el nibble
                      00262 ; bajo del registro W. El nibble alto de W no es tenido en cuenta. Ejemplos:
                      00263 ; - Si (W)=b'01010110', se visualizará "6". 
                      00264 ; - Si (W)=b'10101110', se visualizará "E". 
                      00265 ;
00C8                  00266 LCD_Nibble
00C8   390F           00267         andlw   b'00001111'             ; Se queda con la parte baja.
00C9   0090           00268         movwf   LCD_Auxiliar1           ; Lo guarda.
00CA   3C09           00269         sublw   0x09                    ; Comprueba si hay que representarlo con letra.
00CB   1C03           00270         btfss   STATUS,C        
00CC   28D0           00271         goto    LCD_EnviaByteLetra
00CD   0810           00272         movf    LCD_Auxiliar1,W
00CE   3E30           00273         addlw   '0'                     ; El número se pasa a carácter ASCII sumándole
00CF   28D2           00274         goto    LCD_FinVisualizaDigito  ; el ASCII del cero y lo visualiza.
00D0                  00275 LCD_EnviaByteLetra
00D0   0810           00276         movf    LCD_Auxiliar1,W
00D1   3E37           00277         addlw   'A'-0x0A                        ; Sí, por tanto, se le suma el ASCII de la 'A'.
00D2                  00278 LCD_FinVisualizaDigito
00D2   2893           00279         goto    LCD_Caracter            ; Y visualiza el carácter. Se hace con un "goto"
                      00280                                         ; para no sobrecargar la pila.
                      00047         INCLUDE  <RETARDOS.INC>
                      00001 ;**************************** Librería "RETARDOS.INC" *********************************
                      00002 ;
                      00003 ;       ===================================================================
                      00004 ;         Del libro "MICROCONTROLADOR PIC16F84A. DESARROLLO DE PROYECTOS"
                      00005 ;         E. Palacios, F. Remiro y L. López.
                      00006 ;         Editorial Ra-Ma.  www.ra-ma.es
                      00007 ;       ===================================================================
                      00008 ;
                      00009 ; Librería con múltiples subrutinas de retardos, desde 4 microsegundos hasta 20 segundos. 
                      00010 ; Además se pueden implementar otras subrutinas muy fácilmente.
                      00011 ;
                      00012 ; Se han calculado para un sistema microcontrolador con un PIC trabajando con un cristal
                      00013 ; de cuarzo a 4 MHz. Como cada ciclo máquina son 4 ciclos de reloj, resulta que cada
                      00014 ; ciclo máquina tarda 4 x 1/4MHz = 1 µs.
                      00015 ;
                      00016 ; En los comentarios, "cm" significa "ciclos máquina".
                      00017 ;
                      00018 ; ZONA DE DATOS *********************************************************************
                      00019 
                      00020         CBLOCK
  00000012            00021         R_ContA                         ; Contadores para los retardos.
  00000013            00022         R_ContB
  00000014            00023         R_ContC
                      00024         ENDC
                      00025 ;
                      00026 ; RETARDOS de 4 hasta 10 microsegundos ---------------------------------------------------
MPASM 03.50 Released                           TECLADO_03.ASM   10-11-2003  17:50:09         PAGE 11


LOC  OBJECT CODE     LINE SOURCE TEXT
  VALUE

                      00027 ;
                      00028 ; A continuación retardos pequeños teniendo en cuenta que para una frecuencia de 4 MHZ,
                      00029 ; la llamada a subrutina "call" tarda 2 ciclos máquina, el retorno de subrutina
                      00030 ; "return" toma otros 2 ciclos máquina y cada instrucción "nop" tarda 1 ciclo máquina.
                      00031 ;
00D3                  00032 Retardo_10micros                                ; La llamada "call" aporta 2 ciclos máquina.
00D3   0000           00033         nop                             ; Aporta 1 ciclo máquina.
00D4   0000           00034         nop                             ; Aporta 1 ciclo máquina.
00D5   0000           00035         nop                             ; Aporta 1 ciclo máquina.
00D6   0000           00036         nop                             ; Aporta 1 ciclo máquina.
00D7   0000           00037         nop                             ; Aporta 1 ciclo máquina.
00D8                  00038 Retardo_5micros                         ; La llamada "call" aporta 2 ciclos máquina.
00D8   0000           00039         nop                             ; Aporta 1 ciclo máquina.
00D9                  00040 Retardo_4micros                         ; La llamada "call" aporta 2 ciclos máquina.
00D9   0008           00041         return                          ; El salto del retorno aporta 2 ciclos máquina.
                      00042 ;
                      00043 ; RETARDOS de 20 hasta 500 microsegundos ------------------------------------------------
                      00044 ;
00DA                  00045 Retardo_500micros                               ; La llamada "call" aporta 2 ciclos máquina.
00DA   0000           00046         nop                             ; Aporta 1 ciclo máquina.
00DB   30A4           00047         movlw   d'164'                  ; Aporta 1 ciclo máquina. Este es el valor de "K".
00DC   28E6           00048         goto    RetardoMicros           ; Aporta 2 ciclos máquina.
00DD                  00049 Retardo_200micros                               ; La llamada "call" aporta 2 ciclos máquina.
00DD   0000           00050         nop                             ; Aporta 1 ciclo máquina.
00DE   3040           00051         movlw   d'64'                   ; Aporta 1 ciclo máquina. Este es el valor de "K".
00DF   28E6           00052         goto    RetardoMicros           ; Aporta 2 ciclos máquina.
00E0                  00053 Retardo_100micros                               ; La llamada "call" aporta 2 ciclos máquina.
00E0   301F           00054         movlw   d'31'                   ; Aporta 1 ciclo máquina. Este es el valor de "K".
00E1   28E6           00055         goto    RetardoMicros           ; Aporta 2 ciclos máquina.
00E2                  00056 Retardo_50micros                                ; La llamada "call" aporta 2 ciclos máquina.
00E2   0000           00057         nop                             ; Aporta 1 ciclo máquina.
00E3   300E           00058         movlw   d'14'                   ; Aporta 1 ciclo máquina. Este es el valor de "K".
00E4   28E6           00059         goto    RetardoMicros           ; Aporta 2 ciclos máquina.
00E5                  00060 Retardo_20micros                                ; La llamada "call" aporta 2 ciclos máquina.
00E5   3005           00061         movlw   d'5'                    ; Aporta 1 ciclo máquina. Este es el valor de "K".
                      00062 ;
                      00063 ; El próximo bloque "RetardoMicros" tarda:
                      00064 ; 1 + (K-1) + 2 + (K-1)x2 + 2 = (2 + 3K) ciclos máquina.
                      00065 ;
00E6                  00066 RetardoMicros
00E6   0092           00067         movwf   R_ContA                 ; Aporta 1 ciclo máquina.
00E7                  00068 Rmicros_Bucle
00E7   0B92           00069         decfsz  R_ContA,F               ; (K-1)x1 cm (cuando no salta) + 2 cm (al saltar).
00E8   28E7           00070         goto    Rmicros_Bucle           ; Aporta (K-1)x2 ciclos máquina.
00E9   0008           00071         return                          ; El salto del retorno aporta 2 ciclos máquina.
                      00072 ;
                      00073 ;En total estas subrutinas tardan:
                      00074 ; - Retardo_500micros:  2 + 1 + 1 + 2 + (2 + 3K) = 500 cm = 500 µs. (para K=164 y 4 MHz).
                      00075 ; - Retardo_200micros:  2 + 1 + 1 + 2 + (2 + 3K) = 200 cm = 200 µs. (para K= 64 y 4 MHz).
                      00076 ; - Retardo_100micros:  2     + 1 + 2 + (2 + 3K) = 100 cm = 100 µs. (para K= 31 y 4 MHz).
                      00077 ; - Retardo_50micros :  2 + 1 + 1 + 2 + (2 + 3K) =  50 cm =  50 µs. (para K= 14 y 4 MHz).
                      00078 ; - Retardo_20micros :  2     + 1     + (2 + 3K) =  20 cm =  20 µs. (para K=  5 y 4 MHz).
                      00079 ;
MPASM 03.50 Released                           TECLADO_03.ASM   10-11-2003  17:50:09         PAGE 12


LOC  OBJECT CODE     LINE SOURCE TEXT
  VALUE

                      00080 ; RETARDOS de 1 ms hasta 200 ms. --------------------------------------------------------
                      00081 ;
00EA                  00082 Retardo_200ms                           ; La llamada "call" aporta 2 ciclos máquina.
00EA   30C8           00083         movlw   d'200'                  ; Aporta 1 ciclo máquina. Este es el valor de "M".
00EB   28F9           00084         goto    Retardos_ms             ; Aporta 2 ciclos máquina.
00EC                  00085 Retardo_100ms                           ; La llamada "call" aporta 2 ciclos máquina.
00EC   3064           00086         movlw   d'100'                  ; Aporta 1 ciclo máquina. Este es el valor de "M".
00ED   28F9           00087         goto    Retardos_ms             ; Aporta 2 ciclos máquina.
00EE                  00088 Retardo_50ms                            ; La llamada "call" aporta 2 ciclos máquina.
00EE   3032           00089         movlw   d'50'                   ; Aporta 1 ciclo máquina. Este es el valor de "M".
00EF   28F9           00090         goto    Retardos_ms             ; Aporta 2 ciclos máquina.
00F0                  00091 Retardo_20ms                            ; La llamada "call" aporta 2 ciclos máquina.
00F0   3014           00092         movlw   d'20'                   ; Aporta 1 ciclo máquina. Este es el valor de "M".
00F1   28F9           00093         goto    Retardos_ms             ; Aporta 2 ciclos máquina.
00F2                  00094 Retardo_10ms                            ; La llamada "call" aporta 2 ciclos máquina.
00F2   300A           00095         movlw   d'10'                   ; Aporta 1 ciclo máquina. Este es el valor de "M".
00F3   28F9           00096         goto    Retardos_ms             ; Aporta 2 ciclos máquina.
00F4                  00097 Retardo_5ms                             ; La llamada "call" aporta 2 ciclos máquina.
00F4   3005           00098         movlw   d'5'                    ; Aporta 1 ciclo máquina. Este es el valor de "M".
00F5   28F9           00099         goto    Retardos_ms             ; Aporta 2 ciclos máquina.
00F6                  00100 Retardo_2ms                             ; La llamada "call" aporta 2 ciclos máquina.
00F6   3002           00101         movlw   d'2'                    ; Aporta 1 ciclo máquina. Este es el valor de "M".
00F7   28F9           00102         goto    Retardos_ms             ; Aporta 2 ciclos máquina.
00F8                  00103 Retardo_1ms                             ; La llamada "call" aporta 2 ciclos máquina.
00F8   3001           00104         movlw   d'1'                    ; Aporta 1 ciclo máquina. Este es el valor de "M".
                      00105 ;
                      00106 ; El próximo bloque "Retardos_ms" tarda:
                      00107 ; 1 + M + M + KxM + (K-1)xM + Mx2 + (K-1)Mx2 + (M-1) + 2 + (M-1)x2 + 2 =
                      00108 ; = (2 + 4M + 4KM) ciclos máquina. Para K=249 y M=1 supone 1002 ciclos máquina
                      00109 ; que a 4 MHz son 1002 µs = 1 ms.
                      00110 ;
00F9                  00111 Retardos_ms
00F9   0093           00112         movwf   R_ContB                 ; Aporta 1 ciclo máquina.
00FA                  00113 R1ms_BucleExterno
00FA   30F9           00114         movlw   d'249'                  ; Aporta Mx1 ciclos máquina. Este es el valor de "K".
00FB   0092           00115         movwf   R_ContA                 ; Aporta Mx1 ciclos máquina.
00FC                  00116 R1ms_BucleInterno
00FC   0000           00117         nop                             ; Aporta KxMx1 ciclos máquina.
00FD   0B92           00118         decfsz  R_ContA,F               ; (K-1)xMx1 cm (cuando no salta) + Mx2 cm (al saltar).
00FE   28FC           00119         goto    R1ms_BucleInterno               ; Aporta (K-1)xMx2 ciclos máquina.
00FF   0B93           00120         decfsz  R_ContB,F               ; (M-1)x1 cm (cuando no salta) + 2 cm (al saltar).
0100   28FA           00121         goto    R1ms_BucleExterno       ; Aporta (M-1)x2 ciclos máquina.
0101   0008           00122         return                          ; El salto del retorno aporta 2 ciclos máquina.
                      00123 ;
                      00124 ;En total estas subrutinas tardan:
                      00125 ; - Retardo_200ms:      2 + 1 + 2 + (2 + 4M + 4KM) = 200007 cm = 200 ms. (M=200 y K=249).
                      00126 ; - Retardo_100ms:      2 + 1 + 2 + (2 + 4M + 4KM) = 100007 cm = 100 ms. (M=100 y K=249).
                      00127 ; - Retardo_50ms :      2 + 1 + 2 + (2 + 4M + 4KM) =  50007 cm =  50 ms. (M= 50 y K=249).
                      00128 ; - Retardo_20ms :      2 + 1 + 2 + (2 + 4M + 4KM) =  20007 cm =  20 ms. (M= 20 y K=249).
                      00129 ; - Retardo_10ms :      2 + 1 + 2 + (2 + 4M + 4KM) =  10007 cm =  10 ms. (M= 10 y K=249).
                      00130 ; - Retardo_5ms  :      2 + 1 + 2 + (2 + 4M + 4KM) =   5007 cm =   5 ms. (M=  5 y K=249).
                      00131 ; - Retardo_2ms  :      2 + 1 + 2 + (2 + 4M + 4KM) =   2007 cm =   2 ms. (M=  2 y K=249).
                      00132 ; - Retardo_1ms  :      2 + 1     + (2 + 4M + 4KM) =   1005 cm =   1 ms. (M=  1 y K=249).
MPASM 03.50 Released                           TECLADO_03.ASM   10-11-2003  17:50:09         PAGE 13


LOC  OBJECT CODE     LINE SOURCE TEXT
  VALUE

                      00133 ;
                      00134 ; RETARDOS de 0.5 hasta 20 segundos ---------------------------------------------------
                      00135 ;
0102                  00136 Retardo_20s                             ; La llamada "call" aporta 2 ciclos máquina.
0102   30C8           00137         movlw   d'200'                  ; Aporta 1 ciclo máquina. Este es el valor de "N".
0103   290D           00138         goto    Retardo_1Decima         ; Aporta 2 ciclos máquina.
0104                  00139 Retardo_10s                             ; La llamada "call" aporta 2 ciclos máquina.
0104   3064           00140         movlw   d'100'                  ; Aporta 1 ciclo máquina. Este es el valor de "N".
0105   290D           00141         goto    Retardo_1Decima         ; Aporta 2 ciclos máquina.
0106                  00142 Retardo_5s                              ; La llamada "call" aporta 2 ciclos máquina.
0106   3032           00143         movlw   d'50'                   ; Aporta 1 ciclo máquina. Este es el valor de "N".
0107   290D           00144         goto    Retardo_1Decima         ; Aporta 2 ciclos máquina.
0108                  00145 Retardo_2s                              ; La llamada "call" aporta 2 ciclos máquina.
0108   3014           00146         movlw   d'20'                   ; Aporta 1 ciclo máquina. Este es el valor de "N".
0109   290D           00147         goto    Retardo_1Decima         ; Aporta 2 ciclos máquina.
010A                  00148 Retardo_1s                              ; La llamada "call" aporta 2 ciclos máquina.
010A   300A           00149         movlw   d'10'                   ; Aporta 1 ciclo máquina. Este es el valor de "N".
010B   290D           00150         goto    Retardo_1Decima         ; Aporta 2 ciclos máquina.
010C                  00151 Retardo_500ms                           ; La llamada "call" aporta 2 ciclos máquina.
010C   3005           00152         movlw   d'5'                    ; Aporta 1 ciclo máquina. Este es el valor de "N".
                      00153 ;
                      00154 ; El próximo bloque "Retardo_1Decima" tarda:
                      00155 ; 1 + N + N + MxN + MxN + KxMxN + (K-1)xMxN + MxNx2 + (K-1)xMxNx2 +
                      00156 ;   + (M-1)xN + Nx2 + (M-1)xNx2 + (N-1) + 2 + (N-1)x2 + 2 =
                      00157 ; = (2 + 4M + 4MN + 4KM) ciclos máquina. Para K=249, M=100 y N=1 supone 100011
                      00158 ; ciclos máquina que a 4 MHz son 100011 µs = 100 ms = 0,1 s = 1 décima de segundo.
                      00159 ;
010D                  00160 Retardo_1Decima
010D   0094           00161         movwf   R_ContC                 ; Aporta 1 ciclo máquina.
010E                  00162 R1Decima_BucleExterno2
010E   3064           00163         movlw   d'100'                  ; Aporta Nx1 ciclos máquina. Este es el valor de "M".
010F   0093           00164         movwf   R_ContB                 ; Aporta Nx1 ciclos máquina.
0110                  00165 R1Decima_BucleExterno
0110   30F9           00166         movlw   d'249'                  ; Aporta MxNx1 ciclos máquina. Este es el valor de "K".
0111   0092           00167         movwf   R_ContA                 ; Aporta MxNx1 ciclos máquina.
0112                  00168 R1Decima_BucleInterno          
0112   0000           00169         nop                             ; Aporta KxMxNx1 ciclos máquina.
0113   0B92           00170         decfsz  R_ContA,F               ; (K-1)xMxNx1 cm (si no salta) + MxNx2 cm (al saltar).
0114   2912           00171         goto    R1Decima_BucleInterno   ; Aporta (K-1)xMxNx2 ciclos máquina.
0115   0B93           00172         decfsz  R_ContB,F               ; (M-1)xNx1 cm (cuando no salta) + Nx2 cm (al saltar).
0116   2910           00173         goto    R1Decima_BucleExterno   ; Aporta (M-1)xNx2 ciclos máquina.
0117   0B94           00174         decfsz  R_ContC,F               ; (N-1)x1 cm (cuando no salta) + 2 cm (al saltar).
0118   290E           00175         goto    R1Decima_BucleExterno2  ; Aporta (N-1)x2 ciclos máquina.
0119   0008           00176         return                          ; El salto del retorno aporta 2 ciclos máquina.
                      00177 ;
                      00178 ;En total estas subrutinas tardan:
                      00179 ; - Retardo_20s:        2 + 1 + 2 + (2 + 4N + 4MN + 4KMN) = 20000807 cm = 20 s.
                      00180 ;                       (N=200, M=100 y K=249).
                      00181 ; - Retardo_10s:        2 + 1 + 2 + (2 + 4N + 4MN + 4KMN) = 10000407 cm = 10 s.
                      00182 ;                       (N=100, M=100 y K=249).
                      00183 ; - Retardo_5s:         2 + 1 + 2 + (2 + 4N + 4MN + 4KMN) =  5000207 cm =  5 s.
                      00184 ;                       (N= 50, M=100 y K=249).
                      00185 ; - Retardo_2s:         2 + 1 + 2 + (2 + 4N + 4MN + 4KMN) =  2000087 cm =  2 s.
MPASM 03.50 Released                           TECLADO_03.ASM   10-11-2003  17:50:09         PAGE 14


LOC  OBJECT CODE     LINE SOURCE TEXT
  VALUE

                      00186 ;                       (N= 20, M=100 y K=249).
                      00187 ; - Retardo_1s:         2 + 1 + 2 + (2 + 4N + 4MN + 4KMN) =  1000047 cm =  1 s.
                      00188 ;                       (N= 10, M=100 y K=249).
                      00189 ; - Retardo_500ms:      2 + 1     + (2 + 4N + 4MN + 4KMN) =   500025 cm = 0,5 s.
                      00190 ;                       (N=  5, M=100 y K=249).
                      00048         END
MPASM 03.50 Released                           TECLADO_03.ASM   10-11-2003  17:50:09         PAGE 15


SYMBOL TABLE
  LABEL                             VALUE 

C                                 00000000
DC                                00000001
EEADR                             00000009
EECON1                            00000088
EECON2                            00000089
EEDATA                            00000008
EEIE                              00000006
EEIF                              00000004
F                                 00000001
FSR                               00000004
GIE                               00000007
INDF                              00000000
INTCON                            0000000B
INTE                              00000004
INTEDG                            00000006
INTF                              00000001
IRP                               00000007
Inicio                            00000005
LCD_2Lineas4Bits5x7               00000090
LCD_Auxiliar1                     00000010
LCD_Auxiliar2                     00000011
LCD_Borra                         0000008E
LCD_BusDatos                      PORTB
LCD_Byte                          000000BD
LCD_ByteCompleto                  000000C4
LCD_Caracter                      00000093
LCD_CaracteresPorLinea            00000010
LCD_CodigoCGROM                   0000009A
LCD_CursorIncr                    0000007E
LCD_CursorOFF                     0000008C
LCD_CursorON                      0000008A
LCD_Dato                          0000000D
LCD_DosEspaciosBlancos            000000B4
LCD_EnheMayuscula                 000000A1
LCD_EnheMinuscula                 0000009B
LCD_Envia                         00000095
LCD_EnviaBlancos                  000000B7
LCD_EnviaByteLetra                000000D0
LCD_EnviaComando                  00000091
LCD_EnviaOtroBlanco               000000B8
LCD_EscribeLCD                    00000067
LCD_FinCGROM                      000000AE
LCD_FinVisualizaDigito            000000D2
LCD_Grado                         000000A8
LCD_GuardaDato                    0000000E
LCD_GuardaTRISB                   0000000F
LCD_Inicializa                    0000004F
LCD_Linea1                        00000080
LCD_Linea2                        00000082
LCD_LineaEnBlanco                 000000B0
LCD_Nibble                        000000C8
LCD_OFF                           00000088
LCD_PinEnable                     PORTA,2
MPASM 03.50 Released                           TECLADO_03.ASM   10-11-2003  17:50:09         PAGE 16


SYMBOL TABLE
  LABEL                             VALUE 

LCD_PinRS                         PORTA,0
LCD_PinRW                         PORTA,1
LCD_PosicionLinea1                00000084
LCD_PosicionLinea2                00000086
LCD_TresEspaciosBlancos           000000B6
LCD_UnEspacioBlanco               000000B2
LCD_VisualizaAlto                 000000C5
LCD_VisualizaBajo                 000000C7
NOT_PD                            00000003
NOT_RBPU                          00000007
NOT_TO                            00000004
OPTION_REG                        00000081
PCL                               00000002
PCLATH                            0000000A
PORTA                             00000005
PORTB                             00000006
PS0                               00000000
PS1                               00000001
PS2                               00000002
PSA                               00000003
Principal                         00000009
R1Decima_BucleExterno             00000110
R1Decima_BucleExterno2            0000010E
R1Decima_BucleInterno             00000112
R1ms_BucleExterno                 000000FA
R1ms_BucleInterno                 000000FC
RBIE                              00000003
RBIF                              00000000
RD                                00000000
RP0                               00000005
RP1                               00000006
R_ContA                           00000012
R_ContB                           00000013
R_ContC                           00000014
RetardoMicros                     000000E6
Retardo_100micros                 000000E0
Retardo_100ms                     000000EC
Retardo_10micros                  000000D3
Retardo_10ms                      000000F2
Retardo_10s                       00000104
Retardo_1Decima                   0000010D
Retardo_1ms                       000000F8
Retardo_1s                        0000010A
Retardo_200micros                 000000DD
Retardo_200ms                     000000EA
Retardo_20micros                  000000E5
Retardo_20ms                      000000F0
Retardo_20s                       00000102
Retardo_2ms                       000000F6
Retardo_2s                        00000108
Retardo_4micros                   000000D9
Retardo_500micros                 000000DA
Retardo_500ms                     0000010C
MPASM 03.50 Released                           TECLADO_03.ASM   10-11-2003  17:50:09         PAGE 17


SYMBOL TABLE
  LABEL                             VALUE 

Retardo_50micros                  000000E2
Retardo_50ms                      000000EE
Retardo_5micros                   000000D8
Retardo_5ms                       000000F4
Retardo_5s                        00000106
Retardos_ms                       000000F9
Rmicros_Bucle                     000000E7
STATUS                            00000003
ServicioInterrupcion              0000000B
T0CS                              00000005
T0IE                              00000005
T0IF                              00000002
T0SE                              00000004
TMR0                              00000001
TRISA                             00000085
TRISB                             00000086
Tecl_ChequeaFila                  00000036
Tecl_Columna1                     00000037
Tecl_Columna2                     0000003A
Tecl_Columna3                     0000003D
Tecl_Columna4                     00000040
Tecl_ConvierteOrdenEnHex          00000016
Tecl_FinLeeHex                    00000015
Tecl_FinTecladoLee                0000004E
Tecl_GuardaValor                  0000004C
Tecl_NoPulsada                    0000004A
Tecl_TeclaOrden                   0000000C
Tecl_TerminaColumnas              00000043
Tecl_UltimaTecla                  0000000F
Teclado_Comprobacion              000000F0
Teclado_EsperaDejePulsar          0000002C
Teclado_FinTablaHex               00000027
Teclado_Inicializa                00000027
Teclado_LeeHex                    00000010
Teclado_LeeOrdenTecla             00000034
Teclado_SigueEsperando            0000002E
W                                 00000000
WR                                00000001
WREN                              00000002
WRERR                             00000003
Z                                 00000002
_CP_OFF                           00003FFF
_CP_ON                            0000000F
_HS_OSC                           00003FFE
_LP_OSC                           00003FFC
_PWRTE_OFF                        00003FFF
_PWRTE_ON                         00003FF7
_RC_OSC                           00003FFF
_WDT_OFF                          00003FFB
_WDT_ON                           00003FFF
_XT_OSC                           00003FFD
__16F84A                          00000001
MPASM 03.50 Released                           TECLADO_03.ASM   10-11-2003  17:50:09         PAGE 18


MEMORY USAGE MAP ('X' = Used,  '-' = Unused)


0000 : X---XXXXXXXXXXXX XXXXXXXXXXXXXXXX XXXXXXXXXXXXXXXX XXXXXXXXXXXXXXXX
0040 : XXXXXXXXXXXXXXXX XXXXXXXXXXXXXXXX XXXXXXXXXXXXXXXX XXXXXXXXXXXXXXXX
0080 : XXXXXXXXXXXXXXXX XXXXXXXXXXXXXXXX XXXXXXXXXXXXXXXX XXXXXXXXXXXXXXXX
00C0 : XXXXXXXXXXXXXXXX XXXXXXXXXXXXXXXX XXXXXXXXXXXXXXXX XXXXXXXXXXXXXXXX
0100 : XXXXXXXXXXXXXXXX XXXXXXXXXX------ ---------------- ----------------
2000 : -------X-------- ---------------- ---------------- ----------------

All other memory blocks unused.

Program Memory Words Used:   279
Program Memory Words Free:   745


Errors   :     0
Warnings :     0 reported,     0 suppressed
Messages :     2 reported,     0 suppressed

