MPASM 03.50 Released                            TIMER0_03.ASM   10-13-2003  20:59:41         PAGE  1


LOC  OBJECT CODE     LINE SOURCE TEXT
  VALUE

                      00001 ;************************************** Timer0_03.asm ***********************************
                      00002 ;
                      00003 ; Por la línea 3 del puerto B se genera una onda cuadrada de 1 kHz, por tanto, cada
                      00004 ; semiperiodo dura 500 µs. Los tiempos de temporización se consiguen mediante la
                      00005 ; utilización del Timer 0 del PIC.
                      00006 ;
                      00007 ; A esta línea de salida se puede conectar un altavoz tal como se indica en el esquema
                      00008 ; correspondiente, con lo que se escuchará un pitido.
                      00009 ;
                      00010 ; El cálculo de la carga del TMR0 se hará de forma que se tenga en cuenta los tiempos de
                      00011 ; las instrucciones para conseguir tiempos exactos. Para calcular los valores de carga 
                      00012 ; del TMR0 hay que ayudarse del simulador del MPLAB y de la ventana de reloj "Stopwatch".
                      00013 ;
                      00014 ; ZONA DE DATOS **********************************************************************
                      00015 
2007   3FF1           00016         __CONFIG   _CP_OFF &  _WDT_OFF & _PWRTE_ON & _XT_OSC
                      00017         LIST       P=16F84A
                      00018         INCLUDE  <P16F84A.INC>
                      00001         LIST
                      00002 ; P16F84A.INC  Standard Header File, Version 2.00    Microchip Technology, Inc.
                      00134         LIST
                      00019 
                      00020         CBLOCK  0x0C
                      00021         ENDC
                      00022 
                      00023 #DEFINE  Salida PORTB,3
                      00024 
                      00025 ; ZONA DE CÓDIGOS ********************************************************************
                      00026 
0000                  00027         ORG     0
0000                  00028 Inicio
0000   1683           00029         bsf     STATUS,RP0              ; Acceso al Banco 1.
0001   1186           00030         bcf     Salida                  ; Esta línea se configura como salida.
0002   3000           00031         movlw   b'00000000'
Message[302]: Register in operand not in bank 0.  Ensure that bank bits are correct.
0003   0081           00032         movwf   OPTION_REG              ; Prescaler de 2 para el TMR0
0004   1283           00033         bcf     STATUS,RP0              ; Acceso al Banco 0.
0005                  00034 Principal
0005   1586           00035         bsf     Salida                  ; La salida pasa a nivel alto
0006   200C           00036         call    Timer0_500us            ; durante este tiempo.
0007   0000           00037         nop                             ; Dos ciclos mediante "nop" para compensar
0008   0000           00038         nop                             ; la instrucción "goto Principal" del nivel bajo.
0009   1186           00039         bcf     Salida                  ; La salida pasa a nivel bajo
000A   200C           00040         call    Timer0_500us            ; durante este tiempo.
000B   2805           00041         goto    Principal
                      00042 ;
                      00043 ; Subrutina "Timer0_500us" -------------------------------------------------------
                      00044 ;
                      00045 ; Con el simulador se comprueba que se obtienen unos tiempos para la onda cuadrada
                      00046 ; de 1kHz exactos: 500 µs tanto para el nivel alto como para el bajo.
                      00047 ;
  FFFFFF0E            00048 TMR0_Carga500us EQU     -d'242'         ; Este valor se ha obtenido experimentalmente
                      00049                                         ; con ayuda del simulador del MPLAB.
MPASM 03.50 Released                            TIMER0_03.ASM   10-13-2003  20:59:41         PAGE  2


LOC  OBJECT CODE     LINE SOURCE TEXT
  VALUE

000C                  00050 Timer0_500us
000C   0000           00051         nop                             ; Algunos "nop" para ajustar a 500 µs exactos.
000D   0000           00052         nop
000E   300E           00053         movlw   TMR0_Carga500us         ; Carga el Timer 0.
000F   0081           00054         movwf   TMR0
0010   110B           00055         bcf     INTCON,T0IF             ; Resetea el flag de rebosamiento del TMR0. 
0011                  00056 Timer0_Rebosamiento
0011   1D0B           00057         btfss   INTCON,T0IF             ; ¿Se ha producido rebosamiento?
0012   2811           00058         goto    Timer0_Rebosamiento     ; Todavía no. Repite.
0013   0008           00059         return
                      00060 
                      00061         END
MPASM 03.50 Released                            TIMER0_03.ASM   10-13-2003  20:59:41         PAGE  3


SYMBOL TABLE
  LABEL                             VALUE 

C                                 00000000
DC                                00000001
EEADR                             00000009
EECON1                            00000088
EECON2                            00000089
EEDATA                            00000008
EEIE                              00000006
EEIF                              00000004
F                                 00000001
FSR                               00000004
GIE                               00000007
INDF                              00000000
INTCON                            0000000B
INTE                              00000004
INTEDG                            00000006
INTF                              00000001
IRP                               00000007
Inicio                            00000000
NOT_PD                            00000003
NOT_RBPU                          00000007
NOT_TO                            00000004
OPTION_REG                        00000081
PCL                               00000002
PCLATH                            0000000A
PORTA                             00000005
PORTB                             00000006
PS0                               00000000
PS1                               00000001
PS2                               00000002
PSA                               00000003
Principal                         00000005
RBIE                              00000003
RBIF                              00000000
RD                                00000000
RP0                               00000005
RP1                               00000006
STATUS                            00000003
Salida                            PORTB,3
T0CS                              00000005
T0IE                              00000005
T0IF                              00000002
T0SE                              00000004
TMR0                              00000001
TMR0_Carga500us                   FFFFFF0E
TRISA                             00000085
TRISB                             00000086
Timer0_500us                      0000000C
Timer0_Rebosamiento               00000011
W                                 00000000
WR                                00000001
WREN                              00000002
WRERR                             00000003
Z                                 00000002
MPASM 03.50 Released                            TIMER0_03.ASM   10-13-2003  20:59:41         PAGE  4


SYMBOL TABLE
  LABEL                             VALUE 

_CP_OFF                           00003FFF
_CP_ON                            0000000F
_HS_OSC                           00003FFE
_LP_OSC                           00003FFC
_PWRTE_OFF                        00003FFF
_PWRTE_ON                         00003FF7
_RC_OSC                           00003FFF
_WDT_OFF                          00003FFB
_WDT_ON                           00003FFF
_XT_OSC                           00003FFD
__16F84A                          00000001


MEMORY USAGE MAP ('X' = Used,  '-' = Unused)

0000 : XXXXXXXXXXXXXXXX XXXX------------ ---------------- ----------------
2000 : -------X-------- ---------------- ---------------- ----------------

All other memory blocks unused.

Program Memory Words Used:    20
Program Memory Words Free:  1004


Errors   :     0
Warnings :     0 reported,     0 suppressed
Messages :     1 reported,     0 suppressed

