MPASM 03.50 Released                            TIMER0_04.ASM   10-15-1982  13:54:26         PAGE  1


LOC  OBJECT CODE     LINE SOURCE TEXT
  VALUE

                      00001 ;************************************** Timer0_04.asm ***********************************
                      00002 ;
                      00003 ;       ===================================================================
                      00004 ;         Del libro "MICROCONTROLADOR PIC16F84A. DESARROLLO DE PROYECTOS"
                      00005 ;         E. Palacios, F. Remiro y L. López.
                      00006 ;         Editorial Ra-Ma.  www.ra-ma.es
                      00007 ;       ===================================================================
                      00008 ;
                      00009 ; Por la línea RB3 se genera una onda rectangular de 500 µs en alto y 300 µs en bajo.
                      00010 ;
                      00011 ; ZONA DE DATOS **********************************************************************
                      00012 
2007   3FF1           00013         __CONFIG   _CP_OFF &  _WDT_OFF & _PWRTE_ON & _XT_OSC
                      00014         LIST       P=16F84A
                      00015         INCLUDE  <P16F84A.INC>
                      00001         LIST
                      00002 ; P16F84A.INC  Standard Header File, Version 2.00    Microchip Technology, Inc.
                      00134         LIST
                      00016 
                      00017         CBLOCK  0x0C
                      00018         ENDC
                      00019 
  FFFFFF0E            00020 TMR0_Carga_500us EQU    -d'242'         ; Estos valores se han obtenido
  FFFFFF71            00021 TMR0_Carga_300us EQU    -d'143'         ; experimentalmente.
                      00022 #DEFINE         Salida  PORTB,3
                      00023 
                      00024 ; ZONA DE CÓDIGOS ********************************************************************
                      00025 
0000                  00026         ORG     0
0000                  00027 Inicio
0000   1683           00028         bsf     STATUS,RP0
0001   1186           00029         bcf     Salida                  ; Esta línea se configura como salida.
0002   3000           00030         movlw   b'00000000'
Message[302]: Register in operand not in bank 0.  Ensure that bank bits are correct.
0003   0081           00031         movwf   OPTION_REG              ; Prescaler de 2 para el TMR0
0004   1283           00032         bcf     STATUS,RP0
0005                  00033 Principal
0005   1586           00034         bsf     Salida                  ; La salida pasa a nivel alto
0006   200A           00035         call    Timer0_500us            ; durante este tiempo.
0007   1186           00036         bcf     Salida                  ; La salida pasa a nivel bajo
0008   200E           00037         call    Timer0_300us            ; durante este tiempo.
0009   2805           00038         goto    Principal
                      00039 
                      00040 ; Subrutinas "Timer0_500us" y "Timer0_300us" --------------------------------------------
                      00041 ;
000A                  00042 Timer0_500us
000A   0000           00043         nop                             ; Para ajustar el tiempo exacto.
000B   0000           00044         nop
000C   300E           00045         movlw   TMR0_Carga_500us
000D   280F           00046         goto    Timer0_Temporizador
000E                  00047 Timer0_300us
000E   3071           00048         movlw   TMR0_Carga_300us
000F                  00049 Timer0_Temporizador
MPASM 03.50 Released                            TIMER0_04.ASM   10-15-1982  13:54:26         PAGE  2


LOC  OBJECT CODE     LINE SOURCE TEXT
  VALUE

000F   0081           00050         movwf   TMR0                    ; Carga el Timer 0.
0010   110B           00051         bcf     INTCON,T0IF             ; Resetea el flag de desbordamiento del TMR0. 
0011                  00052 Timer0_Rebosamiento
0011   1D0B           00053         btfss   INTCON,T0IF             ; ¿Se ha producido desbordamiento?
0012   2811           00054         goto    Timer0_Rebosamiento     ; Todavía no. Repite.
0013   0008           00055         return
                      00056 
                      00057         END
MPASM 03.50 Released                            TIMER0_04.ASM   10-15-1982  13:54:26         PAGE  3


SYMBOL TABLE
  LABEL                             VALUE 

C                                 00000000
DC                                00000001
EEADR                             00000009
EECON1                            00000088
EECON2                            00000089
EEDATA                            00000008
EEIE                              00000006
EEIF                              00000004
F                                 00000001
FSR                               00000004
GIE                               00000007
INDF                              00000000
INTCON                            0000000B
INTE                              00000004
INTEDG                            00000006
INTF                              00000001
IRP                               00000007
Inicio                            00000000
NOT_PD                            00000003
NOT_RBPU                          00000007
NOT_TO                            00000004
OPTION_REG                        00000081
PCL                               00000002
PCLATH                            0000000A
PORTA                             00000005
PORTB                             00000006
PS0                               00000000
PS1                               00000001
PS2                               00000002
PSA                               00000003
Principal                         00000005
RBIE                              00000003
RBIF                              00000000
RD                                00000000
RP0                               00000005
RP1                               00000006
STATUS                            00000003
Salida                            PORTB,3
T0CS                              00000005
T0IE                              00000005
T0IF                              00000002
T0SE                              00000004
TMR0                              00000001
TMR0_Carga_300us                  FFFFFF71
TMR0_Carga_500us                  FFFFFF0E
TRISA                             00000085
TRISB                             00000086
Timer0_300us                      0000000E
Timer0_500us                      0000000A
Timer0_Rebosamiento               00000011
Timer0_Temporizador               0000000F
W                                 00000000
WR                                00000001
MPASM 03.50 Released                            TIMER0_04.ASM   10-15-1982  13:54:26         PAGE  4


SYMBOL TABLE
  LABEL                             VALUE 

WREN                              00000002
WRERR                             00000003
Z                                 00000002
_CP_OFF                           00003FFF
_CP_ON                            0000000F
_HS_OSC                           00003FFE
_LP_OSC                           00003FFC
_PWRTE_OFF                        00003FFF
_PWRTE_ON                         00003FF7
_RC_OSC                           00003FFF
_WDT_OFF                          00003FFB
_WDT_ON                           00003FFF
_XT_OSC                           00003FFD
__16F84A                          00000001


MEMORY USAGE MAP ('X' = Used,  '-' = Unused)

0000 : XXXXXXXXXXXXXXXX XXXX------------ ---------------- ----------------
2000 : -------X-------- ---------------- ---------------- ----------------

All other memory blocks unused.

Program Memory Words Used:    20
Program Memory Words Free:  1004


Errors   :     0
Warnings :     0 reported,     0 suppressed
Messages :     1 reported,     0 suppressed

