MPASM 03.50 Released                          WATCHDOG_01.ASM   10-15-1982  13:49:36         PAGE  1


LOC  OBJECT CODE     LINE SOURCE TEXT
  VALUE

                      00001 ;*********************************** Watchdog_01.asm ************************************
                      00002 ;
                      00003 ;       ===================================================================
                      00004 ;         Del libro "MICROCONTROLADOR PIC16F84A. DESARROLLO DE PROYECTOS"
                      00005 ;         E. Palacios, F. Remiro y L. López.
                      00006 ;         Editorial Ra-Ma.  www.ra-ma.es
                      00007 ;       ===================================================================
                      00008 ;
                      00009 ; Este programa comprueba el funcionamiento de la instrucción "sleep" y el "Watchdog".
                      00010 ; El PIC se pone en modo bajo consumo. El despertar del mismo se producirá cada vez que el
                      00011 ; Watchdog desborde su cuenta, en ese momento se producirá un incremento de un contador que se
                      00012 ; visualizará en pantalla. El proceso debe repetirse cada medio segundo aproximadamente.
                      00013 ;
                      00014 ; Con un preescaler de 32 el desbordamiento del Watchdog se producirá cada 
                      00015 ; 18 x 32 = 576 ms, es decir, cada medio segundo aproximadamente.
                      00016 
                      00017 ; ZONA DE DATOS **********************************************************************
                      00018 
2007   3FF5           00019         __CONFIG   _CP_OFF &  _WDT_ON & _PWRTE_ON & _XT_OSC
                      00020 
                      00021 ; Observad que se ha habilitado el Watchdog.
                      00022 
                      00023         LIST       P=16F84A
                      00024         INCLUDE  <P16F84A.INC>
                      00001         LIST
                      00002 ; P16F84A.INC  Standard Header File, Version 2.00    Microchip Technology, Inc.
                      00134         LIST
                      00025 
                      00026         CBLOCK  0x0C
  0000000C            00027         Contador
                      00028         ENDC
                      00029 
                      00030 ; ZONA DE CÓDIGOS ********************************************************************
                      00031 
0000                  00032         ORG     0
0000                  00033 Inicio
0000   2067           00034         call    LCD_Inicializa
0001   1683           00035         bsf     STATUS,RP0
0002   300D           00036         movlw   b'00001101'             ; Un prescaler de 32 es asignado al Watchdog.
Message[302]: Register in operand not in bank 0.  Ensure that bank bits are correct.
0003   0081           00037         movwf   OPTION_REG
0004   1283           00038         bcf     STATUS,RP0
0005   018C           00039         clrf    Contador                ; Inicializa el contador y lo visualiza.
                      00040 
                      00041 ; La sección "Principal" es de mantenimiento. Visualiza y pasa a modo bajo consumo
                      00042 ; del cual solo puede salir por desbordamiento del Watchdog.
                      00043 
0006                  00044 Principal
0006   2098           00045         call    LCD_Linea1
0007   080C           00046         movf    Contador,W              ; Pasa a visualizar el contador.
0008   2054           00047         call    BIN_a_BCD               ; Se debe visualizar en BCD.
0009   20D5           00048         call    LCD_Byte                ; Visualiza el contador.
000A   0063           00049         sleep                           ; Pasa a modo de bajo consumo.
MPASM 03.50 Released                          WATCHDOG_01.ASM   10-15-1982  13:49:36         PAGE  2


LOC  OBJECT CODE     LINE SOURCE TEXT
  VALUE

000B   0A8C           00050         incf    Contador,F              ; El Watchdog incrementa el contador.
000C   2806           00051         goto    Principal
                      00052 
                      00053         INCLUDE  <RETARDOS.INC>
                      00001 ;**************************** Librería "RETARDOS.INC" *********************************
                      00002 ;
                      00003 ;       ===================================================================
                      00004 ;         Del libro "MICROCONTROLADOR PIC16F84A. DESARROLLO DE PROYECTOS"
                      00005 ;         E. Palacios, F. Remiro y L. López.
                      00006 ;         Editorial Ra-Ma.  www.ra-ma.es
                      00007 ;       ===================================================================
                      00008 ;
                      00009 ; Librería con múltiples subrutinas de retardos, desde 4 microsegundos hasta 20 segundos. 
                      00010 ; Además se pueden implementar otras subrutinas muy fácilmente.
                      00011 ;
                      00012 ; Se han calculado para un sistema microcontrolador con un PIC trabajando con un cristal
                      00013 ; de cuarzo a 4 MHz. Como cada ciclo máquina son 4 ciclos de reloj, resulta que cada
                      00014 ; ciclo máquina tarda 4 x 1/4MHz = 1 µs.
                      00015 ;
                      00016 ; En los comentarios, "cm" significa "ciclos máquina".
                      00017 ;
                      00018 ; ZONA DE DATOS *********************************************************************
                      00019 
                      00020         CBLOCK
  0000000D            00021         R_ContA                         ; Contadores para los retardos.
  0000000E            00022         R_ContB
  0000000F            00023         R_ContC
                      00024         ENDC
                      00025 ;
                      00026 ; RETARDOS de 4 hasta 10 microsegundos ---------------------------------------------------
                      00027 ;
                      00028 ; A continuación retardos pequeños teniendo en cuenta que para una frecuencia de 4 MHZ,
                      00029 ; la llamada a subrutina "call" tarda 2 ciclos máquina, el retorno de subrutina
                      00030 ; "return" toma otros 2 ciclos máquina y cada instrucción "nop" tarda 1 ciclo máquina.
                      00031 ;
000D                  00032 Retardo_10micros                                ; La llamada "call" aporta 2 ciclos máquina.
000D   0000           00033         nop                             ; Aporta 1 ciclo máquina.
000E   0000           00034         nop                             ; Aporta 1 ciclo máquina.
000F   0000           00035         nop                             ; Aporta 1 ciclo máquina.
0010   0000           00036         nop                             ; Aporta 1 ciclo máquina.
0011   0000           00037         nop                             ; Aporta 1 ciclo máquina.
0012                  00038 Retardo_5micros                         ; La llamada "call" aporta 2 ciclos máquina.
0012   0000           00039         nop                             ; Aporta 1 ciclo máquina.
0013                  00040 Retardo_4micros                         ; La llamada "call" aporta 2 ciclos máquina.
0013   0008           00041         return                          ; El salto del retorno aporta 2 ciclos máquina.
                      00042 ;
                      00043 ; RETARDOS de 20 hasta 500 microsegundos ------------------------------------------------
                      00044 ;
0014                  00045 Retardo_500micros                               ; La llamada "call" aporta 2 ciclos máquina.
0014   0000           00046         nop                             ; Aporta 1 ciclo máquina.
0015   30A4           00047         movlw   d'164'                  ; Aporta 1 ciclo máquina. Este es el valor de "K".
0016   2820           00048         goto    RetardoMicros           ; Aporta 2 ciclos máquina.
0017                  00049 Retardo_200micros                               ; La llamada "call" aporta 2 ciclos máquina.
MPASM 03.50 Released                          WATCHDOG_01.ASM   10-15-1982  13:49:36         PAGE  3


LOC  OBJECT CODE     LINE SOURCE TEXT
  VALUE

0017   0000           00050         nop                             ; Aporta 1 ciclo máquina.
0018   3040           00051         movlw   d'64'                   ; Aporta 1 ciclo máquina. Este es el valor de "K".
0019   2820           00052         goto    RetardoMicros           ; Aporta 2 ciclos máquina.
001A                  00053 Retardo_100micros                               ; La llamada "call" aporta 2 ciclos máquina.
001A   301F           00054         movlw   d'31'                   ; Aporta 1 ciclo máquina. Este es el valor de "K".
001B   2820           00055         goto    RetardoMicros           ; Aporta 2 ciclos máquina.
001C                  00056 Retardo_50micros                                ; La llamada "call" aporta 2 ciclos máquina.
001C   0000           00057         nop                             ; Aporta 1 ciclo máquina.
001D   300E           00058         movlw   d'14'                   ; Aporta 1 ciclo máquina. Este es el valor de "K".
001E   2820           00059         goto    RetardoMicros           ; Aporta 2 ciclos máquina.
001F                  00060 Retardo_20micros                                ; La llamada "call" aporta 2 ciclos máquina.
001F   3005           00061         movlw   d'5'                    ; Aporta 1 ciclo máquina. Este es el valor de "K".
                      00062 ;
                      00063 ; El próximo bloque "RetardoMicros" tarda:
                      00064 ; 1 + (K-1) + 2 + (K-1)x2 + 2 = (2 + 3K) ciclos máquina.
                      00065 ;
0020                  00066 RetardoMicros
0020   008D           00067         movwf   R_ContA                 ; Aporta 1 ciclo máquina.
0021                  00068 Rmicros_Bucle
0021   0B8D           00069         decfsz  R_ContA,F               ; (K-1)x1 cm (cuando no salta) + 2 cm (al saltar).
0022   2821           00070         goto    Rmicros_Bucle           ; Aporta (K-1)x2 ciclos máquina.
0023   0008           00071         return                          ; El salto del retorno aporta 2 ciclos máquina.
                      00072 ;
                      00073 ;En total estas subrutinas tardan:
                      00074 ; - Retardo_500micros:  2 + 1 + 1 + 2 + (2 + 3K) = 500 cm = 500 µs. (para K=164 y 4 MHz).
                      00075 ; - Retardo_200micros:  2 + 1 + 1 + 2 + (2 + 3K) = 200 cm = 200 µs. (para K= 64 y 4 MHz).
                      00076 ; - Retardo_100micros:  2     + 1 + 2 + (2 + 3K) = 100 cm = 100 µs. (para K= 31 y 4 MHz).
                      00077 ; - Retardo_50micros :  2 + 1 + 1 + 2 + (2 + 3K) =  50 cm =  50 µs. (para K= 14 y 4 MHz).
                      00078 ; - Retardo_20micros :  2     + 1     + (2 + 3K) =  20 cm =  20 µs. (para K=  5 y 4 MHz).
                      00079 ;
                      00080 ; RETARDOS de 1 ms hasta 200 ms. --------------------------------------------------------
                      00081 ;
0024                  00082 Retardo_200ms                           ; La llamada "call" aporta 2 ciclos máquina.
0024   30C8           00083         movlw   d'200'                  ; Aporta 1 ciclo máquina. Este es el valor de "M".
0025   2833           00084         goto    Retardos_ms             ; Aporta 2 ciclos máquina.
0026                  00085 Retardo_100ms                           ; La llamada "call" aporta 2 ciclos máquina.
0026   3064           00086         movlw   d'100'                  ; Aporta 1 ciclo máquina. Este es el valor de "M".
0027   2833           00087         goto    Retardos_ms             ; Aporta 2 ciclos máquina.
0028                  00088 Retardo_50ms                            ; La llamada "call" aporta 2 ciclos máquina.
0028   3032           00089         movlw   d'50'                   ; Aporta 1 ciclo máquina. Este es el valor de "M".
0029   2833           00090         goto    Retardos_ms             ; Aporta 2 ciclos máquina.
002A                  00091 Retardo_20ms                            ; La llamada "call" aporta 2 ciclos máquina.
002A   3014           00092         movlw   d'20'                   ; Aporta 1 ciclo máquina. Este es el valor de "M".
002B   2833           00093         goto    Retardos_ms             ; Aporta 2 ciclos máquina.
002C                  00094 Retardo_10ms                            ; La llamada "call" aporta 2 ciclos máquina.
002C   300A           00095         movlw   d'10'                   ; Aporta 1 ciclo máquina. Este es el valor de "M".
002D   2833           00096         goto    Retardos_ms             ; Aporta 2 ciclos máquina.
002E                  00097 Retardo_5ms                             ; La llamada "call" aporta 2 ciclos máquina.
002E   3005           00098         movlw   d'5'                    ; Aporta 1 ciclo máquina. Este es el valor de "M".
002F   2833           00099         goto    Retardos_ms             ; Aporta 2 ciclos máquina.
0030                  00100 Retardo_2ms                             ; La llamada "call" aporta 2 ciclos máquina.
0030   3002           00101         movlw   d'2'                    ; Aporta 1 ciclo máquina. Este es el valor de "M".
0031   2833           00102         goto    Retardos_ms             ; Aporta 2 ciclos máquina.
MPASM 03.50 Released                          WATCHDOG_01.ASM   10-15-1982  13:49:36         PAGE  4


LOC  OBJECT CODE     LINE SOURCE TEXT
  VALUE

0032                  00103 Retardo_1ms                             ; La llamada "call" aporta 2 ciclos máquina.
0032   3001           00104         movlw   d'1'                    ; Aporta 1 ciclo máquina. Este es el valor de "M".
                      00105 ;
                      00106 ; El próximo bloque "Retardos_ms" tarda:
                      00107 ; 1 + M + M + KxM + (K-1)xM + Mx2 + (K-1)Mx2 + (M-1) + 2 + (M-1)x2 + 2 =
                      00108 ; = (2 + 4M + 4KM) ciclos máquina. Para K=249 y M=1 supone 1002 ciclos máquina
                      00109 ; que a 4 MHz son 1002 µs = 1 ms.
                      00110 ;
0033                  00111 Retardos_ms
0033   008E           00112         movwf   R_ContB                 ; Aporta 1 ciclo máquina.
0034                  00113 R1ms_BucleExterno
0034   30F9           00114         movlw   d'249'                  ; Aporta Mx1 ciclos máquina. Este es el valor de "K".
0035   008D           00115         movwf   R_ContA                 ; Aporta Mx1 ciclos máquina.
0036                  00116 R1ms_BucleInterno
0036   0000           00117         nop                             ; Aporta KxMx1 ciclos máquina.
0037   0B8D           00118         decfsz  R_ContA,F               ; (K-1)xMx1 cm (cuando no salta) + Mx2 cm (al saltar).
0038   2836           00119         goto    R1ms_BucleInterno               ; Aporta (K-1)xMx2 ciclos máquina.
0039   0B8E           00120         decfsz  R_ContB,F               ; (M-1)x1 cm (cuando no salta) + 2 cm (al saltar).
003A   2834           00121         goto    R1ms_BucleExterno       ; Aporta (M-1)x2 ciclos máquina.
003B   0008           00122         return                          ; El salto del retorno aporta 2 ciclos máquina.
                      00123 ;
                      00124 ;En total estas subrutinas tardan:
                      00125 ; - Retardo_200ms:      2 + 1 + 2 + (2 + 4M + 4KM) = 200007 cm = 200 ms. (M=200 y K=249).
                      00126 ; - Retardo_100ms:      2 + 1 + 2 + (2 + 4M + 4KM) = 100007 cm = 100 ms. (M=100 y K=249).
                      00127 ; - Retardo_50ms :      2 + 1 + 2 + (2 + 4M + 4KM) =  50007 cm =  50 ms. (M= 50 y K=249).
                      00128 ; - Retardo_20ms :      2 + 1 + 2 + (2 + 4M + 4KM) =  20007 cm =  20 ms. (M= 20 y K=249).
                      00129 ; - Retardo_10ms :      2 + 1 + 2 + (2 + 4M + 4KM) =  10007 cm =  10 ms. (M= 10 y K=249).
                      00130 ; - Retardo_5ms  :      2 + 1 + 2 + (2 + 4M + 4KM) =   5007 cm =   5 ms. (M=  5 y K=249).
                      00131 ; - Retardo_2ms  :      2 + 1 + 2 + (2 + 4M + 4KM) =   2007 cm =   2 ms. (M=  2 y K=249).
                      00132 ; - Retardo_1ms  :      2 + 1     + (2 + 4M + 4KM) =   1005 cm =   1 ms. (M=  1 y K=249).
                      00133 ;
                      00134 ; RETARDOS de 0.5 hasta 20 segundos ---------------------------------------------------
                      00135 ;
003C                  00136 Retardo_20s                             ; La llamada "call" aporta 2 ciclos máquina.
003C   30C8           00137         movlw   d'200'                  ; Aporta 1 ciclo máquina. Este es el valor de "N".
003D   2847           00138         goto    Retardo_1Decima         ; Aporta 2 ciclos máquina.
003E                  00139 Retardo_10s                             ; La llamada "call" aporta 2 ciclos máquina.
003E   3064           00140         movlw   d'100'                  ; Aporta 1 ciclo máquina. Este es el valor de "N".
003F   2847           00141         goto    Retardo_1Decima         ; Aporta 2 ciclos máquina.
0040                  00142 Retardo_5s                              ; La llamada "call" aporta 2 ciclos máquina.
0040   3032           00143         movlw   d'50'                   ; Aporta 1 ciclo máquina. Este es el valor de "N".
0041   2847           00144         goto    Retardo_1Decima         ; Aporta 2 ciclos máquina.
0042                  00145 Retardo_2s                              ; La llamada "call" aporta 2 ciclos máquina.
0042   3014           00146         movlw   d'20'                   ; Aporta 1 ciclo máquina. Este es el valor de "N".
0043   2847           00147         goto    Retardo_1Decima         ; Aporta 2 ciclos máquina.
0044                  00148 Retardo_1s                              ; La llamada "call" aporta 2 ciclos máquina.
0044   300A           00149         movlw   d'10'                   ; Aporta 1 ciclo máquina. Este es el valor de "N".
0045   2847           00150         goto    Retardo_1Decima         ; Aporta 2 ciclos máquina.
0046                  00151 Retardo_500ms                           ; La llamada "call" aporta 2 ciclos máquina.
0046   3005           00152         movlw   d'5'                    ; Aporta 1 ciclo máquina. Este es el valor de "N".
                      00153 ;
                      00154 ; El próximo bloque "Retardo_1Decima" tarda:
                      00155 ; 1 + N + N + MxN + MxN + KxMxN + (K-1)xMxN + MxNx2 + (K-1)xMxNx2 +
MPASM 03.50 Released                          WATCHDOG_01.ASM   10-15-1982  13:49:36         PAGE  5


LOC  OBJECT CODE     LINE SOURCE TEXT
  VALUE

                      00156 ;   + (M-1)xN + Nx2 + (M-1)xNx2 + (N-1) + 2 + (N-1)x2 + 2 =
                      00157 ; = (2 + 4M + 4MN + 4KM) ciclos máquina. Para K=249, M=100 y N=1 supone 100011
                      00158 ; ciclos máquina que a 4 MHz son 100011 µs = 100 ms = 0,1 s = 1 décima de segundo.
                      00159 ;
0047                  00160 Retardo_1Decima
0047   008F           00161         movwf   R_ContC                 ; Aporta 1 ciclo máquina.
0048                  00162 R1Decima_BucleExterno2
0048   3064           00163         movlw   d'100'                  ; Aporta Nx1 ciclos máquina. Este es el valor de "M".
0049   008E           00164         movwf   R_ContB                 ; Aporta Nx1 ciclos máquina.
004A                  00165 R1Decima_BucleExterno
004A   30F9           00166         movlw   d'249'                  ; Aporta MxNx1 ciclos máquina. Este es el valor de "K".
004B   008D           00167         movwf   R_ContA                 ; Aporta MxNx1 ciclos máquina.
004C                  00168 R1Decima_BucleInterno          
004C   0000           00169         nop                             ; Aporta KxMxNx1 ciclos máquina.
004D   0B8D           00170         decfsz  R_ContA,F               ; (K-1)xMxNx1 cm (si no salta) + MxNx2 cm (al saltar).
004E   284C           00171         goto    R1Decima_BucleInterno   ; Aporta (K-1)xMxNx2 ciclos máquina.
004F   0B8E           00172         decfsz  R_ContB,F               ; (M-1)xNx1 cm (cuando no salta) + Nx2 cm (al saltar).
0050   284A           00173         goto    R1Decima_BucleExterno   ; Aporta (M-1)xNx2 ciclos máquina.
0051   0B8F           00174         decfsz  R_ContC,F               ; (N-1)x1 cm (cuando no salta) + 2 cm (al saltar).
0052   2848           00175         goto    R1Decima_BucleExterno2  ; Aporta (N-1)x2 ciclos máquina.
0053   0008           00176         return                          ; El salto del retorno aporta 2 ciclos máquina.
                      00177 ;
                      00178 ;En total estas subrutinas tardan:
                      00179 ; - Retardo_20s:        2 + 1 + 2 + (2 + 4N + 4MN + 4KMN) = 20000807 cm = 20 s.
                      00180 ;                       (N=200, M=100 y K=249).
                      00181 ; - Retardo_10s:        2 + 1 + 2 + (2 + 4N + 4MN + 4KMN) = 10000407 cm = 10 s.
                      00182 ;                       (N=100, M=100 y K=249).
                      00183 ; - Retardo_5s:         2 + 1 + 2 + (2 + 4N + 4MN + 4KMN) =  5000207 cm =  5 s.
                      00184 ;                       (N= 50, M=100 y K=249).
                      00185 ; - Retardo_2s:         2 + 1 + 2 + (2 + 4N + 4MN + 4KMN) =  2000087 cm =  2 s.
                      00186 ;                       (N= 20, M=100 y K=249).
                      00187 ; - Retardo_1s:         2 + 1 + 2 + (2 + 4N + 4MN + 4KMN) =  1000047 cm =  1 s.
                      00188 ;                       (N= 10, M=100 y K=249).
                      00189 ; - Retardo_500ms:      2 + 1     + (2 + 4N + 4MN + 4KMN) =   500025 cm = 0,5 s.
                      00190 ;                       (N=  5, M=100 y K=249).
                      00054         INCLUDE  <BIN_BCD.INC>
                      00001 ;******************************** Librería "BIN_BCD.INC" ********************************
                      00002 ;
                      00003 ;       ===================================================================
                      00004 ;         Del libro "MICROCONTROLADOR PIC16F84A. DESARROLLO DE PROYECTOS"
                      00005 ;         E. Palacios, F. Remiro y L. López.
                      00006 ;         Editorial Ra-Ma.  www.ra-ma.es
                      00007 ;       ===================================================================
                      00008 ;
                      00009 ; Un número binario natural de 8 bits es convertido a BCD. El resultado se guarda en tres
                      00010 ; posiciones de memorias llamadas: BCD_Centenas, BCD_Decenas y BCD_Unidades.
                      00011 ;
                      00012 ; El procedimiento utilizado es mediante restas de 10 tal como se explicó en el capítulo 9.
                      00013 ;
                      00014 ; Entrada:      En el registro W el número binario natural a convertir.
                      00015 ; Salidas:      En (BCD_Centenas), (BCD_Decenas) y (BCD_Unidades).
                      00016 ;               En el registro W también las decenas (nibble alto) y unidades (nibble bajo).
                      00017 
MPASM 03.50 Released                          WATCHDOG_01.ASM   10-15-1982  13:49:36         PAGE  6


LOC  OBJECT CODE     LINE SOURCE TEXT
  VALUE

                      00018 ; Subrutina "BIN_a_BCD" -----------------------------------------------------------------
                      00019 
                      00020         CBLOCK                          ; En las subrutinas no se debe fijar la dirección
  00000010            00021         BCD_Centenas                    ; de la RAM de usuario. Se toma a continuación de
  00000011            00022         BCD_Decenas                     ; la última asignada.
  00000012            00023         BCD_Unidades    
                      00024         ENDC
                      00025 ;
0054                  00026 BIN_a_BCD
0054   0190           00027         clrf    BCD_Centenas            ; Carga los registros con el resultado inicial.
0055   0191           00028         clrf    BCD_Decenas             ; En principio las centenas y decenas a cero.
0056   0092           00029         movwf   BCD_Unidades            ; Se carga el número binario a convertir.
0057                  00030 BCD_Resta10
0057   300A           00031         movlw   .10                     ; A las unidades se le va restando 10 en cada
0058   0212           00032         subwf   BCD_Unidades,W          ; pasada. (W)=(BCD_Unidades) -10.
0059   1C03           00033         btfss   STATUS,C                ; ¿C = 1?, ¿(W) positivo?, ¿(BCD_Unidades)>=10?.
005A   2864           00034         goto    BIN_BCD_Fin             ; No, es menor de 10. Se acabó.
005B                  00035 BCD_IncrementaDecenas
005B   0092           00036         movwf   BCD_Unidades            ; Recupera lo que queda por restar.
005C   0A91           00037         incf    BCD_Decenas,F           ; Incrementa las decenas y comprueba si ha llegado
005D   300A           00038         movlw   .10                     ; a 10. Lo hace mediante una resta.
005E   0211           00039         subwf   BCD_Decenas,W           ; (W)=(BCD_Decenas)-10).
005F   1C03           00040         btfss   STATUS,C                ; ¿C = 1?, ¿(W) positivo?, ¿(BCD_Decenas)>=10?.
0060   2857           00041         goto    BCD_Resta10             ; No. Vuelve a dar otra pasada, restándole 10 a
0061                  00042 BCD_IncrementaCentenas                  ; las unidades.
0061   0191           00043         clrf    BCD_Decenas             ; Pone a cero las decenas 
0062   0A90           00044         incf    BCD_Centenas,F          ; e incrementa las centenas.
0063   2857           00045         goto    BCD_Resta10             ; Otra pasada: Resta 10 al número a convertir.
0064                  00046 BIN_BCD_Fin
0064   0E11           00047         swapf   BCD_Decenas,W           ; En el nibble alto de (W) también las decenas.
0065   0712           00048         addwf   BCD_Unidades,W          ; En el nibble bajo de (W) las unidades.
0066   0008           00049         return                          ; Vuelve al programa principal.
                      00050         
                      00051 ; La directiva "END" se debe poner en el programa principal, no aquí.
                      00052 
                      00053 ;       ===================================================================
                      00054 ;         Del libro "MICROCONTROLADOR PIC16F84A. DESARROLLO DE PROYECTOS"
                      00055 ;         E. Palacios, F. Remiro y L. López.
                      00056 ;         Editorial Ra-Ma.  www.ra-ma.es
                      00057 ;       ===================================================================
                      00055         INCLUDE  <LCD_4BIT.INC>
                      00001 ;**************************** Librería "LCD_4BIT.INC" ***********************************
                      00002 ;
                      00003 ;       ===================================================================
                      00004 ;         Del libro "MICROCONTROLADOR PIC16F84A. DESARROLLO DE PROYECTOS"
                      00005 ;         E. Palacios, F. Remiro y L. López.
                      00006 ;         Editorial Ra-Ma.  www.ra-ma.es
                      00007 ;       ===================================================================
                      00008 ;
                      00009 ; Estas subrutinas permiten realizar las tareas básicas de control de un módulo LCD de 2
                      00010 ; líneas por 16 caracteres, compatible con el modelo LM016L.
                      00011 ;
                      00012 ; El visualizador LCD está conectado al Puerto B del PIC mediante un bus de 4 bits. Las
MPASM 03.50 Released                          WATCHDOG_01.ASM   10-15-1982  13:49:36         PAGE  7


LOC  OBJECT CODE     LINE SOURCE TEXT
  VALUE

                      00013 ; conexiones son:
                      00014 ;    -  Las 4 líneas superiores del módulo LCD, pines <DB7:DB4>  se conectan a las 4
                      00015 ;       líneas superiores del Puerto B del PIC, pines <RB7:RB4>.
                      00016 ;    -  Pin RS del LCD a la línea RA0 del PIC.
                      00017 ;    -  Pin R/W del LCD a la línea RA1 del PIC, o a masa.
                      00018 ;    -  Pin Enable del LCD a la línea RA2 del PIC.
                      00019 ;
                      00020 ; Se utilizan llamadas a subrutinas de retardo de tiempo localizadas en la librería RETARDOS.INC.
                      00021 ;
                      00022 ; ZONA DE DATOS *********************************************************************
                      00023 
                      00024         CBLOCK
  00000013            00025         LCD_Dato
  00000014            00026         LCD_GuardaDato
  00000015            00027         LCD_GuardaTRISB
  00000016            00028         LCD_Auxiliar1
  00000017            00029         LCD_Auxiliar2
                      00030         ENDC
                      00031 
  00000010            00032 LCD_CaracteresPorLinea  EQU     .16     ; Número de caracteres por línea de la pantalla.
                      00033 
                      00034 #DEFINE  LCD_PinRS      PORTA,0
                      00035 #DEFINE  LCD_PinRW      PORTA,1
                      00036 #DEFINE  LCD_PinEnable  PORTA,2
                      00037 #DEFINE  LCD_BusDatos   PORTB
                      00038 
                      00039 ; Subrutina "LCD_Inicializa" ------------------------------------------------------------
                      00040 ;
                      00041 ; Inicialización del módulo LCD: Configura funciones del LCD, produce reset por software,
                      00042 ; borra memoria y enciende pantalla. El fabricante especifica que para garantizar la
                      00043 ; configuración inicial hay que hacerla como sigue:
                      00044 ;
0067                  00045 LCD_Inicializa
0067   1683           00046         bsf     STATUS,RP0              ; Configura las líneas conectadas al pines RS,
0068   1005           00047         bcf     LCD_PinRS               ; R/W y E.
0069   1105           00048         bcf     LCD_PinEnable
006A   1085           00049         bcf     LCD_PinRW
006B   1283           00050         bcf     STATUS,RP0
006C   1085           00051         bcf     LCD_PinRW               ; En caso de que esté conectado, le indica
                      00052                                         ; que se va a escribir en el LCD.
006D   1105           00053         bcf     LCD_PinEnable           ; Impide funcionamiento del LCD, poniendo E=0.
006E   1005           00054         bcf     LCD_PinRS               ; Activa el Modo Comando, poniendo RS=0.
006F   202A           00055         call    Retardo_20ms
0070   3030           00056         movlw   b'00110000'     
0071   207F           00057         call    LCD_EscribeLCD          ; Escribe el dato en el LCD.
0072   202E           00058         call    Retardo_5ms     
0073   3030           00059         movlw   b'00110000'     
0074   207F           00060         call    LCD_EscribeLCD
0075   2017           00061         call    Retardo_200micros
0076   3030           00062         movlw   b'00110000'     
0077   207F           00063         call    LCD_EscribeLCD
0078   3020           00064         movlw   b'00100000'             ; Interface de 4 bits.
0079   207F           00065         call    LCD_EscribeLCD
MPASM 03.50 Released                          WATCHDOG_01.ASM   10-15-1982  13:49:36         PAGE  8


LOC  OBJECT CODE     LINE SOURCE TEXT
  VALUE

                      00066 
                      00067 ; Ahora configura el resto de los parámetros: 
                      00068 
007A   20A8           00069         call    LCD_2Lineas4Bits5x7     ; LCD de 2 líneas y caracteres de 5x7 puntos.
007B   20A6           00070         call    LCD_Borra               ; Pantalla encendida y limpia. Cursor al principio
007C   20A4           00071         call    LCD_CursorOFF           ; de la línea 1. Cursor apagado.
007D   2096           00072         call    LCD_CursorIncr          ; Cursor en modo incrementar.
007E   0008           00073         return
                      00074 
                      00075 ; Subrutina "LCD_EscribeLCD" -----------------------------------------------------------
                      00076 ;
                      00077 ; Envía el dato del registro de trabajo W al bus de dato y produce un pequeño pulso en el
                      00078 ; pin "Enable" del LCD. Para no alterar el contenido de las líneas de la parte baja del Puerto B
                      00079 ; que no son utilizadas para el LCD (pines RB3.. RB0), primero se lee estas líneas y después
                      00080 ; se vuelve a enviar este dato sin cambiarlo.
                      00081 
007F                  00082 LCD_EscribeLCD
007F   39F0           00083         andlw   b'11110000'             ; Se queda con el nibble alto del dato que es el
0080   0093           00084         movwf   LCD_Dato                ; que hay que enviar y lo guarda.
0081   0806           00085         movf    LCD_BusDatos,W          ; Lee la información actual de la parte baja
0082   390F           00086         andlw   b'00001111'             ; del Puerto B, que no se debe alterar.
0083   0493           00087         iorwf   LCD_Dato,F              ; Enviará la parte alta del dato de entrada
                      00088                                         ; y en la parte baja lo que había antes.
0084   1683           00089         bsf     STATUS,RP0              ; Acceso al Banco 1.
Message[302]: Register in operand not in bank 0.  Ensure that bank bits are correct.
0085   0806           00090         movf    TRISB,W         ; Guarda la configuración que tenía antes TRISB.
0086   0095           00091         movwf   LCD_GuardaTRISB
0087   300F           00092         movlw   b'00001111'             ; Las 4 líneas inferiores del Puerto B se dejan 
0088   0586           00093         andwf   PORTB,F                 ; como estaban y las 4 superiores como salida.
0089   1283           00094         bcf     STATUS,RP0              ; Acceso al Banco 0.
                      00095 ;
008A   0813           00096         movf    LCD_Dato,W              ; Recupera el dato a enviar.
008B   0086           00097         movwf   LCD_BusDatos            ; Envía el dato al módulo LCD.
008C   1505           00098         bsf     LCD_PinEnable           ; Permite funcionamiento del LCD, mediante un pequeño
008D   1105           00099         bcf     LCD_PinEnable           ; pulso y termina impidiendo el funcionamiento del LCD.
008E   1C05           00100         btfss   LCD_PinRS               ; Debe garantizar una correcta escritura manteniendo 
008F   2030           00101         call    Retardo_2ms             ; 2 ms en modo comando y 50 µs en modo cáracter.
0090   201C           00102         call    Retardo_50micros
0091   1683           00103         bsf     STATUS,RP0              ; Acceso al Banco 1. Restaura el antiguo valor en
0092   0815           00104         movf    LCD_GuardaTRISB,W       ; la configuración del Puerto B.
0093   0086           00105         movwf   PORTB                   ; Realmente es TRISB.
0094   1283           00106         bcf     STATUS,RP0              ; Acceso al Banco 0.
0095   0008           00107         return
                      00108 
                      00109 ; Subrutinas variadas para el control del módulo LCD -----------------------------------------
                      00110 ;
                      00111 ;Los comandos que pueden ser ejecutados son:
                      00112 ;
0096                  00113 LCD_CursorIncr                          ; Cursor en modo incrementar.
0096   3006           00114         movlw   b'00000110'
0097   28A9           00115         goto    LCD_EnviaComando
0098                  00116 LCD_Linea1                              ; Cursor al principio de la Línea 1.
0098   3080           00117         movlw   b'10000000'             ; Dirección 00h de la DDRAM
MPASM 03.50 Released                          WATCHDOG_01.ASM   10-15-1982  13:49:36         PAGE  9


LOC  OBJECT CODE     LINE SOURCE TEXT
  VALUE

0099   28A9           00118         goto    LCD_EnviaComando
009A                  00119 LCD_Linea2                              ; Cursor al principio de la Línea 2.
009A   30C0           00120         movlw   b'11000000'             ; Dirección 40h de la DDRAM
009B   28A9           00121         goto    LCD_EnviaComando
009C                  00122 LCD_PosicionLinea1                      ; Cursor a posición de la Línea 1, a partir de la
009C   3880           00123         iorlw   b'10000000'             ; dirección 00h de la DDRAM más el valor del
009D   28A9           00124         goto    LCD_EnviaComando        ; registro W.
009E                  00125 LCD_PosicionLinea2                      ; Cursor a posición de la Línea 2, a partir de la
009E   38C0           00126         iorlw   b'11000000'             ; dirección 40h de la DDRAM más el valor del
009F   28A9           00127         goto    LCD_EnviaComando        ; registro W.
00A0                  00128 LCD_OFF                         ; Pantalla apagada.
00A0   3008           00129         movlw   b'00001000'
00A1   28A9           00130         goto    LCD_EnviaComando
00A2                  00131 LCD_CursorON                            ; Pantalla encendida y cursor encendido.
00A2   300E           00132         movlw   b'00001110'
00A3   28A9           00133         goto    LCD_EnviaComando
00A4                  00134 LCD_CursorOFF                           ; Pantalla encendida y cursor apagado.
00A4   300C           00135         movlw   b'00001100'
00A5   28A9           00136         goto    LCD_EnviaComando
00A6                  00137 LCD_Borra                               ; Borra toda la pantalla, memoria DDRAM y pone el 
00A6   3001           00138         movlw   b'00000001'             ; cursor a principio de la línea 1.
00A7   28A9           00139         goto    LCD_EnviaComando
00A8                  00140 LCD_2Lineas4Bits5x7                     ; Define la pantalla de 2 líneas, con caracteres
00A8   3028           00141         movlw   b'00101000'             ; de 5x7 puntos y conexión al PIC mediante bus de
                      00142 ;       goto    LCD_EnviaComando        ; 4 bits. 
                      00143 
                      00144 ; Subrutinas "LCD_EnviaComando" y "LCD_Caracter" ------------------------------------
                      00145 ;
                      00146 ; "LCD_EnviaComando": Escribe un comando en el registro del módulo LCD. La palabra de
                      00147 ; comando ha sido entregada a través del registro W.  Trabaja en Modo Comando.
                      00148 ; "LCD_Caracter": Escribe en la memoria DDRAM del LCD el carácter ASCII introducido a
                      00149 ; a través del registro W. Trabaja en Modo Dato.
                      00150 ;
00A9                  00151 LCD_EnviaComando
00A9   1005           00152         bcf     LCD_PinRS               ; Activa el Modo Comando, poniendo RS=0.
00AA   28AD           00153         goto    LCD_Envia
00AB                  00154 LCD_Caracter
00AB   1405           00155         bsf     LCD_PinRS               ; Activa el "Modo Dato", poniendo RS=1.
00AC   20B2           00156         call    LCD_CodigoCGROM ; Obtiene el código para correcta visualización.
00AD                  00157 LCD_Envia
00AD   0094           00158         movwf   LCD_GuardaDato          ; Guarda el dato a enviar.
00AE   207F           00159         call    LCD_EscribeLCD          ; Primero envía el nibble alto.
00AF   0E14           00160         swapf   LCD_GuardaDato,W        ; Ahora envía el nibble bajo. Para ello pasa el
                      00161                                         ; nibble bajo del dato a enviar a parte alta del byte.
00B0   207F           00162         call    LCD_EscribeLCD          ; Se envía al visualizador LCD.
00B1   0008           00163         return  
                      00164 
                      00165 ; Subrutina "LCD_CodigoCGROM" -----------------------------------------------------------
                      00166 ;
                      00167 ; A partir del carácter ASCII número 127, los códigos de los caracteres definidos en la
                      00168 ; tabla CGROM del LM016L no coinciden con los códigos ASCII. Así por ejemplo, el código
                      00169 ; ASCII de la "Ñ" en la tabla CGRAM del LM016L es EEh.
                      00170 ;
MPASM 03.50 Released                          WATCHDOG_01.ASM   10-15-1982  13:49:36         PAGE 10


LOC  OBJECT CODE     LINE SOURCE TEXT
  VALUE

                      00171 ; Esta subrutina convierte los códigos ASCII de la "Ñ", "º" y otros, a códigos CGROM para que
                      00172 ; que puedan ser visualizado en el módulo LM016L.
                      00173 ; 
                      00174 ; Entrada:      En (W) el código ASCII del carácter que se desea visualizar.
                      00175 ; Salida:       En (W) el código definido en la tabla CGROM.
                      00176 
00B2                  00177 LCD_CodigoCGROM
00B2   0093           00178         movwf   LCD_Dato                ; Guarda el valor del carácter y comprueba si es
00B3                  00179 LCD_EnheMinuscula                       ; un carácter especial.
00B3   3CF1           00180         sublw   'ñ'                     ; ¿Es la "ñ"?
00B4   1D03           00181         btfss   STATUS,Z
00B5   28B9           00182         goto    LCD_EnheMayuscula       ; No es "ñ".
00B6   30EE           00183         movlw   b'11101110'             ; Código CGROM de la "ñ".
00B7   0093           00184         movwf   LCD_Dato
00B8   28C6           00185         goto    LCD_FinCGROM
00B9                  00186 LCD_EnheMayuscula
00B9   0813           00187         movf    LCD_Dato,W              ; Recupera el código ASCII de entrada.
00BA   3CD1           00188         sublw   'Ñ'                     ; ¿Es la "Ñ"?
00BB   1D03           00189         btfss   STATUS,Z
00BC   28C0           00190         goto    LCD_Grado               ; No es "Ñ".
00BD   30EE           00191         movlw   b'11101110'             ; Código CGROM de la "ñ". (No hay símbolo para
00BE   0093           00192         movwf   LCD_Dato                ; la "Ñ" mayúscula en la CGROM).
00BF   28C6           00193         goto    LCD_FinCGROM    
00C0                  00194 LCD_Grado
00C0   0813           00195         movf    LCD_Dato,W              ; Recupera el código ASCII de entrada.
00C1   3CBA           00196         sublw   'º'                     ; ¿Es el símbolo "º"?
00C2   1D03           00197         btfss   STATUS,Z
00C3   28C6           00198         goto    LCD_FinCGROM            ; No es "º".
00C4   30DF           00199         movlw   b'11011111'             ; Código CGROM del símbolo "º".
00C5   0093           00200         movwf   LCD_Dato
00C6                  00201 LCD_FinCGROM
00C6   0813           00202         movf    LCD_Dato,W              ; En (W) el código buscado.
00C7   0008           00203         return
                      00204 
                      00205 ; Subrutina "LCD_DosEspaciosBlancos" y "LCD_LineaBlanco" --------------------------------
                      00206 ;
                      00207 ; Visualiza espacios en blanco.
                      00208 
00C8                  00209 LCD_LineaEnBlanco
00C8   3010           00210         movlw   LCD_CaracteresPorLinea
00C9   28CF           00211         goto    LCD_EnviaBlancos
00CA                  00212 LCD_UnEspacioBlanco
00CA   3001           00213         movlw   .1
00CB   28CF           00214         goto    LCD_EnviaBlancos
00CC                  00215 LCD_DosEspaciosBlancos
00CC   3002           00216         movlw   .2
00CD   28CF           00217         goto    LCD_EnviaBlancos
00CE                  00218 LCD_TresEspaciosBlancos
00CE   3003           00219         movlw   .3
00CF                  00220 LCD_EnviaBlancos
00CF   0096           00221         movwf   LCD_Auxiliar1           ; (LCD_Auxiliar1) se utiliza como contador.
00D0                  00222 LCD_EnviaOtroBlanco     
00D0   3020           00223         movlw   ' '                     ; Esto es un espacio en blanco.
MPASM 03.50 Released                          WATCHDOG_01.ASM   10-15-1982  13:49:36         PAGE 11


LOC  OBJECT CODE     LINE SOURCE TEXT
  VALUE

00D1   20AB           00224         call    LCD_Caracter            ; Visualiza tanto espacios en blanco como se
00D2   0B96           00225         decfsz  LCD_Auxiliar1,F         ; haya cargado en (LCD_Auxiliar1).
00D3   28D0           00226         goto    LCD_EnviaOtroBlanco
00D4   0008           00227         return
                      00228 
                      00229 ; Subrutinas "LCD_ByteCompleto" y "LCD_Byte" --------------------------------------------
                      00230 ;
                      00231 ; Subrutina "LCD_ByteCompleto": Visualiza el byte que almacena el registro W en el
                      00232 ; lugar actual de la pantalla. Por ejemplo, si (W)=b'10101110' visualiza "AE".
                      00233 ;
                      00234 ; Subrutina "LCD_Byte" igual que la anterior, pero en caso de que el nibble alto sea cero, 
                      00235 ; visualiza en su lugar un espacio en blanco. Por ejemplo si (W)=b'10101110' visualiza "AE"
                      00236 ; y si (W)=b'00001110', visualiza " E" (un espacio blanco delante).
                      00237 ;
                      00238 ; Utilizan la subrutina "LCD_Nibble" que se analiza más adelante.
                      00239 ;
00D5                  00240 LCD_Byte
00D5   0097           00241         movwf   LCD_Auxiliar2           ; Guarda el valor de entrada.
00D6   39F0           00242         andlw   b'11110000'             ; Analiza si el nibble alto es cero.
00D7   1D03           00243         btfss   STATUS,Z                ; Si es cero lo apaga.
00D8   28DD           00244         goto    LCD_VisualizaAlto               ; No es cero y lo visualiza.
00D9   3020           00245         movlw   ' '                     ; Visualiza un espacio en blanco.
00DA   20AB           00246         call    LCD_Caracter
00DB   28DF           00247         goto    LCD_VisualizaBajo
                      00248 
00DC                  00249 LCD_ByteCompleto
00DC   0097           00250         movwf   LCD_Auxiliar2           ; Guarda el valor de entrada.
00DD                  00251 LCD_VisualizaAlto
00DD   0E17           00252         swapf   LCD_Auxiliar2,W         ; Pone el nibble alto en la parte baja.
00DE   20E0           00253         call    LCD_Nibble              ; Lo visualiza.
00DF                  00254 LCD_VisualizaBajo
00DF   0817           00255         movf    LCD_Auxiliar2,W         ; Repite el proceso con el nibble bajo.
                      00256 ;       call    LCD_Nibble              ; Lo visualiza.
                      00257 ;       return
                      00258 
                      00259 ; Subrutina "LCD_Nibble" ----------------------------------------------------------------
                      00260 ;
                      00261 ; Visualiza en el lugar actual de la pantalla, el valor hexadecimal que almacena en el nibble
                      00262 ; bajo del registro W. El nibble alto de W no es tenido en cuenta. Ejemplos:
                      00263 ; - Si (W)=b'01010110', se visualizará "6". 
                      00264 ; - Si (W)=b'10101110', se visualizará "E". 
                      00265 ;
00E0                  00266 LCD_Nibble
00E0   390F           00267         andlw   b'00001111'             ; Se queda con la parte baja.
00E1   0096           00268         movwf   LCD_Auxiliar1           ; Lo guarda.
00E2   3C09           00269         sublw   0x09                    ; Comprueba si hay que representarlo con letra.
00E3   1C03           00270         btfss   STATUS,C        
00E4   28E8           00271         goto    LCD_EnviaByteLetra
00E5   0816           00272         movf    LCD_Auxiliar1,W
00E6   3E30           00273         addlw   '0'                     ; El número se pasa a carácter ASCII sumándole
00E7   28EA           00274         goto    LCD_FinVisualizaDigito  ; el ASCII del cero y lo visualiza.
00E8                  00275 LCD_EnviaByteLetra
00E8   0816           00276         movf    LCD_Auxiliar1,W
MPASM 03.50 Released                          WATCHDOG_01.ASM   10-15-1982  13:49:36         PAGE 12


LOC  OBJECT CODE     LINE SOURCE TEXT
  VALUE

00E9   3E37           00277         addlw   'A'-0x0A                        ; Sí, por tanto, se le suma el ASCII de la 'A'.
00EA                  00278 LCD_FinVisualizaDigito
00EA   28AB           00279         goto    LCD_Caracter            ; Y visualiza el carácter. Se hace con un "goto"
                      00280                                         ; para no sobrecargar la pila.
                      00056         END
MPASM 03.50 Released                          WATCHDOG_01.ASM   10-15-1982  13:49:36         PAGE 13


SYMBOL TABLE
  LABEL                             VALUE 

BCD_Centenas                      00000010
BCD_Decenas                       00000011
BCD_IncrementaCentenas            00000061
BCD_IncrementaDecenas             0000005B
BCD_Resta10                       00000057
BCD_Unidades                      00000012
BIN_BCD_Fin                       00000064
BIN_a_BCD                         00000054
C                                 00000000
Contador                          0000000C
DC                                00000001
EEADR                             00000009
EECON1                            00000088
EECON2                            00000089
EEDATA                            00000008
EEIE                              00000006
EEIF                              00000004
F                                 00000001
FSR                               00000004
GIE                               00000007
INDF                              00000000
INTCON                            0000000B
INTE                              00000004
INTEDG                            00000006
INTF                              00000001
IRP                               00000007
Inicio                            00000000
LCD_2Lineas4Bits5x7               000000A8
LCD_Auxiliar1                     00000016
LCD_Auxiliar2                     00000017
LCD_Borra                         000000A6
LCD_BusDatos                      PORTB
LCD_Byte                          000000D5
LCD_ByteCompleto                  000000DC
LCD_Caracter                      000000AB
LCD_CaracteresPorLinea            00000010
LCD_CodigoCGROM                   000000B2
LCD_CursorIncr                    00000096
LCD_CursorOFF                     000000A4
LCD_CursorON                      000000A2
LCD_Dato                          00000013
LCD_DosEspaciosBlancos            000000CC
LCD_EnheMayuscula                 000000B9
LCD_EnheMinuscula                 000000B3
LCD_Envia                         000000AD
LCD_EnviaBlancos                  000000CF
LCD_EnviaByteLetra                000000E8
LCD_EnviaComando                  000000A9
LCD_EnviaOtroBlanco               000000D0
LCD_EscribeLCD                    0000007F
LCD_FinCGROM                      000000C6
LCD_FinVisualizaDigito            000000EA
LCD_Grado                         000000C0
MPASM 03.50 Released                          WATCHDOG_01.ASM   10-15-1982  13:49:36         PAGE 14


SYMBOL TABLE
  LABEL                             VALUE 

LCD_GuardaDato                    00000014
LCD_GuardaTRISB                   00000015
LCD_Inicializa                    00000067
LCD_Linea1                        00000098
LCD_Linea2                        0000009A
LCD_LineaEnBlanco                 000000C8
LCD_Nibble                        000000E0
LCD_OFF                           000000A0
LCD_PinEnable                     PORTA,2
LCD_PinRS                         PORTA,0
LCD_PinRW                         PORTA,1
LCD_PosicionLinea1                0000009C
LCD_PosicionLinea2                0000009E
LCD_TresEspaciosBlancos           000000CE
LCD_UnEspacioBlanco               000000CA
LCD_VisualizaAlto                 000000DD
LCD_VisualizaBajo                 000000DF
NOT_PD                            00000003
NOT_RBPU                          00000007
NOT_TO                            00000004
OPTION_REG                        00000081
PCL                               00000002
PCLATH                            0000000A
PORTA                             00000005
PORTB                             00000006
PS0                               00000000
PS1                               00000001
PS2                               00000002
PSA                               00000003
Principal                         00000006
R1Decima_BucleExterno             0000004A
R1Decima_BucleExterno2            00000048
R1Decima_BucleInterno             0000004C
R1ms_BucleExterno                 00000034
R1ms_BucleInterno                 00000036
RBIE                              00000003
RBIF                              00000000
RD                                00000000
RP0                               00000005
RP1                               00000006
R_ContA                           0000000D
R_ContB                           0000000E
R_ContC                           0000000F
RetardoMicros                     00000020
Retardo_100micros                 0000001A
Retardo_100ms                     00000026
Retardo_10micros                  0000000D
Retardo_10ms                      0000002C
Retardo_10s                       0000003E
Retardo_1Decima                   00000047
Retardo_1ms                       00000032
Retardo_1s                        00000044
Retardo_200micros                 00000017
MPASM 03.50 Released                          WATCHDOG_01.ASM   10-15-1982  13:49:36         PAGE 15


SYMBOL TABLE
  LABEL                             VALUE 

Retardo_200ms                     00000024
Retardo_20micros                  0000001F
Retardo_20ms                      0000002A
Retardo_20s                       0000003C
Retardo_2ms                       00000030
Retardo_2s                        00000042
Retardo_4micros                   00000013
Retardo_500micros                 00000014
Retardo_500ms                     00000046
Retardo_50micros                  0000001C
Retardo_50ms                      00000028
Retardo_5micros                   00000012
Retardo_5ms                       0000002E
Retardo_5s                        00000040
Retardos_ms                       00000033
Rmicros_Bucle                     00000021
STATUS                            00000003
T0CS                              00000005
T0IE                              00000005
T0IF                              00000002
T0SE                              00000004
TMR0                              00000001
TRISA                             00000085
TRISB                             00000086
W                                 00000000
WR                                00000001
WREN                              00000002
WRERR                             00000003
Z                                 00000002
_CP_OFF                           00003FFF
_CP_ON                            0000000F
_HS_OSC                           00003FFE
_LP_OSC                           00003FFC
_PWRTE_OFF                        00003FFF
_PWRTE_ON                         00003FF7
_RC_OSC                           00003FFF
_WDT_OFF                          00003FFB
_WDT_ON                           00003FFF
_XT_OSC                           00003FFD
__16F84A                          00000001


MEMORY USAGE MAP ('X' = Used,  '-' = Unused)

0000 : XXXXXXXXXXXXXXXX XXXXXXXXXXXXXXXX XXXXXXXXXXXXXXXX XXXXXXXXXXXXXXXX
0040 : XXXXXXXXXXXXXXXX XXXXXXXXXXXXXXXX XXXXXXXXXXXXXXXX XXXXXXXXXXXXXXXX
MPASM 03.50 Released                          WATCHDOG_01.ASM   10-15-1982  13:49:36         PAGE 16


MEMORY USAGE MAP ('X' = Used,  '-' = Unused)


0080 : XXXXXXXXXXXXXXXX XXXXXXXXXXXXXXXX XXXXXXXXXXXXXXXX XXXXXXXXXXXXXXXX
00C0 : XXXXXXXXXXXXXXXX XXXXXXXXXXXXXXXX XXXXXXXXXXX----- ----------------
2000 : -------X-------- ---------------- ---------------- ----------------

All other memory blocks unused.

Program Memory Words Used:   235
Program Memory Words Free:   789


Errors   :     0
Warnings :     0 reported,     0 suppressed
Messages :     2 reported,     0 suppressed

