MPASM  5.51                  ELEMENTAL_06.ASM   6-7-2023  19:56:05         PAGE  1


LOC  OBJECT CODE     LINE SOURCE TEXT
  VALUE

                      00001 ;*********************************** Elemental_06.asm ***********************************
                      00002 ;
                      00003 ;       ===================================================================
                      00004 ;         Del libro "MICROCONTROLADOR PIC16F84. DESARROLLO DE PROYECTOS"
                      00005 ;         E. Palacios, F. Remiro y L. López.
                      00006 ;         Editorial Ra-Ma.  www.ra-ma.es
                      00007 ;       ===================================================================
                      00008 ;
                      00009 ; Por el Puerto B obtiene el dato del Puerto A intercambiando los nibbles alto y bajo. Por
                      00010 ; ejemplo, si por el Puerto A se introduce "---11001" por el Puerto B aparecerá "1001xxx1".
                      00011 ;
                      00012 ; ZONA DE DATOS **********************************************************************
                      00013 
2007   3FF1           00014         __CONFIG   _CP_OFF &  _WDT_OFF & _PWRTE_ON & _XT_OSC
                      00015         LIST       P=16F84A             ; Procesador utilizado.
                      00016         INCLUDE  <P16F84A.INC>          ; Definición de algunos operandos utilizados.
                      00001         LIST
                      00002 
                      00003 ;==========================================================================
                      00004 ;  MPASM PIC16F84A processor include
                      00005 ; 
                      00006 ;  (c) Copyright 1999-2013 Microchip Technology, All rights reserved
                      00007 ;==========================================================================
                      00008 
                      00208         LIST
                      00017 
                      00018 ; ZONA DE CÓDIGOS ********************************************************************
                      00019 
0000                  00020         ORG     0                       ; El programa comienza en la dirección 0.
0000                  00021 Inicio
0000   1683           00022         bsf     STATUS,RP0              ; Acceso al Banco 1.
Message[302]: Register in operand not in bank 0.  Ensure that bank bits are correct.
0001   0186           00023         clrf    TRISB                   ; Las líneas del Puerto B se configuran como salida.
0002   301F           00024         movlw   b'00011111'             ; Las 5 líneas del Puerto A se configuran como entrada.
Message[302]: Register in operand not in bank 0.  Ensure that bank bits are correct.
0003   0085           00025         movwf   TRISA
0004   1283           00026         bcf     STATUS,RP0              ; Acceso al Banco 0.
0005                  00027 Principal
0005   0E05           00028         swapf   PORTA,W                 ; Intercambia nibbles del Puerto A y el resultado lo
0006   0086           00029         movwf   PORTB                   ; lleva al Puerto B para que se visualice.
0007   2805           00030         goto    Principal               ; Crea un bucle cerrado e infinito.
                      00031 
                      00032         END                             ; Fin del programa.
MPASM  5.51                  ELEMENTAL_06.ASM   6-7-2023  19:56:05         PAGE  2


SYMBOL TABLE
  LABEL                             VALUE 

C                                 00000000
DC                                00000001
EEADR                             00000009
EECON1                            00000088
EECON2                            00000089
EEDATA                            00000008
EEIE                              00000006
EEIF                              00000004
F                                 00000001
FSR                               00000004
GIE                               00000007
INDF                              00000000
INTCON                            0000000B
INTE                              00000004
INTEDG                            00000006
INTF                              00000001
IRP                               00000007
Inicio                            00000000
NOT_PD                            00000003
NOT_RBPU                          00000007
NOT_TO                            00000004
OPTION_REG                        00000081
PCL                               00000002
PCLATH                            0000000A
PORTA                             00000005
PORTB                             00000006
PS0                               00000000
PS1                               00000001
PS2                               00000002
PSA                               00000003
Principal                         00000005
RA0                               00000000
RA1                               00000001
RA2                               00000002
RA3                               00000003
RA4                               00000004
RB0                               00000000
RB1                               00000001
RB2                               00000002
RB3                               00000003
RB4                               00000004
RB5                               00000005
RB6                               00000006
RB7                               00000007
RBIE                              00000003
RBIF                              00000000
RD                                00000000
RP0                               00000005
RP1                               00000006
STATUS                            00000003
T0CS                              00000005
T0IE                              00000005
T0IF                              00000002
MPASM  5.51                  ELEMENTAL_06.ASM   6-7-2023  19:56:05         PAGE  3


SYMBOL TABLE
  LABEL                             VALUE 

T0SE                              00000004
TMR0                              00000001
TMR0IE                            00000005
TMR0IF                            00000002
TRISA                             00000085
TRISA0                            00000000
TRISA1                            00000001
TRISA2                            00000002
TRISA3                            00000003
TRISA4                            00000004
TRISB                             00000086
TRISB0                            00000000
TRISB1                            00000001
TRISB2                            00000002
TRISB3                            00000003
TRISB4                            00000004
TRISB5                            00000005
TRISB6                            00000006
TRISB7                            00000007
W                                 00000000
WR                                00000001
WREN                              00000002
WRERR                             00000003
Z                                 00000002
_CONFIG                           00002007
_CP_OFF                           00003FFF
_CP_ON                            0000000F
_DEVID1                           00002006
_FOSC_EXTRC                       00003FFF
_FOSC_HS                          00003FFE
_FOSC_LP                          00003FFC
_FOSC_XT                          00003FFD
_HS_OSC                           00003FFE
_IDLOC0                           00002000
_IDLOC1                           00002001
_IDLOC2                           00002002
_IDLOC3                           00002003
_LP_OSC                           00003FFC
_PWRTE_OFF                        00003FFF
_PWRTE_ON                         00003FF7
_RC_OSC                           00003FFF
_WDTE_OFF                         00003FFB
_WDTE_ON                          00003FFF
_WDT_OFF                          00003FFB
_WDT_ON                           00003FFF
_XT_OSC                           00003FFD
__16F84A                          00000001
__DEBUG                           1
MPASM  5.51                  ELEMENTAL_06.ASM   6-7-2023  19:56:05         PAGE  4


MEMORY USAGE MAP ('X' = Used,  '-' = Unused)


0000 : XXXXXXXX-------- ---------------- ---------------- ----------------
2000 : -------X-------- ---------------- ---------------- ----------------

All other memory blocks unused.

Program Memory Words Used:     8
Program Memory Words Free:  1016


Errors   :     0
Warnings :     0 reported,     0 suppressed
Messages :     2 reported,     0 suppressed

